generating bragg masks, processing batch 37
0 -20.0 113.0 15.0 190.046377169 208 796 26 82
1 -20.0 113.0 16.0 190.044507984 209 773 26 83
2 -20.0 113.0 17.0 190.049566761 211 751 26 81
3 -20.0 114.0 14.0 190.045936284 196 817 26 82
4 -20.0 114.0 15.0 190.03724063 198 795 26 83
5 -20.0 114.0 16.0 190.035367281 199 772 26 84
6 -20.0 114.0 17.0 190.040361791 201 750 26 83
7 -20.0 115.0 14.0 190.038164497 186 816 25 81
8 -20.0 115.0 15.0 190.029526133 188 794 25 83
9 -20.0 115.0 16.0 190.027651827 189 771 26 83
10 -20.0 115.0 17.0 190.032586347 191 749 26 83
11 -20.0 115.0 18.0 190.044375271 193 726 26 83
12 -20.0 116.0 13.0 190.047019173 174 837 25 83
13 -20.0 116.0 14.0 190.031776544 176 815 25 83
14 -20.0 116.0 15.0 190.023197494 178 793 25 83
15 -20.0 116.0 16.0 190.021325274 179 770 25 83
16 -20.0 116.0 17.0 190.02620389 181 748 26 84
17 -20.0 116.0 18.0 190.037878143 183 725 26 84
18 -20.0 117.0 13.0 190.041863514 164 836 25 82
19 -20.0 117.0 14.0 190.026737597 166 814 25 83
20 -20.0 117.0 15.0 190.018219755 167 792 25 82
21 -20.0 117.0 16.0 190.016352511 169 769 25 84
22 -20.0 117.0 17.0 190.021179128 171 747 26 83
23 -20.0 117.0 18.0 190.032743653 173 724 26 84
24 -20.0 118.0 13.0 190.038022375 154 835 25 83
25 -20.0 118.0 14.0 190.023013995 156 813 25 83
26 -20.0 118.0 15.0 190.014559137 157 790 25 84
27 -20.0 118.0 16.0 190.012699612 159 768 25 83
28 -20.0 118.0 17.0 190.017477965 161 746 25 83
29 -20.0 118.0 18.0 190.028937503 163 723 26 84
30 -20.0 118.0 19.0 190.047122344 164 700 26 84
31 -20.0 119.0 13.0 190.03546331 144 834 25 84
32 -20.0 119.0 14.0 190.020573202 146 812 25 83
33 -20.0 119.0 15.0 190.012182988 147 789 25 83
34 -20.0 119.0 16.0 190.01033379 149 767 25 83
35 -20.0 119.0 17.0 190.015067446 151 744 25 84
36 -20.0 119.0 18.0 190.026426551 152 722 26 84
37 -20.0 119.0 19.0 190.044454491 154 699 26 84
38 -20.0 120.0 13.0 190.034154941 134 833 25 84
39 -20.0 120.0 14.0 190.019383757 135 811 25 83
40 -20.0 120.0 15.0 190.011059741 137 788 25 85
41 -20.0 120.0 16.0 190.009223343 139 766 25 83
42 -20.0 120.0 17.0 190.013915718 141 743 25 85
43 -20.0 120.0 18.0 190.025178761 142 721 26 84
44 -20.0 120.0 19.0 190.04305515 144 698 26 84
45 -20.0 121.0 13.0 190.034066919 123 832 25 84
46 -20.0 121.0 14.0 190.01941523 125 810 25 83
47 -20.0 121.0 15.0 190.011158864 127 787 25 84
48 -20.0 121.0 16.0 190.009337617 129 765 25 84
49 -20.0 121.0 17.0 190.013991975 131 742 25 85
50 -20.0 121.0 18.0 190.025163158 132 720 26 85
51 -20.0 121.0 19.0 190.042893147 134 697 26 84
52 -20.0 122.0 13.0 190.035169882 113 831 25 85
53 -20.0 122.0 14.0 190.020638185 115 809 25 83
54 -20.0 122.0 15.0 190.012450826 117 786 25 84
55 -20.0 122.0 16.0 190.01064696 119 764 25 86
56 -20.0 122.0 17.0 190.015266427 121 741 25 85
57 -20.0 122.0 18.0 190.026349783 122 718 26 84
58 -20.0 122.0 19.0 190.043938337 124 696 26 86
59 -20.0 123.0 13.0 190.037435413 103 830 25 84
60 -20.0 123.0 14.0 190.023024136 105 808 25 85
61 -20.0 123.0 15.0 190.014907047 107 785 25 84
62 -20.0 123.0 16.0 190.013122683 109 763 25 86
63 -20.0 123.0 17.0 190.017710248 110 740 25 84
64 -20.0 123.0 18.0 190.028709655 112 717 26 84
65 -20.0 123.0 19.0 190.046161558 114 695 26 84
66 -20.0 124.0 13.0 190.040836005 93 829 24 85
67 -20.0 124.0 14.0 190.026545509 95 807 25 85
68 -20.0 124.0 15.0 190.018499871 97 784 25 84
69 -20.0 124.0 16.0 190.01673702 98 761 25 85
70 -20.0 124.0 17.0 190.021295546 100 739 25 84
71 -20.0 124.0 18.0 190.032214733 102 716 26 85
72 -20.0 124.0 19.0 190.049534594 104 693 26 86
73 -20.0 125.0 13.0 190.045345027 83 828 24 84
74 -20.0 125.0 14.0 190.031175611 85 805 25 86
75 -20.0 125.0 15.0 190.023202521 86 783 25 84
76 -20.0 125.0 16.0 190.021463095 88 760 25 84
77 -20.0 125.0 17.0 190.02599532 90 738 25 84
78 -20.0 125.0 18.0 190.036837871 92 715 26 85
79 -20.0 126.0 14.0 190.036888591 74 804 25 86
80 -20.0 126.0 15.0 190.02898907 76 782 25 84
81 -20.0 126.0 16.0 190.027274882 78 759 25 84
82 -20.0 126.0 17.0 190.031783431 80 737 26 87
83 -20.0 126.0 18.0 190.042552794 81 714 26 85
84 -20.0 127.0 14.0 190.043659407 64 803 25 86
85 -20.0 127.0 15.0 190.035834402 66 781 25 87
86 -20.0 127.0 16.0 190.034147177 68 758 25 85
87 -20.0 127.0 17.0 190.038634562 69 735 26 85
88 -20.0 127.0 18.0 190.049334054 71 713 26 87
89 -20.0 128.0 15.0 190.04371419 56 780 25 86
90 -20.0 128.0 16.0 190.042055563 57 757 26 85
91 -20.0 128.0 17.0 190.046524191 59 734 26 85
92 -19.0 92.0 13.0 190.038545656 411 862 26 79
93 -19.0 92.0 14.0 190.019344859 413 840 26 80
94 -19.0 92.0 15.0 190.008510857 415 818 26 79
95 -19.0 92.0 16.0 190.006112168 417 796 27 78
96 -19.0 92.0 17.0 190.012218554 419 774 27 80
97 -19.0 92.0 18.0 190.026901106 421 752 27 79
98 -19.0 93.0 12.0 190.022174891 400 883 25 78
99 -19.0 93.0 13.0 189.994847084 402 861 25 79
100 -19.0 93.0 14.0 189.975731664 404 839 26 80
101 -19.0 93.0 15.0 189.964894493 406 817 26 80
102 -19.0 93.0 16.0 189.962402581 407 795 26 84
103 -19.0 93.0 17.0 189.968324156 409 773 26 79
104 -19.0 93.0 18.0 189.982728734 411 751 27 79
105 -19.0 93.0 19.0 190.005687201 413 729 27 81
106 -19.0 93.0 20.0 190.037271898 415 706 28 80
107 -19.0 94.0 11.0 190.015966899 388 904 25 78
108 -19.0 94.0 12.0 189.980750719 390 882 25 78
109 -19.0 94.0 13.0 189.953598327 392 860 26 78
110 -19.0 94.0 14.0 189.934573103 394 838 26 79
111 -19.0 94.0 15.0 189.923739482 396 816 26 81
112 -19.0 94.0 16.0 189.921163021 398 794 26 79
113 -19.0 94.0 17.0 189.926910461 400 772 27 78
114 -19.0 94.0 18.0 189.9410498 402 750 27 81
115 -19.0 94.0 19.0 189.96365037 403 728 27 80
116 -19.0 94.0 20.0 189.994782921 405 705 27 79
117 -19.0 94.0 21.0 190.034519708 407 683 28 79
118 -19.0 95.0 10.0 190.019530517 377 925 25 81
119 -19.0 95.0 11.0 189.976653816 379 903 25 80
120 -19.0 95.0 12.0 189.941697785 380 881 26 80
121 -19.0 95.0 13.0 189.914723469 382 859 25 80
122 -19.0 95.0 14.0 189.895792894 384 837 25 79
123 -19.0 95.0 15.0 189.884969117 386 815 26 76
124 -19.0 95.0 16.0 189.882316289 388 793 26 76
125 -19.0 95.0 17.0 189.887899715 390 771 27 79
126 -19.0 95.0 18.0 189.901785928 392 749 27 80
127 -19.0 95.0 19.0 189.924042757 394 726 27 80
128 -19.0 95.0 20.0 189.954739416 395 704 28 80
129 -19.0 95.0 21.0 189.993946584 397 682 27 80
130 -19.0 95.0 22.0 190.041736501 399 660 28 81
131 -19.0 96.0 9.0 190.032495029 365 946 24 80
132 -19.0 96.0 10.0 189.982175531 367 924 25 81
133 -19.0 96.0 11.0 189.939638756 369 902 25 80
134 -19.0 96.0 12.0 189.904943557 371 880 25 80
135 -19.0 96.0 13.0 189.878149692 373 858 25 79
136 -19.0 96.0 14.0 189.859317878 375 836 26 79
137 -19.0 96.0 15.0 189.848509839 377 814 26 80
138 -19.0 96.0 16.0 189.845788367 378 792 26 80
139 -19.0 96.0 17.0 189.85121738 380 770 26 80
140 -19.0 96.0 18.0 189.864861991 382 748 27 81
141 -19.0 96.0 19.0 189.886788582 384 725 27 82
142 -19.0 96.0 20.0 189.917064881 386 703 27 81
143 -19.0 96.0 21.0 189.955760042 388 681 28 80
144 -19.0 96.0 22.0 190.002944744 389 658 28 82
145 -19.0 97.0 9.0 189.996954733 355 945 25 78
146 -19.0 97.0 10.0 189.947050302 357 923 24 81
147 -19.0 97.0 11.0 189.904852323 359 901 25 80
148 -19.0 97.0 12.0 189.870418424 361 879 25 79
149 -19.0 97.0 13.0 189.84380712 363 857 26 79
150 -19.0 97.0 14.0 189.82507786 365 835 26 79
151 -19.0 97.0 15.0 189.81429108 367 813 26 82
152 -19.0 97.0 16.0 189.811508255 369 791 26 80
153 -19.0 97.0 17.0 189.816791962 370 769 27 82
154 -19.0 97.0 18.0 189.830205945 372 747 27 79
155 -19.0 97.0 19.0 189.851815183 374 724 27 79
156 -19.0 97.0 20.0 189.881685968 376 702 27 80
157 -19.0 97.0 21.0 189.919885984 378 680 28 82
158 -19.0 97.0 22.0 189.966484399 380 657 28 80
159 -19.0 97.0 23.0 190.021551951 381 635 28 81
160 -19.0 98.0 8.0 190.02064873 344 966 25 79
161 -19.0 98.0 9.0 189.9635805 346 944 24 78
162 -19.0 98.0 10.0 189.914088345 348 922 25 81
163 -19.0 98.0 11.0 189.872227883 350 900 25 81
164 -19.0 98.0 12.0 189.838055556 351 878 25 80
165 -19.0 98.0 13.0 189.811628676 353 856 25 79
166 -19.0 98.0 14.0 189.793005465 355 834 25 79
167 -19.0 98.0 15.0 189.782245112 357 812 26 80
168 -19.0 98.0 16.0 189.779407819 359 790 26 82
169 -19.0 98.0 17.0 189.784554866 361 768 27 76
170 -19.0 98.0 18.0 189.797748671 363 746 27 81
171 -19.0 98.0 19.0 189.819052857 364 723 27 81
172 -19.0 98.0 20.0 189.848532329 366 701 28 82
173 -19.0 98.0 21.0 189.886253349 368 679 27 81
174 -19.0 98.0 22.0 189.932283623 370 656 28 81
175 -19.0 98.0 23.0 189.986692392 372 634 28 81
176 -19.0 98.0 24.0 190.049550527 373 611 28 81
177 -19.0 99.0 8.0 189.988895225 334 965 25 80
178 -19.0 99.0 9.0 189.932308549 336 943 24 81
179 -19.0 99.0 10.0 189.883225788 338 921 25 81
180 -19.0 99.0 11.0 189.841701427 340 899 25 80
181 -19.0 99.0 12.0 189.807790764 342 877 25 80
182 -19.0 99.0 13.0 189.781549942 344 855 25 80
183 -19.0 99.0 14.0 189.763035998 345 833 26 80
184 -19.0 99.0 15.0 189.752306911 347 811 26 79
185 -19.0 99.0 16.0 189.749421655 349 789 26 76
186 -19.0 99.0 17.0 189.75444025 351 767 26 83
187 -19.0 99.0 18.0 189.767423834 353 745 26 82
188 -19.0 99.0 19.0 189.788434718 355 722 27 80
189 -19.0 99.0 20.0 189.817536465 356 700 27 80
190 -19.0 99.0 21.0 189.85479396 358 678 28 82
191 -19.0 99.0 22.0 189.9002735 360 655 27 81
192 -19.0 99.0 23.0 189.954042875 362 633 28 81
193 -19.0 99.0 24.0 190.016171464 364 610 29 82
194 -19.0 100.0 7.0 190.022677036 322 986 24 81
195 -19.0 100.0 8.0 189.959187053 324 964 24 79
196 -19.0 100.0 9.0 189.903077577 326 942 25 80
197 -19.0 100.0 10.0 189.854401246 328 921 24 81
198 -19.0 100.0 11.0 189.81321145 330 898 25 79
199 -19.0 100.0 12.0 189.779562374 332 876 25 80
elapsed time is 1444.187238
