generating bragg masks, processing batch 54
1950 -137.0 0.0 14.0 274.925272813 0 762 25 4
1983 -137.0 1.0 14.0 274.496172418 0 762 25 6
1984 -137.0 1.0 15.0 274.678727708 1 741 25 25
1985 -137.0 1.0 16.0 274.867790845 2 719 25 51
2018 -137.0 2.0 14.0 274.067403865 0 761 25 6
2019 -137.0 2.0 15.0 274.249233703 1 740 26 27
2020 -137.0 2.0 16.0 274.437574191 2 718 26 51
2021 -137.0 2.0 17.0 274.632470433 3 695 26 74
2022 -137.0 2.0 18.0 274.833968322 5 672 26 87
2055 -137.0 3.0 14.0 273.639015564 0 761 25 7
2056 -137.0 3.0 15.0 273.820104454 1 739 25 30
2057 -137.0 3.0 16.0 274.007706294 2 717 25 52
2058 -137.0 3.0 17.0 274.201866465 3 694 25 77
2059 -137.0 3.0 18.0 274.402631145 5 672 25 87
2092 -137.0 4.0 14.0 273.211055932 0 760 25 8
2093 -137.0 4.0 15.0 273.391388638 1 739 25 30
2094 -137.0 4.0 16.0 273.578236091 2 716 25 54
2095 -137.0 4.0 17.0 273.771643942 3 693 26 77
2096 -137.0 4.0 18.0 273.971658643 5 671 26 89
2129 -137.0 5.0 14.0 272.78357336 0 759 25 7
2130 -137.0 5.0 15.0 272.963134915 1 738 25 29
2131 -137.0 5.0 16.0 273.149212513 2 715 26 53
2132 -137.0 5.0 17.0 273.341852062 3 692 26 77
2133 -137.0 5.0 18.0 273.541100283 5 670 26 87
2154 -137.0 6.0 14.0 272.356616179 0 758 25 7
2155 -137.0 6.0 15.0 272.535391897 1 737 25 28
2156 -137.0 6.0 16.0 272.720684448 2 714 25 53
2157 -137.0 6.0 17.0 272.912539994 3 692 25 74
2158 -137.0 6.0 18.0 273.111005513 5 669 25 88
2173 -137.0 7.0 14.0 271.930232629 0 757 25 5
2174 -137.0 7.0 15.0 272.108208112 1 736 25 25
2175 -137.0 7.0 16.0 272.292700716 2 714 25 50
2176 -137.0 7.0 17.0 272.483756845 3 691 25 74
2177 -137.0 7.0 18.0 272.681423727 5 668 26 87
2188 -137.0 8.0 14.0 271.504470825 0 756 25 4
2189 -137.0 8.0 15.0 271.681631973 1 735 25 24
2190 -137.0 8.0 16.0 271.865310026 2 713 26 48
2191 -137.0 8.0 17.0 272.055551622 3 690 26 72
2192 -137.0 8.0 18.0 272.252404232 5 667 26 87
2199 -137.0 9.0 14.0 271.079378725 0 755 25 2
2200 -137.0 9.0 15.0 271.255711744 1 734 26 21
2201 -137.0 9.0 16.0 271.438560948 2 712 26 44
2202 -137.0 9.0 17.0 271.627973203 3 689 26 70
2203 -137.0 9.0 18.0 271.823996212 5 666 26 87
2207 -137.0 10.0 14.0 270.655004096 0 754 25 1
2208 -137.0 10.0 15.0 270.830495505 0 733 25 16
2209 -137.0 10.0 16.0 271.01250188 1 711 25 40
2210 -137.0 10.0 17.0 271.201070301 3 688 25 65
2211 -137.0 10.0 18.0 271.396248697 4 666 25 84
2214 -137.0 11.0 15.0 270.406031127 0 732 25 12
2215 -137.0 11.0 16.0 270.587181011 1 710 25 35
2216 -137.0 11.0 17.0 270.774891432 3 688 26 60
2217 -137.0 11.0 18.0 270.969210529 4 665 26 82
2218 -137.0 12.0 16.0 270.162646296 1 709 26 30
2219 -137.0 12.0 17.0 270.349484879 2 687 26 55
2220 -137.0 12.0 18.0 270.542930325 4 664 26 79
2365 -136.0 -1.0 10.0 274.622699758 0 855 25 5
2366 -136.0 -1.0 11.0 274.782134017 1 834 25 26
2367 -136.0 -1.0 12.0 274.947949695 2 812 24 51
2398 -136.0 0.0 10.0 274.192920778 0 854 25 7
2399 -136.0 0.0 11.0 274.351637755 1 833 24 28
2400 -136.0 0.0 12.0 274.516738877 2 811 25 54
2401 -136.0 0.0 13.0 274.68826645 3 788 25 77
2402 -136.0 0.0 14.0 274.866263454 5 766 25 87
2433 -136.0 1.0 10.0 273.763484654 0 854 24 9
2434 -136.0 1.0 11.0 273.921469966 1 832 25 32
2435 -136.0 1.0 12.0 274.085841669 2 810 25 54
2436 -136.0 1.0 13.0 274.256642337 4 788 25 79
2437 -136.0 1.0 14.0 274.433915228 6 765 25 86
2438 -136.0 1.0 15.0 274.61770431 8 743 25 88
2439 -136.0 1.0 16.0 274.808054286 10 720 25 86
2440 -136.0 1.0 17.0 275.005010623 13 697 25 87
2471 -136.0 2.0 10.0 273.334439856 0 853 24 11
2472 -136.0 2.0 11.0 273.491679374 1 832 25 34
2473 -136.0 2.0 12.0 273.655307045 2 809 24 58
2474 -136.0 2.0 13.0 273.825365706 4 787 25 80
2475 -136.0 2.0 14.0 274.001898884 6 764 25 87
2476 -136.0 2.0 15.0 274.184950822 8 742 25 87
2477 -136.0 2.0 16.0 274.374566508 11 719 25 87
2478 -136.0 2.0 17.0 274.570791698 13 697 26 86
2479 -136.0 2.0 18.0 274.773672953 15 674 26 87
2480 -136.0 2.0 19.0 274.983257669 18 651 26 89
2511 -136.0 3.0 10.0 272.905834857 0 852 25 10
2512 -136.0 3.0 11.0 273.062314714 1 831 24 35
2513 -136.0 3.0 12.0 273.225184003 2 808 25 56
2514 -136.0 3.0 13.0 273.394485814 4 786 25 79
2515 -136.0 3.0 14.0 273.570263938 6 763 25 88
2516 -136.0 3.0 15.0 273.752562885 8 741 26 87
2517 -136.0 3.0 16.0 273.941427917 11 718 26 88
2518 -136.0 3.0 17.0 274.136905075 13 696 26 89
2519 -136.0 3.0 18.0 274.339041209 15 673 26 88
2520 -136.0 3.0 19.0 274.547884014 18 650 26 88
2521 -136.0 3.0 20.0 274.763482059 20 628 26 89
2551 -136.0 4.0 10.0 272.477718099 0 851 25 10
2552 -136.0 4.0 11.0 272.633424701 1 830 24 33
2553 -136.0 4.0 12.0 272.795521527 2 808 25 58
2554 -136.0 4.0 13.0 272.964051917 4 785 25 81
2555 -136.0 4.0 14.0 273.139059914 6 763 25 87
2556 -136.0 4.0 15.0 273.32059029 8 740 25 88
2557 -136.0 4.0 16.0 273.508688574 11 718 25 87
2558 -136.0 4.0 17.0 273.703401081 13 695 25 87
2559 -136.0 4.0 18.0 273.904774944 16 672 25 89
2560 -136.0 4.0 19.0 274.112858145 18 650 26 88
2590 -136.0 5.0 10.0 272.050137964 0 851 24 9
2591 -136.0 5.0 11.0 272.205057992 1 829 25 32
2592 -136.0 5.0 12.0 272.366368556 2 807 25 56
2593 -136.0 5.0 13.0 272.534113233 4 784 25 80
2594 -136.0 5.0 14.0 272.708336312 6 762 25 88
2595 -136.0 5.0 15.0 272.889082817 8 739 25 89
2596 -136.0 5.0 16.0 273.076398536 11 717 25 87
2597 -136.0 5.0 17.0 273.27033005 13 694 26 87
2598 -136.0 5.0 18.0 273.470924765 16 671 26 87
2599 -136.0 5.0 19.0 273.678230946 18 649 26 86
2615 -136.0 6.0 10.0 271.623142733 0 849 25 8
2616 -136.0 6.0 11.0 271.777263162 1 828 25 32
2617 -136.0 6.0 12.0 271.937773952 2 806 25 55
2618 -136.0 6.0 13.0 272.104718912 4 783 25 78
2619 -136.0 6.0 14.0 272.278142569 6 761 25 87
2620 -136.0 6.0 15.0 272.45809019 8 739 26 88
2621 -136.0 6.0 16.0 272.644607815 11 716 26 87
2622 -136.0 6.0 17.0 272.837742283 13 693 26 87
2623 -136.0 6.0 18.0 273.037541263 16 671 26 87
2624 -136.0 6.0 19.0 273.244053291 18 648 26 88
2634 -136.0 7.0 10.0 271.196780562 0 848 25 6
2635 -136.0 7.0 11.0 271.35008866 1 828 24 29
2636 -136.0 7.0 12.0 271.509786461 2 805 25 53
2637 -136.0 7.0 13.0 271.675917998 4 783 25 77
2638 -136.0 7.0 14.0 271.848528027 6 760 26 88
2639 -136.0 7.0 15.0 272.027662051 8 738 25 87
2640 -136.0 7.0 16.0 272.213366351 10 715 25 88
2641 -136.0 7.0 17.0 272.405688016 13 692 25 86
2642 -136.0 7.0 18.0 272.60467497 15 670 25 88
2643 -136.0 7.0 19.0 272.810376014 18 647 26 86
2649 -136.0 8.0 10.0 270.771099445 0 848 24 3
2650 -136.0 8.0 11.0 270.923582784 1 827 25 27
2651 -136.0 8.0 12.0 271.082454687 2 804 25 52
2652 -136.0 8.0 13.0 271.247759401 3 782 24 76
2653 -136.0 8.0 14.0 271.419541902 5 759 25 88
2654 -136.0 8.0 15.0 271.597847922 8 737 25 87
2655 -136.0 8.0 16.0 271.782723974 10 714 25 88
2656 -136.0 8.0 17.0 271.974217387 13 692 26 87
2657 -136.0 8.0 18.0 272.172376333 15 669 26 89
2658 -136.0 8.0 19.0 272.377249865 18 646 26 91
2661 -136.0 9.0 10.0 270.346147183 0 846 24 2
2662 -136.0 9.0 11.0 270.497793647 1 826 25 21
2663 -136.0 9.0 12.0 270.655827054 2 804 24 48
2664 -136.0 9.0 13.0 270.820291858 3 781 25 72
2665 -136.0 9.0 14.0 270.991233246 5 758 25 86
2666 -136.0 9.0 15.0 271.168697169 7 736 25 86
2667 -136.0 9.0 16.0 271.352730366 10 713 26 87
2668 -136.0 9.0 17.0 271.543380396 12 691 26 87
2669 -136.0 9.0 18.0 271.740695669 15 668 26 87
2670 -136.0 9.0 19.0 271.944725482 17 645 26 86
2671 -136.0 10.0 11.0 270.072769141 0 825 25 17
2672 -136.0 10.0 12.0 270.229951775 2 803 25 42
2673 -136.0 10.0 13.0 270.393563902 3 780 25 67
2674 -136.0 10.0 14.0 270.563650916 4 758 25 84
2675 -136.0 10.0 15.0 270.740258975 7 735 26 88
2676 -136.0 10.0 16.0 270.923435035 9 713 25 87
2677 -136.0 10.0 17.0 271.113226876 12 690 25 87
2678 -136.0 10.0 18.0 271.309683137 15 667 25 89
2679 -136.0 10.0 19.0 271.512853351 17 645 26 88
2680 -136.0 11.0 14.0 270.136843538 4 757 25 83
2681 -136.0 11.0 15.0 270.312582298 6 734 25 87
2682 -136.0 11.0 16.0 270.494887271 9 712 25 88
2683 -136.0 11.0 17.0 270.683806453 12 689 25 87
2684 -136.0 11.0 18.0 270.8793887 14 667 26 87
2685 -136.0 11.0 19.0 271.081683772 16 644 26 89
2686 -136.0 12.0 16.0 270.067136121 8 711 26 87
2687 -136.0 12.0 17.0 270.255168515 11 688 26 89
2688 -136.0 12.0 18.0 270.449862092 13 666 26 90
2689 -136.0 12.0 19.0 270.651266825 16 643 26 89
2690 -136.0 13.0 19.0 270.221652332 15 642 26 89
2791 -135.0 -3.0 6.0 274.845285293 0 947 24 3
2792 -135.0 -3.0 7.0 274.981903973 1 927 24 25
2820 -135.0 -2.0 6.0 274.414544276 0 946 24 6
2821 -135.0 -2.0 7.0 274.550452177 1 926 24 29
2822 -135.0 -2.0 8.0 274.692626467 2 903 25 53
2823 -135.0 -2.0 9.0 274.841107012 3 881 24 76
2824 -135.0 -2.0 10.0 274.99593427 5 859 25 87
2852 -135.0 -1.0 6.0 273.984103375 0 946 24 9
2853 -135.0 -1.0 7.0 274.11928719 1 925 24 31
2854 -135.0 -1.0 8.0 274.260739567 2 903 24 55
2855 -135.0 -1.0 9.0 274.408500639 4 880 25 78
2856 -135.0 -1.0 10.0 274.562611131 6 858 24 86
2857 -135.0 -1.0 11.0 274.723112385 8 836 25 87
2858 -135.0 -1.0 12.0 274.89004638 10 813 25 87
2885 -135.0 0.0 6.0 273.554011081 0 945 24 11
2886 -135.0 0.0 7.0 273.68845775 1 924 24 34
2887 -135.0 0.0 8.0 273.82917469 3 902 24 58
2888 -135.0 0.0 9.0 273.976202291 4 879 24 80
2889 -135.0 0.0 10.0 274.129581543 6 857 24 87
2890 -135.0 0.0 11.0 274.289354058 8 835 25 89
2891 -135.0 0.0 12.0 274.45556209 11 812 24 90
2892 -135.0 0.0 13.0 274.628248555 13 790 25 85
2893 -135.0 0.0 14.0 274.807457059 16 767 25 88
2894 -135.0 0.0 15.0 274.993231917 18 745 25 85
2922 -135.0 1.0 6.0 273.12431592 0 945 24 12
2923 -135.0 1.0 7.0 273.258012637 1 923 24 34
2924 -135.0 1.0 8.0 273.39798087 3 901 25 58
elapsed time is 1487.321758
