generating bragg masks, processing batch 30
0 -2.0 2.0 10.0 151.733185217 1261 1017 1049 75
1 -2.0 3.0 12.0 152.106943976 1253 974 495 73
2 -2.0 4.0 14.0 153.681176419 1246 931 365 77
3 -2.0 4.0 15.0 150.064445626 1246 910 388 74
4 -2.0 4.0 35.0 153.27440578 1259 474 2810 72
5 -2.0 5.0 17.0 153.399278906 1239 866 327 73
6 -2.0 5.0 18.0 151.516821904 1239 845 347 72
7 -2.0 5.0 31.0 150.577712615 1245 563 778 67
8 -2.0 5.0 32.0 153.1342936 1249 540 947 65
9 -2.0 6.0 21.0 154.335379528 1233 780 332 71
10 -2.0 6.0 22.0 153.685362703 1234 758 351 80
11 -2.0 6.0 23.0 153.236082569 1234 736 372 71
12 -2.0 6.0 24.0 152.996906835 1235 715 395 76
13 -2.0 6.0 25.0 152.978655985 1235 693 419 75
14 -2.0 6.0 26.0 153.195187634 1236 671 447 76
15 -2.0 6.0 27.0 153.66572952 1237 650 479 76
16 -2.0 6.0 28.0 154.418614742 1238 628 519 77
17 -1.0 3.0 7.0 153.923291242 1247 1081 194 73
18 -1.0 4.0 9.0 151.916531635 1240 1038 177 74
19 -1.0 5.0 10.0 154.576826809 1232 1016 152 74
20 -1.0 5.0 11.0 151.676712944 1232 995 168 72
21 -1.0 6.0 12.0 154.270998598 1224 973 150 74
22 -1.0 6.0 13.0 152.233938076 1225 952 163 73
23 -1.0 6.0 14.0 150.324487816 1225 930 176 74
24 -1.0 6.0 36.0 151.405027481 1237 452 633 77
25 -1.0 6.0 37.0 154.560360006 1242 429 780 71
26 -1.0 7.0 14.0 154.655646897 1217 930 148 72
27 -1.0 7.0 15.0 153.221954256 1217 909 160 76
28 -1.0 7.0 16.0 151.904286164 1218 887 171 72
29 -1.0 7.0 17.0 150.709585347 1218 866 182 73
30 -1.0 7.0 33.0 151.374990883 1226 518 428 76
31 -1.0 7.0 34.0 153.006824548 1229 496 469 78
32 -1.0 7.0 35.0 154.995389648 1232 473 527 77
33 -1.0 8.0 17.0 154.473521227 1210 865 158 74
34 -1.0 8.0 18.0 153.593459152 1211 844 168 74
35 -1.0 8.0 19.0 152.824118371 1211 822 178 74
36 -1.0 8.0 20.0 152.169322215 1211 801 188 73
37 -1.0 8.0 21.0 151.632467684 1212 779 199 73
38 -1.0 8.0 22.0 151.216642722 1212 758 209 75
39 -1.0 8.0 23.0 150.924776851 1213 736 220 74
40 -1.0 8.0 24.0 150.759825956 1213 715 232 76
41 -1.0 8.0 25.0 150.724995098 1213 693 243 74
42 -1.0 8.0 26.0 150.82400804 1214 671 255 77
43 -1.0 8.0 27.0 151.061439747 1215 649 268 74
44 -1.0 8.0 28.0 151.443139955 1215 627 282 74
45 -1.0 8.0 29.0 151.976795419 1216 605 298 75
46 -1.0 8.0 30.0 152.672712078 1217 583 316 74
47 -1.0 8.0 31.0 153.544960162 1219 562 336 75
48 -1.0 8.0 32.0 154.613146027 1221 539 361 73
49 -1.0 9.0 21.0 154.92406007 1204 779 176 76
50 -1.0 9.0 22.0 154.59172533 1205 757 185 74
51 -1.0 9.0 23.0 154.368252372 1206 735 196 74
52 -1.0 9.0 24.0 154.256986351 1206 714 206 75
53 -1.0 9.0 25.0 154.261561422 1207 692 216 76
54 -1.0 9.0 26.0 154.386107219 1208 670 228 75
55 -1.0 9.0 27.0 154.635509991 1208 648 240 75
56 -1.0 9.0 28.0 155.01575049 1209 627 253 75
57 0.0 1.0 1.0 154.732472064 1258 1211 68 73
58 0.0 4.0 5.0 151.921962777 1234 1124 84 75
59 0.0 5.0 6.0 153.497940696 1226 1102 81 74
60 0.0 5.0 7.0 150.297931025 1226 1081 94 74
61 0.0 5.0 43.0 152.960996154 1248 295 1280 72
62 0.0 6.0 7.0 154.715155898 1218 1080 79 73
63 0.0 6.0 8.0 152.22102408 1219 1059 90 72
64 0.0 6.0 41.0 151.058236052 1235 340 686 81
65 0.0 7.0 9.0 153.735119152 1211 1037 86 73
66 0.0 7.0 10.0 151.825682969 1211 1016 96 74
67 0.0 7.0 39.0 150.90095711 1225 385 491 79
68 0.0 7.0 40.0 153.662141829 1230 362 575 81
69 0.0 8.0 10.0 154.995312981 1203 1015 85 74
70 0.0 8.0 11.0 153.452243935 1203 994 92 74
71 0.0 8.0 12.0 151.993208798 1204 973 101 72
72 0.0 8.0 13.0 150.624109009 1204 952 109 73
73 0.0 8.0 37.0 151.397294427 1216 429 382 79
74 0.0 8.0 38.0 153.293963371 1219 406 420 75
75 0.0 9.0 12.0 154.827620978 1195 972 90 74
76 0.0 9.0 13.0 153.644655945 1196 951 98 77
77 0.0 9.0 14.0 152.54255033 1196 930 105 74
78 0.0 9.0 15.0 151.525020223 1197 908 113 74
79 0.0 9.0 16.0 150.595343022 1197 887 121 73
80 0.0 9.0 33.0 150.062378204 1204 517 274 78
81 0.0 9.0 34.0 151.07020161 1206 495 289 74
82 0.0 9.0 35.0 152.237583691 1208 473 308 77
83 0.0 9.0 36.0 153.585578343 1210 451 329 78
84 0.0 10.0 15.0 154.176236248 1188 908 102 75
85 0.0 10.0 16.0 153.364244883 1189 886 108 73
86 0.0 10.0 17.0 152.631712355 1189 865 116 73
87 0.0 10.0 18.0 151.980908648 1190 843 123 75
88 0.0 10.0 19.0 151.413860136 1190 822 129 71
89 0.0 10.0 20.0 150.932379545 1190 800 136 76
90 0.0 10.0 21.0 150.538106236 1191 779 144 75
91 0.0 10.0 22.0 150.232556435 1191 757 151 74
92 0.0 10.0 27.0 150.088550587 1193 649 190 76
93 0.0 10.0 28.0 150.349214062 1194 627 198 75
94 0.0 10.0 29.0 150.712258599 1194 605 208 76
95 0.0 10.0 30.0 151.181463907 1195 583 217 77
96 0.0 10.0 31.0 151.761626313 1196 561 228 77
97 0.0 10.0 32.0 152.458887514 1197 539 240 76
98 0.0 10.0 33.0 153.281184474 1199 517 253 77
99 0.0 10.0 34.0 154.238887411 1200 495 267 76
100 0.0 11.0 17.0 154.959632908 1181 864 105 74
101 0.0 11.0 18.0 154.388834392 1182 843 111 74
102 0.0 11.0 19.0 153.893086918 1182 821 118 73
103 0.0 11.0 20.0 153.474178833 1183 800 125 75
104 0.0 11.0 21.0 153.13379826 1183 778 131 74
105 0.0 11.0 22.0 152.873570153 1184 757 138 77
106 0.0 11.0 23.0 152.695101418 1184 735 145 72
107 0.0 11.0 24.0 152.600034653 1185 713 151 78
108 0.0 11.0 25.0 152.590111483 1185 692 159 74
109 0.0 11.0 26.0 152.667247095 1186 670 167 75
110 0.0 11.0 27.0 152.83361849 1186 648 174 76
111 0.0 11.0 28.0 153.091770266 1187 626 183 75
112 0.0 11.0 29.0 153.44474364 1188 604 191 76
113 0.0 11.0 30.0 153.896237218 1189 582 201 76
114 0.0 11.0 31.0 154.450812266 1190 560 210 76
115 0.0 12.0 23.0 154.907431565 1176 734 133 76
116 0.0 12.0 24.0 154.836929412 1177 713 140 75
117 0.0 12.0 25.0 154.844585743 1178 691 146 73
118 0.0 12.0 26.0 154.932338777 1178 669 153 76
119 1.0 3.0 0.0 154.860486838 1236 1231 24 65
120 1.0 4.0 1.0 154.93678706 1228 1210 28 73
121 1.0 4.0 2.0 150.605478039 1229 1188 37 74
122 1.0 5.0 3.0 151.773721815 1221 1167 42 74
123 1.0 6.0 4.0 152.741929877 1213 1145 46 73
124 1.0 6.0 5.0 150.072369729 1214 1124 54 73
125 1.0 6.0 45.0 151.735012206 1235 249 751 81
126 1.0 7.0 5.0 153.589285901 1205 1123 49 73
127 1.0 7.0 6.0 151.39817142 1206 1102 57 73
128 1.0 7.0 43.0 150.077706041 1222 294 504 82
129 1.0 7.0 44.0 153.395139759 1229 271 613 83
130 1.0 8.0 6.0 154.358102643 1197 1101 50 73
131 1.0 8.0 7.0 152.533057146 1198 1080 58 74
132 1.0 8.0 8.0 150.780399441 1198 1059 65 73
133 1.0 8.0 42.0 151.922919536 1216 317 434 82
134 1.0 8.0 43.0 154.645729332 1222 294 502 81
135 1.0 9.0 8.0 153.537055329 1190 1058 58 74
136 1.0 9.0 9.0 152.068331373 1190 1037 65 73
137 1.0 9.0 10.0 150.671494723 1191 1016 72 74
138 1.0 9.0 40.0 151.480915861 1206 362 341 77
139 1.0 9.0 41.0 153.410255343 1209 339 373 78
140 1.0 10.0 9.0 154.447494547 1182 1036 60 73
141 1.0 10.0 10.0 153.208517288 1182 1015 65 74
142 1.0 10.0 11.0 152.035912898 1183 994 72 73
143 1.0 10.0 12.0 150.932785171 1183 972 78 76
144 1.0 10.0 37.0 150.318702014 1194 429 263 77
145 1.0 10.0 38.0 151.589490429 1196 406 279 81
146 1.0 10.0 39.0 153.02223093 1199 384 298 77
147 1.0 10.0 40.0 154.643839753 1202 361 322 79
148 1.0 11.0 11.0 154.239506161 1174 993 66 73
149 1.0 11.0 12.0 153.252111056 1175 972 72 73
150 1.0 11.0 13.0 152.328980683 1175 951 77 73
151 1.0 11.0 14.0 151.472267506 1175 929 82 73
152 1.0 11.0 15.0 150.683903739 1176 908 88 75
153 1.0 11.0 34.0 150.24639529 1184 495 212 78
154 1.0 11.0 35.0 151.089491956 1185 472 223 78
155 1.0 11.0 36.0 152.044572333 1187 450 234 78
156 1.0 11.0 37.0 153.121521275 1189 428 247 78
157 1.0 11.0 38.0 154.333278386 1191 405 262 78
158 1.0 12.0 13.0 154.355707172 1167 950 71 75
159 1.0 12.0 14.0 153.583853448 1167 929 76 73
160 1.0 12.0 15.0 152.873746056 1168 907 81 74
161 1.0 12.0 16.0 152.22695303 1168 886 87 75
162 1.0 12.0 17.0 151.64489503 1168 865 92 75
163 1.0 12.0 18.0 151.128854295 1169 843 97 72
164 1.0 12.0 19.0 150.679987966 1169 822 103 74
165 1.0 12.0 20.0 150.299345701 1169 800 107 75
166 1.0 12.0 29.0 150.09872763 1173 605 161 76
167 1.0 12.0 30.0 150.45541285 1174 583 168 78
168 1.0 12.0 31.0 150.8941766 1174 561 175 78
169 1.0 12.0 32.0 151.417895842 1175 539 182 77
170 1.0 12.0 33.0 152.030126879 1177 517 190 77
171 1.0 12.0 34.0 152.735288803 1178 494 199 77
172 1.0 12.0 35.0 153.538905757 1179 472 208 77
173 1.0 12.0 36.0 154.447935381 1181 449 218 78
174 1.0 13.0 15.0 154.728874876 1159 906 76 72
175 1.0 13.0 16.0 154.14381374 1160 885 80 75
176 1.0 13.0 17.0 153.617982011 1160 864 85 74
177 1.0 13.0 18.0 153.15260385 1161 842 90 73
178 1.0 13.0 19.0 152.748817108 1161 821 96 73
179 1.0 13.0 20.0 152.407686824 1162 799 101 75
180 1.0 13.0 21.0 152.13022205 1162 778 106 76
181 1.0 13.0 22.0 151.91739606 1162 756 111 76
182 1.0 13.0 23.0 151.770170003 1163 735 116 74
183 1.0 13.0 24.0 151.689520202 1163 713 121 74
184 1.0 13.0 25.0 151.676469392 1164 691 127 75
185 1.0 13.0 26.0 151.732122402 1164 669 132 76
186 1.0 13.0 27.0 151.857707046 1165 648 138 74
187 1.0 13.0 28.0 152.054621305 1166 626 144 75
188 1.0 13.0 29.0 152.324488391 1166 604 150 74
189 1.0 13.0 30.0 152.669221911 1167 582 156 74
190 1.0 13.0 31.0 153.091104256 1168 560 163 74
191 1.0 13.0 32.0 153.592882657 1169 538 171 77
192 1.0 13.0 33.0 154.177889232 1170 515 178 78
193 1.0 13.0 34.0 154.850194208 1172 494 186 77
194 1.0 14.0 18.0 154.888401341 1153 842 85 74
195 1.0 14.0 19.0 154.523980468 1153 820 89 74
196 1.0 14.0 20.0 154.217521887 1154 799 94 74
197 1.0 14.0 21.0 153.970031506 1154 777 99 76
198 1.0 14.0 22.0 153.782496231 1155 756 103 75
199 1.0 14.0 23.0 153.655903178 1155 734 108 74
elapsed time is 1525.199224
