generating bragg masks, processing batch 70
2 -44.0 -95.0 46.0 350.066594746 242 220 33 91
3 -44.0 -92.0 47.0 350.096145837 270 196 33 96
4 -44.0 -90.0 48.0 350.295145181 288 171 35 93
5 -44.0 -89.0 48.0 350.146845241 298 171 34 94
6 -44.0 -87.0 49.0 350.368348166 316 146 36 95
7 -44.0 -86.0 49.0 350.220576037 326 146 36 95
8 -44.0 -85.0 49.0 350.071219038 335 146 36 96
9 -44.0 -83.0 50.0 350.319459508 354 122 37 95
10 -44.0 -82.0 50.0 350.170878368 363 121 37 95
11 -44.0 -80.0 51.0 350.445895305 382 97 38 96
12 -44.0 -79.0 51.0 350.298427376 391 97 39 96
13 -44.0 -78.0 51.0 350.149260399 401 96 38 94
14 -44.0 -77.0 52.0 350.60261031 410 72 39 95
15 -44.0 -76.0 52.0 350.456656583 420 72 40 96
16 -44.0 -75.0 52.0 350.308979185 429 71 40 95
17 -44.0 -74.0 52.0 350.15952081 439 71 40 96
18 -44.0 -73.0 53.0 350.648757247 448 47 42 96
19 -44.0 -72.0 53.0 350.503056453 457 46 41 96
20 -44.0 -71.0 53.0 350.355556298 467 46 42 97
21 -44.0 -70.0 53.0 350.206194151 476 46 43 98
22 -44.0 -69.0 53.0 350.054904525 486 46 42 96
23 -44.0 -69.0 54.0 350.735259296 486 21 44 95
24 -44.0 -68.0 54.0 350.590314005 495 21 43 95
25 -44.0 -67.0 54.0 350.443497919 505 21 44 95
26 -44.0 -66.0 54.0 350.294742676 514 20 45 96
27 -44.0 -65.0 54.0 350.143976634 523 20 45 95
28 -44.0 -65.0 55.0 350.868284015 523 0 46 10
29 -44.0 -64.0 55.0 350.724752104 532 0 46 8
30 -44.0 -63.0 55.0 350.579286688 542 0 47 7
31 -44.0 -62.0 55.0 350.431813356 551 0 47 5
32 -44.0 -61.0 55.0 350.282253926 560 0 47 3
33 -44.0 -60.0 55.0 350.130526215 569 0 48 2
75 -43.0 -109.0 40.0 350.08598274 115 366 29 96
76 -43.0 -107.0 41.0 350.174806873 134 342 30 95
77 -43.0 -105.0 42.0 350.277546965 152 318 30 94
78 -43.0 -104.0 42.0 350.129587817 162 318 30 96
79 -43.0 -103.0 43.0 350.394903099 170 294 31 96
80 -43.0 -102.0 43.0 350.247900736 180 294 31 96
81 -43.0 -101.0 43.0 350.099541283 190 294 31 96
82 -43.0 -100.0 44.0 350.381744792 198 270 31 98
83 -43.0 -99.0 44.0 350.23450242 208 270 32 96
84 -43.0 -98.0 44.0 350.085862484 218 270 32 97
85 -43.0 -98.0 45.0 350.531941255 217 246 32 91
86 -43.0 -97.0 45.0 350.385999688 226 245 33 95
87 -43.0 -96.0 45.0 350.238658345 236 245 32 94
88 -43.0 -95.0 45.0 350.089879266 245 245 33 98
89 -43.0 -95.0 46.0 350.554934724 245 221 33 105
90 -43.0 -94.0 46.0 350.409097407 254 221 33 91
91 -43.0 -93.0 46.0 350.261822982 264 221 34 97
92 -43.0 -93.0 47.0 350.74227974 263 197 34 92
93 -43.0 -92.0 46.0 350.113071413 274 221 33 91
94 -43.0 -92.0 47.0 350.5981727 273 197 33 91
95 -43.0 -91.0 47.0 350.452633363 282 197 34 98
96 -43.0 -90.0 47.0 350.305621038 292 196 35 97
97 -43.0 -90.0 48.0 350.806957725 291 172 35 97
98 -43.0 -89.0 47.0 350.157093523 302 196 34 97
99 -43.0 -89.0 48.0 350.663407862 301 172 35 97
100 -43.0 -88.0 48.0 350.518394142 310 172 35 95
101 -43.0 -87.0 48.0 350.371873764 320 172 35 94
102 -43.0 -87.0 49.0 350.895336131 319 148 35 96
103 -43.0 -86.0 48.0 350.223802289 330 172 35 95
104 -43.0 -86.0 49.0 350.752608073 329 148 36 95
105 -43.0 -85.0 48.0 350.074133566 339 171 36 96
106 -43.0 -85.0 49.0 350.608387832 338 148 36 96
107 -43.0 -84.0 49.0 350.462630453 348 147 36 94
108 -43.0 -84.0 50.0 351.009586383 347 123 37 96
109 -43.0 -83.0 49.0 350.31528921 358 147 37 94
110 -43.0 -83.0 50.0 350.867991476 357 123 37 95
111 -43.0 -82.0 49.0 350.166315519 367 147 37 95
112 -43.0 -82.0 50.0 350.724880525 366 123 37 94
113 -43.0 -81.0 50.0 350.580206412 376 123 37 94
114 -43.0 -81.0 51.0 351.152163488 376 99 38 97
115 -43.0 -80.0 50.0 350.433920103 386 122 38 95
116 -43.0 -80.0 51.0 351.012068945 385 98 39 95
117 -43.0 -79.0 50.0 350.285970549 395 122 38 95
118 -43.0 -79.0 51.0 350.870440549 395 98 38 95
119 -43.0 -78.0 50.0 350.136304585 405 122 38 95
120 -43.0 -78.0 51.0 350.727229057 404 98 39 96
121 -43.0 -77.0 51.0 350.582383153 414 98 39 94
122 -43.0 -77.0 52.0 351.187695809 413 73 39 96
123 -43.0 -76.0 51.0 350.435849341 423 97 40 95
124 -43.0 -76.0 52.0 351.04799247 423 73 40 95
125 -43.0 -75.0 51.0 350.287571828 433 97 39 95
126 -43.0 -75.0 52.0 350.906694311 432 73 41 96
127 -43.0 -74.0 51.0 350.137492403 442 97 40 94
128 -43.0 -74.0 52.0 350.763747832 442 73 40 96
129 -43.0 -74.0 53.0 351.398135384 442 48 41 96
130 -43.0 -73.0 52.0 350.619097175 451 72 41 94
131 -43.0 -73.0 53.0 351.260883562 451 48 42 95
132 -43.0 -72.0 52.0 350.472684002 461 72 41 96
133 -43.0 -72.0 53.0 351.122036174 461 48 42 96
134 -43.0 -71.0 52.0 350.324447347 470 72 41 96
135 -43.0 -71.0 53.0 350.981537732 470 48 42 94
136 -43.0 -70.0 52.0 350.174323482 480 72 42 95
137 -43.0 -70.0 53.0 350.839330217 480 47 42 94
138 -43.0 -70.0 54.0 351.51296637 480 23 43 95
139 -43.0 -69.0 53.0 350.695352927 489 47 43 94
140 -43.0 -69.0 54.0 351.377213341 489 23 43 95
141 -43.0 -68.0 53.0 350.549542323 498 47 44 94
142 -43.0 -68.0 54.0 351.23982149 499 22 44 95
143 -43.0 -67.0 53.0 350.401831873 508 46 43 96
144 -43.0 -67.0 54.0 351.100730979 508 22 45 96
145 -43.0 -66.0 53.0 350.252151866 517 46 44 94
146 -43.0 -66.0 54.0 350.959879091 517 22 44 97
147 -43.0 -65.0 53.0 350.100429232 527 46 45 94
148 -43.0 -65.0 54.0 350.817200063 527 22 45 95
149 -43.0 -65.0 55.0 351.543327423 527 1 46 22
150 -43.0 -64.0 54.0 350.672624898 536 21 46 95
151 -43.0 -64.0 55.0 351.408169021 536 1 46 20
152 -43.0 -63.0 54.0 350.526081168 546 21 46 96
153 -43.0 -63.0 55.0 351.271278797 546 1 47 17
154 -43.0 -62.0 54.0 350.377492803 555 21 46 95
155 -43.0 -62.0 55.0 351.132589353 555 0 47 14
156 -43.0 -61.0 54.0 350.226779865 564 20 47 94
157 -43.0 -61.0 55.0 350.992029832 564 0 47 12
159 -43.0 -60.0 54.0 350.073858303 574 20 47 95
160 -43.0 -60.0 55.0 350.849525696 573 0 48 9
162 -43.0 -59.0 55.0 350.704998491 583 0 49 7
164 -43.0 -58.0 55.0 350.558365586 592 0 49 6
166 -43.0 -57.0 55.0 350.409539901 601 0 49 4
168 -43.0 -56.0 55.0 350.25842961 610 0 50 2
170 -43.0 -55.0 55.0 350.104937817 619 0 51 2
260 -42.0 -120.0 34.0 350.060916041 17 510 27 96
261 -42.0 -118.0 35.0 350.084560574 36 486 27 97
262 -42.0 -116.0 36.0 350.119040088 54 462 28 94
263 -42.0 -115.0 37.0 350.312483821 63 439 28 97
264 -42.0 -114.0 37.0 350.164847073 73 439 28 97
265 -42.0 -113.0 38.0 350.369719051 81 415 28 94
266 -42.0 -112.0 38.0 350.222505686 91 415 29 95
267 -42.0 -111.0 38.0 350.074035544 101 415 29 96
268 -42.0 -111.0 39.0 350.439253858 99 391 29 95
269 -42.0 -110.0 39.0 350.292574426 109 391 29 95
270 -42.0 -109.0 39.0 350.144626434 119 391 29 96
271 -42.0 -109.0 40.0 350.521673902 118 367 29 94
272 -42.0 -108.0 40.0 350.375649091 128 367 29 95
273 -42.0 -107.0 40.0 350.228345499 138 367 30 95
274 -42.0 -107.0 41.0 350.617604411 136 343 30 97
275 -42.0 -106.0 40.0 350.07973138 147 367 30 94
276 -42.0 -106.0 41.0 350.472366064 146 343 30 97
277 -42.0 -105.0 41.0 350.325840534 156 343 30 95
278 -42.0 -105.0 42.0 350.727713727 155 319 30 97
279 -42.0 -104.0 41.0 350.177995334 166 343 30 94
280 -42.0 -104.0 42.0 350.583405971 164 319 31 96
281 -42.0 -103.0 42.0 350.437804748 174 319 30 95
282 -42.0 -103.0 43.0 350.852717245 173 295 30 96
283 -42.0 -102.0 42.0 350.290876852 184 319 31 96
284 -42.0 -102.0 43.0 350.709497769 183 295 31 96
285 -42.0 -101.0 42.0 350.142587969 194 319 30 95
286 -42.0 -101.0 43.0 350.564980994 192 295 31 94
287 -42.0 -101.0 44.0 350.993381822 191 271 31 95
288 -42.0 -100.0 43.0 350.419133032 202 295 31 95
289 -42.0 -100.0 44.0 350.851423307 201 271 32 94
290 -42.0 -99.0 43.0 350.271918845 212 295 31 95
291 -42.0 -99.0 44.0 350.708166504 211 271 31 96
292 -42.0 -98.0 43.0 350.123302191 222 294 32 94
293 -42.0 -98.0 44.0 350.563576888 221 271 32 95
294 -42.0 -98.0 45.0 351.010022459 219 247 33 95
295 -42.0 -97.0 44.0 350.417618742 230 271 32 99
296 -42.0 -97.0 45.0 350.868218207 229 247 32 97
297 -42.0 -96.0 44.0 350.270255098 240 270 32 96
298 -42.0 -96.0 45.0 350.725082865 239 247 33 91
299 -42.0 -96.0 46.0 351.186198885 238 223 33 91
300 -42.0 -95.0 44.0 350.121447687 249 270 32 97
301 -42.0 -95.0 45.0 350.580580095 249 247 33 95
302 -42.0 -95.0 46.0 351.046058717 248 223 33 91
303 -42.0 -94.0 45.0 350.434672265 258 246 33 91
304 -42.0 -94.0 46.0 350.90459306 257 222 33 98
305 -42.0 -93.0 45.0 350.287320392 268 246 33 97
306 -42.0 -93.0 46.0 350.761765033 267 222 34 98
307 -42.0 -93.0 47.0 351.242683101 266 198 34 98
308 -42.0 -92.0 45.0 350.13848408 277 246 33 98
309 -42.0 -92.0 46.0 350.61753642 276 222 33 98
310 -42.0 -92.0 47.0 351.10312426 276 198 33 100
311 -42.0 -91.0 46.0 350.471867602 286 222 34 95
312 -42.0 -91.0 47.0 350.9622127 285 198 34 92
313 -42.0 -90.0 46.0 350.324717496 296 222 34 91
314 -42.0 -90.0 47.0 350.819909717 295 198 34 93
315 -42.0 -90.0 48.0 351.321775925 294 174 35 95
316 -42.0 -89.0 46.0 350.17604349 305 221 34 93
317 -42.0 -89.0 47.0 350.676175163 305 198 34 93
318 -42.0 -89.0 48.0 351.183047566 304 174 35 92
319 -42.0 -88.0 47.0 350.530967371 314 197 35 95
320 -42.0 -88.0 48.0 351.042942404 313 174 35 96
321 -42.0 -88.0 49.0 351.56173928 313 150 36 95
322 -42.0 -87.0 47.0 350.38424309 324 197 35 96
323 -42.0 -87.0 48.0 350.901419888 323 173 35 96
324 -42.0 -87.0 49.0 351.425488911 322 149 36 96
325 -42.0 -86.0 47.0 350.235957409 333 197 35 96
326 -42.0 -86.0 48.0 350.758437903 333 173 36 96
327 -42.0 -86.0 49.0 351.287882706 332 149 36 94
328 -42.0 -85.0 47.0 350.086063678 343 197 35 93
329 -42.0 -85.0 48.0 350.613952696 342 173 35 95
330 -42.0 -85.0 49.0 351.148879875 341 149 36 96
331 -42.0 -84.0 48.0 350.467918797 352 173 36 95
332 -42.0 -84.0 49.0 351.008438022 351 149 37 95
333 -42.0 -84.0 50.0 351.556088157 350 125 36 95
334 -42.0 -83.0 48.0 350.320288936 361 172 36 96
335 -42.0 -83.0 49.0 350.866513066 361 149 36 95
336 -42.0 -83.0 50.0 351.419946341 360 125 37 95
337 -42.0 -82.0 48.0 350.171013954 371 172 36 93
elapsed time is 1404.438983
