generating bragg masks, processing batch 5
31 -30.0 -2.0 53.0 27.1938903724 1262 26 3600 81
44 -29.0 -5.0 54.0 25.7239956634 1225 5 610 87
57 -28.0 -6.0 54.0 28.4111319811 1220 7 603 86
58 -28.0 -5.0 53.0 25.1021235854 1220 31 564 91
74 -27.0 -8.0 54.0 25.4341250218 1189 10 376 87
75 -27.0 -6.0 53.0 27.7365565756 1216 32 559 94
92 -26.0 -9.0 54.0 27.0877724968 1181 12 341 91
93 -26.0 -8.0 53.0 25.1293554206 1186 35 354 87
94 -26.0 -7.0 53.0 29.5638581465 1208 34 490 90
95 -26.0 -6.0 52.0 27.3087983352 1212 58 513 84
115 -25.0 -11.0 54.0 25.4810591123 1154 14 259 88
117 -25.0 -10.0 54.0 28.3923651379 1172 14 308 91
118 -25.0 -9.0 53.0 26.7795768867 1178 37 321 86
119 -25.0 -7.0 52.0 29.1302362964 1204 60 448 82
120 -25.0 -6.0 51.0 27.0753292293 1208 83 475 91
121 -25.0 -3.0 49.0 29.8388501596 1245 129 948 87
143 -24.0 -12.0 54.0 26.7071524263 1145 16 239 88
144 -24.0 -11.0 53.0 25.2906472896 1152 40 247 87
145 -24.0 -11.0 54.0 29.4377581754 1162 16 278 90
146 -24.0 -10.0 53.0 28.0916282241 1169 39 291 88
147 -24.0 -9.0 52.0 26.5840998326 1175 63 305 88
148 -24.0 -7.0 51.0 28.8706577924 1200 85 416 89
149 -24.0 -6.0 50.0 27.003918915 1206 108 444 90
150 -24.0 -3.0 48.0 29.9443642621 1243 154 863 81
151 -24.0 -2.0 47.0 25.9383600654 1243 177 821 81
173 -23.0 -15.0 55.0 26.7988088439 1110 0 193 2
175 -23.0 -14.0 54.0 25.6239551857 1121 19 198 88
177 -23.0 -13.0 54.0 27.7404156902 1135 18 220 88
178 -23.0 -12.0 53.0 26.5177330701 1143 42 229 89
179 -23.0 -11.0 52.0 25.1809113046 1149 65 237 87
180 -23.0 -11.0 53.0 29.1506468802 1159 41 264 88
181 -23.0 -10.0 52.0 27.8935738269 1166 64 276 89
182 -23.0 -9.0 51.0 26.4899144761 1173 88 289 87
183 -23.0 -7.0 50.0 28.7574937536 1198 110 389 91
184 -23.0 -6.0 49.0 27.0729986467 1204 133 418 90
185 -23.0 -2.0 46.0 27.1504890947 1244 201 834 90
208 -22.0 -17.0 55.0 25.9525099386 1089 1 166 25
210 -22.0 -16.0 55.0 27.6545893716 1103 0 180 20
211 -22.0 -15.0 54.0 26.6096407891 1110 20 185 88
212 -22.0 -15.0 55.0 29.6149825611 1117 0 197 13
213 -22.0 -14.0 53.0 25.4931120441 1118 44 191 89
214 -22.0 -14.0 54.0 28.6209041857 1125 20 204 90
215 -22.0 -13.0 53.0 27.5552834974 1133 43 212 88
216 -22.0 -12.0 52.0 26.4033066431 1140 67 219 89
217 -22.0 -12.0 53.0 30.0204123144 1148 43 239 87
218 -22.0 -11.0 51.0 25.1463659682 1147 90 228 86
219 -22.0 -11.0 52.0 28.9565707939 1156 66 250 88
220 -22.0 -10.0 51.0 27.7882557198 1163 90 263 86
221 -22.0 -9.0 50.0 26.4882151733 1170 113 277 86
222 -22.0 -7.0 49.0 28.7715811423 1195 135 367 89
223 -22.0 -6.0 48.0 27.2671012 1202 158 397 89
224 -22.0 -5.0 47.0 25.450056983 1208 181 430 86
225 -22.0 -2.0 45.0 28.6340802169 1245 226 859 81
248 -21.0 -19.0 55.0 25.3322941252 1066 2 146 47
250 -21.0 -18.0 55.0 26.7787545626 1079 2 157 41
252 -21.0 -17.0 54.0 25.8078721475 1087 23 161 89
253 -21.0 -17.0 55.0 28.4080470492 1092 1 169 36
254 -21.0 -16.0 54.0 27.4721314887 1100 22 173 89
255 -21.0 -15.0 53.0 26.4803706042 1108 46 178 89
256 -21.0 -15.0 54.0 29.3798325236 1114 22 189 89
257 -21.0 -14.0 52.0 25.4225829364 1116 69 184 87
258 -21.0 -14.0 53.0 28.4421669401 1122 45 196 88
259 -21.0 -13.0 52.0 27.4397090837 1130 69 203 88
260 -21.0 -12.0 51.0 26.3588736218 1137 92 210 88
261 -21.0 -12.0 52.0 29.8340847948 1145 68 228 88
262 -21.0 -11.0 50.0 25.1824874142 1145 115 219 86
263 -21.0 -11.0 51.0 28.8470566643 1153 92 238 88
264 -21.0 -10.0 50.0 27.7678508719 1161 115 251 85
265 -21.0 -9.0 49.0 26.5719828346 1168 138 265 85
266 -21.0 -8.0 48.0 25.2267189093 1175 161 280 85
267 -21.0 -8.0 49.0 30.0350157516 1185 137 321 88
268 -21.0 -7.0 48.0 28.8988167457 1193 160 347 88
269 -21.0 -6.0 47.0 27.5744325075 1200 183 378 85
270 -21.0 -5.0 46.0 25.9843958899 1207 206 413 81
271 -21.0 -1.0 43.0 27.5585505252 1250 273 1026 81
299 -20.0 -20.0 55.0 26.1242136978 1055 3 139 63
301 -20.0 -19.0 54.0 25.2182110886 1063 25 142 87
302 -20.0 -19.0 55.0 27.5187810508 1068 3 148 59
304 -20.0 -18.0 54.0 26.6383989054 1076 25 152 89
305 -20.0 -18.0 55.0 29.076878312 1081 2 159 53
306 -20.0 -17.0 53.0 25.7136521312 1084 49 155 87
307 -20.0 -17.0 54.0 28.232960175 1089 24 162 89
308 -20.0 -16.0 53.0 27.3457962284 1098 48 168 89
309 -20.0 -16.0 54.0 30.0413526367 1103 24 176 89
310 -20.0 -15.0 52.0 26.4077070557 1105 71 172 86
311 -20.0 -15.0 53.0 29.2087219033 1111 47 182 88
312 -20.0 -14.0 51.0 25.4093017103 1114 95 177 87
313 -20.0 -14.0 52.0 28.3279303294 1119 71 188 87
314 -20.0 -13.0 51.0 27.3892069851 1127 94 195 87
315 -20.0 -12.0 50.0 26.3802580943 1135 117 203 87
316 -20.0 -12.0 51.0 29.7248459138 1142 94 218 87
317 -20.0 -11.0 49.0 25.2854544066 1143 141 211 87
318 -20.0 -11.0 50.0 28.8153080207 1150 117 229 87
319 -20.0 -10.0 49.0 27.8260193445 1158 140 240 86
320 -20.0 -9.0 48.0 26.7354371398 1166 163 254 86
321 -20.0 -8.0 47.0 25.5144563775 1174 186 269 85
322 -20.0 -7.0 47.0 29.1282674367 1191 185 330 84
323 -20.0 -6.0 46.0 27.9854611464 1199 208 361 84
324 -20.0 -5.0 45.0 26.6266448004 1206 231 398 88
325 -20.0 0.0 41.0 28.7501478739 1261 319 2549 90
351 -19.0 -22.0 55.0 25.6239730749 1032 4 126 87
354 -19.0 -21.0 55.0 26.8426600848 1044 4 132 80
356 -19.0 -20.0 54.0 26.0131508141 1053 27 135 89
357 -19.0 -20.0 55.0 28.1857262615 1057 4 140 77
358 -19.0 -19.0 53.0 25.1479241607 1061 51 138 90
359 -19.0 -19.0 54.0 27.3831939312 1065 27 143 89
360 -19.0 -19.0 55.0 29.6753105705 1070 3 149 71
361 -19.0 -18.0 53.0 26.5456957796 1073 50 146 88
362 -19.0 -18.0 54.0 28.9094899435 1078 26 153 90
363 -19.0 -17.0 52.0 25.66761557 1082 74 150 87
364 -19.0 -17.0 53.0 28.1104977836 1087 50 157 88
365 -19.0 -16.0 52.0 27.2726007292 1095 73 161 89
366 -19.0 -16.0 53.0 29.8784913444 1100 49 169 90
367 -19.0 -15.0 51.0 26.3888255003 1103 97 166 86
368 -19.0 -15.0 52.0 29.0974858684 1108 73 175 87
369 -19.0 -14.0 50.0 25.450617388 1112 120 172 88
370 -19.0 -14.0 51.0 28.2742038375 1117 96 181 88
371 -19.0 -13.0 50.0 27.3999860194 1125 119 187 88
372 -19.0 -12.0 49.0 26.4638960067 1133 142 196 87
373 -19.0 -12.0 50.0 29.686848318 1139 119 209 86
374 -19.0 -11.0 48.0 25.4519595317 1142 165 204 85
375 -19.0 -11.0 49.0 28.8557281477 1148 142 218 87
376 -19.0 -10.0 48.0 27.9574741404 1156 165 230 87
377 -19.0 -9.0 47.0 26.9736621352 1165 188 244 86
378 -19.0 -8.0 46.0 25.8791702101 1173 210 259 85
379 -19.0 -7.0 46.0 29.4510425819 1189 210 314 85
380 -19.0 -6.0 45.0 28.4920445152 1197 232 345 86
381 -19.0 -5.0 44.0 27.3694425378 1205 255 383 82
382 -19.0 -4.0 43.0 26.0014226796 1213 277 431 87
409 -18.0 -24.0 55.0 25.2363603243 1009 6 114 90
412 -18.0 -23.0 55.0 26.317971169 1021 6 120 90
414 -18.0 -22.0 54.0 25.5344445323 1030 29 122 87
415 -18.0 -22.0 55.0 27.4976967192 1033 5 127 89
417 -18.0 -21.0 54.0 26.734961754 1042 29 128 90
418 -18.0 -21.0 55.0 28.7904564199 1045 5 133 89
419 -18.0 -20.0 53.0 25.9437338291 1050 53 130 87
420 -18.0 -20.0 54.0 28.0552086438 1054 28 136 87
421 -18.0 -19.0 52.0 25.1198064933 1059 76 133 88
422 -18.0 -19.0 53.0 27.292678042 1063 52 139 89
423 -18.0 -19.0 54.0 29.5157120095 1067 28 144 90
424 -18.0 -18.0 52.0 26.4985806323 1071 76 141 87
425 -18.0 -18.0 53.0 28.7915101411 1075 52 147 86
426 -18.0 -17.0 51.0 25.6677996459 1080 99 145 89
427 -18.0 -17.0 52.0 28.0379653998 1084 75 152 89
428 -18.0 -16.0 51.0 27.2499617676 1093 98 156 87
429 -18.0 -16.0 52.0 29.771314993 1097 74 163 87
430 -18.0 -15.0 50.0 26.4212630919 1101 122 161 86
431 -18.0 -15.0 51.0 29.0425869571 1106 98 168 88
432 -18.0 -14.0 49.0 25.5441972593 1110 145 166 87
433 -18.0 -14.0 50.0 28.2775773323 1114 121 174 88
434 -18.0 -13.0 49.0 27.4687788706 1123 144 181 86
435 -18.0 -12.0 48.0 26.6066788527 1131 167 189 86
436 -18.0 -12.0 49.0 29.7152045596 1137 144 200 85
437 -18.0 -11.0 47.0 25.6790679865 1140 190 197 85
438 -18.0 -11.0 48.0 28.9635913364 1146 167 210 87
439 -18.0 -10.0 47.0 28.1576819244 1154 190 222 87
440 -18.0 -9.0 46.0 27.2823418976 1163 212 235 85
441 -18.0 -8.0 45.0 26.3167705917 1171 235 250 84
442 -18.0 -7.0 44.0 25.2317514237 1180 257 268 86
443 -18.0 -7.0 45.0 29.859583711 1187 234 300 85
444 -18.0 -6.0 44.0 29.0868631557 1196 257 331 83
445 -18.0 -5.0 43.0 28.2054958387 1204 279 369 86
446 -18.0 -4.0 42.0 27.1580269525 1213 302 419 84
447 -18.0 -3.0 41.0 25.8431215367 1221 324 484 81
477 -17.0 -25.0 55.0 25.9054227646 998 8 110 90
480 -17.0 -24.0 54.0 25.1633158805 1007 32 112 89
481 -17.0 -24.0 55.0 26.9565575467 1010 7 115 90
483 -17.0 -23.0 54.0 26.2309775128 1019 31 116 89
484 -17.0 -23.0 55.0 28.0978193771 1022 7 121 90
486 -17.0 -22.0 53.0 25.4820338912 1028 55 119 89
487 -17.0 -22.0 54.0 27.393599954 1030 31 123 90
488 -17.0 -22.0 55.0 29.3419699814 1034 6 126 88
489 -17.0 -21.0 53.0 26.6668928667 1040 54 124 87
490 -17.0 -21.0 54.0 28.6651666458 1043 30 129 89
491 -17.0 -20.0 52.0 25.9144395532 1048 78 127 88
492 -17.0 -20.0 53.0 27.9673651722 1052 54 132 89
493 -17.0 -19.0 51.0 25.1324045575 1057 101 130 87
494 -17.0 -19.0 52.0 27.2453319791 1060 77 134 87
495 -17.0 -19.0 53.0 29.4025793838 1064 53 139 89
496 -17.0 -18.0 51.0 26.495227182 1069 101 137 88
497 -17.0 -18.0 52.0 28.7205075679 1073 77 143 88
498 -17.0 -17.0 50.0 25.7124565679 1078 124 141 87
499 -17.0 -17.0 51.0 28.0130100524 1081 100 147 88
500 -17.0 -16.0 50.0 27.2756094413 1090 124 151 85
501 -17.0 -16.0 51.0 29.7166892521 1094 100 157 86
502 -17.0 -15.0 49.0 26.5028377448 1099 147 155 84
503 -17.0 -15.0 50.0 29.0409714427 1103 123 162 87
504 -17.0 -14.0 48.0 25.6879513378 1108 170 161 85
505 -17.0 -14.0 49.0 28.3350850198 1112 146 168 87
506 -17.0 -13.0 48.0 27.5927146637 1121 169 175 88
507 -17.0 -12.0 47.0 26.8058358199 1130 192 181 86
508 -17.0 -12.0 48.0 29.8057384698 1134 168 192 85
509 -17.0 -11.0 46.0 25.9641098997 1139 215 190 85
510 -17.0 -11.0 47.0 29.1348095139 1143 191 202 85
511 -17.0 -10.0 45.0 25.0540152292 1147 237 200 84
512 -17.0 -10.0 46.0 28.4226489461 1152 214 213 86
513 -17.0 -9.0 45.0 27.6575693369 1161 237 226 84
514 -17.0 -8.0 44.0 26.8234004967 1170 259 241 84
515 -17.0 -7.0 43.0 25.8972048022 1179 282 259 84
516 -17.0 -6.0 43.0 29.7630468217 1195 281 316 83
elapsed time is 1648.596210
