generating bragg masks, processing batch 71
223 -38.0 -67.0 55.0 355.292021311 523 3 45 71
224 -38.0 -66.0 55.0 355.203857729 533 3 45 68
225 -38.0 -65.0 55.0 355.115182204 543 2 47 66
402 -37.0 -79.0 52.0 355.067114107 410 79 40 94
403 -37.0 -76.0 53.0 355.400284916 439 54 41 96
404 -37.0 -75.0 53.0 355.307979248 449 54 41 95
405 -37.0 -74.0 53.0 355.215119118 459 54 41 94
406 -37.0 -73.0 53.0 355.121684561 468 54 42 95
407 -37.0 -72.0 54.0 355.694783692 478 29 43 95
408 -37.0 -71.0 54.0 355.608370168 488 29 43 96
409 -37.0 -70.0 54.0 355.521518412 497 28 44 96
410 -37.0 -69.0 54.0 355.434211758 507 28 44 94
411 -37.0 -68.0 54.0 355.346432706 517 28 44 95
412 -37.0 -68.0 55.0 356.056627154 516 4 45 85
413 -37.0 -67.0 54.0 355.258162875 526 28 45 95
414 -37.0 -67.0 55.0 355.977577742 526 4 45 84
415 -37.0 -66.0 54.0 355.169382943 536 27 45 95
416 -37.0 -66.0 55.0 355.898257034 536 3 46 83
417 -37.0 -65.0 54.0 355.080072588 545 27 46 94
418 -37.0 -65.0 55.0 355.818654014 545 3 47 79
419 -37.0 -64.0 55.0 355.738757093 555 3 47 76
420 -37.0 -63.0 55.0 355.658554058 565 3 48 75
422 -37.0 -62.0 55.0 355.578032039 575 3 48 71
424 -37.0 -61.0 55.0 355.497177458 584 3 49 67
426 -37.0 -60.0 55.0 355.415975983 594 2 49 64
428 -37.0 -59.0 55.0 355.334412472 603 2 50 62
430 -37.0 -58.0 55.0 355.252470916 613 2 50 57
433 -37.0 -57.0 55.0 355.170134376 623 2 51 55
436 -37.0 -56.0 55.0 355.087384914 632 2 51 50
650 -36.0 -86.0 50.0 355.183336015 346 131 37 94
651 -36.0 -85.0 50.0 355.083713709 356 130 37 95
652 -36.0 -83.0 51.0 355.449044548 375 106 38 95
653 -36.0 -82.0 51.0 355.353608265 384 106 38 94
654 -36.0 -81.0 51.0 355.257591518 394 105 38 95
655 -36.0 -80.0 51.0 355.160974955 404 105 38 94
656 -36.0 -80.0 52.0 355.75398862 403 81 40 94
657 -36.0 -79.0 51.0 355.063738384 413 105 39 94
658 -36.0 -79.0 52.0 355.663451218 413 81 40 94
659 -36.0 -78.0 52.0 355.572422783 423 80 40 95
660 -36.0 -77.0 52.0 355.480886316 432 80 40 94
661 -36.0 -76.0 52.0 355.388824047 442 80 41 94
662 -36.0 -76.0 53.0 356.017421462 442 56 41 94
663 -36.0 -75.0 52.0 355.296217391 452 80 41 95
664 -36.0 -75.0 53.0 355.932243508 452 55 41 95
665 -36.0 -74.0 52.0 355.203046904 461 80 41 94
666 -36.0 -74.0 53.0 355.84667626 461 55 42 95
667 -36.0 -73.0 52.0 355.109292228 471 79 41 94
668 -36.0 -73.0 53.0 355.760705511 471 55 42 95
669 -36.0 -72.0 53.0 355.674316379 481 55 42 94
670 -36.0 -72.0 54.0 356.342022625 480 30 43 94
671 -36.0 -71.0 53.0 355.587493265 490 54 43 95
672 -36.0 -71.0 54.0 356.263477321 490 30 44 95
673 -36.0 -70.0 53.0 355.500219808 500 54 43 94
674 -36.0 -70.0 54.0 356.184686348 500 30 43 95
675 -36.0 -69.0 53.0 355.412478839 510 54 43 94
676 -36.0 -69.0 54.0 356.105640153 510 30 44 95
677 -36.0 -68.0 53.0 355.324252334 519 54 44 95
678 -36.0 -68.0 54.0 356.026328707 519 29 44 94
679 -36.0 -68.0 55.0 356.737259734 519 5 45 92
680 -36.0 -67.0 53.0 355.235521353 529 53 44 94
681 -36.0 -67.0 54.0 355.94674147 529 29 44 95
682 -36.0 -67.0 55.0 356.666947869 529 5 46 92
683 -36.0 -66.0 53.0 355.146265984 539 53 44 94
684 -36.0 -66.0 54.0 355.866867363 539 29 46 93
685 -36.0 -66.0 55.0 356.596591419 539 4 46 90
686 -36.0 -65.0 53.0 355.056465283 548 53 46 95
687 -36.0 -65.0 54.0 355.786694727 548 28 46 95
688 -36.0 -65.0 55.0 356.526188291 548 4 47 89
689 -36.0 -64.0 54.0 355.706211291 558 28 47 95
690 -36.0 -64.0 55.0 356.455736285 558 4 47 88
692 -36.0 -63.0 54.0 355.625404123 568 28 47 93
693 -36.0 -63.0 55.0 356.385233086 568 4 47 86
695 -36.0 -62.0 54.0 355.544259594 577 28 48 95
696 -36.0 -62.0 55.0 356.314676257 577 4 48 83
698 -36.0 -61.0 54.0 355.462763321 587 27 48 94
699 -36.0 -61.0 55.0 356.244063233 587 3 48 82
701 -36.0 -60.0 54.0 355.38090012 597 27 48 94
702 -36.0 -60.0 55.0 356.173391307 597 3 49 78
704 -36.0 -59.0 54.0 355.298653946 606 27 49 94
705 -36.0 -59.0 55.0 356.102657623 606 3 49 75
708 -36.0 -58.0 54.0 355.216007834 616 26 49 93
709 -36.0 -58.0 55.0 356.031859164 616 3 50 73
712 -36.0 -57.0 54.0 355.132943827 625 26 50 94
713 -36.0 -57.0 55.0 355.960992743 626 3 51 68
716 -36.0 -56.0 55.0 355.890054984 635 2 51 62
719 -36.0 -55.0 55.0 355.819042313 645 2 52 60
722 -36.0 -54.0 55.0 355.747950943 655 2 52 55
725 -36.0 -53.0 55.0 355.676776853 664 2 53 54
729 -36.0 -52.0 55.0 355.605515772 674 2 55 50
733 -36.0 -51.0 55.0 355.534163159 683 2 55 46
737 -36.0 -50.0 55.0 355.46271418 693 1 56 42
741 -36.0 -49.0 55.0 355.391163682 703 1 57 38
745 -36.0 -48.0 55.0 355.319506171 712 1 57 34
749 -36.0 -47.0 55.0 355.247735775 722 1 58 29
754 -36.0 -46.0 55.0 355.175846217 731 1 59 25
759 -36.0 -45.0 55.0 355.103830776 741 1 60 21
969 -35.0 -95.0 47.0 355.097042831 263 206 33 93
970 -35.0 -92.0 48.0 355.279377665 291 181 35 93
971 -35.0 -91.0 48.0 355.178199819 301 181 35 91
972 -35.0 -90.0 48.0 355.076379661 311 181 35 93
973 -35.0 -90.0 49.0 355.589691367 310 157 35 95
974 -35.0 -89.0 49.0 355.492459327 320 157 35 94
975 -35.0 -88.0 49.0 355.394651256 330 157 35 96
976 -35.0 -87.0 49.0 355.296249247 339 156 36 96
977 -35.0 -87.0 50.0 355.832503001 339 132 36 95
978 -35.0 -86.0 49.0 355.197234667 349 156 37 95
979 -35.0 -86.0 50.0 355.739136697 348 132 36 95
980 -35.0 -85.0 49.0 355.097588115 359 156 37 94
981 -35.0 -85.0 50.0 355.645256181 358 132 36 94
982 -35.0 -84.0 50.0 355.550844916 368 132 38 95
983 -35.0 -83.0 50.0 355.455885672 378 131 38 96
984 -35.0 -83.0 51.0 356.022636487 377 107 38 95
985 -35.0 -82.0 50.0 355.360360484 388 131 38 95
986 -35.0 -82.0 51.0 355.933331621 387 107 38 96
987 -35.0 -81.0 50.0 355.26425062 397 131 38 95
988 -35.0 -81.0 51.0 355.843577491 396 107 38 94
989 -35.0 -80.0 50.0 355.167536536 407 131 38 94
990 -35.0 -80.0 51.0 355.753358963 406 107 38 95
991 -35.0 -80.0 52.0 356.346630566 406 82 40 96
992 -35.0 -79.0 50.0 355.070197829 417 130 38 94
993 -35.0 -79.0 51.0 355.662660239 416 106 39 94
994 -35.0 -79.0 52.0 356.262657609 415 82 40 95
995 -35.0 -78.0 51.0 355.571464817 426 106 39 95
996 -35.0 -78.0 52.0 356.178339564 425 82 40 95
997 -35.0 -77.0 51.0 355.479755456 435 106 39 94
998 -35.0 -77.0 52.0 356.093664316 435 82 40 96
999 -35.0 -76.0 51.0 355.38751413 445 106 40 95
1000 -35.0 -76.0 52.0 356.0086192 445 81 41 95
1001 -35.0 -76.0 53.0 356.637564446 444 57 41 94
1002 -35.0 -75.0 51.0 355.294721986 455 105 41 95
1003 -35.0 -75.0 52.0 355.923190965 454 81 41 94
1004 -35.0 -75.0 53.0 356.559597446 454 57 42 95
1005 -35.0 -74.0 51.0 355.201359294 465 105 41 93
1006 -35.0 -74.0 52.0 355.837365743 464 81 41 94
1007 -35.0 -74.0 53.0 356.481409956 464 57 42 95
1008 -35.0 -73.0 51.0 355.107405395 474 105 41 94
1009 -35.0 -73.0 52.0 355.751129014 474 81 42 95
1010 -35.0 -73.0 53.0 356.402993736 473 56 42 96
1011 -35.0 -73.0 54.0 357.063041354 473 32 42 97
1012 -35.0 -72.0 52.0 355.664465563 483 80 42 94
1013 -35.0 -72.0 53.0 356.324340154 483 56 42 94
1014 -35.0 -72.0 54.0 356.992505962 483 32 43 95
1015 -35.0 -71.0 52.0 355.577359441 493 80 42 94
1016 -35.0 -71.0 53.0 356.245440159 493 56 42 94
1017 -35.0 -71.0 54.0 356.921923916 493 31 43 94
1018 -35.0 -70.0 52.0 355.489793918 503 80 43 94
1019 -35.0 -70.0 53.0 356.16628426 503 56 43 95
1020 -35.0 -70.0 54.0 356.851293145 502 31 44 95
1021 -35.0 -69.0 52.0 355.401751435 513 80 43 94
1022 -35.0 -69.0 53.0 356.086862494 512 55 43 95
1023 -35.0 -69.0 54.0 356.780611479 512 31 44 95
1024 -35.0 -69.0 55.0 357.483053256 512 6 45 96
1025 -35.0 -68.0 52.0 355.313213555 522 79 43 95
1026 -35.0 -68.0 53.0 356.007164398 522 55 44 94
1027 -35.0 -68.0 54.0 356.709876642 522 31 45 94
1028 -35.0 -68.0 55.0 357.421407581 522 6 45 95
1029 -35.0 -67.0 52.0 355.2241609 532 79 44 93
1030 -35.0 -67.0 53.0 355.927178977 532 55 44 93
1031 -35.0 -67.0 54.0 356.639086246 532 30 45 95
1032 -35.0 -67.0 55.0 357.359942578 531 6 46 96
1033 -35.0 -66.0 52.0 355.134573098 541 79 44 93
1034 -35.0 -66.0 53.0 355.846894669 541 54 44 94
1035 -35.0 -66.0 54.0 356.568237784 541 30 46 94
1036 -35.0 -66.0 55.0 357.298665051 541 6 47 96
1037 -35.0 -65.0 53.0 355.766299307 551 54 45 94
1038 -35.0 -65.0 54.0 356.497328619 551 30 45 94
1039 -35.0 -65.0 55.0 357.237582167 551 5 46 94
1040 -35.0 -64.0 53.0 355.685380081 561 54 45 93
1041 -35.0 -64.0 54.0 356.426355982 561 29 46 94
1042 -35.0 -64.0 55.0 357.176701492 561 5 47 93
1044 -35.0 -63.0 53.0 355.604123493 570 54 47 93
1045 -35.0 -63.0 54.0 356.355316954 570 29 46 93
1046 -35.0 -63.0 55.0 357.116031008 570 5 47 92
1048 -35.0 -62.0 53.0 355.522515309 580 53 47 95
1049 -35.0 -62.0 54.0 356.284208463 580 29 47 95
1050 -35.0 -62.0 55.0 357.055579149 580 5 48 90
1052 -35.0 -61.0 53.0 355.44054051 590 53 47 95
1053 -35.0 -61.0 54.0 356.213027271 590 29 48 94
1054 -35.0 -61.0 55.0 356.99535483 590 4 49 90
1056 -35.0 -60.0 53.0 355.358183234 599 53 48 94
1057 -35.0 -60.0 54.0 356.141769961 599 28 48 94
1058 -35.0 -60.0 55.0 356.935367483 600 4 49 89
1060 -35.0 -59.0 53.0 355.275426721 609 52 48 94
1061 -35.0 -59.0 54.0 356.070432926 609 28 49 95
1062 -35.0 -59.0 55.0 356.875627091 609 4 50 85
1065 -35.0 -58.0 53.0 355.192253242 618 52 49 94
1066 -35.0 -58.0 54.0 355.999012352 619 28 49 94
1067 -35.0 -58.0 55.0 356.816144234 619 4 51 83
1070 -35.0 -57.0 53.0 355.108644032 628 52 49 94
1071 -35.0 -57.0 54.0 355.927504206 628 27 50 94
1072 -35.0 -57.0 55.0 356.756930127 629 3 51 82
1075 -35.0 -56.0 54.0 355.855904219 638 27 50 95
1076 -35.0 -56.0 55.0 356.697996677 638 3 51 78
1079 -35.0 -55.0 54.0 355.784207867 647 27 51 93
1080 -35.0 -55.0 55.0 356.639356528 648 3 52 75
1083 -35.0 -54.0 54.0 355.712410351 657 26 52 93
1084 -35.0 -54.0 55.0 356.581023123 658 3 53 72
1088 -35.0 -53.0 54.0 355.640506576 666 26 52 92
1089 -35.0 -53.0 55.0 356.523010767 667 3 54 68
1093 -35.0 -52.0 54.0 355.568491127 676 26 54 92
elapsed time is 2054.594052
