generating bragg masks, processing batch 43
925 -84.0 108.0 11.0 220.043365996 0 813 24 12
945 -84.0 109.0 14.0 219.955056585 0 744 26 12
946 -84.0 109.0 15.0 220.006772432 1 723 25 39
972 -84.0 110.0 17.0 219.917095182 0 676 25 11
973 -84.0 110.0 18.0 219.985414685 1 654 26 37
1005 -84.0 111.0 20.0 219.929773705 0 606 26 9
1006 -84.0 111.0 21.0 220.014899257 1 584 27 33
1372 -83.0 106.0 3.0 219.998624788 0 994 23 12
1373 -83.0 106.0 4.0 219.989765981 1 973 24 40
1374 -83.0 106.0 5.0 219.986368792 3 951 24 67
1375 -83.0 106.0 6.0 219.988472747 5 929 24 90
1376 -83.0 106.0 7.0 219.996118017 7 906 25 92
1377 -83.0 106.0 8.0 220.009345435 10 884 25 92
1378 -83.0 106.0 9.0 220.028196517 13 862 24 92
1389 -83.0 107.0 6.0 219.77680223 0 927 24 16
1390 -83.0 107.0 7.0 219.783892252 2 906 24 43
1391 -83.0 107.0 8.0 219.796529091 3 883 25 71
1392 -83.0 107.0 9.0 219.814753708 5 861 25 92
1393 -83.0 107.0 10.0 219.838607754 8 838 24 93
1394 -83.0 107.0 11.0 219.868133597 10 816 25 93
1395 -83.0 107.0 12.0 219.903374343 13 794 25 92
1396 -83.0 107.0 13.0 219.944373863 16 771 25 94
1397 -83.0 107.0 14.0 219.99117682 19 749 25 93
1398 -83.0 107.0 15.0 220.043828697 21 726 26 93
1416 -83.0 108.0 9.0 219.604695659 0 859 25 19
1417 -83.0 108.0 10.0 219.627902673 2 838 25 45
1418 -83.0 108.0 11.0 219.656744869 3 815 24 72
1419 -83.0 108.0 12.0 219.691264774 5 793 25 94
1420 -83.0 108.0 13.0 219.731505665 8 770 25 93
1421 -83.0 108.0 14.0 219.777511601 10 748 25 93
1422 -83.0 108.0 15.0 219.829327447 13 725 25 94
1423 -83.0 108.0 16.0 219.886998907 16 703 25 94
1424 -83.0 108.0 17.0 219.950572555 18 680 26 94
1425 -83.0 108.0 18.0 220.020095871 21 657 26 94
1448 -83.0 109.0 12.0 219.482538848 0 791 25 19
1449 -83.0 109.0 13.0 219.522037902 2 769 25 46
1450 -83.0 109.0 14.0 219.567264051 3 746 25 74
1451 -83.0 109.0 15.0 219.618261554 5 724 25 94
1452 -83.0 109.0 16.0 219.675075495 7 702 25 94
1453 -83.0 109.0 17.0 219.737751812 10 679 26 94
1454 -83.0 109.0 18.0 219.806337335 13 656 25 96
1455 -83.0 109.0 19.0 219.880879821 15 633 26 94
1456 -83.0 109.0 20.0 219.961427988 18 611 26 92
1457 -83.0 109.0 21.0 220.048031561 21 588 26 96
1485 -83.0 110.0 14.0 219.360384037 0 743 25 1
1486 -83.0 110.0 15.0 219.410580503 0 722 25 16
1487 -83.0 110.0 16.0 219.466554689 2 701 26 45
1488 -83.0 110.0 17.0 219.528351911 3 678 26 72
1489 -83.0 110.0 18.0 219.59601836 5 655 25 94
1490 -83.0 110.0 19.0 219.669601138 7 632 26 98
1491 -83.0 110.0 20.0 219.749148297 10 610 26 95
1492 -83.0 110.0 21.0 219.834708874 13 587 26 97
1493 -83.0 110.0 22.0 219.926332939 15 564 27 95
1494 -83.0 110.0 23.0 220.024071631 18 541 27 97
1528 -83.0 111.0 18.0 219.389087942 0 653 25 13
1529 -83.0 111.0 19.0 219.461729825 1 631 26 42
1530 -83.0 111.0 20.0 219.540295287 3 608 26 70
1531 -83.0 111.0 21.0 219.624832693 4 585 26 91
1532 -83.0 111.0 22.0 219.715391421 7 563 27 93
1533 -83.0 111.0 23.0 219.812021904 9 540 27 96
1534 -83.0 111.0 24.0 219.914775678 12 517 27 97
1572 -83.0 112.0 21.0 219.418351516 0 584 26 11
1573 -83.0 112.0 22.0 219.507864843 1 562 27 35
1574 -83.0 112.0 23.0 219.603407582 2 539 27 66
1942 -82.0 104.0 3.0 220.04253843 18 998 24 90
1943 -82.0 104.0 4.0 220.03364281 21 976 24 93
1944 -82.0 104.0 5.0 220.030297855 24 954 24 93
1945 -82.0 104.0 6.0 220.032544408 27 932 24 92
1946 -82.0 104.0 7.0 220.040423979 30 910 24 91
1949 -82.0 105.0 -2.0 219.954844976 0 1108 24 8
1950 -82.0 105.0 -1.0 219.918479197 1 1086 23 36
1951 -82.0 105.0 0.0 219.887437064 3 1064 23 64
1952 -82.0 105.0 1.0 219.861755818 4 1042 24 93
1953 -82.0 105.0 2.0 219.841473283 7 1020 24 93
1954 -82.0 105.0 3.0 219.826627878 10 998 24 92
1955 -82.0 105.0 4.0 219.817258631 13 975 24 93
1956 -82.0 105.0 5.0 219.813405193 16 953 24 92
1957 -82.0 105.0 6.0 219.815107854 19 931 24 94
1958 -82.0 105.0 7.0 219.822407564 22 909 24 95
1959 -82.0 105.0 8.0 219.835345947 24 886 24 93
1960 -82.0 105.0 9.0 219.853965325 27 864 24 92
1961 -82.0 105.0 10.0 219.878308738 30 842 25 91
1962 -82.0 105.0 11.0 219.908419969 33 819 25 93
1963 -82.0 105.0 12.0 219.944343565 36 797 24 93
1964 -82.0 105.0 13.0 219.986124871 38 775 25 92
1965 -82.0 105.0 14.0 220.033810052 41 752 25 94
1974 -82.0 106.0 1.0 219.650073826 0 1041 24 14
1975 -82.0 106.0 2.0 219.62939937 2 1019 24 43
1976 -82.0 106.0 3.0 219.614128624 3 997 24 73
1977 -82.0 106.0 4.0 219.604300091 5 974 24 93
1978 -82.0 106.0 5.0 219.599952891 8 952 25 93
1979 -82.0 106.0 6.0 219.601126771 11 930 25 92
1980 -82.0 106.0 7.0 219.607862128 13 908 25 94
1981 -82.0 106.0 8.0 219.620200024 16 885 24 93
1982 -82.0 106.0 9.0 219.638182205 19 863 24 93
1983 -82.0 106.0 10.0 219.661851126 22 841 24 95
1984 -82.0 106.0 11.0 219.691249972 25 818 25 96
1985 -82.0 106.0 12.0 219.726422681 27 796 25 94
1986 -82.0 106.0 13.0 219.767413975 30 774 25 95
1987 -82.0 106.0 14.0 219.814269383 33 751 25 92
1988 -82.0 106.0 15.0 219.867035273 36 729 26 94
1989 -82.0 106.0 16.0 219.925758883 38 706 26 94
1990 -82.0 106.0 17.0 219.990488359 41 683 25 94
2005 -82.0 107.0 4.0 219.394717829 1 973 24 21
2006 -82.0 107.0 5.0 219.389891226 2 951 24 48
2007 -82.0 107.0 6.0 219.390551069 3 929 24 76
2008 -82.0 107.0 7.0 219.39673721 5 907 25 94
2009 -82.0 107.0 8.0 219.408490158 8 885 25 93
2010 -82.0 107.0 9.0 219.425851094 11 862 24 93
2011 -82.0 107.0 10.0 219.448861899 14 840 24 92
2012 -82.0 107.0 11.0 219.477565169 17 817 25 93
2013 -82.0 107.0 12.0 219.512004244 19 795 25 93
2014 -82.0 107.0 13.0 219.552223234 22 772 25 94
2015 -82.0 107.0 14.0 219.598267042 25 750 25 94
2016 -82.0 107.0 15.0 219.650181399 27 727 26 94
2017 -82.0 107.0 16.0 219.70801289 30 705 25 94
2018 -82.0 107.0 17.0 219.771808991 33 682 26 95
2019 -82.0 107.0 18.0 219.841618105 35 660 26 94
2020 -82.0 107.0 19.0 219.917489594 38 637 26 93
2021 -82.0 107.0 20.0 219.999473826 41 614 27 96
2040 -82.0 108.0 6.0 219.183331294 0 925 24 1
2041 -82.0 108.0 7.0 219.188982992 1 906 25 22
2042 -82.0 108.0 8.0 219.200166163 2 884 25 51
2043 -82.0 108.0 9.0 219.216921434 4 861 25 79
2044 -82.0 108.0 10.0 219.239290119 5 839 24 93
2045 -82.0 108.0 11.0 219.267314238 8 816 25 90
2046 -82.0 108.0 12.0 219.301036543 11 794 25 91
2047 -82.0 108.0 13.0 219.34050054 14 772 25 95
2048 -82.0 108.0 14.0 219.385750521 16 749 25 94
2049 -82.0 108.0 15.0 219.436831588 19 726 26 94
2050 -82.0 108.0 16.0 219.493789686 22 704 25 94
2051 -82.0 108.0 17.0 219.556671635 25 681 26 93
2052 -82.0 108.0 18.0 219.625525166 27 659 26 95
2053 -82.0 108.0 19.0 219.700398955 30 636 27 96
2054 -82.0 108.0 20.0 219.781342664 33 613 26 92
2055 -82.0 108.0 21.0 219.868406984 35 591 26 96
2056 -82.0 108.0 22.0 219.961643676 38 568 26 95
2080 -82.0 109.0 9.0 219.011343328 0 857 25 2
2081 -82.0 109.0 10.0 219.033085519 1 838 24 25
2082 -82.0 109.0 11.0 219.060446535 2 816 24 53
2083 -82.0 109.0 12.0 219.09346855 3 793 25 78
2084 -82.0 109.0 13.0 219.132194479 5 771 25 94
2085 -82.0 109.0 14.0 219.176668011 8 748 25 94
2086 -82.0 109.0 15.0 219.226933632 11 726 25 96
2087 -82.0 109.0 16.0 219.283036658 14 703 25 94
2088 -82.0 109.0 17.0 219.345023265 16 680 26 94
2089 -82.0 109.0 18.0 219.412940523 19 658 26 93
2090 -82.0 109.0 19.0 219.486836435 22 635 26 97
2091 -82.0 109.0 20.0 219.566759972 24 612 26 93
2092 -82.0 109.0 21.0 219.652761115 27 589 26 94
2093 -82.0 109.0 22.0 219.744890899 29 567 26 94
2094 -82.0 109.0 23.0 219.843201457 32 544 27 97
2095 -82.0 109.0 24.0 219.94774607 35 521 28 96
2124 -82.0 110.0 12.0 218.889249926 0 790 25 3
2125 -82.0 110.0 13.0 218.927254332 1 769 25 23
2126 -82.0 110.0 14.0 218.970968408 2 747 25 50
2127 -82.0 110.0 15.0 219.020436036 3 724 25 78
2128 -82.0 110.0 16.0 219.075701912 5 702 25 94
2129 -82.0 110.0 17.0 219.136811581 8 679 26 95
2130 -82.0 110.0 18.0 219.203811466 10 657 25 94
2131 -82.0 110.0 19.0 219.276748906 13 634 26 96
2132 -82.0 110.0 20.0 219.355672195 16 611 26 97
2133 -82.0 110.0 21.0 219.440630618 19 588 26 93
2134 -82.0 110.0 22.0 219.531674496 21 565 26 96
2135 -82.0 110.0 23.0 219.628855231 24 543 27 94
2136 -82.0 110.0 24.0 219.732225352 26 520 27 96
2137 -82.0 110.0 25.0 219.841838566 29 497 28 97
2171 -82.0 111.0 15.0 218.817288012 0 721 25 2
2172 -82.0 111.0 16.0 218.871734271 1 700 25 20
2173 -82.0 111.0 17.0 218.93198501 2 678 26 47
2174 -82.0 111.0 18.0 218.998086017 3 655 25 76
2175 -82.0 111.0 19.0 219.070083981 5 633 26 92
2176 -82.0 111.0 20.0 219.148026528 7 610 26 102
2177 -82.0 111.0 21.0 219.231962263 10 587 26 93
2178 -82.0 111.0 22.0 219.321940805 13 564 27 95
2179 -82.0 111.0 23.0 219.418012839 15 541 27 96
2180 -82.0 111.0 24.0 219.520230155 18 518 27 97
2219 -82.0 112.0 19.0 218.866790012 0 631 26 14
2220 -82.0 112.0 20.0 218.943770916 2 609 26 43
2221 -82.0 112.0 21.0 219.026703577 3 586 26 73
2222 -82.0 112.0 22.0 219.115636929 4 563 27 91
2223 -82.0 112.0 23.0 219.210620951 7 540 27 97
2224 -82.0 112.0 24.0 219.31170671 9 517 27 96
2268 -82.0 113.0 22.0 218.912710735 0 561 27 12
2269 -82.0 113.0 23.0 219.00662701 1 539 27 36
2626 -81.0 103.0 -3.0 220.04332098 15 1134 24 93
2627 -81.0 103.0 -2.0 220.001105943 18 1111 23 92
2628 -81.0 103.0 -1.0 219.964261155 21 1089 24 92
2629 -81.0 103.0 0.0 219.932824513 24 1067 24 93
2630 -81.0 103.0 1.0 219.906834503 27 1045 23 92
2631 -81.0 103.0 2.0 219.886330217 30 1023 24 92
2632 -81.0 103.0 3.0 219.871351363 33 1001 24 91
2633 -81.0 103.0 4.0 219.861938278 35 978 24 92
2634 -81.0 103.0 5.0 219.858131948 38 956 24 92
2635 -81.0 103.0 6.0 219.859974022 41 934 24 90
2636 -81.0 103.0 7.0 219.867506831 44 912 24 92
2637 -81.0 103.0 8.0 219.880773407 47 889 24 91
2638 -81.0 103.0 9.0 219.899817508 50 867 25 92
2639 -81.0 103.0 10.0 219.924683634 52 845 25 93
2640 -81.0 103.0 11.0 219.95541706 55 823 24 93
elapsed time is 1755.944368
