generating bragg masks, processing batch 46
701 -108.0 86.0 15.0 234.946524979 0 710 26 9
702 -108.0 86.0 16.0 235.047248513 1 688 26 36
737 -108.0 87.0 17.0 234.855996434 0 663 26 5
967 -107.0 83.0 6.0 234.874301881 0 917 24 16
968 -107.0 83.0 7.0 234.923056405 2 895 24 44
969 -107.0 83.0 8.0 234.977772999 3 873 24 73
970 -107.0 83.0 9.0 235.038498467 5 851 24 88
996 -107.0 84.0 8.0 234.678456259 0 871 24 12
997 -107.0 84.0 9.0 234.73817787 2 850 24 40
998 -107.0 84.0 10.0 234.803923597 3 827 25 66
999 -107.0 84.0 11.0 234.875741472 5 805 25 90
1000 -107.0 84.0 12.0 234.953680416 8 782 24 89
1001 -107.0 84.0 13.0 235.037790268 11 760 25 90
1032 -107.0 85.0 10.0 234.506077661 0 825 25 8
1033 -107.0 85.0 11.0 234.576841905 1 804 25 35
1034 -107.0 85.0 12.0 234.653694017 3 781 24 65
1035 -107.0 85.0 13.0 234.736683341 5 759 25 87
1036 -107.0 85.0 14.0 234.82586016 7 736 25 88
1037 -107.0 85.0 15.0 234.921275733 10 714 25 89
1038 -107.0 85.0 16.0 235.022982332 13 691 26 90
1070 -107.0 86.0 12.0 234.357225248 0 778 25 4
1071 -107.0 86.0 13.0 234.439109797 1 758 25 30
1072 -107.0 86.0 14.0 234.527147816 2 735 25 58
1073 -107.0 86.0 15.0 234.62139005 4 712 25 83
1074 -107.0 86.0 16.0 234.721888242 7 690 25 89
1075 -107.0 86.0 17.0 234.828695178 10 667 26 88
1076 -107.0 86.0 18.0 234.941864721 13 644 26 90
1109 -107.0 87.0 14.0 234.231959663 0 732 25 2
1110 -107.0 87.0 15.0 234.325044583 1 711 25 23
1111 -107.0 87.0 16.0 234.424350585 2 689 26 51
1112 -107.0 87.0 17.0 234.529929917 4 666 26 78
1113 -107.0 87.0 18.0 234.641835897 6 643 26 88
1148 -107.0 88.0 17.0 234.234711652 0 664 26 15
1360 -106.0 81.0 -1.0 234.972189552 0 1076 24 7
1361 -106.0 81.0 0.0 234.981246515 1 1055 24 34
1362 -106.0 81.0 1.0 234.996046597 3 1032 23 64
1363 -106.0 81.0 2.0 235.01663261 5 1010 24 88
1364 -106.0 81.0 3.0 235.04304808 8 988 24 88
1379 -106.0 82.0 1.0 234.695466315 0 1030 23 6
1380 -106.0 82.0 2.0 234.715229722 1 1009 24 36
1381 -106.0 82.0 3.0 234.740792507 3 987 24 63
1382 -106.0 82.0 4.0 234.772198497 5 965 24 86
1383 -106.0 82.0 5.0 234.809492266 8 942 24 89
1384 -106.0 82.0 6.0 234.852719151 11 920 24 87
1385 -106.0 82.0 7.0 234.901925275 14 898 25 87
1386 -106.0 82.0 8.0 234.957157571 17 875 24 86
1387 -106.0 82.0 9.0 235.018463806 20 853 25 87
1408 -106.0 83.0 3.0 234.442034173 0 985 24 5
1409 -106.0 83.0 4.0 234.472571951 1 964 24 33
1410 -106.0 83.0 5.0 234.5089667 3 941 24 61
1411 -106.0 83.0 6.0 234.551263312 5 919 24 87
1412 -106.0 83.0 7.0 234.599507454 8 897 25 89
1413 -106.0 83.0 8.0 234.653745595 11 874 24 87
1414 -106.0 83.0 9.0 234.714025025 14 852 25 88
1415 -106.0 83.0 10.0 234.780393889 16 829 25 90
1416 -106.0 83.0 11.0 234.852901208 19 807 24 87
1417 -106.0 83.0 12.0 234.931596911 22 785 25 89
1418 -106.0 83.0 13.0 235.016531868 25 762 25 88
1444 -106.0 84.0 5.0 234.211944706 0 938 24 4
1445 -106.0 84.0 6.0 234.253326217 1 918 24 31
1446 -106.0 84.0 7.0 234.300623705 3 896 25 60
1447 -106.0 84.0 8.0 234.353883178 4 873 24 84
1448 -106.0 84.0 9.0 234.413151457 7 851 25 87
1449 -106.0 84.0 10.0 234.478476203 10 829 25 89
1450 -106.0 84.0 11.0 234.549905948 13 806 24 87
1451 -106.0 84.0 12.0 234.627490121 16 784 25 89
1452 -106.0 84.0 13.0 234.71127908 19 761 25 88
1453 -106.0 84.0 14.0 234.801324146 22 738 25 88
1454 -106.0 84.0 15.0 234.897677638 25 716 25 88
1455 -106.0 84.0 16.0 235.000392911 28 693 25 89
1484 -106.0 85.0 7.0 234.005249511 0 892 25 2
1485 -106.0 85.0 8.0 234.057545693 1 872 24 28
1486 -106.0 85.0 9.0 234.115818363 2 850 25 55
1487 -106.0 85.0 10.0 234.180114707 4 827 25 84
1488 -106.0 85.0 11.0 234.250482766 7 805 24 90
1489 -106.0 85.0 12.0 234.326971473 10 783 25 88
1490 -106.0 85.0 13.0 234.409630678 13 760 25 87
1491 -106.0 85.0 14.0 234.498511182 15 738 25 88
1492 -106.0 85.0 15.0 234.593664773 18 715 25 88
1493 -106.0 85.0 16.0 234.695144265 21 692 25 90
1494 -106.0 85.0 17.0 234.803003533 24 670 25 89
1495 -106.0 85.0 18.0 234.917297561 27 647 26 89
1496 -106.0 85.0 19.0 235.038082482 30 624 26 87
1527 -106.0 86.0 10.0 233.88528407 1 826 25 22
1528 -106.0 86.0 11.0 233.954606226 2 804 24 47
1529 -106.0 86.0 12.0 234.030015431 4 781 25 80
1530 -106.0 86.0 13.0 234.111561028 6 759 25 87
1531 -106.0 86.0 14.0 234.199293305 9 736 25 88
1532 -106.0 86.0 15.0 234.293263521 12 714 25 87
1533 -106.0 86.0 16.0 234.393523951 15 691 25 89
1534 -106.0 86.0 17.0 234.500127919 17 668 25 88
1535 -106.0 86.0 18.0 234.613129842 20 646 26 89
1536 -106.0 86.0 19.0 234.732585275 23 623 26 92
1537 -106.0 86.0 20.0 234.858550958 26 600 26 90
1569 -106.0 87.0 12.0 233.736595989 0 780 25 15
1570 -106.0 87.0 13.0 233.817044023 2 758 25 44
1571 -106.0 87.0 14.0 233.903644307 3 735 25 73
1572 -106.0 87.0 15.0 233.99644758 5 713 25 88
1573 -106.0 87.0 16.0 234.095505578 8 690 25 89
1574 -106.0 87.0 17.0 234.200871078 11 667 25 90
1575 -106.0 87.0 18.0 234.312597937 14 645 26 90
1576 -106.0 87.0 19.0 234.430741134 17 622 26 91
1610 -106.0 88.0 14.0 233.611537536 0 734 25 9
1611 -106.0 88.0 15.0 233.703190194 1 712 25 36
1612 -106.0 88.0 16.0 233.801062294 3 689 25 65
1613 -106.0 88.0 17.0 233.905206067 5 666 25 86
1614 -106.0 88.0 18.0 234.015674813 7 644 26 91
1615 -106.0 88.0 19.0 234.132522941 10 621 26 90
1650 -106.0 89.0 16.0 233.510166818 0 686 25 4
1651 -106.0 89.0 17.0 233.613105505 1 665 25 27
1652 -106.0 89.0 18.0 233.722332995 2 643 26 54
1870 -105.0 80.0 -5.0 234.975644684 1 1168 23 19
1871 -105.0 80.0 -4.0 234.961964175 2 1146 24 51
1872 -105.0 80.0 -3.0 234.953918763 4 1123 24 80
1873 -105.0 80.0 -2.0 234.951549364 7 1101 24 87
1874 -105.0 80.0 -1.0 234.954897565 10 1079 24 87
1875 -105.0 80.0 0.0 234.964005643 13 1057 24 88
1876 -105.0 80.0 1.0 234.978916579 16 1034 24 87
1877 -105.0 80.0 2.0 234.999674066 19 1012 23 87
1878 -105.0 80.0 3.0 235.026322535 22 990 24 87
1889 -105.0 81.0 -3.0 234.65229562 1 1122 24 23
1890 -105.0 81.0 -2.0 234.649202946 2 1100 24 52
1891 -105.0 81.0 -1.0 234.651798842 4 1078 24 82
1892 -105.0 81.0 0.0 234.660125169 7 1056 24 88
1893 -105.0 81.0 1.0 234.674224484 10 1034 24 89
1894 -105.0 81.0 2.0 234.69414005 13 1011 23 88
1895 -105.0 81.0 3.0 234.719915858 16 989 24 87
1896 -105.0 81.0 4.0 234.751596642 19 967 24 87
1897 -105.0 81.0 5.0 234.789227895 22 945 24 87
1898 -105.0 81.0 6.0 234.832855895 25 922 24 90
1899 -105.0 81.0 7.0 234.882527723 28 900 24 87
1900 -105.0 81.0 8.0 234.938291287 31 878 24 87
1901 -105.0 81.0 9.0 235.00019535 34 855 25 87
1918 -105.0 82.0 -1.0 234.352206437 1 1077 24 24
1919 -105.0 82.0 0.0 234.35976588 2 1055 24 52
1920 -105.0 82.0 1.0 234.373068585 4 1033 24 81
1921 -105.0 82.0 2.0 234.392157387 7 1010 23 87
1922 -105.0 82.0 3.0 234.41707584 10 988 24 89
1923 -105.0 82.0 4.0 234.447868233 13 966 24 86
1924 -105.0 82.0 5.0 234.484579608 16 944 24 87
1925 -105.0 82.0 6.0 234.52725578 19 921 24 85
1926 -105.0 82.0 7.0 234.575943361 22 899 24 86
1927 -105.0 82.0 8.0 234.630689779 25 877 24 86
1928 -105.0 82.0 9.0 234.691543307 28 854 25 87
1929 -105.0 82.0 10.0 234.75855309 31 832 24 86
1930 -105.0 82.0 11.0 234.831769168 34 809 25 88
1931 -105.0 82.0 12.0 234.911242515 37 787 25 87
1932 -105.0 82.0 13.0 234.997025065 40 764 25 88
1954 -105.0 83.0 1.0 234.075425077 1 1032 24 23
1955 -105.0 83.0 2.0 234.093702136 2 1010 23 51
1956 -105.0 83.0 3.0 234.117778409 4 987 24 80
1957 -105.0 83.0 4.0 234.147697741 7 965 24 87
1958 -105.0 83.0 5.0 234.183504725 9 943 24 87
1959 -105.0 83.0 6.0 234.225244716 13 920 24 84
1960 -105.0 83.0 7.0 234.272963859 16 898 24 89
1961 -105.0 83.0 8.0 234.326709105 19 876 24 88
1962 -105.0 83.0 9.0 234.386528243 22 853 25 88
1963 -105.0 83.0 10.0 234.452469919 25 831 24 87
1964 -105.0 83.0 11.0 234.52458367 27 808 25 90
1965 -105.0 83.0 12.0 234.602919952 30 786 25 86
1966 -105.0 83.0 13.0 234.687530171 33 764 25 89
1967 -105.0 83.0 14.0 234.778466719 36 741 25 87
1968 -105.0 83.0 15.0 234.875783013 39 718 25 89
1969 -105.0 83.0 16.0 234.979533528 42 696 26 90
1996 -105.0 84.0 3.0 233.821998985 1 986 24 22
1997 -105.0 84.0 4.0 233.851060452 2 964 24 49
1998 -105.0 84.0 5.0 233.885978402 4 942 24 77
1999 -105.0 84.0 6.0 233.926797735 6 920 24 87
2000 -105.0 84.0 7.0 233.97356413 9 897 24 89
2001 -105.0 84.0 8.0 234.026324065 12 875 24 90
2002 -105.0 84.0 9.0 234.085124844 15 852 25 88
2003 -105.0 84.0 10.0 234.150014622 18 830 24 87
2004 -105.0 84.0 11.0 234.221042432 21 807 25 88
2005 -105.0 84.0 12.0 234.298258217 24 785 25 88
2006 -105.0 84.0 13.0 234.381712858 27 763 25 89
2007 -105.0 84.0 14.0 234.471458213 30 740 25 87
2008 -105.0 84.0 15.0 234.567547148 33 717 26 89
2009 -105.0 84.0 16.0 234.67003358 36 695 26 89
2010 -105.0 84.0 17.0 234.778972515 39 672 26 89
2011 -105.0 84.0 18.0 234.894420093 41 649 26 88
2012 -105.0 84.0 19.0 235.016433633 44 627 26 92
2040 -105.0 85.0 5.0 233.591975315 0 941 24 17
2041 -105.0 85.0 6.0 233.631889381 2 919 24 47
2042 -105.0 85.0 7.0 233.677718591 3 896 24 75
2043 -105.0 85.0 8.0 233.729508951 6 874 24 87
2044 -105.0 85.0 9.0 233.787307286 9 851 25 87
2045 -105.0 85.0 10.0 233.85116126 12 829 24 90
2046 -105.0 85.0 11.0 233.921119408 15 807 25 87
2047 -105.0 85.0 12.0 233.99723116 18 784 25 87
2048 -105.0 85.0 13.0 234.079546879 20 761 25 88
2049 -105.0 85.0 14.0 234.168117887 23 739 25 88
2050 -105.0 85.0 15.0 234.26299651 26 716 26 90
2051 -105.0 85.0 16.0 234.364236104 29 694 26 88
2052 -105.0 85.0 17.0 234.471891108 32 671 26 90
2053 -105.0 85.0 18.0 234.586017076 35 648 26 91
2054 -105.0 85.0 19.0 234.706670731 38 626 27 88
2055 -105.0 85.0 20.0 234.833910009 41 603 26 93
2056 -105.0 85.0 21.0 234.967794109 44 580 26 87
2085 -105.0 86.0 7.0 233.385401197 0 895 24 13
2086 -105.0 86.0 8.0 233.436237592 2 873 24 42
elapsed time is 1554.667904
