generating bragg masks, processing batch 29
0 -2.0 3.0 13.0 148.717934612 1253 953 531 75
1 -2.0 4.0 16.0 149.613959608 1246 888 417 73
2 -2.0 4.0 17.0 146.851662157 1246 867 434 74
3 -2.0 4.0 31.0 145.376237832 1248 563 918 70
4 -2.0 4.0 32.0 148.766338122 1252 540 1216 69
5 -2.0 5.0 22.0 149.605216885 1240 758 440 68
6 -2.0 5.0 23.0 149.153767696 1240 737 464 72
7 -2.0 5.0 24.0 148.975524312 1241 715 490 73
8 -2.0 5.0 25.0 149.081620659 1241 693 520 69
9 -2.0 5.0 26.0 149.489741678 1242 672 556 78
10 -1.0 3.0 8.0 148.725142872 1247 1060 224 71
11 -1.0 4.0 10.0 149.031803555 1240 1017 198 71
12 -1.0 4.0 11.0 145.291006675 1239 996 217 72
13 -1.0 4.0 38.0 147.35688157 1248 407 1137 72
14 -1.0 5.0 13.0 147.618710609 1232 952 199 72
15 -1.0 5.0 14.0 145.344570223 1232 931 214 72
16 -1.0 5.0 35.0 146.404944764 1238 474 644 81
17 -1.0 5.0 36.0 149.588274042 1242 452 793 70
18 -1.0 6.0 15.0 149.81592714 1225 909 189 72
19 -1.0 6.0 16.0 148.312842383 1225 888 201 73
20 -1.0 6.0 17.0 146.969926646 1225 866 214 72
21 -1.0 6.0 18.0 145.792952802 1225 845 225 73
22 -1.0 6.0 30.0 145.156521592 1227 584 396 72
23 -1.0 6.0 31.0 146.326498357 1229 562 424 67
24 -1.0 6.0 32.0 147.754227697 1230 540 460 74
25 -1.0 6.0 33.0 149.492064912 1233 518 507 73
26 -1.0 7.0 20.0 149.478271661 1219 802 217 72
27 -1.0 7.0 21.0 148.93257759 1219 780 228 74
28 -1.0 7.0 22.0 148.531703895 1219 758 240 73
29 -1.0 7.0 23.0 148.278173686 1219 736 252 72
30 -1.0 7.0 24.0 148.174660608 1219 715 265 72
31 -1.0 7.0 25.0 148.224363201 1220 693 278 74
32 -1.0 7.0 26.0 148.431452066 1220 671 292 69
33 -1.0 7.0 27.0 148.801627191 1221 650 307 74
34 -1.0 7.0 28.0 149.342851678 1222 628 325 74
35 0.0 2.0 3.0 146.012838245 1250 1168 100 71
36 0.0 3.0 44.0 147.596518281 1255 272 2203 72
37 0.0 4.0 6.0 148.203213967 1234 1103 101 71
38 0.0 4.0 42.0 145.943552851 1243 317 952 81
39 0.0 5.0 8.0 147.81957183 1227 1060 107 71
40 0.0 5.0 40.0 146.280474054 1235 362 662 79
41 0.0 6.0 10.0 148.19437961 1219 1017 111 71
42 0.0 6.0 11.0 146.11663464 1219 995 122 73
43 0.0 6.0 38.0 147.241138819 1227 407 506 76
44 0.0 7.0 12.0 149.008114947 1212 973 115 71
45 0.0 7.0 13.0 147.486759482 1212 952 124 72
46 0.0 7.0 14.0 146.084163073 1212 931 133 72
47 0.0 7.0 34.0 145.297925559 1215 496 345 74
48 0.0 7.0 35.0 146.781953934 1217 474 370 72
49 0.0 7.0 36.0 148.503970231 1220 451 403 78
50 0.0 8.0 15.0 149.000355651 1204 909 127 71
51 0.0 8.0 16.0 148.004394302 1204 888 135 73
52 0.0 8.0 17.0 147.116076065 1205 866 143 72
53 0.0 8.0 18.0 146.337648323 1204 845 151 74
54 0.0 8.0 19.0 145.670782967 1205 823 159 73
55 0.0 8.0 20.0 145.116669666 1204 802 167 74
56 0.0 8.0 29.0 145.324015793 1206 606 249 75
57 0.0 8.0 30.0 145.951810806 1207 584 260 77
58 0.0 8.0 31.0 146.715062232 1208 562 274 78
59 0.0 8.0 32.0 147.622876039 1209 540 289 77
60 0.0 8.0 33.0 148.687803844 1210 518 306 72
61 0.0 8.0 34.0 149.927307306 1213 495 326 71
62 0.0 9.0 18.0 149.940396822 1197 844 136 71
63 0.0 9.0 19.0 149.361912873 1197 823 143 74
64 0.0 9.0 20.0 148.881820569 1198 801 151 72
65 0.0 9.0 21.0 148.501619409 1198 780 159 71
66 0.0 9.0 22.0 148.222664394 1198 758 167 71
67 0.0 9.0 23.0 148.046260107 1199 736 174 74
68 0.0 9.0 24.0 147.973767455 1198 715 183 74
69 0.0 9.0 25.0 148.006724624 1199 693 191 73
70 0.0 9.0 26.0 148.146985513 1199 671 200 74
71 0.0 9.0 27.0 148.396881347 1200 649 209 73
72 0.0 9.0 28.0 148.759414641 1201 627 220 73
73 0.0 9.0 29.0 149.238499786 1201 605 230 73
74 0.0 9.0 30.0 149.839272551 1202 583 242 74
75 1.0 2.0 0.0 146.70340705 1245 1232 23 81
76 1.0 3.0 1.0 149.129331123 1237 1210 30 71
77 1.0 3.0 47.0 145.997609262 1248 203 1410 72
78 1.0 4.0 3.0 146.550314463 1229 1167 48 71
79 1.0 5.0 4.0 148.682919961 1221 1145 52 72
80 1.0 5.0 5.0 145.540143318 1222 1124 62 71
81 1.0 5.0 44.0 147.254438131 1233 271 700 73
82 1.0 6.0 6.0 147.808546625 1214 1102 63 69
83 1.0 6.0 7.0 145.400023364 1214 1081 73 70
84 1.0 6.0 42.0 146.565855698 1223 317 505 81
85 1.0 6.0 43.0 149.937942338 1230 294 616 81
86 1.0 7.0 7.0 149.613597764 1206 1081 64 69
87 1.0 7.0 8.0 147.652675025 1206 1059 72 71
88 1.0 7.0 9.0 145.791498228 1206 1038 81 71
89 1.0 7.0 40.0 146.713328081 1214 362 399 76
90 1.0 7.0 41.0 149.105735173 1219 339 449 79
91 1.0 8.0 9.0 149.500160882 1198 1038 71 73
92 1.0 8.0 10.0 147.970190692 1199 1016 79 71
93 1.0 8.0 11.0 146.532219727 1199 995 86 71
94 1.0 8.0 12.0 145.190659348 1199 974 93 72
95 1.0 8.0 37.0 145.752130005 1204 429 306 77
96 1.0 8.0 38.0 147.320524889 1206 406 328 73
97 1.0 8.0 39.0 149.101743236 1209 384 355 75
98 1.0 9.0 11.0 149.802017989 1191 994 79 70
99 1.0 9.0 12.0 148.616698333 1191 973 85 72
100 1.0 9.0 13.0 147.516001462 1191 952 91 72
101 1.0 9.0 14.0 146.502606769 1191 931 97 72
102 1.0 9.0 15.0 145.57870866 1191 909 105 72
103 1.0 9.0 33.0 145.052756775 1194 518 236 76
104 1.0 9.0 34.0 145.977600168 1195 496 247 75
105 1.0 9.0 35.0 147.02829906 1197 474 260 75
106 1.0 9.0 36.0 148.216836745 1199 451 275 75
107 1.0 9.0 37.0 149.559436528 1201 429 292 75
108 1.0 10.0 14.0 149.502266462 1183 930 89 71
109 1.0 10.0 15.0 148.677321718 1184 909 96 72
110 1.0 10.0 16.0 147.932328792 1184 887 102 72
111 1.0 10.0 17.0 147.268746789 1184 866 108 71
112 1.0 10.0 18.0 146.687765636 1184 844 114 71
113 1.0 10.0 19.0 146.190339054 1184 823 120 69
114 1.0 10.0 20.0 145.777224519 1184 801 126 72
115 1.0 10.0 21.0 145.449029308 1184 780 132 71
116 1.0 10.0 22.0 145.206261895 1184 758 139 73
117 1.0 10.0 26.0 145.099469817 1185 672 165 74
118 1.0 10.0 27.0 145.292231377 1185 650 171 73
119 1.0 10.0 28.0 145.574919854 1185 628 178 74
120 1.0 10.0 29.0 145.949258523 1186 606 186 72
121 1.0 10.0 30.0 146.417529033 1186 584 194 75
122 1.0 10.0 31.0 146.982726199 1187 561 203 75
123 1.0 10.0 32.0 147.648754709 1188 539 212 74
124 1.0 10.0 33.0 148.420686961 1190 517 221 75
125 1.0 10.0 34.0 149.305111735 1191 495 233 75
126 1.0 11.0 17.0 149.973966169 1176 865 99 72
127 1.0 11.0 18.0 149.453634096 1176 844 105 72
128 1.0 11.0 19.0 149.008540564 1177 822 111 72
129 1.0 11.0 20.0 148.639672239 1177 801 116 72
130 1.0 11.0 21.0 148.347915236 1177 779 122 71
131 1.0 11.0 22.0 148.134093128 1177 758 128 74
132 1.0 11.0 23.0 147.999009865 1178 736 135 73
133 1.0 11.0 24.0 147.943497751 1178 714 140 73
134 1.0 11.0 25.0 147.968470942 1178 692 147 74
135 1.0 11.0 26.0 148.074985419 1178 671 153 75
136 1.0 11.0 27.0 148.264306908 1179 649 160 72
137 1.0 11.0 28.0 148.53798909 1179 627 166 74
138 1.0 11.0 29.0 148.89796547 1180 605 173 73
139 1.0 11.0 30.0 149.346659832 1181 583 182 73
140 1.0 11.0 31.0 149.887122441 1182 561 189 74
141 2.0 0.0 -5.0 147.073166393 1256 1340 262 73
142 2.0 1.0 -4.0 148.700104417 1248 1318 117 71
143 2.0 2.0 -3.0 149.63942992 1240 1296 64 72
144 2.0 2.0 51.0 145.074044541 1251 110 1804 81
145 2.0 3.0 50.0 148.812009205 1252 133 1949 75
146 2.0 4.0 0.0 146.862138787 1225 1232 24 65
147 2.0 5.0 1.0 148.299283284 1216 1210 25 70
148 2.0 5.0 47.0 146.648565498 1229 202 654 79
149 2.0 6.0 2.0 149.480901893 1208 1188 30 70
150 2.0 6.0 3.0 146.813088807 1209 1167 36 70
151 2.0 6.0 45.0 145.239909328 1217 249 472 75
152 2.0 6.0 46.0 148.652801791 1224 225 574 75
153 2.0 7.0 4.0 148.275391842 1201 1145 39 71
154 2.0 7.0 5.0 146.134929691 1201 1124 46 70
155 2.0 7.0 44.0 147.312904316 1212 271 423 77
156 2.0 8.0 5.0 149.531801117 1193 1123 42 69
157 2.0 8.0 6.0 147.728940845 1193 1102 48 72
158 2.0 8.0 7.0 146.007734348 1193 1081 55 70
159 2.0 8.0 42.0 146.887172924 1202 316 341 74
160 2.0 8.0 43.0 149.054435995 1207 293 376 79
161 2.0 9.0 7.0 149.111485672 1185 1080 50 72
162 2.0 9.0 8.0 147.653493359 1186 1059 56 71
163 2.0 9.0 9.0 146.27267684 1186 1038 62 71
164 2.0 9.0 39.0 145.495060843 1191 384 267 77
165 2.0 9.0 40.0 146.989171748 1194 362 285 75
166 2.0 9.0 41.0 148.656750413 1197 339 306 78
167 2.0 10.0 9.0 149.09768075 1177 1037 57 70
168 2.0 10.0 10.0 147.926140272 1178 1016 62 70
169 2.0 10.0 11.0 146.826949028 1178 995 68 71
170 2.0 10.0 12.0 145.802271442 1178 974 73 73
171 2.0 10.0 36.0 145.215877045 1182 451 220 75
172 2.0 10.0 37.0 146.270376424 1183 429 231 75
173 2.0 10.0 38.0 147.441783964 1186 406 243 75
174 2.0 10.0 39.0 148.742630146 1188 384 257 75
175 2.0 11.0 11.0 149.39362253 1170 994 63 72
176 2.0 11.0 12.0 148.463666558 1170 973 68 72
177 2.0 11.0 13.0 147.601469498 1170 951 73 70
178 2.0 11.0 14.0 146.808475968 1170 930 78 70
179 2.0 11.0 15.0 146.085896608 1171 909 83 72
180 2.0 11.0 16.0 145.434719425 1171 888 88 72
181 2.0 11.0 32.0 145.068422914 1173 540 177 74
182 2.0 11.0 33.0 145.701877616 1174 518 184 75
183 2.0 11.0 34.0 146.422463802 1175 495 192 74
184 2.0 11.0 35.0 147.234478645 1176 473 200 75
185 2.0 11.0 36.0 148.143396175 1177 450 210 76
186 2.0 11.0 37.0 149.156208493 1179 428 220 77
187 2.0 12.0 13.0 149.931385766 1162 951 68 71
188 2.0 12.0 14.0 149.208076811 1163 930 73 68
189 2.0 12.0 15.0 148.54841052 1163 908 78 72
190 2.0 12.0 16.0 147.953412791 1163 887 82 73
191 2.0 12.0 17.0 147.423958906 1163 865 87 72
192 2.0 12.0 18.0 146.96078802 1163 844 92 73
193 2.0 12.0 19.0 146.564520985 1163 823 97 72
194 2.0 12.0 20.0 146.235681235 1163 801 102 72
195 2.0 12.0 21.0 145.974718448 1164 780 107 73
196 2.0 12.0 22.0 145.782034821 1164 758 112 73
197 2.0 12.0 23.0 145.658013804 1164 736 116 74
198 2.0 12.0 24.0 145.603051327 1164 715 121 71
199 2.0 12.0 25.0 145.617589665 1164 693 127 73
elapsed time is 1424.937365
