generating bragg masks, processing batch 1
127 -33.0 4.0 53.0 6.47208215009 1257 16 1703 81
176 -32.0 -4.0 54.0 5.83775192828 1175 1 218 36
177 -32.0 -3.0 54.0 7.38324905036 1190 1 265 27
178 -32.0 -2.0 54.0 9.57067314034 1206 1 341 21
179 -32.0 0.0 53.0 5.57660584531 1214 20 332 83
180 -32.0 1.0 53.0 8.98612420855 1235 19 553 90
181 -32.0 4.0 52.0 6.03281401918 1255 42 1447 96
234 -31.0 -9.0 54.0 5.20071427941 1123 4 154 77
236 -31.0 -8.0 54.0 6.02863863867 1136 3 172 72
237 -31.0 -7.0 54.0 7.02135169387 1149 3 194 65
238 -31.0 -6.0 54.0 8.23937122786 1162 3 222 59
239 -31.0 -5.0 54.0 9.78430337285 1177 2 261 54
240 -31.0 -4.0 53.0 5.72702662637 1175 24 214 86
241 -31.0 -3.0 53.0 7.25183742843 1189 24 258 89
242 -31.0 -2.0 53.0 9.39478093742 1206 23 331 83
243 -31.0 0.0 52.0 5.52087545857 1214 46 326 85
244 -31.0 1.0 52.0 8.88707971728 1234 45 534 81
245 -31.0 4.0 51.0 6.50640254559 1257 67 1674 81
303 -30.0 -14.0 54.0 5.07834079373 1074 8 126 86
305 -30.0 -13.0 54.0 5.63384257782 1085 7 136 87
307 -30.0 -12.0 54.0 6.26571355543 1097 6 148 86
309 -30.0 -11.0 54.0 6.99070322126 1109 6 162 87
310 -30.0 -10.0 54.0 7.83149588901 1121 5 178 87
311 -30.0 -9.0 53.0 5.13874615177 1124 29 151 86
312 -30.0 -9.0 54.0 8.81992579273 1134 5 198 87
313 -30.0 -8.0 53.0 5.96179891663 1136 28 169 86
314 -30.0 -8.0 54.0 10.0027831783 1147 4 222 83
315 -30.0 -7.0 53.0 6.94753429609 1149 28 190 87
316 -30.0 -6.0 53.0 8.15472931783 1162 27 218 85
317 -30.0 -5.0 53.0 9.68104229369 1176 26 255 87
318 -30.0 -4.0 52.0 5.71046527293 1175 50 210 85
319 -30.0 -3.0 52.0 7.23291050733 1189 49 254 85
320 -30.0 -2.0 52.0 9.36371331419 1205 49 325 91
321 -30.0 0.0 51.0 5.63158865314 1215 71 324 84
322 -30.0 1.0 51.0 9.06199939341 1235 70 531 90
386 -29.0 -19.0 54.0 5.15129878374 1025 12 112 87
389 -29.0 -18.0 54.0 5.56196287251 1036 11 118 86
391 -29.0 -17.0 54.0 6.01686415265 1047 11 126 88
393 -29.0 -16.0 54.0 6.52295698435 1058 10 135 86
395 -29.0 -15.0 54.0 7.08886624616 1069 10 144 86
397 -29.0 -14.0 54.0 7.72546385687 1081 9 155 89
398 -29.0 -13.0 53.0 5.59292678435 1086 33 134 87
399 -29.0 -13.0 54.0 8.44672043535 1093 8 168 86
400 -29.0 -12.0 53.0 6.22239811001 1097 32 146 87
401 -29.0 -12.0 54.0 9.27100938784 1105 8 180 87
402 -29.0 -11.0 53.0 6.94421494552 1109 32 160 85
403 -29.0 -10.0 53.0 7.78062972786 1121 31 176 86
404 -29.0 -9.0 52.0 5.13691782055 1124 55 149 85
405 -29.0 -9.0 53.0 8.76272249276 1133 30 195 87
406 -29.0 -8.0 52.0 5.9607959378 1136 54 167 86
407 -29.0 -8.0 53.0 9.93587919788 1147 30 218 86
408 -29.0 -7.0 52.0 6.94676838072 1149 53 188 86
409 -29.0 -6.0 52.0 8.15270902027 1162 53 215 87
410 -29.0 -5.0 52.0 9.67403193923 1176 52 251 84
411 -29.0 -4.0 51.0 5.78830117647 1176 75 209 87
412 -29.0 -3.0 51.0 7.32589427007 1190 75 252 87
413 -29.0 -2.0 51.0 9.47425852556 1206 74 321 82
414 -29.0 0.0 50.0 5.91355625488 1216 96 327 90
415 -29.0 1.0 50.0 9.51737857005 1236 96 542 81
457 -28.0 -31.0 55.0 5.1134989223 904 0 84 4
461 -28.0 -30.0 55.0 5.33776352639 913 0 86 2
479 -28.0 -24.0 54.0 5.32031222281 976 16 101 88
482 -28.0 -23.0 54.0 5.64085967173 986 16 105 86
485 -28.0 -22.0 54.0 5.99031925697 997 15 109 87
488 -28.0 -21.0 54.0 6.37224042751 1008 14 113 85
490 -28.0 -20.0 54.0 6.79081796771 1019 14 119 85
492 -28.0 -19.0 53.0 5.12587381631 1025 38 110 87
493 -28.0 -19.0 54.0 7.25105511951 1030 13 124 87
495 -28.0 -18.0 53.0 5.53566454122 1036 37 117 87
496 -28.0 -18.0 54.0 7.75898176582 1041 13 130 87
498 -28.0 -17.0 53.0 5.9895113521 1047 37 125 85
499 -28.0 -17.0 54.0 8.32195181869 1052 12 136 87
500 -28.0 -16.0 53.0 6.49429898218 1058 36 133 86
501 -28.0 -16.0 54.0 8.94905744891 1064 12 144 85
502 -28.0 -15.0 53.0 7.05855039851 1069 35 143 87
503 -28.0 -15.0 54.0 9.65172077846 1076 11 152 88
504 -28.0 -14.0 53.0 7.69298514261 1081 35 153 86
505 -28.0 -13.0 52.0 5.59940751323 1086 58 133 85
506 -28.0 -13.0 53.0 8.41134009795 1092 34 165 88
507 -28.0 -12.0 52.0 6.22973256265 1098 58 145 86
508 -28.0 -12.0 53.0 9.23161878683 1105 33 176 85
509 -28.0 -11.0 52.0 6.95220842368 1109 57 158 87
510 -28.0 -10.0 52.0 7.78885121746 1121 56 174 86
511 -28.0 -9.0 51.0 5.1954842272 1125 80 148 85
512 -28.0 -9.0 52.0 8.77029311216 1134 56 192 85
513 -28.0 -8.0 51.0 6.02577709844 1137 79 165 86
514 -28.0 -8.0 52.0 9.94103202932 1146 55 216 85
515 -28.0 -7.0 51.0 7.01899863861 1149 79 187 86
516 -28.0 -6.0 51.0 8.23285957806 1162 78 213 84
517 -28.0 -5.0 51.0 9.76198322959 1176 77 249 86
518 -28.0 -4.0 50.0 5.96167590283 1177 101 209 85
519 -28.0 -3.0 50.0 7.5317208726 1190 100 252 83
520 -28.0 -2.0 50.0 9.72633103778 1206 99 321 85
521 -28.0 0.0 49.0 6.37640867999 1217 122 334 86
553 -27.0 -38.0 55.0 5.09947310676 837 2 71 45
557 -27.0 -37.0 55.0 5.2640862424 847 2 73 41
561 -27.0 -36.0 55.0 5.43991272115 857 1 74 38
565 -27.0 -35.0 55.0 5.62780373662 867 1 76 33
569 -27.0 -34.0 55.0 5.82870211905 878 1 78 29
573 -27.0 -33.0 55.0 6.0436554526 888 1 80 25
576 -27.0 -32.0 55.0 6.27383158982 898 0 82 20
579 -27.0 -31.0 54.0 5.08005698035 906 21 83 86
580 -27.0 -31.0 55.0 6.52053710683 908 0 85 16
583 -27.0 -30.0 54.0 5.30346425172 917 21 85 89
584 -27.0 -30.0 55.0 6.78523939244 918 0 87 11
587 -27.0 -29.0 54.0 5.54387430402 927 20 88 87
588 -27.0 -29.0 55.0 7.0695932635 928 0 90 6
590 -27.0 -28.0 54.0 5.80287642061 938 19 89 88
591 -27.0 -28.0 55.0 7.37547326618 939 0 92 3
593 -27.0 -27.0 54.0 6.08227375834 948 19 93 86
594 -27.0 -27.0 55.0 7.70501318659 948 0 95 1
596 -27.0 -26.0 54.0 6.38412222078 959 18 96 87
599 -27.0 -25.0 54.0 6.71077849482 969 18 99 85
601 -27.0 -24.0 53.0 5.30393236531 977 42 99 86
602 -27.0 -24.0 54.0 7.06495997346 980 17 102 88
604 -27.0 -23.0 53.0 5.62405160226 987 41 103 87
605 -27.0 -23.0 54.0 7.44982028693 991 17 106 87
607 -27.0 -22.0 53.0 5.97300593082 998 41 107 87
608 -27.0 -22.0 54.0 7.86904560815 1002 16 110 87
610 -27.0 -21.0 53.0 6.35431969327 1009 40 112 87
611 -27.0 -21.0 54.0 8.32697902794 1013 16 115 87
612 -27.0 -20.0 53.0 6.77215340799 1019 40 116 86
613 -27.0 -20.0 54.0 8.82878349898 1024 15 120 89
614 -27.0 -19.0 52.0 5.13597643558 1026 63 109 85
615 -27.0 -19.0 53.0 7.23146303465 1030 39 121 85
616 -27.0 -19.0 54.0 9.38065878636 1035 15 126 86
617 -27.0 -18.0 52.0 5.54657112197 1037 63 116 86
618 -27.0 -18.0 53.0 7.73821237233 1041 39 127 85
619 -27.0 -18.0 54.0 9.9901356803 1046 14 133 88
620 -27.0 -17.0 52.0 6.00123003103 1048 62 124 87
621 -27.0 -17.0 53.0 8.29966157531 1053 38 133 87
622 -27.0 -16.0 52.0 6.5068059262 1059 61 132 86
623 -27.0 -16.0 53.0 8.92476742244 1064 37 141 86
624 -27.0 -15.0 52.0 7.07176915039 1070 61 141 87
625 -27.0 -15.0 53.0 9.62475237702 1076 37 149 86
626 -27.0 -14.0 51.0 5.09518740585 1075 84 122 84
627 -27.0 -14.0 52.0 7.70675298257 1081 60 151 85
628 -27.0 -13.0 51.0 5.65341842337 1087 84 132 86
629 -27.0 -13.0 52.0 8.42535192875 1093 60 161 85
630 -27.0 -12.0 51.0 6.28779879965 1098 83 144 86
631 -27.0 -12.0 52.0 9.2453305581 1105 59 172 87
632 -27.0 -11.0 51.0 7.01468366507 1110 82 157 84
633 -27.0 -10.0 51.0 7.85602959872 1122 82 172 86
634 -27.0 -9.0 50.0 5.31493296972 1125 105 148 84
635 -27.0 -9.0 51.0 8.84229272586 1134 81 191 84
636 -27.0 -8.0 50.0 6.15719020967 1138 105 165 85
637 -27.0 -8.0 51.0 10.0175303892 1147 81 214 84
638 -27.0 -7.0 50.0 7.16457434514 1150 104 186 84
639 -27.0 -6.0 50.0 8.39530947614 1162 103 213 86
640 -27.0 -5.0 50.0 9.94452036112 1177 103 248 87
641 -27.0 -4.0 49.0 6.23250066248 1178 126 210 84
642 -27.0 -3.0 49.0 7.85256958394 1191 125 253 82
643 -27.0 0.0 48.0 7.03479837376 1219 147 345 83
663 -26.0 -46.0 55.0 5.10813758227 757 4 61 88
667 -26.0 -45.0 55.0 5.22530800194 767 4 62 83
671 -26.0 -44.0 55.0 5.34993721226 778 4 64 81
675 -26.0 -43.0 55.0 5.48249070839 788 4 65 78
679 -26.0 -42.0 55.0 5.62347466479 798 3 66 74
683 -26.0 -41.0 55.0 5.77344059917 808 3 67 72
687 -26.0 -40.0 55.0 5.93299071004 818 3 69 68
691 -26.0 -39.0 55.0 6.10278400743 829 3 71 64
695 -26.0 -38.0 54.0 5.07452564328 838 26 70 89
696 -26.0 -38.0 55.0 6.28354338083 839 3 71 59
700 -26.0 -37.0 54.0 5.23861705717 848 25 72 90
701 -26.0 -37.0 55.0 6.47606378091 849 2 73 55
704 -26.0 -36.0 54.0 5.41389011265 858 25 73 90
705 -26.0 -36.0 55.0 6.6812217307 860 2 75 51
708 -26.0 -35.0 54.0 5.60119169168 868 24 75 88
709 -26.0 -35.0 55.0 6.89998643281 870 2 77 47
712 -26.0 -34.0 54.0 5.80145948777 878 24 77 87
713 -26.0 -34.0 55.0 7.13343280353 881 2 79 41
716 -26.0 -33.0 54.0 6.01573493324 889 23 79 86
717 -26.0 -33.0 55.0 7.38275684768 891 1 81 37
719 -26.0 -32.0 54.0 6.24517847253 899 23 80 87
720 -26.0 -32.0 55.0 7.64929389593 901 1 82 31
722 -26.0 -31.0 53.0 5.07045214472 907 47 81 87
723 -26.0 -31.0 54.0 6.49108770929 909 22 83 87
724 -26.0 -31.0 55.0 7.9345403674 912 1 85 29
726 -26.0 -30.0 53.0 5.29370733641 918 46 83 86
727 -26.0 -30.0 54.0 6.75491909881 920 22 86 87
728 -26.0 -30.0 55.0 8.24017990737 922 1 88 23
730 -26.0 -29.0 53.0 5.53394374513 928 46 86 86
731 -26.0 -29.0 54.0 7.03831404841 930 21 88 87
732 -26.0 -29.0 55.0 8.56811499982 932 0 90 18
733 -26.0 -28.0 53.0 5.79274421421 938 45 89 86
734 -26.0 -28.0 54.0 7.34313054433 941 21 90 87
735 -26.0 -28.0 55.0 8.92050549317 943 0 93 13
736 -26.0 -27.0 53.0 6.07190356301 949 45 91 87
737 -26.0 -27.0 54.0 7.67148177081 951 20 94 89
738 -26.0 -27.0 55.0 9.29981594107 953 0 97 9
739 -26.0 -26.0 53.0 6.37346685756 959 44 94 87
740 -26.0 -26.0 54.0 8.02578366328 962 20 97 89
741 -26.0 -26.0 55.0 9.70887430467 963 0 99 6
742 -26.0 -25.0 53.0 6.69977662763 970 44 97 90
743 -26.0 -25.0 54.0 8.40881400196 973 19 100 85
744 -26.0 -24.0 52.0 5.31711217212 977 67 98 85
745 -26.0 -24.0 53.0 7.05353166326 980 43 100 87
746 -26.0 -24.0 54.0 8.82378658971 984 19 104 87
747 -26.0 -23.0 52.0 5.63792037413 988 67 101 87
748 -26.0 -23.0 53.0 7.43786097892 991 43 104 87
elapsed time is 1600.280205
