generating bragg masks, processing batch 4
32 -31.0 -1.0 53.0 21.0822114549 1255 22 1571 81
45 -30.0 -4.0 54.0 24.9048188867 1235 3 730 61
60 -29.0 -6.0 54.0 22.2921352017 1205 4 461 81
61 -29.0 -4.0 53.0 23.9809288358 1230 27 640 82
79 -28.0 -8.0 54.0 21.2945920489 1180 6 337 90
80 -28.0 -7.0 54.0 24.8882774791 1201 6 445 85
81 -28.0 -6.0 53.0 21.9061996216 1202 29 441 90
82 -28.0 -4.0 52.0 23.4422605581 1226 53 588 92
102 -27.0 -10.0 54.0 20.781029386 1157 9 265 87
103 -27.0 -9.0 54.0 23.3654510897 1174 8 315 89
104 -27.0 -8.0 53.0 21.0538474849 1177 32 322 86
105 -27.0 -7.0 53.0 24.4664680123 1197 31 414 90
106 -27.0 -6.0 52.0 21.6776030297 1199 55 418 83
107 -27.0 -4.0 51.0 23.1782656491 1224 78 554 84
108 -27.0 -1.0 49.0 20.0817260626 1245 124 837 89
131 -26.0 -12.0 54.0 20.4930595812 1134 12 219 87
133 -26.0 -11.0 54.0 22.5268709477 1150 11 249 86
134 -26.0 -10.0 53.0 20.6109961988 1155 35 255 88
135 -26.0 -9.0 53.0 23.1112521058 1171 34 299 84
136 -26.0 -8.0 52.0 20.9189080565 1176 58 307 88
137 -26.0 -7.0 52.0 24.197724796 1194 57 387 82
138 -26.0 -6.0 51.0 21.5876824475 1197 80 397 89
139 -26.0 -4.0 50.0 23.1336414568 1221 103 531 82
140 -26.0 -1.0 48.0 20.9437824464 1246 149 852 86
165 -25.0 -14.0 54.0 20.3312228632 1112 14 188 88
167 -25.0 -13.0 54.0 22.0116365812 1127 13 207 86
168 -25.0 -12.0 53.0 20.3654968254 1132 37 212 87
169 -25.0 -12.0 54.0 24.0083530753 1142 13 233 88
170 -25.0 -11.0 53.0 22.3505495026 1147 37 238 88
171 -25.0 -10.0 52.0 20.5222307504 1153 60 245 87
172 -25.0 -10.0 53.0 24.7997083584 1164 36 277 85
173 -25.0 -9.0 52.0 22.957737304 1169 60 286 88
174 -25.0 -8.0 51.0 20.8819158168 1174 83 295 85
175 -25.0 -7.0 51.0 24.0624360111 1192 82 367 89
176 -25.0 -6.0 50.0 21.6234642768 1196 106 379 86
177 -25.0 -4.0 49.0 23.2764984178 1220 128 516 84
178 -25.0 -1.0 47.0 22.1948094824 1247 173 900 90
205 -24.0 -16.0 54.0 20.2477964106 1091 17 164 85
207 -24.0 -15.0 54.0 21.6800531671 1104 16 178 88
209 -24.0 -14.0 53.0 20.2321846732 1111 40 182 87
210 -24.0 -14.0 54.0 23.3325566624 1118 15 195 88
211 -24.0 -13.0 53.0 21.8808668623 1124 39 200 87
212 -24.0 -12.0 52.0 20.3044118107 1131 63 205 86
213 -24.0 -12.0 53.0 23.8295405055 1139 39 223 88
214 -24.0 -11.0 52.0 22.2512946261 1145 62 230 86
215 -24.0 -10.0 51.0 20.510338915 1151 86 237 87
216 -24.0 -10.0 52.0 24.6352633644 1161 62 264 87
217 -24.0 -9.0 51.0 22.8969828934 1167 85 275 84
218 -24.0 -8.0 50.0 20.9368292953 1172 108 284 86
219 -24.0 -7.0 50.0 24.0467144385 1190 108 349 87
220 -24.0 -6.0 49.0 21.7755208645 1194 131 364 84
221 -24.0 -4.0 48.0 23.5866159255 1219 153 506 84
222 -24.0 -3.0 47.0 20.1033918421 1221 176 477 83
223 -24.0 -1.0 46.0 23.9019417892 1249 198 996 87
247 -23.0 -20.0 55.0 20.3133278702 1048 0 136 8
250 -23.0 -19.0 55.0 21.4330218726 1059 0 144 4
252 -23.0 -18.0 54.0 20.2167008924 1069 19 147 87
253 -23.0 -18.0 55.0 22.6825216889 1071 0 154 1
254 -23.0 -17.0 54.0 21.4642842488 1082 18 156 86
256 -23.0 -16.0 53.0 20.1693093184 1089 42 160 86
257 -23.0 -16.0 54.0 22.874644858 1095 18 169 88
258 -23.0 -15.0 53.0 21.5793515943 1102 42 173 87
259 -23.0 -15.0 54.0 24.486817557 1109 17 183 87
260 -23.0 -14.0 52.0 20.1895945538 1109 65 177 86
261 -23.0 -14.0 53.0 23.2004954539 1116 41 189 88
262 -23.0 -13.0 52.0 21.8132109713 1123 65 193 86
263 -23.0 -12.0 51.0 20.3069718869 1129 88 199 86
264 -23.0 -12.0 52.0 23.7233479692 1137 64 215 86
265 -23.0 -11.0 51.0 22.2247327033 1144 87 221 86
266 -23.0 -10.0 50.0 20.5717530355 1150 111 229 85
267 -23.0 -10.0 51.0 24.5577237521 1159 87 253 84
268 -23.0 -9.0 50.0 22.9227821386 1165 110 263 85
269 -23.0 -8.0 49.0 21.078864578 1171 133 274 86
270 -23.0 -7.0 49.0 24.1402623238 1188 133 334 85
271 -23.0 -6.0 48.0 22.0366925331 1193 156 350 83
272 -23.0 -4.0 47.0 24.0500835043 1218 178 500 81
273 -23.0 -3.0 46.0 20.8939769355 1221 201 480 81
298 -22.0 -22.0 55.0 20.3322914761 1027 1 124 31
301 -22.0 -21.0 55.0 21.3342508654 1039 1 130 26
303 -22.0 -20.0 54.0 20.2223758868 1047 22 132 86
304 -22.0 -20.0 55.0 22.4390165486 1052 1 138 22
306 -22.0 -19.0 54.0 21.3267864878 1060 21 140 88
307 -22.0 -19.0 55.0 23.6645859679 1064 0 146 15
308 -22.0 -18.0 53.0 20.1537547289 1067 45 142 86
309 -22.0 -18.0 54.0 22.5566785992 1072 20 149 87
310 -22.0 -18.0 55.0 25.0341018585 1077 0 156 11
311 -22.0 -17.0 53.0 21.3849827005 1080 44 152 87
312 -22.0 -17.0 54.0 23.9370391734 1085 20 160 88
313 -22.0 -16.0 52.0 20.1399664861 1087 68 155 86
314 -22.0 -16.0 53.0 22.7733413742 1093 43 163 86
315 -22.0 -15.0 52.0 21.5323747597 1100 67 167 87
316 -22.0 -15.0 53.0 24.3551553501 1106 43 177 87
317 -22.0 -14.0 51.0 20.2014619162 1108 91 171 85
318 -22.0 -14.0 52.0 23.128175341 1114 66 182 86
319 -22.0 -13.0 51.0 21.8058634427 1121 90 187 87
320 -22.0 -13.0 52.0 24.9835129606 1128 66 200 87
321 -22.0 -12.0 50.0 20.3707938207 1128 113 192 85
322 -22.0 -12.0 51.0 23.6855865956 1135 89 207 86
323 -22.0 -11.0 50.0 22.2672566128 1142 113 214 86
324 -22.0 -10.0 49.0 20.7035067206 1149 136 221 85
325 -22.0 -10.0 50.0 24.5611058214 1157 112 243 85
326 -22.0 -9.0 49.0 23.0301304386 1163 135 254 84
327 -22.0 -8.0 48.0 21.3041069122 1170 158 265 86
328 -22.0 -7.0 48.0 24.3351053095 1186 158 320 84
329 -22.0 -6.0 47.0 22.4012669743 1193 181 339 85
330 -22.0 -5.0 46.0 20.1049860047 1198 204 357 85
331 -22.0 -4.0 46.0 24.6564542307 1217 203 496 81
332 -22.0 -3.0 45.0 21.8447083977 1221 226 486 84
333 -22.0 0.0 43.0 21.7797930587 1252 270 1026 78
361 -21.0 -24.0 55.0 20.3739151628 1006 2 114 52
364 -21.0 -23.0 55.0 21.2798335325 1018 2 119 49
366 -21.0 -22.0 54.0 20.2549229713 1026 24 120 87
367 -21.0 -22.0 55.0 22.2692807182 1030 2 125 43
369 -21.0 -21.0 54.0 21.2448899351 1038 23 126 88
370 -21.0 -21.0 55.0 23.3549674934 1042 1 132 39
371 -21.0 -20.0 53.0 20.1716067283 1046 47 129 87
372 -21.0 -20.0 54.0 22.3346852914 1050 23 134 87
373 -21.0 -20.0 55.0 24.5526807865 1054 1 140 32
374 -21.0 -19.0 53.0 21.2635223995 1058 47 136 86
375 -21.0 -19.0 54.0 23.5412903535 1062 22 142 88
376 -21.0 -18.0 52.0 20.1343722912 1066 70 138 86
377 -21.0 -18.0 53.0 22.4771883535 1070 46 145 88
378 -21.0 -18.0 54.0 24.8863590774 1075 22 151 86
379 -21.0 -17.0 52.0 21.3525848962 1078 70 148 85
380 -21.0 -17.0 53.0 23.8361061667 1083 45 154 86
381 -21.0 -16.0 51.0 20.1582852611 1086 93 150 87
382 -21.0 -16.0 52.0 22.7230988349 1091 69 158 87
383 -21.0 -15.0 51.0 21.5371550923 1099 92 162 85
384 -21.0 -15.0 52.0 24.2799407129 1104 68 171 86
385 -21.0 -14.0 50.0 20.2660687046 1106 116 166 86
386 -21.0 -14.0 51.0 23.1128914804 1112 92 175 87
387 -21.0 -13.0 50.0 21.8564333433 1119 115 181 86
388 -21.0 -13.0 51.0 24.937801986 1125 91 193 85
389 -21.0 -12.0 49.0 20.4938308751 1127 138 187 85
390 -21.0 -12.0 50.0 23.7127569005 1133 115 199 86
391 -21.0 -11.0 49.0 22.375823359 1141 138 207 85
392 -21.0 -10.0 48.0 20.9030653792 1148 161 215 85
393 -21.0 -10.0 49.0 24.6405143434 1155 137 234 85
394 -21.0 -9.0 48.0 23.2148680544 1162 160 245 85
395 -21.0 -8.0 47.0 21.6092286806 1169 183 257 84
396 -21.0 -7.0 47.0 24.6247902699 1185 183 307 85
397 -21.0 -6.0 46.0 22.8644173245 1192 205 327 85
398 -21.0 -5.0 45.0 20.7709796739 1198 228 348 83
399 -21.0 -3.0 44.0 22.9530759815 1222 250 495 81
428 -20.0 -26.0 55.0 20.4330159292 984 3 106 74
431 -20.0 -25.0 55.0 21.2590253847 996 3 110 70
434 -20.0 -24.0 54.0 20.3077285636 1005 26 111 88
435 -20.0 -24.0 55.0 22.1542979804 1008 3 114 65
437 -20.0 -23.0 54.0 21.204015366 1016 26 116 87
438 -20.0 -23.0 55.0 23.1281501345 1020 3 120 61
439 -20.0 -22.0 53.0 20.2139581736 1024 49 117 88
440 -20.0 -22.0 54.0 22.1816942662 1028 25 121 89
441 -20.0 -22.0 55.0 24.1918488742 1032 2 126 54
442 -20.0 -21.0 53.0 21.1941055716 1036 49 123 87
443 -20.0 -21.0 54.0 23.2528415253 1040 25 128 87
444 -20.0 -20.0 52.0 20.1599866313 1044 73 126 86
445 -20.0 -20.0 53.0 22.2714879401 1048 48 130 86
446 -20.0 -20.0 54.0 24.4323591708 1052 24 135 88
447 -20.0 -19.0 52.0 21.24194979 1056 72 132 88
448 -20.0 -19.0 53.0 23.4622036903 1061 48 138 87
449 -20.0 -18.0 51.0 20.1574019014 1065 95 134 85
450 -20.0 -18.0 52.0 22.4424372542 1069 71 140 85
451 -20.0 -18.0 53.0 24.7866235006 1073 47 147 86
452 -20.0 -17.0 51.0 21.3656263993 1077 95 144 87
453 -20.0 -17.0 52.0 23.7836681336 1081 71 150 86
454 -20.0 -16.0 50.0 20.2229610062 1085 118 147 86
455 -20.0 -16.0 51.0 22.7220110015 1089 94 153 85
456 -20.0 -15.0 50.0 21.5919763505 1097 118 157 85
457 -20.0 -15.0 51.0 24.2586133184 1102 94 166 85
458 -20.0 -14.0 49.0 20.3819047621 1105 141 161 85
459 -20.0 -14.0 50.0 23.1523146079 1110 117 170 85
460 -20.0 -13.0 49.0 21.9628435781 1118 140 176 85
461 -20.0 -13.0 50.0 24.9530268284 1124 116 186 85
462 -20.0 -12.0 48.0 20.6742835513 1126 163 181 84
463 -20.0 -12.0 49.0 23.8018733609 1132 140 193 85
464 -20.0 -11.0 48.0 22.5478019938 1139 163 200 84
465 -20.0 -10.0 47.0 21.1681948339 1147 186 208 83
466 -20.0 -10.0 48.0 24.7918331714 1153 162 225 83
467 -20.0 -9.0 47.0 23.4734227003 1161 185 236 84
468 -20.0 -8.0 46.0 21.991276607 1168 208 249 82
469 -20.0 -7.0 45.0 20.3005130394 1176 231 263 84
470 -20.0 -7.0 46.0 25.0038486487 1184 207 295 86
471 -20.0 -6.0 45.0 23.421795912 1191 230 317 82
472 -20.0 -5.0 44.0 21.5408675948 1198 253 340 83
473 -20.0 -3.0 43.0 24.2153957433 1223 275 505 86
474 -20.0 -2.0 42.0 21.4379109009 1228 297 506 81
503 -19.0 -28.0 55.0 20.5058892832 963 5 98 88
506 -19.0 -27.0 55.0 21.2643288829 974 5 102 88
509 -19.0 -26.0 54.0 20.3761980618 983 28 103 88
510 -19.0 -26.0 55.0 22.0811671902 986 4 106 84
512 -19.0 -25.0 54.0 21.1943253327 995 28 107 88
513 -19.0 -25.0 55.0 22.9634395126 997 4 110 81
515 -19.0 -24.0 53.0 20.2748296242 1003 52 108 87
516 -19.0 -24.0 54.0 22.0801316502 1006 27 111 87
517 -19.0 -24.0 55.0 23.9194770283 1009 4 115 76
518 -19.0 -23.0 53.0 21.1632249612 1015 51 113 88
519 -19.0 -23.0 54.0 23.0425167521 1018 27 116 85
520 -19.0 -23.0 55.0 24.9592492879 1021 3 120 71
521 -19.0 -22.0 52.0 20.2085565735 1023 75 115 88
522 -19.0 -22.0 53.0 22.1311377575 1026 51 118 89
elapsed time is 1256.184918
