generating bragg masks, processing batch 52
1439 -135.0 23.0 13.0 264.836110355 0 768 25 2
1440 -135.0 23.0 14.0 264.994413797 1 747 25 22
1472 -135.0 24.0 14.0 264.579103977 0 746 25 7
1473 -135.0 24.0 15.0 264.742917277 1 724 26 34
1474 -135.0 24.0 16.0 264.913303805 2 702 25 58
1507 -135.0 25.0 15.0 264.328019893 0 723 25 17
1508 -135.0 25.0 16.0 264.497367112 2 701 25 43
1509 -135.0 25.0 17.0 264.673329361 3 678 26 69
1541 -135.0 26.0 15.0 263.914599859 0 721 25 5
1542 -135.0 26.0 16.0 264.08289946 1 700 25 26
1575 -135.0 27.0 16.0 263.669943294 0 698 26 10
1608 -135.0 28.0 16.0 263.258540325 0 696 26 1
1804 -134.0 21.0 9.0 264.960299513 0 863 24 18
1833 -134.0 22.0 9.0 264.544118933 0 861 24 5
1834 -134.0 22.0 10.0 264.678438331 1 840 25 28
1835 -134.0 22.0 11.0 264.819157808 2 818 25 56
1836 -134.0 22.0 12.0 264.966324252 4 795 25 83
1866 -134.0 23.0 10.0 264.262687047 0 839 24 16
1867 -134.0 23.0 11.0 264.402408839 2 817 25 43
1868 -134.0 23.0 12.0 264.548569091 3 794 24 68
1869 -134.0 23.0 13.0 264.701215573 5 772 25 87
1870 -134.0 23.0 14.0 264.860396887 8 749 25 87
1871 -134.0 23.0 15.0 265.026162495 10 727 25 87
1900 -134.0 24.0 10.0 263.848390243 0 837 24 3
1901 -134.0 24.0 11.0 263.987107394 1 816 25 26
1902 -134.0 24.0 12.0 264.132254052 2 794 25 55
1903 -134.0 24.0 13.0 264.28387806 4 771 25 78
1904 -134.0 24.0 14.0 264.442028093 6 748 25 87
1905 -134.0 24.0 15.0 264.606753694 9 726 25 87
1906 -134.0 24.0 16.0 264.7781053 11 703 25 87
1907 -134.0 24.0 17.0 264.956134277 14 680 26 87
1937 -134.0 25.0 11.0 263.573296173 0 814 25 10
1938 -134.0 25.0 12.0 263.717422236 1 793 25 38
1939 -134.0 25.0 13.0 263.868016321 3 770 25 63
1940 -134.0 25.0 14.0 264.025127168 4 747 25 86
1941 -134.0 25.0 15.0 264.18880439 7 725 25 86
1942 -134.0 25.0 16.0 264.359098493 10 702 26 88
1943 -134.0 25.0 17.0 264.536060923 12 680 26 88
1944 -134.0 25.0 18.0 264.719744091 15 657 26 87
1974 -134.0 26.0 11.0 263.161017163 0 812 24 1
1975 -134.0 26.0 12.0 263.304116031 1 792 25 20
1976 -134.0 26.0 13.0 263.453673151 2 769 25 47
1977 -134.0 26.0 14.0 263.609737321 3 746 25 74
1978 -134.0 26.0 15.0 263.772358211 5 724 25 85
1979 -134.0 26.0 16.0 263.941586391 8 701 26 87
1980 -134.0 26.0 17.0 264.11747337 11 679 25 87
1981 -134.0 26.0 18.0 264.300071629 13 656 25 88
2012 -134.0 27.0 12.0 262.892377088 0 789 25 5
2013 -134.0 27.0 13.0 263.04089061 1 768 25 29
2014 -134.0 27.0 14.0 263.195901026 2 746 25 56
2015 -134.0 27.0 15.0 263.357458053 4 723 26 81
2016 -134.0 27.0 16.0 263.525612316 6 700 25 88
2017 -134.0 27.0 17.0 263.700415376 9 678 25 87
2018 -134.0 27.0 18.0 263.881919775 12 655 26 86
2049 -134.0 28.0 13.0 262.629710001 0 767 25 11
2050 -134.0 28.0 14.0 262.783659999 1 745 25 38
2051 -134.0 28.0 15.0 262.944146055 3 722 26 64
2052 -134.0 28.0 16.0 263.111218835 4 699 25 84
2053 -134.0 28.0 17.0 263.284929946 7 677 25 88
2084 -134.0 29.0 13.0 262.220171847 0 764 25 1
2085 -134.0 29.0 14.0 262.373055178 0 744 25 18
2086 -134.0 29.0 15.0 262.532463575 2 721 25 45
2087 -134.0 29.0 16.0 262.698447735 3 699 25 72
2088 -134.0 29.0 17.0 262.871059302 5 676 26 86
2111 -134.0 30.0 14.0 261.964126701 0 742 25 3
2112 -134.0 30.0 15.0 262.122451171 1 720 25 27
2113 -134.0 30.0 16.0 262.287340004 2 698 25 52
2114 -134.0 30.0 17.0 262.458844866 4 675 26 78
2129 -134.0 31.0 15.0 261.714148583 0 718 25 8
2130 -134.0 31.0 16.0 261.877935807 1 697 25 32
2141 -134.0 32.0 16.0 261.47027447 0 695 26 11
2149 -134.0 33.0 16.0 261.064394463 0 693 26 1
2234 -133.0 20.0 5.0 264.76387799 1 955 24 23
2235 -133.0 20.0 6.0 264.875480787 2 933 24 49
2236 -133.0 20.0 7.0 264.993368242 4 910 25 77
2262 -133.0 21.0 5.0 264.347119702 0 953 24 10
2263 -133.0 21.0 6.0 264.457763356 1 932 24 36
2264 -133.0 21.0 7.0 264.574683408 3 910 24 63
2265 -133.0 21.0 8.0 264.697924382 4 887 25 84
2266 -133.0 21.0 9.0 264.827531519 7 865 24 87
2267 -133.0 21.0 10.0 264.963550791 10 842 24 87
2294 -133.0 22.0 6.0 264.041464045 1 931 24 22
2295 -133.0 22.0 7.0 264.157410611 2 909 24 47
2296 -133.0 22.0 8.0 264.27966949 3 886 24 73
2297 -133.0 22.0 9.0 264.408286 6 864 25 88
2298 -133.0 22.0 10.0 264.543306195 8 842 24 86
2299 -133.0 22.0 11.0 264.684776889 11 819 25 84
2300 -133.0 22.0 12.0 264.832745684 14 797 25 87
2301 -133.0 22.0 13.0 264.987260993 16 774 25 86
2328 -133.0 23.0 6.0 263.626625886 0 929 24 7
2329 -133.0 23.0 7.0 263.741593264 1 908 24 34
2330 -133.0 23.0 8.0 263.862863923 3 886 24 60
2331 -133.0 23.0 9.0 263.990483249 4 863 25 82
2332 -133.0 23.0 10.0 264.124497366 7 841 25 85
2333 -133.0 23.0 11.0 264.264953164 10 818 25 87
2334 -133.0 23.0 12.0 264.411898322 12 796 25 86
2335 -133.0 23.0 13.0 264.565381335 15 773 25 88
2336 -133.0 23.0 14.0 264.725451544 18 751 25 87
2337 -133.0 23.0 15.0 264.892159163 20 728 25 88
2365 -133.0 24.0 7.0 263.327274087 1 907 24 19
2366 -133.0 24.0 8.0 263.447550788 2 885 24 45
2367 -133.0 24.0 9.0 263.574166765 3 862 24 70
2368 -133.0 24.0 10.0 263.707168204 5 840 25 86
2369 -133.0 24.0 11.0 263.846602061 8 817 24 84
2370 -133.0 24.0 12.0 263.992516082 11 795 25 87
2371 -133.0 24.0 13.0 264.144958836 13 772 25 88
2372 -133.0 24.0 14.0 264.303979737 16 750 25 87
2373 -133.0 24.0 15.0 264.469629079 19 727 25 87
2374 -133.0 24.0 16.0 264.641958066 22 705 26 87
2375 -133.0 24.0 17.0 264.82101885 24 682 26 87
2376 -133.0 24.0 18.0 265.006864566 27 659 25 86
2403 -133.0 25.0 7.0 262.914495086 0 905 24 3
2404 -133.0 25.0 8.0 263.033772477 1 884 24 29
2405 -133.0 25.0 9.0 263.159379333 2 862 24 56
2406 -133.0 25.0 10.0 263.291361894 4 839 25 81
2407 -133.0 25.0 11.0 263.429767171 6 817 25 84
2408 -133.0 25.0 12.0 263.574642969 9 794 25 85
2409 -133.0 25.0 13.0 263.726037919 12 772 25 89
2410 -133.0 25.0 14.0 263.8840015 15 749 25 87
2411 -133.0 25.0 15.0 264.048584075 17 727 26 87
2412 -133.0 25.0 16.0 264.21983692 20 704 25 86
2413 -133.0 25.0 17.0 264.397812262 23 681 25 88
2414 -133.0 25.0 18.0 264.582563315 25 658 26 85
2415 -133.0 25.0 19.0 264.774144319 28 636 26 88
2443 -133.0 26.0 8.0 262.621570643 0 882 24 12
2444 -133.0 26.0 9.0 262.746163 1 861 24 38
2445 -133.0 26.0 10.0 262.877120881 3 838 25 65
2446 -133.0 26.0 11.0 263.014491346 5 816 25 86
2447 -133.0 26.0 12.0 263.158322248 7 793 25 86
2448 -133.0 26.0 13.0 263.308662269 10 771 25 86
2449 -133.0 26.0 14.0 263.465560945 13 748 25 86
2450 -133.0 26.0 15.0 263.629068697 15 726 25 88
2451 -133.0 26.0 16.0 263.799236862 18 703 25 86
2452 -133.0 26.0 17.0 263.976117733 21 680 26 88
2453 -133.0 26.0 18.0 264.159764591 24 657 26 87
2454 -133.0 26.0 19.0 264.350231748 26 635 26 87
2483 -133.0 27.0 9.0 262.334559051 1 860 24 20
2484 -133.0 27.0 10.0 262.464486851 2 837 24 48
2485 -133.0 27.0 11.0 262.600816676 3 815 25 76
2486 -133.0 27.0 12.0 262.743596421 5 792 24 88
2487 -133.0 27.0 13.0 262.89287481 8 770 25 86
2488 -133.0 27.0 14.0 263.048701423 11 747 26 87
2489 -133.0 27.0 15.0 263.21112673 14 725 25 89
2490 -133.0 27.0 16.0 263.380202121 16 702 25 87
2491 -133.0 27.0 17.0 263.55597994 19 679 26 87
2492 -133.0 27.0 18.0 263.738513528 22 657 26 85
2493 -133.0 27.0 19.0 263.927857257 24 634 26 88
2522 -133.0 28.0 9.0 261.924607991 0 857 24 4
2523 -133.0 28.0 10.0 262.053500705 1 836 24 28
2524 -133.0 28.0 11.0 262.188784469 2 814 25 54
2525 -133.0 28.0 12.0 262.330507209 4 791 25 82
2526 -133.0 28.0 13.0 262.47871768 6 769 25 86
2527 -133.0 28.0 14.0 262.6334655 9 746 25 87
2528 -133.0 28.0 15.0 262.794801176 12 724 25 87
2529 -133.0 28.0 16.0 262.962776138 15 701 26 87
2530 -133.0 28.0 17.0 263.137442776 17 678 26 87
2531 -133.0 28.0 18.0 263.318854476 20 656 26 87
2532 -133.0 28.0 19.0 263.507065659 23 633 26 87
2561 -133.0 29.0 10.0 261.644202543 0 835 24 9
2562 -133.0 29.0 11.0 261.778435228 1 813 25 36
2563 -133.0 29.0 12.0 261.919095525 3 791 25 62
2564 -133.0 29.0 13.0 262.066232213 4 768 25 84
2565 -133.0 29.0 14.0 262.219894936 7 746 25 88
2566 -133.0 29.0 15.0 262.380134228 10 723 25 86
2567 -133.0 29.0 16.0 262.547001551 13 700 26 87
2568 -133.0 29.0 17.0 262.720549327 15 678 26 87
2569 -133.0 29.0 18.0 262.900830978 18 655 25 86
2584 -133.0 30.0 11.0 261.369808631 0 812 25 17
2585 -133.0 30.0 12.0 261.509401458 2 790 25 44
2586 -133.0 30.0 13.0 261.655458915 3 767 25 71
2587 -133.0 30.0 14.0 261.808030662 5 745 25 87
2588 -133.0 30.0 15.0 261.967167251 8 722 25 85
2589 -133.0 30.0 16.0 262.132920164 11 699 26 87
2590 -133.0 30.0 17.0 262.305341848 13 677 25 87
2591 -133.0 30.0 18.0 262.484485749 16 654 26 87
2600 -133.0 31.0 11.0 260.962943515 0 809 24 2
2601 -133.0 31.0 12.0 261.101464252 1 789 25 23
2602 -133.0 31.0 13.0 261.246437446 2 766 25 51
2603 -133.0 31.0 14.0 261.397912761 4 744 25 77
2604 -133.0 31.0 15.0 261.55594076 6 721 26 87
2605 -133.0 31.0 16.0 261.720572935 8 698 25 88
2606 -133.0 31.0 17.0 261.891861744 11 676 25 87
2607 -133.0 31.0 18.0 262.069860649 14 653 26 87
2613 -133.0 32.0 12.0 260.695322291 0 786 25 4
2614 -133.0 32.0 13.0 260.839206603 1 765 25 30
2615 -133.0 32.0 14.0 260.989580454 2 743 25 55
2616 -133.0 32.0 15.0 261.146494405 4 720 26 81
2617 -133.0 32.0 16.0 261.30999995 6 698 25 87
2618 -133.0 32.0 17.0 261.48014955 9 675 26 88
2621 -133.0 33.0 13.0 260.433804301 0 763 25 8
2622 -133.0 33.0 14.0 260.583072074 1 742 25 34
2623 -133.0 33.0 15.0 260.738866949 3 719 26 62
2624 -133.0 33.0 16.0 260.901240409 4 696 25 84
2625 -133.0 33.0 17.0 261.07024491 7 674 26 87
2626 -133.0 34.0 14.0 260.178425057 0 740 25 11
2627 -133.0 34.0 15.0 260.333096251 1 718 25 38
2628 -133.0 34.0 16.0 260.494332607 3 696 25 65
2629 -133.0 34.0 17.0 260.662186561 5 673 26 87
2630 -133.0 35.0 16.0 260.089313919 2 695 25 42
2670 -132.0 18.0 0.0 264.997997554 0 1068 23 12
elapsed time is 1474.933277
