generating bragg masks, processing batch 36
0 -11.0 72.0 17.0 185.042189934 621 802 28 77
1 -11.0 72.0 18.0 185.044891598 622 780 28 76
2 -11.0 73.0 15.0 185.04300063 608 845 28 75
3 -11.0 73.0 16.0 185.023784037 609 823 28 76
4 -11.0 73.0 17.0 185.015410411 611 801 28 73
5 -11.0 73.0 18.0 185.017985972 613 779 29 76
6 -11.0 73.0 19.0 185.03161912 615 758 29 76
7 -11.0 74.0 14.0 185.048376632 596 866 26 76
8 -11.0 74.0 15.0 185.018755459 598 844 27 75
9 -11.0 74.0 16.0 184.999726721 600 822 27 75
10 -11.0 74.0 17.0 184.991391708 602 800 28 77
11 -11.0 74.0 18.0 184.993853662 603 779 29 76
12 -11.0 74.0 19.0 185.007217934 605 757 29 76
13 -11.0 74.0 20.0 185.031592147 607 735 30 76
14 -11.0 75.0 14.0 185.026435041 587 865 27 76
15 -11.0 75.0 15.0 184.997147249 589 843 27 75
16 -11.0 75.0 16.0 184.978309571 590 821 27 76
17 -11.0 75.0 17.0 184.970020514 592 799 28 75
18 -11.0 75.0 18.0 184.972380472 594 777 28 76
19 -11.0 75.0 19.0 184.985491875 596 756 29 76
20 -11.0 75.0 20.0 185.00945935 597 734 29 75
21 -11.0 75.0 21.0 185.044389894 599 712 30 77
22 -11.0 76.0 13.0 185.046198488 576 886 26 72
23 -11.0 76.0 14.0 185.007025465 577 864 27 76
24 -11.0 76.0 15.0 184.978069938 579 842 27 75
25 -11.0 76.0 16.0 184.959426053 581 820 28 77
26 -11.0 76.0 17.0 184.951189652 583 798 28 76
27 -11.0 76.0 18.0 184.953458404 584 777 28 77
28 -11.0 76.0 19.0 184.966331942 586 755 29 76
29 -11.0 76.0 20.0 184.989912025 588 733 29 76
30 -11.0 76.0 21.0 185.024302699 589 711 30 76
31 -11.0 77.0 13.0 185.028757611 566 885 26 73
32 -11.0 77.0 14.0 184.990047739 568 863 27 76
33 -11.0 77.0 15.0 184.961423087 570 841 27 76
34 -11.0 77.0 16.0 184.942975302 571 819 28 76
35 -11.0 77.0 17.0 184.934797671 573 798 28 75
36 -11.0 77.0 18.0 184.936985249 575 776 28 76
37 -11.0 77.0 19.0 184.949634995 577 754 28 75
38 -11.0 77.0 20.0 184.972845918 578 732 29 76
39 -11.0 77.0 21.0 185.006719241 580 710 29 77
40 -11.0 78.0 13.0 185.013658724 556 884 26 75
41 -11.0 78.0 14.0 184.975406926 558 862 26 75
42 -11.0 78.0 15.0 184.947111521 560 840 26 76
43 -11.0 78.0 16.0 184.928861754 562 819 27 77
44 -11.0 78.0 17.0 184.920748465 563 797 28 76
45 -11.0 78.0 18.0 184.922864205 565 775 28 76
46 -11.0 78.0 19.0 184.935303366 567 753 28 76
47 -11.0 78.0 20.0 184.958162326 569 731 29 76
48 -11.0 78.0 21.0 184.991539603 570 709 29 75
49 -11.0 78.0 22.0 185.03553602 572 687 30 77
50 -11.0 79.0 12.0 185.048356108 545 905 26 75
51 -11.0 79.0 13.0 185.000811862 547 883 27 73
52 -11.0 79.0 14.0 184.963012984 549 861 26 75
53 -11.0 79.0 15.0 184.935044981 550 839 27 78
54 -11.0 79.0 16.0 184.916994802 552 818 27 76
55 -11.0 79.0 17.0 184.908950933 554 796 27 75
56 -11.0 79.0 18.0 184.911003524 556 774 28 76
57 -11.0 79.0 19.0 184.923244507 557 752 28 77
58 -11.0 79.0 20.0 184.945767735 559 730 28 76
59 -11.0 79.0 21.0 184.978669134 561 708 29 76
60 -11.0 79.0 22.0 185.022046859 562 686 30 77
61 -11.0 80.0 12.0 185.037108009 536 904 26 77
62 -11.0 80.0 13.0 184.990131625 537 882 26 73
63 -11.0 80.0 14.0 184.952780449 539 860 26 77
64 -11.0 80.0 15.0 184.925137822 541 839 27 77
65 -11.0 80.0 16.0 184.907288479 543 817 27 77
66 -11.0 80.0 17.0 184.899318654 544 795 27 75
67 -11.0 80.0 18.0 184.901316188 546 773 27 76
68 -11.0 80.0 19.0 184.913370653 548 751 28 76
69 -11.0 80.0 20.0 184.935573483 549 729 28 76
70 -11.0 80.0 21.0 184.968018115 551 707 29 77
71 -11.0 80.0 22.0 185.010800146 553 685 29 77
72 -11.0 81.0 12.0 185.027953656 526 903 26 75
73 -11.0 81.0 13.0 184.981536891 528 881 26 73
74 -11.0 81.0 14.0 184.944628158 529 859 26 80
75 -11.0 81.0 15.0 184.917308714 531 838 27 76
76 -11.0 81.0 16.0 184.89966117 533 816 27 76
77 -11.0 81.0 17.0 184.891769593 535 794 27 76
78 -11.0 81.0 18.0 184.893719609 536 772 27 77
79 -11.0 81.0 19.0 184.905598525 538 750 29 76
80 -11.0 81.0 20.0 184.92749545 540 728 29 76
81 -11.0 81.0 21.0 184.959501435 541 706 29 76
82 -11.0 81.0 22.0 185.001709622 543 684 29 77
83 -11.0 82.0 12.0 185.020815862 516 902 26 76
84 -11.0 82.0 13.0 184.974950556 518 880 26 74
85 -11.0 82.0 14.0 184.938478977 520 858 26 76
86 -11.0 82.0 15.0 184.91148038 522 837 27 76
87 -11.0 82.0 16.0 184.894035336 523 815 27 76
88 -11.0 82.0 17.0 184.886225827 525 793 27 76
89 -11.0 82.0 18.0 184.888135353 527 771 27 76
90 -11.0 82.0 19.0 184.899849042 528 749 29 76
91 -11.0 82.0 20.0 184.921453772 530 727 29 77
92 -11.0 82.0 21.0 184.953038304 532 705 28 76
93 -11.0 82.0 22.0 184.994693424 534 683 29 76
94 -11.0 82.0 23.0 185.046512098 535 660 30 77
95 -11.0 83.0 12.0 185.015621207 507 901 25 76
96 -11.0 83.0 13.0 184.970299285 509 879 26 75
97 -11.0 83.0 14.0 184.934259557 510 858 26 76
98 -11.0 83.0 15.0 184.907579348 512 836 27 76
99 -11.0 83.0 16.0 184.890337267 514 814 27 76
100 -11.0 83.0 17.0 184.882613293 515 792 27 76
101 -11.0 83.0 18.0 184.884488881 517 770 27 76
102 -11.0 83.0 19.0 184.896047066 519 748 28 77
103 -11.0 83.0 20.0 184.91737258 520 726 29 76
104 -11.0 83.0 21.0 184.948551984 522 704 28 77
105 -11.0 83.0 22.0 184.989673802 524 682 29 78
106 -11.0 83.0 23.0 185.040828669 526 659 30 76
107 -11.0 84.0 12.0 185.012299806 497 900 25 75
108 -11.0 84.0 13.0 184.96751329 499 878 26 76
109 -11.0 84.0 14.0 184.931900104 501 857 26 76
110 -11.0 84.0 15.0 184.905535717 502 835 27 76
111 -11.0 84.0 16.0 184.888496848 504 813 27 77
112 -11.0 84.0 17.0 184.880861551 506 791 27 76
113 -11.0 84.0 18.0 184.882709312 508 769 27 77
114 -11.0 84.0 19.0 184.894121153 509 747 27 77
115 -11.0 84.0 20.0 184.915179746 511 725 28 76
116 -11.0 84.0 21.0 184.945969536 513 703 28 77
117 -11.0 84.0 22.0 184.98657687 514 681 29 77
118 -11.0 84.0 23.0 185.037090148 516 658 30 78
119 -11.0 85.0 12.0 185.010785105 488 900 25 77
120 -11.0 85.0 13.0 184.966526118 489 878 26 75
121 -11.0 85.0 14.0 184.93133417 491 856 26 78
122 -11.0 85.0 15.0 184.905282945 493 834 27 76
123 -11.0 85.0 16.0 184.888447344 495 812 27 76
124 -11.0 85.0 17.0 184.880903566 496 790 27 77
125 -11.0 85.0 18.0 184.882729202 498 768 27 76
126 -11.0 85.0 19.0 184.894003339 500 746 27 77
127 -11.0 85.0 20.0 184.914806664 501 724 28 79
128 -11.0 85.0 21.0 184.945221588 503 702 28 77
129 -11.0 85.0 22.0 184.985332369 505 680 29 76
130 -11.0 85.0 23.0 185.035225254 506 657 30 77
131 -11.0 86.0 12.0 185.011013682 478 899 25 77
132 -11.0 86.0 13.0 184.967274451 480 877 26 77
133 -11.0 86.0 14.0 184.932498453 481 855 26 77
134 -11.0 86.0 15.0 184.906757654 483 833 27 76
135 -11.0 86.0 16.0 184.890125201 485 811 27 77
136 -11.0 86.0 17.0 184.882675506 487 789 27 75
137 -11.0 86.0 18.0 184.88448434 488 767 27 78
138 -11.0 86.0 19.0 184.895628922 490 745 27 77
139 -11.0 86.0 20.0 184.916188033 492 723 28 77
140 -11.0 86.0 21.0 184.946242125 493 701 28 77
141 -11.0 86.0 22.0 184.985873446 495 679 29 78
142 -11.0 86.0 23.0 185.035166171 497 657 30 77
143 -11.0 87.0 12.0 185.012925069 468 898 25 77
144 -11.0 87.0 13.0 184.969697929 470 876 26 76
145 -11.0 87.0 14.0 184.935332616 472 854 26 76
146 -11.0 87.0 15.0 184.909899438 474 832 27 76
147 -11.0 87.0 16.0 184.893469854 475 810 27 77
148 -11.0 87.0 17.0 184.886116555 477 788 27 77
149 -11.0 87.0 18.0 184.887913554 479 766 27 78
150 -11.0 87.0 19.0 184.898936276 480 744 27 77
151 -11.0 87.0 20.0 184.919261663 482 722 28 77
152 -11.0 87.0 21.0 184.948968284 484 700 28 77
153 -11.0 87.0 22.0 184.988136449 485 678 29 78
154 -11.0 87.0 23.0 185.036848345 487 655 29 79
155 -11.0 88.0 12.0 185.016461581 459 897 25 76
156 -11.0 88.0 13.0 184.973738979 460 875 26 78
157 -11.0 88.0 14.0 184.939779116 462 853 26 76
158 -11.0 88.0 15.0 184.914650699 464 831 26 76
159 -11.0 88.0 16.0 184.898423561 466 809 27 76
160 -11.0 88.0 17.0 184.891168734 467 787 27 78
161 -11.0 88.0 18.0 184.892958537 469 765 27 76
162 -11.0 88.0 19.0 184.903866667 471 743 27 78
163 -11.0 88.0 20.0 184.923968294 472 721 28 78
164 -11.0 88.0 21.0 184.95334017 474 699 28 76
165 -11.0 88.0 22.0 184.992060744 475 677 29 79
166 -11.0 88.0 23.0 185.040210284 477 654 29 79
167 -11.0 89.0 12.0 185.021568158 449 896 25 76
168 -11.0 89.0 13.0 184.979342654 451 874 26 76
169 -11.0 89.0 14.0 184.945783041 453 852 26 76
170 -11.0 89.0 15.0 184.920956481 454 830 26 77
171 -11.0 89.0 16.0 184.904931237 456 808 27 77
172 -11.0 89.0 17.0 184.897776742 458 786 27 77
173 -11.0 89.0 18.0 184.899563684 459 764 27 77
174 -11.0 89.0 19.0 184.910364089 461 742 27 77
175 -11.0 89.0 20.0 184.930251421 463 720 28 77
176 -11.0 89.0 21.0 184.959300686 464 698 28 77
177 -11.0 89.0 22.0 184.997588534 466 676 29 77
178 -11.0 89.0 23.0 185.045193388 467 653 29 78
179 -11.0 90.0 12.0 185.028192218 439 895 25 77
180 -11.0 90.0 13.0 184.98645649 441 873 25 77
181 -11.0 90.0 14.0 184.953291967 443 851 26 78
182 -11.0 90.0 15.0 184.928764322 445 829 26 76
183 -11.0 90.0 16.0 184.912940305 446 807 27 80
184 -11.0 90.0 17.0 184.905887803 448 785 27 77
185 -11.0 90.0 18.0 184.90767593 449 763 27 78
186 -11.0 90.0 19.0 184.918375104 451 741 27 78
187 -11.0 90.0 20.0 184.938057144 453 719 28 77
188 -11.0 90.0 21.0 184.966795367 454 697 28 81
189 -11.0 90.0 22.0 185.004664695 456 675 29 77
190 -11.0 91.0 12.0 185.036283523 430 894 26 76
191 -11.0 91.0 13.0 184.995030364 431 872 25 77
192 -11.0 91.0 14.0 184.962255817 433 850 26 78
193 -11.0 91.0 15.0 184.938024118 435 828 26 75
194 -11.0 91.0 16.0 184.922400553 437 806 26 77
195 -11.0 91.0 17.0 184.915451521 438 784 27 79
196 -11.0 91.0 18.0 184.917244615 440 762 27 77
197 -11.0 91.0 19.0 184.927848702 441 740 27 77
198 -11.0 91.0 20.0 184.947334013 443 718 28 78
199 -11.0 91.0 21.0 184.975772238 445 696 28 76
elapsed time is 1414.961159
