generating bragg masks, processing batch 19
2 -9.0 -7.0 50.0 96.6607150342 1258 129 2726 81
3 -8.0 -4.0 43.0 96.5217801486 1257 292 2230 81
6 -7.0 -7.0 51.0 95.3711405092 1234 107 830 81
7 -7.0 -6.0 49.0 97.6023761919 1242 154 1073 81
8 -7.0 -4.0 44.0 99.4099544586 1251 270 1611 72
12 -6.0 -8.0 54.0 97.9705239857 1228 37 747 84
13 -6.0 -7.0 52.0 98.5334741721 1231 84 791 81
14 -6.0 -5.0 47.0 96.1036620291 1231 202 701 81
15 -6.0 -3.0 42.0 99.9642809251 1245 316 1040 80
16 -6.0 -2.0 38.0 95.4847515151 1243 407 863 81
17 -6.0 -1.0 34.0 95.7434066449 1250 496 1112 81
21 -5.0 -8.0 54.0 95.1264590414 1209 38 500 79
22 -5.0 -7.0 52.0 95.3881066539 1213 86 511 87
23 -5.0 -6.0 50.0 96.3012752097 1218 133 541 84
24 -5.0 -5.0 48.0 98.0736443918 1224 179 601 79
25 -5.0 -4.0 45.0 95.9452592317 1224 249 550 77
26 -5.0 -3.0 42.0 95.2457540644 1227 318 554 78
27 -5.0 -2.0 39.0 96.3199223934 1233 385 613 80
28 -5.0 -1.0 35.0 95.6051013431 1239 475 659 73
29 -5.0 0.0 30.0 95.650275909 1247 585 832 77
33 -4.0 -8.0 55.0 97.4843921884 1206 15 477 84
34 -4.0 -7.0 53.0 97.5585847258 1208 63 476 87
35 -4.0 -6.0 51.0 98.1921524416 1212 110 489 78
36 -4.0 -5.0 48.0 95.3840729383 1208 180 433 78
37 -4.0 -5.0 49.0 99.4993684035 1217 157 519 81
38 -4.0 -4.0 46.0 97.382026685 1215 227 471 77
39 -4.0 -3.0 43.0 96.4798328367 1218 296 460 78
40 -4.0 -2.0 40.0 96.9378455886 1223 364 478 80
41 -4.0 -1.0 36.0 95.7689837622 1228 453 481 69
42 -4.0 -1.0 37.0 99.2904565252 1230 431 535 76
43 -4.0 0.0 32.0 97.8653166898 1236 542 554 77
44 -4.0 1.0 24.0 96.3736542469 1249 716 750 65
45 -4.0 1.0 25.0 99.0056767784 1249 695 763 79
50 -3.0 -8.0 55.0 95.5632859264 1190 16 377 83
52 -3.0 -7.0 53.0 95.5685989705 1192 64 375 82
53 -3.0 -7.0 54.0 99.3104262831 1202 39 440 88
54 -3.0 -6.0 51.0 96.007266964 1196 111 379 81
55 -3.0 -6.0 52.0 99.6848242833 1205 87 441 79
56 -3.0 -5.0 49.0 96.9462687987 1201 158 390 81
57 -3.0 -4.0 46.0 95.1780130278 1201 228 367 80
58 -3.0 -4.0 47.0 98.4902059208 1207 205 411 80
59 -3.0 -3.0 44.0 97.4256661722 1208 274 394 77
60 -3.0 -2.0 41.0 97.4657661817 1212 342 394 76
61 -3.0 -1.0 37.0 96.0301228452 1217 432 384 75
62 -3.0 -1.0 38.0 98.8755119674 1219 410 413 75
63 -3.0 0.0 33.0 96.91524845 1224 521 403 80
64 -3.0 0.0 34.0 99.5026478181 1225 499 427 77
65 -3.0 1.0 26.0 95.5153983572 1236 674 437 73
66 -3.0 1.0 27.0 97.4818443777 1235 652 445 77
67 -3.0 1.0 28.0 99.5108630559 1235 630 455 67
73 -2.0 -7.0 54.0 97.2802491454 1186 41 353 86
74 -2.0 -6.0 52.0 97.5373894568 1189 88 351 84
75 -2.0 -5.0 49.0 95.2188833369 1187 159 322 81
76 -2.0 -5.0 50.0 98.2231507687 1193 135 355 85
77 -2.0 -4.0 47.0 96.4284476748 1193 206 331 79
78 -2.0 -4.0 48.0 99.4004122108 1198 182 363 78
79 -2.0 -3.0 44.0 95.4547189586 1195 275 320 82
80 -2.0 -3.0 45.0 98.207675222 1199 252 345 78
81 -2.0 -2.0 41.0 95.3635028004 1199 343 317 78
82 -2.0 -2.0 42.0 97.9486217098 1202 320 338 81
83 -2.0 -1.0 38.0 96.3355920187 1206 411 323 74
84 -2.0 -1.0 39.0 98.7670169396 1207 388 342 77
85 -2.0 0.0 34.0 96.5382843934 1212 500 324 72
86 -2.0 0.0 35.0 98.7041780762 1213 477 339 77
87 -2.0 1.0 28.0 95.8704576122 1222 631 328 70
88 -2.0 1.0 29.0 97.5605759269 1222 610 335 74
89 -2.0 1.0 30.0 99.3107222351 1221 587 343 71
95 -1.0 -7.0 54.0 95.8054430499 1172 42 299 85
96 -1.0 -7.0 55.0 98.7451096623 1179 17 332 84
97 -1.0 -6.0 52.0 95.9906263075 1175 89 297 85
98 -1.0 -6.0 53.0 98.8368082829 1181 65 326 82
99 -1.0 -5.0 50.0 96.5341802823 1179 136 298 84
100 -1.0 -5.0 51.0 99.3040200713 1185 113 325 81
101 -1.0 -4.0 48.0 97.4804786394 1184 183 301 80
102 -1.0 -3.0 45.0 96.4007989388 1186 253 289 79
103 -1.0 -3.0 46.0 98.8893300848 1189 229 308 81
104 -1.0 -2.0 42.0 96.0919980746 1189 321 281 77
105 -1.0 -2.0 43.0 98.4061029962 1192 298 297 78
106 -1.0 -1.0 39.0 96.6653404394 1195 389 281 79
107 -1.0 -1.0 40.0 98.8154898156 1196 366 295 77
108 -1.0 0.0 35.0 96.4245710994 1201 478 275 77
109 -1.0 0.0 36.0 98.3230512818 1201 456 285 77
110 -1.0 1.0 6.0 97.7398603291 1260 1104 542 80
111 -1.0 1.0 29.0 95.0998863951 1210 611 267 73
112 -1.0 1.0 30.0 96.5862550086 1210 589 272 74
113 -1.0 1.0 31.0 98.1248282264 1209 567 278 75
114 -1.0 1.0 32.0 99.7200354094 1209 545 285 74
115 -1.0 2.0 14.0 99.654030922 1241 934 296 72
116 -1.0 2.0 15.0 98.4612048454 1240 912 290 70
117 -1.0 2.0 16.0 97.6952985184 1237 891 285 74
118 -1.0 2.0 17.0 97.2659485374 1235 869 281 72
119 -1.0 2.0 18.0 97.1069740747 1233 848 279 74
120 -1.0 2.0 19.0 97.1693034103 1231 827 277 75
121 -1.0 2.0 20.0 97.4161361973 1229 805 275 74
122 -1.0 2.0 21.0 97.8196186512 1227 784 275 76
123 -1.0 2.0 22.0 98.3585377071 1226 762 276 71
124 -1.0 2.0 23.0 99.0167060287 1223 741 277 72
125 -1.0 2.0 24.0 99.7818215803 1222 719 279 77
131 0.0 -7.0 55.0 97.2456705205 1165 18 284 86
133 0.0 -6.0 53.0 97.2987743616 1167 66 279 83
134 0.0 -6.0 54.0 99.9666433212 1173 42 304 82
135 0.0 -5.0 50.0 95.2506825495 1166 138 260 81
136 0.0 -5.0 51.0 97.6721535704 1171 114 277 81
137 0.0 -4.0 48.0 96.0428212943 1171 184 260 81
138 0.0 -4.0 49.0 98.3948082534 1175 161 277 81
139 0.0 -3.0 46.0 97.2238092628 1176 231 263 80
140 0.0 -3.0 47.0 99.505769207 1179 207 279 81
141 0.0 -2.0 43.0 96.7390632222 1179 299 254 77
142 0.0 -2.0 44.0 98.848162975 1181 276 268 77
143 0.0 -1.0 39.0 95.1301781886 1183 390 241 76
144 0.0 -1.0 40.0 97.010070457 1184 367 251 79
145 0.0 -1.0 41.0 98.9562202833 1185 344 260 77
146 0.0 0.0 36.0 96.4557430096 1190 457 242 77
147 0.0 0.0 37.0 98.1676652537 1190 435 249 77
148 0.0 0.0 38.0 99.9381707131 1191 412 258 77
149 0.0 1.0 31.0 96.0696666086 1198 568 232 76
150 0.0 1.0 32.0 97.4646254678 1197 545 238 75
151 0.0 1.0 33.0 98.9095665293 1197 524 243 76
152 0.0 2.0 11.0 99.1247316305 1239 999 206 72
153 0.0 2.0 12.0 97.3709756574 1237 977 208 72
154 0.0 2.0 13.0 96.081551089 1234 956 209 74
155 0.0 2.0 14.0 95.1678236945 1232 935 210 73
156 0.0 2.0 21.0 95.0535951183 1217 785 218 74
157 0.0 2.0 22.0 95.5956786255 1215 763 219 73
158 0.0 2.0 23.0 96.2307255344 1213 742 221 74
159 0.0 2.0 24.0 96.9505449834 1212 720 224 73
160 0.0 2.0 25.0 97.7487165683 1210 698 226 73
161 0.0 2.0 26.0 98.6203095497 1208 677 230 74
162 0.0 2.0 27.0 99.5616757748 1207 655 233 76
168 1.0 -7.0 55.0 96.0687288295 1152 20 251 85
169 1.0 -7.0 56.0 98.5232034145 1155 0 270 3
170 1.0 -6.0 53.0 96.0944746118 1154 67 247 83
171 1.0 -6.0 54.0 98.4556010086 1159 43 264 83
172 1.0 -5.0 51.0 96.4016335705 1158 115 245 81
173 1.0 -5.0 52.0 98.6785667717 1162 91 260 82
174 1.0 -4.0 49.0 97.0136004565 1162 162 243 80
175 1.0 -4.0 50.0 99.2106890852 1165 138 257 80
176 1.0 -3.0 46.0 95.9333458495 1164 232 232 79
177 1.0 -3.0 47.0 97.9608208167 1166 208 243 80
178 1.0 -2.0 43.0 95.4527765851 1167 300 224 78
179 1.0 -2.0 44.0 97.3312626711 1169 277 233 80
180 1.0 -2.0 45.0 99.280369383 1171 254 244 81
181 1.0 -1.0 40.0 95.6321574932 1173 369 219 77
182 1.0 -1.0 41.0 97.3648806199 1173 346 227 78
183 1.0 -1.0 42.0 99.1562427281 1174 323 236 78
184 1.0 0.0 -1.0 97.9467519155 1259 1254 80 71
185 1.0 0.0 37.0 96.5758505587 1179 436 216 77
186 1.0 0.0 38.0 98.1496790081 1179 413 222 77
187 1.0 0.0 39.0 99.7756240662 1179 390 230 76
188 1.0 1.0 3.0 99.3868270854 1248 1169 89 72
189 1.0 1.0 32.0 95.8085274009 1186 547 205 75
190 1.0 1.0 33.0 97.0987001841 1186 525 209 76
191 1.0 1.0 34.0 98.4342182099 1185 502 214 76
192 1.0 1.0 35.0 99.8176208073 1185 480 220 78
193 1.0 2.0 9.0 98.4898831275 1234 1042 143 70
194 1.0 2.0 10.0 96.6185212025 1232 1021 148 73
195 1.0 2.0 11.0 95.1621485515 1229 999 153 74
196 1.0 2.0 25.0 95.739261769 1200 700 191 74
197 1.0 2.0 26.0 96.5382396514 1198 678 194 73
198 1.0 2.0 27.0 97.3973826676 1196 656 197 75
199 1.0 2.0 28.0 98.3144100016 1195 634 201 75
200 1.0 2.0 29.0 99.2877582549 1194 612 205 76
206 2.0 -7.0 55.0 95.1133006549 1139 21 226 84
207 2.0 -7.0 56.0 97.3283034546 1144 0 240 13
209 2.0 -6.0 53.0 95.1190286381 1142 69 222 83
210 2.0 -6.0 54.0 97.2511653875 1146 44 234 83
211 2.0 -6.0 55.0 99.4953308482 1151 20 250 81
212 2.0 -5.0 51.0 95.3769546061 1146 116 219 81
213 2.0 -5.0 52.0 97.4318997902 1149 92 231 81
214 2.0 -5.0 53.0 99.5855982177 1153 68 245 81
215 2.0 -4.0 49.0 95.9065964408 1150 163 217 80
216 2.0 -4.0 50.0 97.8863709694 1152 139 228 82
217 2.0 -4.0 51.0 99.9543166629 1156 115 240 83
218 2.0 -3.0 47.0 96.7327346981 1154 209 216 80
219 2.0 -3.0 48.0 98.6357983499 1156 186 226 80
220 2.0 -2.0 44.0 96.1273493472 1157 278 208 79
221 2.0 -2.0 45.0 97.8849907873 1159 255 216 79
222 2.0 -2.0 46.0 99.706082867 1161 232 225 80
223 2.0 -1.0 41.0 96.1101604084 1162 347 202 78
224 2.0 -1.0 42.0 97.7269460096 1163 324 209 78
225 2.0 -1.0 43.0 99.396891577 1164 301 216 78
226 2.0 0.0 -2.0 98.5480220262 1252 1277 80 72
227 2.0 0.0 37.0 95.3310294977 1168 437 192 78
228 2.0 0.0 38.0 96.7547906573 1168 414 198 77
229 2.0 0.0 39.0 98.2221267524 1168 392 203 76
230 2.0 0.0 40.0 99.7369423377 1168 369 209 78
231 2.0 1.0 2.0 98.1680023759 1241 1192 46 71
232 2.0 1.0 33.0 95.7056691288 1175 526 185 75
233 2.0 1.0 34.0 96.9157570642 1174 503 189 77
234 2.0 1.0 35.0 98.1676351135 1174 481 194 75
235 2.0 1.0 36.0 99.4632379716 1173 458 198 77
236 2.0 2.0 7.0 98.8214263108 1229 1085 97 72
237 2.0 2.0 8.0 96.806782888 1227 1064 105 72
238 2.0 2.0 9.0 95.1704877443 1225 1043 111 71
239 2.0 2.0 27.0 95.7843638849 1186 657 172 75
240 2.0 2.0 28.0 96.6256796485 1185 635 175 73
241 2.0 2.0 29.0 97.5171472515 1184 613 179 75
242 2.0 2.0 30.0 98.4577264982 1182 591 182 75
243 2.0 2.0 31.0 99.4468555138 1181 569 186 74
244 2.0 3.0 16.0 99.8894370689 1209 894 142 72
elapsed time is 1470.708066
