generating bragg masks, processing batch 20
0 -7.0 -8.0 54.0 104.90001127 1259 36 3325 81
1 -7.0 -5.0 47.0 101.860903239 1254 201 2062 81
3 -6.0 -5.0 48.0 102.779580295 1245 179 1220 81
4 -6.0 -2.0 39.0 102.349357709 1252 385 1462 77
5 -6.0 -1.0 35.0 104.275454063 1259 474 2368 81
6 -6.0 0.0 29.0 101.981479868 1264 606 3600 81
10 -5.0 -7.0 53.0 100.123152233 1225 62 676 81
11 -5.0 -6.0 51.0 101.183770317 1229 109 726 87
12 -5.0 -5.0 49.0 103.379759727 1236 156 853 81
13 -5.0 -4.0 46.0 100.499384001 1232 226 697 80
14 -5.0 -2.0 40.0 100.741607353 1238 363 752 74
18 -4.0 -7.0 54.0 101.865013582 1219 39 604 81
19 -4.0 -6.0 52.0 102.478626408 1222 87 616 86
20 -4.0 -5.0 50.0 103.890656621 1227 134 660 77
21 -4.0 -4.0 47.0 101.18117807 1222 204 557 80
22 -4.0 -3.0 45.0 104.564678947 1231 250 659 75
23 -4.0 -2.0 41.0 100.336916067 1227 341 539 78
24 -4.0 -2.0 42.0 104.662359382 1233 318 654 80
25 -4.0 -1.0 38.0 102.67949457 1233 409 603 73
26 -4.0 0.0 33.0 100.80348581 1238 520 597 73
27 -4.0 0.0 34.0 104.416624509 1240 498 673 81
28 -4.0 1.0 26.0 101.176255175 1248 673 772 72
29 -4.0 1.0 27.0 103.965366279 1249 652 810 71
33 -3.0 -7.0 55.0 103.221327428 1213 16 539 79
34 -3.0 -6.0 53.0 103.483563661 1214 64 532 85
35 -3.0 -5.0 50.0 100.19737186 1207 135 443 78
36 -3.0 -5.0 51.0 104.36598626 1217 111 542 81
37 -3.0 -4.0 48.0 101.761833393 1213 182 466 80
38 -3.0 -3.0 45.0 100.422591697 1213 251 435 77
39 -3.0 -3.0 46.0 104.135020291 1219 228 506 83
40 -3.0 -2.0 42.0 100.283216937 1216 320 429 75
41 -3.0 -2.0 43.0 103.710763571 1220 296 485 79
42 -3.0 -1.0 39.0 101.55143983 1221 387 444 81
43 -3.0 -1.0 40.0 104.792100553 1224 364 495 75
44 -3.0 0.0 35.0 101.881364333 1226 477 450 77
45 -3.0 0.0 36.0 104.738510549 1228 454 488 81
46 -3.0 1.0 29.0 101.299099398 1234 609 465 77
47 -3.0 1.0 30.0 103.48577402 1234 587 483 76
52 -2.0 -7.0 55.0 100.372578751 1194 17 399 81
54 -2.0 -6.0 53.0 100.536686097 1196 65 394 82
55 -2.0 -6.0 54.0 104.318438245 1206 41 467 84
56 -2.0 -5.0 51.0 101.157048617 1199 112 394 81
57 -2.0 -5.0 52.0 104.824354494 1207 88 463 80
58 -2.0 -4.0 49.0 102.289259335 1203 159 403 81
59 -2.0 -3.0 46.0 100.837763669 1202 229 374 78
60 -2.0 -3.0 47.0 104.017774975 1208 205 418 83
61 -2.0 -2.0 43.0 100.388108218 1205 298 361 78
62 -2.0 -2.0 44.0 103.292077458 1209 275 395 76
63 -2.0 -1.0 40.0 101.03715903 1209 366 361 79
64 -2.0 -1.0 41.0 103.723076615 1212 343 389 80
65 -2.0 0.0 36.0 100.695669694 1214 455 353 75
66 -2.0 0.0 37.0 103.036342877 1215 433 372 80
67 -2.0 1.0 31.0 100.888636556 1221 566 351 78
68 -2.0 1.0 32.0 102.772617154 1221 544 363 77
69 -2.0 1.0 33.0 104.745051883 1221 521 378 74
70 -2.0 2.0 16.0 104.640732248 1248 890 457 80
71 -2.0 2.0 17.0 103.288149769 1246 869 433 72
72 -2.0 2.0 18.0 102.500550256 1244 847 415 72
73 -2.0 2.0 19.0 102.13461924 1242 826 402 74
74 -2.0 2.0 20.0 102.094219213 1240 804 391 73
75 -2.0 2.0 21.0 102.313091232 1238 783 385 78
76 -2.0 2.0 22.0 102.744646655 1237 761 380 70
77 -2.0 2.0 23.0 103.355730445 1235 740 378 76
78 -2.0 2.0 24.0 104.122703042 1234 718 378 74
79 -2.0 2.0 25.0 105.028932648 1232 696 379 70
84 -1.0 -6.0 54.0 101.608395362 1188 42 361 84
85 -1.0 -6.0 55.0 105.047957937 1197 17 417 88
86 -1.0 -5.0 52.0 101.983246088 1190 89 356 85
87 -1.0 -4.0 50.0 102.785814109 1193 136 356 82
88 -1.0 -3.0 47.0 101.249954082 1192 206 330 80
89 -1.0 -3.0 48.0 104.062226563 1197 183 360 81
90 -1.0 -2.0 44.0 100.579712462 1194 276 315 82
91 -1.0 -2.0 45.0 103.134721647 1197 252 338 78
92 -1.0 -1.0 41.0 100.818508136 1198 344 308 78
93 -1.0 -1.0 42.0 103.158951419 1200 321 328 81
94 -1.0 0.0 37.0 100.073570806 1202 434 295 79
95 -1.0 0.0 38.0 102.107823813 1203 411 308 78
96 -1.0 0.0 39.0 104.236128523 1204 389 324 76
97 -1.0 1.0 33.0 101.176649547 1208 522 292 74
98 -1.0 1.0 34.0 102.892824992 1209 500 302 74
99 -1.0 1.0 35.0 104.685300294 1209 478 313 80
100 -1.0 2.0 12.0 103.725247979 1246 976 312 73
101 -1.0 2.0 13.0 101.256204735 1244 955 304 77
102 -1.0 2.0 25.0 100.478109402 1221 698 281 71
103 -1.0 2.0 26.0 101.426946713 1219 676 284 73
104 -1.0 2.0 27.0 102.461488507 1218 654 288 77
105 -1.0 2.0 28.0 103.578874994 1217 632 292 77
106 -1.0 2.0 29.0 104.777924757 1216 610 298 75
112 0.0 -6.0 55.0 102.546203546 1180 19 332 86
113 0.0 -5.0 53.0 102.719537386 1181 66 325 83
114 0.0 -4.0 50.0 100.624863419 1178 137 295 81
115 0.0 -4.0 51.0 103.263254578 1184 114 321 82
116 0.0 -3.0 48.0 101.660821696 1182 184 296 79
117 0.0 -3.0 49.0 104.203001343 1187 161 319 80
118 0.0 -2.0 45.0 100.824485592 1183 254 281 78
119 0.0 -2.0 46.0 103.128522129 1187 230 298 79
120 0.0 -1.0 42.0 100.76853832 1187 322 272 77
121 0.0 -1.0 43.0 102.869435398 1189 299 286 77
122 0.0 0.0 39.0 101.577695244 1191 390 267 78
123 0.0 0.0 40.0 103.479717072 1192 367 278 78
124 0.0 1.0 4.0 102.947876001 1255 1147 194 72
125 0.0 1.0 34.0 100.23888909 1197 501 249 75
126 0.0 1.0 35.0 101.787195965 1196 479 257 75
127 0.0 1.0 36.0 103.398049029 1196 457 265 75
128 0.0 2.0 9.0 104.434090435 1243 1041 201 73
129 0.0 2.0 10.0 101.377960478 1241 1020 204 72
130 0.0 2.0 28.0 100.427190036 1206 633 237 76
131 0.0 2.0 29.0 101.496062517 1205 611 241 74
132 0.0 2.0 30.0 102.629655124 1204 589 246 75
133 0.0 2.0 31.0 103.828348654 1203 567 251 75
139 1.0 -6.0 55.0 100.706306667 1165 20 283 84
140 1.0 -6.0 56.0 103.387248822 1169 0 309 3
141 1.0 -5.0 53.0 100.839081562 1166 67 276 83
142 1.0 -5.0 54.0 103.393105368 1172 43 299 84
143 1.0 -4.0 51.0 101.287154708 1169 115 273 82
144 1.0 -4.0 52.0 103.728337842 1174 91 293 82
145 1.0 -3.0 49.0 102.071315564 1172 162 270 82
146 1.0 -3.0 50.0 104.406518583 1176 138 289 80
147 1.0 -2.0 46.0 101.104536194 1173 231 255 81
148 1.0 -2.0 47.0 103.218830496 1176 208 269 79
149 1.0 -1.0 43.0 100.82507153 1176 300 244 79
150 1.0 -1.0 44.0 102.748857283 1178 277 256 79
151 1.0 -1.0 45.0 104.761610656 1180 254 269 79
152 1.0 0.0 40.0 101.284633059 1180 368 237 77
153 1.0 0.0 41.0 103.023977123 1181 345 247 78
154 1.0 0.0 42.0 104.836446222 1182 322 257 78
155 1.0 1.0 36.0 101.097385425 1184 458 225 76
156 1.0 1.0 37.0 102.579106269 1185 435 232 76
157 1.0 1.0 38.0 104.119852968 1185 413 240 79
158 1.0 2.0 7.0 103.781351659 1238 1084 128 72
159 1.0 2.0 8.0 100.818796512 1236 1063 136 71
160 1.0 2.0 30.0 100.189935131 1193 591 209 75
161 1.0 2.0 31.0 101.268563598 1192 569 212 75
162 1.0 2.0 32.0 102.402329284 1191 546 217 76
163 1.0 2.0 33.0 103.592242929 1190 524 223 75
164 1.0 2.0 34.0 104.840025246 1190 502 228 76
165 1.0 3.0 14.0 104.487586541 1222 935 163 71
166 1.0 3.0 15.0 103.59944257 1220 914 167 72
167 1.0 3.0 16.0 102.929741949 1218 892 170 73
168 1.0 3.0 17.0 102.453400962 1217 871 174 73
169 1.0 3.0 18.0 102.148765687 1214 850 178 73
170 1.0 3.0 19.0 101.997261666 1213 828 181 75
171 1.0 3.0 20.0 101.983030435 1210 807 183 72
172 1.0 3.0 21.0 102.092584456 1209 786 186 74
173 1.0 3.0 22.0 102.314495637 1207 764 189 73
174 1.0 3.0 23.0 102.639123127 1205 742 192 74
175 1.0 3.0 24.0 103.058380889 1203 721 196 75
176 1.0 3.0 25.0 103.565542993 1202 699 198 75
177 1.0 3.0 26.0 104.15508356 1201 677 202 74
178 1.0 3.0 27.0 104.822548156 1199 655 206 75
183 2.0 -6.0 56.0 101.628020894 1156 0 266 13
185 2.0 -5.0 54.0 101.623578798 1157 44 259 83
186 2.0 -5.0 55.0 104.021613598 1163 20 279 82
187 2.0 -4.0 52.0 101.904070725 1159 92 253 80
188 2.0 -4.0 53.0 104.185223712 1164 68 271 81
189 2.0 -3.0 49.0 100.4201465 1159 163 236 80
190 2.0 -3.0 50.0 102.482025625 1162 139 249 79
191 2.0 -3.0 51.0 104.653584221 1166 115 264 82
192 2.0 -2.0 47.0 101.409414093 1163 209 235 79
193 2.0 -2.0 48.0 103.375068188 1165 186 246 81
194 2.0 -1.0 44.0 100.953666961 1165 278 224 79
195 2.0 -1.0 45.0 102.740732851 1167 255 232 79
196 2.0 -1.0 46.0 104.604300603 1169 232 243 79
197 2.0 0.0 41.0 101.145715484 1168 346 216 78
198 2.0 0.0 42.0 102.761604119 1169 323 223 78
199 2.0 0.0 43.0 104.440983539 1171 301 232 79
200 2.0 1.0 1.0 103.510228168 1243 1213 31 72
201 2.0 1.0 37.0 100.66667887 1173 436 203 76
202 2.0 1.0 38.0 102.050813887 1173 414 208 77
203 2.0 1.0 39.0 103.487121311 1173 391 215 77
204 2.0 1.0 40.0 104.980044358 1174 369 222 78
205 2.0 2.0 5.0 104.222158408 1233 1128 79 72
206 2.0 2.0 6.0 101.26255516 1231 1106 88 72
207 2.0 2.0 32.0 100.368268922 1180 547 189 75
208 2.0 2.0 33.0 101.449504899 1179 525 194 76
209 2.0 2.0 34.0 102.580038192 1178 503 198 76
210 2.0 2.0 35.0 103.761205354 1178 480 203 76
211 2.0 2.0 36.0 104.994912982 1178 458 209 76
212 2.0 3.0 11.0 103.93717497 1219 1000 120 69
213 2.0 3.0 12.0 102.701211281 1217 979 125 71
214 2.0 3.0 13.0 101.696031082 1215 958 129 73
215 2.0 3.0 14.0 100.897410916 1213 936 135 72
216 2.0 3.0 15.0 100.2836778 1211 915 138 70
217 2.0 3.0 23.0 100.166268391 1195 743 164 74
218 2.0 3.0 24.0 100.590617823 1193 721 167 75
219 2.0 3.0 25.0 101.089177852 1192 700 171 74
220 2.0 3.0 26.0 101.657663214 1190 678 174 74
221 2.0 3.0 27.0 102.292534136 1189 657 177 75
222 2.0 3.0 28.0 102.990931974 1187 634 181 75
223 2.0 3.0 29.0 103.750629621 1186 613 184 74
224 2.0 3.0 30.0 104.569995981 1185 591 188 75
229 3.0 -6.0 56.0 100.225927301 1142 1 236 23
232 3.0 -5.0 54.0 100.210814474 1144 46 230 82
233 3.0 -5.0 55.0 102.350002456 1148 21 244 83
234 3.0 -5.0 56.0 104.616968186 1155 1 261 17
235 3.0 -4.0 52.0 100.448662099 1146 93 224 81
236 3.0 -4.0 53.0 102.48753814 1150 69 237 81
237 3.0 -4.0 54.0 104.636617746 1155 45 252 82
238 3.0 -3.0 50.0 100.950856174 1149 140 220 81
239 3.0 -3.0 51.0 102.893344526 1152 116 233 81
elapsed time is 1478.327041
