generating bragg masks, processing batch 39
52 -43.0 128.0 10.0 200.031709002 5 869 24 91
53 -43.0 128.0 11.0 200.018596258 7 846 25 91
54 -43.0 128.0 12.0 200.011054282 10 824 25 90
55 -43.0 128.0 13.0 200.009118499 12 801 25 93
56 -43.0 128.0 14.0 200.012824923 14 779 25 91
57 -43.0 128.0 15.0 200.022210169 16 756 25 93
58 -43.0 128.0 16.0 200.03731149 18 734 26 90
62 -43.0 129.0 10.0 199.964183915 0 866 24 6
63 -43.0 129.0 11.0 199.951019816 1 845 24 26
64 -43.0 129.0 12.0 199.943387276 2 823 24 47
65 -43.0 129.0 13.0 199.94132119 3 800 24 69
66 -43.0 129.0 14.0 199.944857029 4 778 25 87
67 -43.0 129.0 15.0 199.954030861 6 755 26 92
68 -43.0 129.0 16.0 199.968879375 8 733 25 91
69 -43.0 129.0 17.0 199.989439909 10 710 25 91
70 -43.0 129.0 18.0 200.015750474 12 687 25 92
71 -43.0 129.0 19.0 200.047849786 15 665 26 92
81 -43.0 130.0 14.0 199.878864978 0 774 25 2
82 -43.0 130.0 15.0 199.887834643 0 753 25 14
83 -43.0 130.0 16.0 199.90243821 1 732 25 36
84 -43.0 130.0 17.0 199.922712459 2 709 25 56
85 -43.0 130.0 18.0 199.948694832 3 686 26 78
86 -43.0 130.0 19.0 199.980423463 5 664 26 90
87 -43.0 130.0 20.0 200.017937211 7 641 26 93
103 -43.0 131.0 19.0 199.914973661 0 661 26 4
104 -43.0 131.0 20.0 199.952083777 1 639 26 18
105 -43.0 131.0 21.0 199.994975601 1 617 26 39
106 -43.0 131.0 22.0 200.043688933 3 594 26 64
266 -42.0 122.0 9.0 200.045702076 64 898 24 90
267 -42.0 122.0 10.0 200.02617765 67 876 24 89
268 -42.0 122.0 11.0 200.012442695 69 854 25 91
269 -42.0 122.0 12.0 200.004535399 71 831 25 93
270 -42.0 122.0 13.0 200.00249457 73 809 25 88
271 -42.0 122.0 14.0 200.006359655 75 786 25 90
272 -42.0 122.0 15.0 200.016170771 77 764 25 90
273 -42.0 122.0 16.0 200.031968731 80 742 26 90
274 -42.0 123.0 7.0 200.024817846 50 942 24 89
275 -42.0 123.0 8.0 199.993881987 53 919 25 90
276 -42.0 123.0 9.0 199.968619722 55 897 24 90
277 -42.0 123.0 10.0 199.949067487 57 875 24 89
278 -42.0 123.0 11.0 199.935262282 59 852 24 91
279 -42.0 123.0 12.0 199.927241693 61 830 25 90
280 -42.0 123.0 13.0 199.925043913 63 808 25 89
281 -42.0 123.0 14.0 199.928707767 66 785 25 90
282 -42.0 123.0 15.0 199.938272735 68 763 25 91
283 -42.0 123.0 16.0 199.953778983 70 741 26 91
284 -42.0 123.0 17.0 199.975267389 72 718 26 89
285 -42.0 123.0 18.0 200.002779577 74 695 25 90
286 -42.0 123.0 19.0 200.036357948 76 673 26 91
287 -42.0 124.0 5.0 200.028342572 36 985 24 91
288 -42.0 124.0 6.0 199.986305751 38 963 24 89
289 -42.0 124.0 7.0 199.94983172 40 941 24 91
290 -42.0 124.0 8.0 199.91895529 43 918 24 89
291 -42.0 124.0 9.0 199.893711791 45 896 25 89
292 -42.0 124.0 10.0 199.874137089 47 874 24 90
293 -42.0 124.0 11.0 199.860267606 49 852 24 89
294 -42.0 124.0 12.0 199.852140339 52 829 24 90
295 -42.0 124.0 13.0 199.849792884 54 807 24 92
296 -42.0 124.0 14.0 199.853263454 56 784 25 91
297 -42.0 124.0 15.0 199.862590911 58 762 25 89
298 -42.0 124.0 16.0 199.877814788 60 740 25 91
299 -42.0 124.0 17.0 199.898975319 62 717 25 91
300 -42.0 124.0 18.0 199.926113469 64 694 26 90
301 -42.0 124.0 19.0 199.959270969 67 672 26 91
302 -42.0 124.0 20.0 199.998490347 69 649 27 92
303 -42.0 124.0 21.0 200.04381497 71 626 26 92
304 -42.0 125.0 4.0 200.002616737 24 1006 23 90
305 -42.0 125.0 5.0 199.955231756 26 984 24 91
306 -42.0 125.0 6.0 199.913336801 28 962 24 90
307 -42.0 125.0 7.0 199.876965648 31 940 24 90
308 -42.0 125.0 8.0 199.846152568 33 917 24 89
309 -42.0 125.0 9.0 199.820932345 35 895 24 89
310 -42.0 125.0 10.0 199.801340288 37 873 25 91
311 -42.0 125.0 11.0 199.787412255 40 851 25 89
312 -42.0 125.0 12.0 199.779184669 42 828 25 91
313 -42.0 125.0 13.0 199.77669454 44 806 25 91
314 -42.0 125.0 14.0 199.779979489 46 783 25 91
315 -42.0 125.0 15.0 199.78907777 48 761 25 89
316 -42.0 125.0 16.0 199.804028301 50 738 25 92
317 -42.0 125.0 17.0 199.824870685 52 716 25 90
318 -42.0 125.0 18.0 199.851645248 55 693 26 92
319 -42.0 125.0 19.0 199.884393063 57 671 26 91
320 -42.0 125.0 20.0 199.92315599 59 648 26 92
321 -42.0 125.0 21.0 199.96797671 61 625 26 92
322 -42.0 125.0 22.0 200.018898763 63 602 27 92
323 -42.0 126.0 2.0 200.042024347 9 1050 24 90
324 -42.0 126.0 3.0 199.984015431 12 1028 24 90
325 -42.0 126.0 4.0 199.931393519 14 1005 24 90
326 -42.0 126.0 5.0 199.884190932 16 983 24 90
327 -42.0 126.0 6.0 199.842440454 19 961 24 90
328 -42.0 126.0 7.0 199.80617534 21 939 24 90
329 -42.0 126.0 8.0 199.775429337 23 916 24 89
330 -42.0 126.0 9.0 199.750236693 26 894 24 91
331 -42.0 126.0 10.0 199.730632174 28 872 24 90
332 -42.0 126.0 11.0 199.716651087 30 850 25 89
333 -42.0 126.0 12.0 199.708329293 32 827 25 88
334 -42.0 126.0 13.0 199.705703233 34 805 25 89
335 -42.0 126.0 14.0 199.708809947 36 782 25 92
336 -42.0 126.0 15.0 199.717687099 38 760 25 90
337 -42.0 126.0 16.0 199.732373002 41 737 25 91
338 -42.0 126.0 17.0 199.752906649 43 715 26 91
339 -42.0 126.0 18.0 199.779327736 45 692 26 91
340 -42.0 126.0 19.0 199.8116767 47 670 26 91
341 -42.0 126.0 20.0 199.849994745 49 647 26 93
342 -42.0 126.0 21.0 199.894323886 51 624 27 93
343 -42.0 126.0 22.0 199.944706977 53 601 26 91
344 -42.0 126.0 23.0 200.00118776 55 579 27 93
345 -42.0 127.0 1.0 200.035418172 1 1071 24 25
346 -42.0 127.0 2.0 199.972347638 2 1049 24 48
347 -42.0 127.0 3.0 199.914596323 3 1027 24 70
348 -42.0 127.0 4.0 199.862195615 4 1004 24 89
349 -42.0 127.0 5.0 199.815177342 7 982 24 89
350 -42.0 127.0 6.0 199.773573787 9 960 24 90
351 -42.0 127.0 7.0 199.737417702 11 938 24 90
352 -42.0 127.0 8.0 199.706742316 13 915 25 90
353 -42.0 127.0 9.0 199.681581355 16 893 24 91
354 -42.0 127.0 10.0 199.661969056 18 871 24 90
355 -42.0 127.0 11.0 199.647940187 20 849 24 91
356 -42.0 127.0 12.0 199.639530062 22 826 24 90
357 -42.0 127.0 13.0 199.636774563 24 804 25 92
358 -42.0 127.0 14.0 199.639710165 27 781 25 91
359 -42.0 127.0 15.0 199.648373954 29 759 26 91
360 -42.0 127.0 16.0 199.662803657 31 736 26 92
361 -42.0 127.0 17.0 199.683037665 33 714 25 91
362 -42.0 127.0 18.0 199.709115065 35 691 25 92
363 -42.0 127.0 19.0 199.741075668 37 668 26 90
364 -42.0 127.0 20.0 199.778960044 39 646 26 91
365 -42.0 127.0 21.0 199.822809553 41 623 26 93
366 -42.0 127.0 22.0 199.872666384 43 600 26 93
367 -42.0 127.0 23.0 199.928573596 45 577 27 92
368 -42.0 127.0 24.0 199.990575156 47 554 27 92
373 -42.0 128.0 4.0 199.794981548 0 1000 23 2
374 -42.0 128.0 5.0 199.748149363 1 981 24 22
375 -42.0 128.0 6.0 199.706695026 2 959 24 43
376 -42.0 128.0 7.0 199.67065079 3 937 24 64
377 -42.0 128.0 8.0 199.640049383 4 914 24 84
378 -42.0 128.0 9.0 199.614924021 6 892 25 90
379 -42.0 128.0 10.0 199.595308424 8 870 25 90
380 -42.0 128.0 11.0 199.581236832 10 848 25 91
381 -42.0 128.0 12.0 199.572744024 13 825 25 90
382 -42.0 128.0 13.0 199.56986534 15 803 25 92
383 -42.0 128.0 14.0 199.572636699 17 780 25 91
384 -42.0 128.0 15.0 199.581094625 19 758 25 91
385 -42.0 128.0 16.0 199.595276271 21 735 25 90
386 -42.0 128.0 17.0 199.615219443 23 713 25 91
387 -42.0 128.0 18.0 199.640962631 25 690 26 92
388 -42.0 128.0 19.0 199.672545038 27 667 26 92
389 -42.0 128.0 20.0 199.71000661 29 645 26 92
390 -42.0 128.0 21.0 199.753388073 31 622 26 92
391 -42.0 128.0 22.0 199.802730966 33 599 27 91
392 -42.0 128.0 23.0 199.858077681 35 576 26 94
393 -42.0 128.0 24.0 199.919471502 37 553 27 92
394 -42.0 128.0 25.0 199.98695665 39 530 27 91
405 -42.0 129.0 9.0 199.550223517 0 891 24 13
406 -42.0 129.0 10.0 199.530608909 1 869 24 34
407 -42.0 129.0 11.0 199.516499448 2 847 25 55
408 -42.0 129.0 12.0 199.50792939 3 824 25 78
409 -42.0 129.0 13.0 199.504933542 5 802 25 89
410 -42.0 129.0 14.0 199.507547284 7 779 25 91
411 -42.0 129.0 15.0 199.51580659 9 757 25 92
412 -42.0 129.0 16.0 199.529748051 11 734 25 92
413 -42.0 129.0 17.0 199.549408904 13 711 26 92
414 -42.0 129.0 18.0 199.574827055 15 689 26 92
415 -42.0 129.0 19.0 199.606041113 17 666 25 92
416 -42.0 129.0 20.0 199.643090416 20 643 26 91
417 -42.0 129.0 21.0 199.686015071 21 621 26 92
418 -42.0 129.0 22.0 199.734855982 23 598 26 94
419 -42.0 129.0 23.0 199.78965489 26 575 27 92
420 -42.0 129.0 24.0 199.850454415 28 552 26 93
421 -42.0 129.0 25.0 199.917298095 30 529 27 93
436 -42.0 130.0 13.0 199.44193828 0 799 24 5
437 -42.0 130.0 14.0 199.444400797 1 778 25 23
438 -42.0 130.0 15.0 199.452468479 2 756 26 43
439 -42.0 130.0 16.0 199.466177368 3 733 25 65
440 -42.0 130.0 17.0 199.485564143 4 710 25 85
441 -42.0 130.0 18.0 199.510666142 5 688 25 91
442 -42.0 130.0 19.0 199.541521393 8 665 26 91
443 -42.0 130.0 20.0 199.578168644 10 642 26 92
444 -42.0 130.0 21.0 199.620647392 12 619 26 92
445 -42.0 130.0 22.0 199.668997924 13 597 26 93
446 -42.0 130.0 23.0 199.723261348 16 574 27 95
447 -42.0 130.0 24.0 199.783479633 18 551 27 94
468 -42.0 131.0 18.0 199.448438842 0 685 26 8
469 -42.0 131.0 19.0 199.478944537 1 664 26 27
470 -42.0 131.0 20.0 199.515199641 2 641 26 48
471 -42.0 131.0 21.0 199.557243062 3 618 26 68
472 -42.0 131.0 22.0 199.60511448 4 595 27 85
473 -42.0 131.0 23.0 199.658854384 6 572 26 95
686 -41.0 116.0 11.0 200.0482161 130 860 24 88
687 -41.0 116.0 12.0 200.040005187 132 838 25 87
688 -41.0 116.0 13.0 200.037947547 134 816 25 89
689 -41.0 116.0 14.0 200.042086619 136 794 26 88
690 -41.0 117.0 8.0 200.021450948 113 926 24 89
691 -41.0 117.0 9.0 199.995032447 115 904 25 90
692 -41.0 117.0 10.0 199.974594982 118 882 25 89
693 -41.0 117.0 11.0 199.960179249 120 860 24 87
694 -41.0 117.0 12.0 199.951826596 122 837 24 90
695 -41.0 117.0 13.0 199.949579036 124 815 24 88
696 -41.0 117.0 14.0 199.953479287 126 793 26 90
697 -41.0 117.0 15.0 199.963570789 129 770 26 89
elapsed time is 1544.780607
