generating bragg masks, processing batch 56
2110 -137.0 -15.0 19.0 282.243253608 0 659 26 2
2120 -137.0 -14.0 19.0 281.812310985 0 660 25 7
2126 -137.0 -13.0 18.0 281.166414107 0 681 26 3
2127 -137.0 -13.0 19.0 281.380893471 1 660 26 19
2130 -137.0 -12.0 17.0 280.527522749 0 702 25 1
2131 -137.0 -12.0 18.0 280.735032485 0 681 26 12
2132 -137.0 -12.0 19.0 280.949046062 1 659 26 33
2133 -137.0 -12.0 20.0 281.169606144 2 636 26 58
2134 -137.0 -11.0 17.0 280.096272446 0 702 25 5
2135 -137.0 -11.0 18.0 280.303286388 1 681 25 24
2136 -137.0 -11.0 19.0 280.516814282 2 658 26 46
2137 -137.0 -11.0 20.0 280.736899188 3 636 26 69
2138 -137.0 -10.0 19.0 280.084244153 2 658 26 59
2139 -137.0 -10.0 20.0 280.303833592 3 635 26 77
2467 -136.0 -20.0 19.0 284.401586335 0 666 25 7
2468 -136.0 -20.0 20.0 284.626836624 1 644 26 26
2498 -136.0 -19.0 18.0 283.752200216 0 687 26 6
2499 -136.0 -19.0 19.0 283.970626066 1 666 26 24
2500 -136.0 -19.0 20.0 284.195563246 2 643 25 47
2522 -136.0 -18.0 17.0 283.109281468 0 709 25 5
2523 -136.0 -18.0 18.0 283.320874602 1 688 25 22
2524 -136.0 -18.0 19.0 283.538952346 2 665 26 44
2525 -136.0 -18.0 20.0 283.763555409 3 643 26 63
2541 -136.0 -17.0 16.0 282.472933585 0 731 25 3
2542 -136.0 -17.0 17.0 282.677687638 1 709 25 17
2543 -136.0 -17.0 18.0 282.888898961 1 687 25 39
2544 -136.0 -17.0 19.0 283.106608013 2 664 25 61
2545 -136.0 -17.0 20.0 283.330855932 3 642 26 78
2557 -136.0 -16.0 15.0 281.843257042 0 752 25 1
2558 -136.0 -16.0 16.0 282.041167579 0 731 26 13
2559 -136.0 -16.0 17.0 282.245507425 1 709 26 35
2560 -136.0 -16.0 18.0 282.456316796 2 686 26 56
2561 -136.0 -16.0 19.0 282.67363657 3 664 26 77
2562 -136.0 -16.0 20.0 282.897508315 5 641 25 89
2571 -136.0 -15.0 15.0 281.411413715 0 752 25 7
2572 -136.0 -15.0 16.0 281.60887897 1 731 25 27
2573 -136.0 -15.0 17.0 281.812784937 2 708 25 50
2574 -136.0 -15.0 18.0 282.02317224 3 685 26 72
2575 -136.0 -15.0 19.0 282.240082171 4 663 26 86
2576 -136.0 -15.0 20.0 282.46355672 6 640 26 90
2581 -136.0 -14.0 14.0 280.78852211 0 774 25 3
2582 -136.0 -14.0 15.0 280.979111617 1 752 25 21
2583 -136.0 -14.0 16.0 281.176112417 2 730 25 43
2584 -136.0 -14.0 17.0 281.379564884 3 707 25 65
2585 -136.0 -14.0 18.0 281.589510041 4 685 25 83
2586 -136.0 -14.0 19.0 281.805989591 6 662 25 88
2587 -136.0 -14.0 20.0 282.029045945 8 639 26 92
2588 -136.0 -14.0 21.0 282.258722249 10 617 26 86
2590 -136.0 -13.0 14.0 280.35630007 0 774 25 13
2591 -136.0 -13.0 15.0 280.546395905 1 752 26 34
2592 -136.0 -13.0 16.0 280.742913142 2 729 26 56
2593 -136.0 -13.0 17.0 280.945892542 3 707 26 77
2594 -136.0 -13.0 18.0 281.155375527 5 684 26 88
2595 -136.0 -13.0 19.0 281.371404205 7 661 26 88
2596 -136.0 -13.0 20.0 281.594021402 9 639 26 92
2597 -136.0 -13.0 21.0 281.823270689 12 616 26 88
2598 -136.0 -12.0 15.0 280.113312254 2 751 25 46
2599 -136.0 -12.0 16.0 280.309326898 3 728 25 71
2600 -136.0 -12.0 17.0 280.511813739 4 706 25 85
2601 -136.0 -12.0 18.0 280.720814591 6 683 26 88
2602 -136.0 -12.0 19.0 280.936371963 8 661 26 88
2603 -136.0 -12.0 20.0 281.158529091 11 638 26 92
2604 -136.0 -12.0 21.0 281.387329966 13 615 26 88
2605 -136.0 -11.0 17.0 280.077374822 5 705 25 89
2606 -136.0 -11.0 18.0 280.285873658 8 682 25 90
2607 -136.0 -11.0 19.0 280.500939362 10 660 25 90
2608 -136.0 -11.0 20.0 280.722615574 12 637 26 90
2609 -136.0 -11.0 21.0 280.9509467 14 614 26 84
2610 -136.0 -10.0 19.0 280.065153419 11 659 26 90
2611 -136.0 -10.0 20.0 280.286327947 13 636 26 86
2612 -136.0 -10.0 21.0 280.51416806 15 614 26 92
2613 -136.0 -9.0 21.0 280.077041734 17 613 26 93
2871 -135.0 -22.0 16.0 284.637376405 0 736 25 8
2872 -135.0 -22.0 17.0 284.845408349 1 715 26 26
2909 -135.0 -21.0 15.0 284.004538169 0 758 25 7
2910 -135.0 -21.0 16.0 284.20583678 1 737 25 26
2911 -135.0 -21.0 17.0 284.413551113 2 714 25 47
2912 -135.0 -21.0 18.0 284.627719773 3 692 26 66
2913 -135.0 -21.0 19.0 284.848381989 4 669 26 84
2949 -135.0 -20.0 14.0 283.37803432 0 780 25 5
2950 -135.0 -20.0 15.0 283.572590158 1 759 25 25
2951 -135.0 -20.0 16.0 283.773537144 2 736 25 45
2952 -135.0 -20.0 17.0 283.98091371 3 714 25 65
2953 -135.0 -20.0 18.0 284.194758898 4 691 25 83
2954 -135.0 -20.0 19.0 284.415112378 6 668 26 89
2955 -135.0 -20.0 20.0 284.64201448 8 646 26 87
2956 -135.0 -20.0 21.0 284.875506222 10 623 26 93
2981 -135.0 -19.0 13.0 282.757967242 0 801 24 4
2982 -135.0 -19.0 14.0 282.945772782 1 780 24 23
2983 -135.0 -19.0 15.0 283.139944224 2 758 25 42
2984 -135.0 -19.0 16.0 283.34051983 3 735 26 63
2985 -135.0 -19.0 17.0 283.547538456 4 713 26 83
2986 -135.0 -19.0 18.0 283.761039571 6 690 26 89
2987 -135.0 -19.0 19.0 283.981063287 8 668 26 89
2988 -135.0 -19.0 20.0 284.207650382 10 645 26 91
2989 -135.0 -19.0 21.0 284.440842333 12 622 26 88
3006 -135.0 -18.0 12.0 282.14443639 0 822 24 2
3007 -135.0 -18.0 13.0 282.325486042 0 802 25 17
3008 -135.0 -18.0 14.0 282.512875679 1 780 25 38
3009 -135.0 -18.0 15.0 282.706643397 2 757 25 60
3010 -135.0 -18.0 16.0 282.90682787 4 734 25 80
3011 -135.0 -18.0 17.0 283.113468372 5 712 25 88
3012 -135.0 -18.0 18.0 283.326604798 7 690 26 90
3013 -135.0 -18.0 19.0 283.546277697 9 667 26 90
3014 -135.0 -18.0 20.0 283.772528293 12 644 26 89
3015 -135.0 -18.0 21.0 284.005398519 14 621 26 90
3027 -135.0 -17.0 12.0 281.711828305 0 823 25 12
3028 -135.0 -17.0 13.0 281.892431826 1 801 25 32
3029 -135.0 -17.0 14.0 282.079386684 2 779 25 54
3030 -135.0 -17.0 15.0 282.272731372 3 756 25 76
3031 -135.0 -17.0 16.0 282.472504972 5 734 25 86
3032 -135.0 -17.0 17.0 282.67874717 7 711 25 89
3033 -135.0 -17.0 18.0 282.891498288 9 689 25 90
3034 -135.0 -17.0 19.0 283.110799306 11 666 25 90
3035 -135.0 -17.0 20.0 283.33669189 13 643 26 85
3036 -135.0 -17.0 21.0 283.569218425 15 621 26 92
3044 -135.0 -16.0 11.0 281.10489481 0 844 25 6
3045 -135.0 -16.0 12.0 281.278709864 1 823 25 28
3046 -135.0 -16.0 13.0 281.458848854 2 801 24 48
3047 -135.0 -16.0 14.0 281.645350098 3 778 25 70
3048 -135.0 -16.0 15.0 281.838252485 4 756 25 87
3049 -135.0 -16.0 16.0 282.037595497 6 733 25 88
3050 -135.0 -16.0 17.0 282.243419232 9 711 26 90
3051 -135.0 -16.0 18.0 282.455764431 11 688 26 88
3052 -135.0 -16.0 19.0 282.674672504 13 665 26 89
3053 -135.0 -16.0 20.0 282.900185556 15 643 25 90
3054 -135.0 -16.0 21.0 283.132346421 17 620 26 90
3055 -135.0 -16.0 22.0 283.371198693 19 597 26 93
3058 -135.0 -15.0 10.0 280.504777568 0 865 25 3
3059 -135.0 -15.0 11.0 280.671803767 0 844 24 19
3060 -135.0 -15.0 12.0 280.845125857 2 822 24 41
3061 -135.0 -15.0 13.0 281.024781978 3 800 25 64
3062 -135.0 -15.0 14.0 281.210810829 4 777 25 82
3063 -135.0 -15.0 15.0 281.403251688 6 755 25 89
3064 -135.0 -15.0 16.0 281.602144436 8 732 25 90
3065 -135.0 -15.0 17.0 281.80752958 10 710 25 89
3066 -135.0 -15.0 18.0 282.019448275 12 687 25 89
3067 -135.0 -15.0 19.0 282.237942355 14 665 26 90
3068 -135.0 -15.0 20.0 282.463054363 17 642 26 90
3069 -135.0 -15.0 21.0 282.694827575 19 619 27 88
3070 -135.0 -15.0 22.0 282.933306041 21 596 26 90
3071 -135.0 -14.0 10.0 280.071804196 0 865 24 11
3072 -135.0 -14.0 11.0 280.238310328 1 844 24 34
3073 -135.0 -14.0 12.0 280.411121631 2 822 25 55
3074 -135.0 -14.0 13.0 280.590276617 3 799 25 76
3075 -135.0 -14.0 14.0 280.77581436 5 777 25 91
3076 -135.0 -14.0 15.0 280.967774525 7 754 25 89
3077 -135.0 -14.0 16.0 281.166197388 9 732 25 88
3078 -135.0 -14.0 17.0 281.371123857 12 709 26 88
3079 -135.0 -14.0 18.0 281.582595499 14 686 25 89
3080 -135.0 -14.0 19.0 281.80065457 16 664 25 88
3081 -135.0 -14.0 20.0 282.025344042 18 641 26 92
3082 -135.0 -14.0 21.0 282.256707632 20 618 26 84
3083 -135.0 -14.0 22.0 282.494789841 22 596 27 92
3084 -135.0 -13.0 13.0 280.15537873 4 798 24 87
3085 -135.0 -13.0 14.0 280.340406732 6 776 25 89
3086 -135.0 -13.0 15.0 280.531867111 9 753 25 89
3087 -135.0 -13.0 16.0 280.729800532 11 731 25 89
3088 -135.0 -13.0 17.0 280.934248301 13 708 26 89
3089 -135.0 -13.0 18.0 281.145252394 15 686 26 89
3090 -135.0 -13.0 19.0 281.362855482 17 663 26 89
3091 -135.0 -13.0 20.0 281.587100962 20 640 26 92
3092 -135.0 -13.0 21.0 281.818032989 22 618 26 88
3093 -135.0 -13.0 22.0 282.055696507 24 595 26 92
3094 -135.0 -12.0 15.0 280.095576098 10 753 25 90
3095 -135.0 -12.0 16.0 280.2930006 12 730 25 87
3096 -135.0 -12.0 17.0 280.496949718 14 708 25 90
3097 -135.0 -12.0 18.0 280.70746583 17 685 25 89
3098 -135.0 -12.0 19.0 280.924592019 19 662 26 89
3099 -135.0 -12.0 20.0 281.148372103 21 640 26 91
3100 -135.0 -12.0 21.0 281.378850667 23 617 26 88
3101 -135.0 -12.0 22.0 281.616073097 25 594 27 93
3102 -135.0 -11.0 17.0 280.059275454 16 707 26 89
3103 -135.0 -11.0 18.0 280.269283234 18 684 26 88
3104 -135.0 -11.0 19.0 280.485911681 20 661 26 89
3105 -135.0 -11.0 20.0 280.709205029 22 639 26 89
3106 -135.0 -11.0 21.0 280.939208288 25 616 26 88
3107 -135.0 -11.0 22.0 281.175967282 27 593 26 92
3108 -135.0 -10.0 20.0 280.269647858 24 638 26 87
3109 -135.0 -10.0 21.0 280.499154044 26 615 27 92
3110 -135.0 -10.0 22.0 280.735427316 28 592 26 92
3111 -135.0 -9.0 21.0 280.058736668 27 614 26 92
3112 -135.0 -9.0 22.0 280.294502015 29 592 27 86
3305 -134.0 -24.0 13.0 284.92831719 0 806 25 6
3339 -134.0 -23.0 12.0 284.311987815 0 828 25 7
3340 -134.0 -23.0 13.0 284.496321565 1 807 25 26
3341 -134.0 -23.0 14.0 284.686980981 2 785 25 44
3342 -134.0 -23.0 15.0 284.884002564 3 762 25 64
3376 -134.0 -22.0 11.0 283.701865384 0 850 25 5
3377 -134.0 -22.0 12.0 283.879539679 1 829 25 23
3378 -134.0 -22.0 13.0 284.063516972 2 807 25 44
3379 -134.0 -22.0 14.0 284.253833657 3 784 24 65
3380 -134.0 -22.0 15.0 284.450526659 4 761 26 84
3381 -134.0 -22.0 16.0 284.65363345 6 739 26 90
3382 -134.0 -22.0 17.0 284.863192075 8 717 26 89
3415 -134.0 -21.0 10.0 283.09805092 0 871 25 4
3416 -134.0 -21.0 11.0 283.269057292 1 850 24 22
3417 -134.0 -21.0 12.0 283.446343279 2 828 24 42
3418 -134.0 -21.0 13.0 283.629945172 3 806 25 64
3419 -134.0 -21.0 14.0 283.819899778 4 783 25 82
elapsed time is 1145.063765
