generating bragg masks, processing batch 14
3 -17.0 -9.0 53.0 72.0868539639 1257 46 2267 81
6 -16.0 -8.0 51.0 72.5130744226 1256 95 2124 81
10 -15.0 -10.0 54.0 70.8919794423 1229 25 775 81
14 -14.0 -10.0 54.0 73.2533420393 1227 26 743 81
15 -14.0 -9.0 52.0 70.7171939512 1227 74 705 81
20 -13.0 -11.0 55.0 70.9069842148 1205 4 479 81
21 -13.0 -10.0 54.0 75.0077380253 1224 27 677 87
22 -13.0 -9.0 52.0 73.0137346794 1225 75 665 81
23 -13.0 -8.0 50.0 71.3582515735 1227 122 684 87
24 -13.0 -7.0 48.0 70.0656799731 1232 169 740 83
29 -12.0 -11.0 55.0 72.4269780909 1201 5 447 86
30 -12.0 -10.0 53.0 70.5883569529 1203 53 442 84
31 -12.0 -9.0 52.0 74.7282406499 1220 76 603 86
32 -12.0 -8.0 50.0 73.5431537702 1224 124 631 86
33 -12.0 -7.0 48.0 72.8217377116 1230 170 696 89
34 -12.0 -6.0 46.0 72.8062933905 1237 217 839 81
35 -12.0 -5.0 44.0 74.314546101 1248 263 1283 81
40 -11.0 -11.0 55.0 73.6665804096 1196 6 414 82
41 -11.0 -10.0 53.0 72.1102991849 1198 54 412 81
42 -11.0 -9.0 51.0 70.7799267091 1202 102 419 88
43 -11.0 -7.0 48.0 74.7991138743 1226 172 623 82
44 -11.0 -4.0 41.0 70.4612293148 1241 333 860 84
45 -11.0 -2.0 36.0 71.2683928896 1260 445 2570 72
52 -10.0 -11.0 54.0 70.6922638253 1179 32 327 87
53 -10.0 -11.0 55.0 74.6820269477 1190 7 381 84
54 -10.0 -10.0 53.0 73.3567533019 1193 55 381 84
55 -10.0 -9.0 51.0 72.2707758983 1197 103 388 84
56 -10.0 -8.0 49.0 71.4575866535 1203 150 404 81
57 -10.0 -7.0 47.0 70.9854107455 1209 196 433 82
58 -10.0 -6.0 45.0 70.9860183648 1217 243 481 85
59 -10.0 -5.0 43.0 71.7347641054 1227 288 569 79
60 -10.0 -4.0 41.0 73.9538385429 1238 334 776 79
68 -9.0 -11.0 54.0 71.8441373122 1174 33 308 86
69 -9.0 -10.0 52.0 70.6807985636 1178 81 310 87
70 -9.0 -10.0 53.0 74.3834114929 1187 56 351 87
71 -9.0 -9.0 51.0 73.4893058906 1191 104 358 81
72 -9.0 -8.0 49.0 72.8782123398 1197 151 372 81
73 -9.0 -7.0 47.0 72.622183897 1204 198 396 85
74 -9.0 -6.0 45.0 72.852315521 1212 244 436 83
75 -9.0 -5.0 43.0 73.8254853643 1222 290 504 80
76 -9.0 -4.0 40.0 70.2358290682 1225 358 508 81
77 -9.0 -3.0 38.0 73.4732922431 1238 403 712 82
78 -9.0 -2.0 35.0 71.9545581936 1246 469 920 78
79 -9.0 -1.0 32.0 74.7310882552 1259 536 2095 72
85 -8.0 -12.0 55.0 70.8792605438 1156 10 263 84
87 -8.0 -11.0 54.0 72.8326650577 1168 34 288 84
88 -8.0 -10.0 52.0 71.827456683 1172 82 290 85
89 -8.0 -9.0 50.0 71.0259544047 1178 129 296 81
90 -8.0 -9.0 51.0 74.4931090821 1185 105 329 82
91 -8.0 -8.0 48.0 70.4627047545 1185 176 306 83
92 -8.0 -8.0 49.0 74.0319178841 1191 152 340 82
93 -8.0 -7.0 46.0 70.195159138 1192 222 323 83
94 -8.0 -7.0 47.0 73.9230429839 1198 199 360 84
95 -8.0 -6.0 44.0 70.3191649098 1200 268 347 80
96 -8.0 -6.0 45.0 74.2860976629 1206 245 391 81
97 -8.0 -5.0 42.0 71.0028543867 1210 314 385 80
98 -8.0 -4.0 40.0 72.5729393257 1220 359 452 81
99 -8.0 -3.0 37.0 70.3849412845 1227 426 491 81
107 -7.0 -12.0 55.0 71.809043591 1150 11 249 86
109 -7.0 -11.0 53.0 70.7495214487 1154 59 249 86
110 -7.0 -11.0 54.0 73.6860476551 1161 35 270 84
111 -7.0 -10.0 52.0 72.811625998 1166 83 271 83
112 -7.0 -9.0 50.0 72.1443880512 1172 130 276 83
113 -7.0 -8.0 48.0 71.7198088582 1178 177 285 80
114 -7.0 -8.0 49.0 74.9791761393 1184 153 312 85
115 -7.0 -7.0 46.0 71.5943536717 1186 223 299 84
116 -7.0 -7.0 47.0 74.9693483316 1191 200 327 81
117 -7.0 -6.0 44.0 71.8584691406 1194 269 318 81
118 -7.0 -5.0 42.0 72.663214852 1204 315 348 79
119 -7.0 -4.0 39.0 70.357312154 1210 383 360 81
120 -7.0 -4.0 40.0 74.281928869 1214 360 397 81
121 -7.0 -3.0 37.0 72.7958158802 1221 427 429 76
122 -7.0 -2.0 34.0 72.3963610644 1231 494 505 81
123 -7.0 -1.0 31.0 74.4140267634 1243 560 715 74
132 -6.0 -12.0 55.0 72.6305657239 1143 12 235 86
133 -6.0 -11.0 53.0 71.6846539472 1148 60 235 84
134 -6.0 -11.0 54.0 74.4279806888 1154 36 253 85
135 -6.0 -10.0 51.0 70.9043107671 1154 108 237 83
136 -6.0 -10.0 52.0 73.6619141231 1159 84 254 83
137 -6.0 -9.0 49.0 70.3107026148 1160 155 241 83
138 -6.0 -9.0 50.0 73.1024895743 1165 131 259 85
139 -6.0 -8.0 48.0 72.784342248 1172 178 265 82
140 -6.0 -7.0 46.0 72.7605792348 1179 224 276 82
141 -6.0 -6.0 43.0 70.0693508394 1184 293 272 80
142 -6.0 -6.0 44.0 73.113076527 1188 270 291 80
143 -6.0 -5.0 41.0 70.7708742469 1194 339 292 79
144 -6.0 -5.0 42.0 73.9722186301 1197 316 314 80
145 -6.0 -4.0 39.0 72.1343863491 1204 384 323 79
146 -6.0 -3.0 36.0 70.9116095304 1212 451 346 78
147 -6.0 -3.0 37.0 74.5239417417 1215 429 373 81
148 -6.0 -2.0 33.0 70.6350198252 1223 518 392 74
149 -6.0 -2.0 34.0 74.6050157405 1225 495 425 79
150 -6.0 -1.0 30.0 72.2081935583 1235 583 497 76
151 -6.0 0.0 26.0 72.9058682973 1248 670 765 73
160 -5.0 -12.0 54.0 70.8980454004 1131 38 209 85
161 -5.0 -12.0 55.0 73.3601034218 1136 14 222 85
162 -5.0 -11.0 53.0 72.5113829526 1141 62 223 86
163 -5.0 -10.0 51.0 71.8292448111 1147 109 224 84
164 -5.0 -10.0 52.0 74.4020440785 1152 85 238 84
165 -5.0 -9.0 49.0 71.3351096472 1154 156 227 83
166 -5.0 -9.0 50.0 73.9295392082 1158 132 241 85
167 -5.0 -8.0 47.0 71.0608826609 1161 203 232 81
168 -5.0 -8.0 48.0 73.693248116 1165 179 247 82
169 -5.0 -7.0 45.0 71.0533832158 1169 249 240 80
170 -5.0 -7.0 46.0 73.7418456037 1172 226 254 81
171 -5.0 -6.0 43.0 71.3819139896 1178 295 252 80
172 -5.0 -6.0 44.0 74.1477744844 1181 272 266 81
173 -5.0 -5.0 41.0 72.1517462792 1187 340 268 81
174 -5.0 -5.0 42.0 75.021432381 1190 317 284 79
175 -5.0 -4.0 38.0 70.600495395 1195 408 275 80
176 -5.0 -4.0 39.0 73.5298000796 1197 385 291 80
177 -5.0 -3.0 36.0 72.6858335067 1206 452 307 79
178 -5.0 -2.0 33.0 72.8135706154 1216 519 340 78
179 -5.0 -1.0 29.0 71.0663925582 1227 606 386 73
180 -5.0 -1.0 30.0 74.6864987197 1228 584 407 77
181 -5.0 0.0 25.0 72.0964632982 1241 693 525 72
182 -5.0 1.0 19.0 73.3393524384 1260 822 1660 70
191 -4.0 -13.0 55.0 70.3396916366 1115 15 190 85
194 -4.0 -12.0 54.0 71.6887965957 1124 39 199 85
195 -4.0 -12.0 55.0 74.0114856079 1129 15 211 86
196 -4.0 -11.0 52.0 70.9280388689 1130 87 200 85
197 -4.0 -11.0 53.0 73.2461401976 1134 63 210 85
198 -4.0 -10.0 50.0 70.3222369547 1137 134 201 83
199 -4.0 -10.0 51.0 72.6464832123 1140 110 212 83
200 -4.0 -9.0 49.0 72.2335130075 1147 157 214 83
201 -4.0 -9.0 50.0 74.6493664515 1151 134 226 84
202 -4.0 -8.0 47.0 72.0376155663 1154 204 218 81
203 -4.0 -8.0 48.0 74.476339565 1157 180 230 83
204 -4.0 -7.0 45.0 72.1021997278 1162 250 225 82
205 -4.0 -7.0 46.0 74.5762390274 1165 227 236 83
206 -4.0 -6.0 43.0 72.4896423572 1171 296 233 80
207 -4.0 -6.0 44.0 75.0124228148 1173 273 245 81
208 -4.0 -5.0 40.0 70.7633679509 1178 364 234 80
209 -4.0 -5.0 41.0 73.2913085609 1180 341 245 81
210 -4.0 -4.0 38.0 72.0345773069 1188 409 251 80
211 -4.0 -4.0 39.0 74.6452684423 1190 386 262 78
212 -4.0 -3.0 35.0 71.3856661386 1198 476 263 78
213 -4.0 -3.0 36.0 74.0585023767 1199 453 274 77
214 -4.0 -2.0 32.0 71.632615513 1208 542 285 78
215 -4.0 -2.0 33.0 74.4076864721 1209 520 297 78
216 -4.0 -1.0 28.0 70.452228224 1221 630 316 74
217 -4.0 -1.0 29.0 73.3941596736 1220 608 327 74
218 -4.0 0.0 24.0 71.9017869275 1235 716 397 79
219 -4.0 1.0 17.0 70.8031409073 1256 866 893 72
228 -3.0 -13.0 55.0 71.0911176423 1108 17 183 85
230 -3.0 -12.0 53.0 70.2769638851 1114 65 182 84
231 -3.0 -12.0 54.0 72.4021196087 1117 40 191 86
232 -3.0 -12.0 55.0 74.5963494424 1122 16 199 86
233 -3.0 -11.0 52.0 71.7175873379 1123 88 190 84
234 -3.0 -11.0 53.0 73.9028010338 1127 64 199 85
235 -3.0 -10.0 50.0 71.1880486941 1130 135 191 83
236 -3.0 -10.0 51.0 73.3727026777 1133 111 200 83
237 -3.0 -9.0 48.0 70.8340291556 1137 182 193 81
238 -3.0 -9.0 49.0 73.0262176902 1140 159 202 83
239 -3.0 -8.0 46.0 70.6841875464 1145 229 197 82
240 -3.0 -8.0 47.0 72.8917998518 1147 205 205 82
241 -3.0 -7.0 44.0 70.7783305049 1153 274 201 80
242 -3.0 -7.0 45.0 73.0091181706 1155 251 209 81
243 -3.0 -6.0 42.0 71.172134953 1162 320 208 81
244 -3.0 -6.0 43.0 73.4336422057 1164 297 216 81
245 -3.0 -5.0 40.0 71.9447260949 1171 365 216 80
246 -3.0 -5.0 41.0 74.2439700571 1172 342 226 79
247 -3.0 -4.0 37.0 70.9009757506 1180 432 221 79
248 -3.0 -4.0 38.0 73.2112598474 1181 410 229 80
249 -3.0 -3.0 34.0 70.4435593413 1190 499 230 78
250 -3.0 -3.0 35.0 72.7847770641 1190 477 237 77
251 -3.0 -2.0 31.0 70.8368005577 1201 565 245 77
252 -3.0 -2.0 32.0 73.2227776356 1201 543 252 78
253 -3.0 -1.0 27.0 70.1539863127 1214 652 266 75
254 -3.0 -1.0 28.0 72.605457063 1213 631 273 75
255 -3.0 -1.0 29.0 75.0301965872 1213 609 279 77
256 -3.0 0.0 23.0 71.9981158008 1229 739 317 78
257 -3.0 0.0 24.0 74.4948578436 1228 717 319 72
258 -3.0 1.0 15.0 71.9304175926 1253 910 595 73
259 -3.0 1.0 16.0 74.6539132726 1251 889 548 78
269 -2.0 -13.0 55.0 71.7766683972 1101 18 175 86
271 -2.0 -12.0 53.0 71.032449849 1107 66 174 85
272 -2.0 -12.0 54.0 73.0483405987 1110 41 182 84
273 -2.0 -11.0 51.0 70.4213487251 1113 113 174 84
274 -2.0 -11.0 52.0 72.4297572747 1116 89 181 82
275 -2.0 -11.0 53.0 74.4929939608 1119 65 189 85
276 -2.0 -10.0 50.0 71.9648749852 1123 137 182 83
277 -2.0 -10.0 51.0 74.0218480541 1125 113 189 84
278 -2.0 -9.0 48.0 71.6733864348 1130 183 183 82
279 -2.0 -9.0 49.0 73.7300992709 1132 160 190 83
280 -2.0 -8.0 46.0 71.5822220184 1138 230 185 83
281 -2.0 -8.0 47.0 73.6441076151 1139 206 192 83
282 -2.0 -7.0 44.0 71.7279980844 1146 276 189 82
283 -2.0 -7.0 45.0 73.7998178403 1147 252 197 82
284 -2.0 -6.0 41.0 70.1093290922 1154 344 187 80
285 -2.0 -6.0 42.0 72.1607067689 1154 321 194 82
286 -2.0 -6.0 43.0 74.2462596305 1156 298 202 80
287 -2.0 -5.0 39.0 70.8783781784 1163 389 195 79
288 -2.0 -5.0 40.0 72.9493573516 1164 366 200 80
289 -2.0 -4.0 37.0 72.1008412746 1173 434 203 78
290 -2.0 -4.0 38.0 74.1907762388 1173 411 210 79
291 -2.0 -3.0 34.0 71.8346110299 1183 500 209 78
292 -2.0 -3.0 35.0 73.9207003678 1183 478 215 78
293 -2.0 -2.0 30.0 70.3075892791 1195 589 215 76
294 -2.0 -2.0 31.0 72.3866733588 1194 566 219 78
elapsed time is 1119.964846
