generating bragg masks, processing batch 24
0 -4.0 0.0 38.0 123.99991423 1261 408 3353 72
1 -3.0 -2.0 47.0 123.389749197 1257 205 2633 81
2 -3.0 -1.0 44.0 120.461259011 1248 274 1262 83
3 -3.0 0.0 41.0 122.05283116 1248 342 1184 81
4 -3.0 1.0 37.0 121.814029767 1246 431 941 73
5 -3.0 2.0 17.0 120.749036959 1259 867 1304 72
6 -3.0 2.0 31.0 121.643192851 1245 564 782 72
7 -3.0 2.0 32.0 124.326049411 1247 542 882 81
9 -2.0 -3.0 51.0 120.269672395 1244 112 1200 81
10 -2.0 -2.0 49.0 122.735621315 1246 159 1300 81
11 -2.0 0.0 44.0 124.110342295 1242 274 939 79
12 -2.0 1.0 40.0 120.878335412 1234 365 639 80
13 -2.0 1.0 41.0 124.863705115 1239 342 798 76
14 -2.0 2.0 12.0 120.706083666 1257 975 685 77
15 -2.0 2.0 36.0 121.696928881 1233 454 565 79
16 -2.0 2.0 37.0 124.50450267 1236 432 637 81
17 -2.0 3.0 18.0 123.448854724 1246 847 458 71
18 -2.0 3.0 19.0 121.573653837 1244 825 449 77
19 -2.0 3.0 20.0 120.21166202 1243 804 441 71
20 -2.0 3.0 28.0 120.690531455 1235 630 457 73
21 -2.0 3.0 29.0 121.729582301 1235 608 471 69
22 -2.0 3.0 30.0 122.95672623 1235 587 488 69
23 -2.0 3.0 31.0 124.381733865 1235 565 512 77
25 -1.0 -4.0 55.0 123.804911995 1249 18 1679 81
26 -1.0 -3.0 53.0 123.019733716 1242 65 1155 90
27 -1.0 -2.0 51.0 123.603140191 1239 113 997 85
28 -1.0 0.0 46.0 122.388919432 1229 229 642 81
29 -1.0 1.0 5.0 120.944027658 1262 1125 744 80
30 -1.0 1.0 43.0 121.979099044 1225 297 542 82
31 -1.0 2.0 39.0 120.603027267 1221 388 447 80
32 -1.0 2.0 40.0 123.153052613 1224 365 492 81
33 -1.0 3.0 13.0 121.661795294 1243 954 289 77
34 -1.0 3.0 34.0 120.193304508 1220 499 381 76
35 -1.0 3.0 35.0 121.861286156 1221 477 400 78
36 -1.0 3.0 36.0 123.696132325 1223 455 425 74
37 -1.0 4.0 19.0 124.232560838 1232 825 286 74
38 -1.0 4.0 20.0 123.272663964 1231 804 291 78
39 -1.0 4.0 21.0 122.562852786 1230 783 295 72
40 -1.0 4.0 22.0 122.081044719 1228 761 299 74
41 -1.0 4.0 23.0 121.80760412 1228 739 303 71
42 -1.0 4.0 24.0 121.725529711 1226 718 309 73
43 -1.0 4.0 25.0 121.82048286 1225 696 314 75
44 -1.0 4.0 26.0 122.080741179 1225 674 320 72
45 -1.0 4.0 27.0 122.497136396 1224 653 327 75
46 -1.0 4.0 28.0 123.063019631 1223 631 335 73
47 -1.0 4.0 29.0 123.774290072 1223 609 344 80
48 -1.0 4.0 30.0 124.629524657 1223 587 355 80
50 0.0 -2.0 53.0 124.977769741 1234 66 868 81
51 0.0 -1.0 50.0 120.616817819 1219 137 551 82
52 0.0 0.0 48.0 122.076291313 1219 183 526 81
53 0.0 1.0 45.0 120.934012582 1213 252 442 79
54 0.0 1.0 46.0 124.024923066 1219 229 506 81
55 0.0 2.0 42.0 121.125826855 1211 321 395 78
56 0.0 2.0 43.0 123.615166112 1215 298 433 81
57 0.0 3.0 9.0 122.879859405 1240 1040 176 73
58 0.0 3.0 38.0 120.61839102 1209 411 342 80
59 0.0 3.0 39.0 122.462622825 1211 388 362 79
60 0.0 3.0 40.0 124.473573276 1213 366 387 80
61 0.0 4.0 13.0 124.201584561 1230 954 187 74
62 0.0 4.0 14.0 122.151552055 1229 933 194 73
63 0.0 4.0 15.0 120.405301175 1228 912 200 74
64 0.0 4.0 33.0 120.934626412 1209 522 296 77
65 0.0 4.0 34.0 122.126229816 1209 499 307 74
66 0.0 4.0 35.0 123.432311404 1210 477 320 79
67 0.0 4.0 36.0 124.862099122 1211 455 334 80
68 0.0 5.0 20.0 124.760331414 1219 804 214 73
69 0.0 5.0 21.0 124.207124735 1217 783 219 75
70 0.0 5.0 22.0 123.816011271 1216 761 225 74
71 0.0 5.0 23.0 123.577532371 1215 739 231 74
72 0.0 5.0 24.0 123.483073142 1214 718 236 75
73 0.0 5.0 25.0 123.52498927 1213 696 242 75
74 0.0 5.0 26.0 123.69669237 1212 675 247 75
75 0.0 5.0 27.0 123.992712161 1212 653 254 78
76 0.0 5.0 28.0 124.408751407 1211 631 261 76
77 0.0 5.0 29.0 124.941748222 1211 609 268 76
81 1.0 -2.0 54.0 121.562212003 1215 43 557 80
82 1.0 -1.0 52.0 121.727364972 1212 90 502 85
83 1.0 0.0 50.0 122.40407342 1210 137 463 81
84 1.0 1.0 47.0 120.713039369 1203 207 387 79
85 1.0 1.0 48.0 123.524900209 1209 184 433 84
86 1.0 2.0 3.0 123.316911962 1244 1169 73 73
87 1.0 2.0 44.0 120.229886081 1200 276 342 81
88 1.0 2.0 45.0 122.517527006 1203 253 371 80
89 1.0 2.0 46.0 125.040319117 1208 230 408 83
90 1.0 3.0 6.0 123.234952524 1235 1105 102 74
91 1.0 3.0 41.0 120.745419547 1198 344 312 78
92 1.0 3.0 42.0 122.626326306 1201 321 330 78
93 1.0 3.0 43.0 124.666280959 1203 298 354 79
94 1.0 4.0 9.0 124.822414433 1227 1040 118 73
95 1.0 4.0 10.0 122.242480347 1226 1019 128 73
96 1.0 4.0 37.0 120.769447475 1197 434 275 77
97 1.0 4.0 38.0 122.176479609 1198 411 286 79
98 1.0 4.0 39.0 123.692632023 1199 388 299 77
99 1.0 5.0 14.0 123.89980012 1216 933 145 76
100 1.0 5.0 15.0 122.55978327 1215 912 150 73
101 1.0 5.0 16.0 121.408695779 1214 891 157 72
102 1.0 5.0 17.0 120.436845024 1212 870 162 76
103 1.0 5.0 30.0 120.075468099 1198 588 226 76
104 1.0 5.0 31.0 120.774156362 1198 566 232 76
105 1.0 5.0 32.0 121.561720354 1198 544 239 75
106 1.0 5.0 33.0 122.438751696 1198 522 246 76
107 1.0 5.0 34.0 123.406957972 1198 500 254 78
108 1.0 5.0 35.0 124.469337279 1198 478 263 78
109 1.0 6.0 22.0 124.880805324 1203 762 180 76
110 1.0 6.0 23.0 124.675726788 1203 740 185 75
111 1.0 6.0 24.0 124.585123111 1202 719 191 76
112 1.0 6.0 25.0 124.604383014 1201 697 195 75
113 1.0 6.0 26.0 124.72940524 1200 675 201 76
114 1.0 6.0 27.0 124.956657732 1199 653 206 76
119 2.0 -2.0 56.0 123.532546085 1212 0 544 9
120 2.0 -1.0 54.0 123.048812461 1206 43 472 85
121 2.0 0.0 51.0 120.143892054 1195 114 374 83
122 2.0 0.0 52.0 123.112954898 1203 91 425 83
123 2.0 1.0 49.0 120.967926511 1194 161 352 82
124 2.0 1.0 50.0 123.62035908 1200 138 391 83
125 2.0 2.0 1.0 122.239610476 1239 1212 30 70
126 2.0 2.0 47.0 122.138691283 1193 207 332 83
127 2.0 2.0 48.0 124.508981823 1198 184 363 79
128 2.0 3.0 4.0 121.266468489 1230 1148 60 73
129 2.0 3.0 44.0 121.685388548 1189 276 295 79
130 2.0 3.0 45.0 123.627032606 1192 253 314 79
131 2.0 4.0 6.0 124.902947243 1222 1105 73 73
132 2.0 4.0 7.0 122.108967419 1221 1084 83 73
133 2.0 4.0 40.0 120.606507658 1186 367 257 79
134 2.0 4.0 41.0 122.095209238 1187 344 267 78
135 2.0 4.0 42.0 123.688474796 1189 321 281 78
136 2.0 5.0 10.0 123.877975633 1213 1020 97 74
137 2.0 5.0 11.0 122.111737934 1212 998 105 74
138 2.0 5.0 12.0 120.537596673 1211 977 112 74
139 2.0 5.0 36.0 120.995518269 1185 456 229 78
140 2.0 5.0 37.0 122.100656432 1186 434 235 78
141 2.0 5.0 38.0 123.28916684 1186 411 245 77
142 2.0 5.0 39.0 124.566654193 1187 389 254 78
143 2.0 6.0 14.0 124.963812117 1203 934 115 74
144 2.0 6.0 15.0 123.881464615 1202 913 121 75
145 2.0 6.0 16.0 122.939413425 1201 891 126 75
146 2.0 6.0 17.0 122.132379729 1200 870 132 72
147 2.0 6.0 18.0 121.454772547 1199 849 138 74
148 2.0 6.0 19.0 120.900876291 1198 827 143 74
149 2.0 6.0 20.0 120.46500476 1196 806 147 76
150 2.0 6.0 21.0 120.141624058 1195 784 152 76
151 2.0 6.0 27.0 120.292710166 1189 654 179 75
152 2.0 6.0 28.0 120.629783047 1188 632 183 76
153 2.0 6.0 29.0 121.04826213 1187 610 188 76
154 2.0 6.0 30.0 121.546392605 1186 589 192 76
155 2.0 6.0 31.0 122.122970769 1186 567 198 76
156 2.0 6.0 32.0 122.777379193 1186 545 203 77
157 2.0 6.0 33.0 123.509634461 1185 523 209 76
158 2.0 6.0 34.0 124.32045245 1186 500 216 76
163 3.0 -1.0 55.0 121.235136751 1192 20 388 84
164 3.0 -1.0 56.0 124.54424755 1202 0 456 9
165 3.0 0.0 53.0 121.197793023 1189 68 355 82
166 3.0 0.0 54.0 124.08660961 1196 44 401 84
167 3.0 1.0 -3.0 120.403910685 1241 1298 67 73
168 3.0 1.0 51.0 121.537939721 1186 115 329 80
169 3.0 1.0 52.0 124.09737748 1192 91 363 80
170 3.0 2.0 -1.0 122.413838398 1233 1255 29 73
171 3.0 2.0 48.0 120.114769559 1180 185 287 79
172 3.0 2.0 49.0 122.213158763 1184 162 307 82
173 3.0 2.0 50.0 124.493359023 1188 138 333 80
174 3.0 3.0 1.0 124.371787144 1226 1212 26 72
175 3.0 3.0 2.0 120.515143088 1225 1191 33 74
176 3.0 3.0 46.0 121.309493373 1179 231 273 81
177 3.0 3.0 47.0 123.192079655 1182 208 289 82
178 3.0 4.0 4.0 123.306294726 1217 1148 47 73
179 3.0 4.0 5.0 120.562399323 1216 1127 55 74
180 3.0 4.0 43.0 121.206225702 1176 299 247 79
181 3.0 4.0 44.0 122.77340672 1178 276 258 79
182 3.0 4.0 45.0 124.446981871 1181 254 272 80
183 3.0 5.0 7.0 123.672172475 1208 1084 65 73
184 3.0 5.0 8.0 121.685930969 1207 1063 72 74
185 3.0 5.0 39.0 120.610616462 1174 390 217 80
186 3.0 5.0 40.0 121.819844517 1175 367 225 78
187 3.0 5.0 41.0 123.107976653 1176 345 233 80
188 3.0 5.0 42.0 124.481694593 1177 322 243 78
189 3.0 6.0 10.0 124.90766767 1200 1020 79 74
190 3.0 6.0 11.0 123.470044023 1199 999 86 73
191 3.0 6.0 12.0 122.174899503 1198 977 91 73
192 3.0 6.0 13.0 121.018526495 1197 956 97 74
193 3.0 6.0 34.0 120.452397395 1174 501 188 78
194 3.0 6.0 35.0 121.267474546 1174 479 194 78
195 3.0 6.0 36.0 122.150152717 1174 457 200 77
196 3.0 6.0 37.0 123.102200022 1174 434 205 78
197 3.0 6.0 38.0 124.126135348 1174 412 212 78
198 3.0 7.0 15.0 124.788315728 1189 913 101 72
199 3.0 7.0 16.0 123.993119826 1188 892 107 74
200 3.0 7.0 17.0 123.305806632 1187 870 111 75
201 3.0 7.0 18.0 122.722878309 1186 849 116 74
202 3.0 7.0 19.0 122.24072371 1185 828 120 75
203 3.0 7.0 20.0 121.855704197 1184 806 124 72
204 3.0 7.0 21.0 121.564226617 1183 785 129 75
205 3.0 7.0 22.0 121.362804305 1182 763 134 73
206 3.0 7.0 23.0 121.248107396 1181 742 138 76
207 3.0 7.0 24.0 121.217003965 1180 720 142 76
208 3.0 7.0 25.0 121.266593623 1179 698 146 75
209 3.0 7.0 26.0 121.394235206 1178 677 151 77
210 3.0 7.0 27.0 121.597570201 1177 655 155 76
211 3.0 7.0 28.0 121.874543482 1176 633 159 74
212 3.0 7.0 29.0 122.223422947 1175 611 163 74
213 3.0 7.0 30.0 122.64281961 1175 589 168 77
elapsed time is 1118.879401
