generating bragg masks, processing batch 10
16 -21.0 -9.0 54.0 52.0061580853 1228 18 763 81
23 -20.0 -8.0 52.0 51.4898933956 1230 67 761 81
24 -20.0 -5.0 48.0 50.506948913 1254 160 1620 83
30 -19.0 -11.0 55.0 51.6512974412 1198 1 426 25
31 -19.0 -10.0 54.0 52.9885409317 1210 21 513 83
32 -19.0 -7.0 50.0 51.8453783171 1234 115 822 89
39 -18.0 -11.0 54.0 50.0930023479 1187 23 363 84
40 -18.0 -10.0 53.0 51.1411233612 1199 47 419 89
41 -18.0 -9.0 52.0 52.7218392678 1212 70 510 81
42 -18.0 -6.0 48.0 53.4663928154 1241 163 1014 89
43 -18.0 -4.0 45.0 52.5602472446 1257 232 1930 90
53 -17.0 -12.0 55.0 52.4668734392 1179 2 334 53
54 -17.0 -11.0 54.0 53.5384455297 1190 24 378 87
55 -17.0 -9.0 51.0 51.0817410506 1202 95 421 86
56 -17.0 -8.0 50.0 53.0464856302 1216 118 526 90
57 -17.0 -6.0 47.0 51.17969964 1230 188 689 81
63 -16.0 -13.0 55.0 50.5211866386 1159 3 272 70
65 -16.0 -12.0 54.0 51.1939718082 1170 26 296 84
66 -16.0 -11.0 53.0 52.1119629005 1181 50 329 87
67 -16.0 -10.0 52.0 53.3808903351 1193 73 375 83
68 -16.0 -8.0 49.0 51.5372703989 1207 143 434 88
69 -16.0 -7.0 48.0 54.0999419869 1221 166 565 88
70 -16.0 -5.0 45.0 54.188622823 1240 235 909 89
71 -16.0 -2.0 40.0 51.2099669752 1263 349 3600 81
81 -15.0 -13.0 55.0 53.0368951588 1159 4 272 82
82 -15.0 -12.0 53.0 50.1767994909 1162 51 267 87
83 -15.0 -12.0 54.0 53.9212718528 1170 27 298 86
84 -15.0 -11.0 52.0 51.0013484097 1172 75 293 84
85 -15.0 -10.0 51.0 52.1169199929 1184 98 327 86
86 -15.0 -9.0 50.0 53.6582571752 1196 122 377 87
87 -15.0 -8.0 48.0 50.471167585 1199 168 375 85
88 -15.0 -7.0 47.0 52.6265016105 1212 191 460 82
89 -15.0 -5.0 44.0 52.5220358502 1231 260 661 81
90 -15.0 -2.0 39.0 50.6868638178 1257 373 1731 81
100 -14.0 -14.0 55.0 51.3648144277 1141 5 232 87
102 -14.0 -13.0 54.0 51.976921889 1151 29 247 85
103 -14.0 -12.0 53.0 52.7759541576 1162 53 267 87
104 -14.0 -11.0 51.0 50.1223548586 1165 100 265 85
105 -14.0 -11.0 52.0 53.8222487914 1173 76 293 84
106 -14.0 -10.0 50.0 51.1431531997 1176 123 292 86
107 -14.0 -9.0 49.0 52.5203089121 1188 147 330 87
108 -14.0 -8.0 48.0 54.434529058 1201 169 387 86
109 -14.0 -7.0 46.0 51.6252508054 1205 216 395 83
110 -14.0 -6.0 45.0 54.558351749 1220 238 508 84
111 -14.0 -5.0 43.0 51.5964469397 1224 284 537 81
112 -14.0 -3.0 40.0 54.9915283836 1249 352 1172 81
113 -14.0 -2.0 38.0 51.2220395675 1253 396 1311 85
122 -13.0 -15.0 55.0 50.0863034434 1123 7 203 88
124 -13.0 -14.0 54.0 50.5288055884 1133 31 214 86
125 -13.0 -14.0 55.0 53.4748005345 1140 6 229 88
126 -13.0 -13.0 53.0 51.1049334914 1143 55 227 87
127 -13.0 -13.0 54.0 54.2241840832 1150 30 245 86
128 -13.0 -12.0 52.0 51.8492474767 1154 78 244 85
129 -13.0 -11.0 51.0 52.8110747385 1165 101 265 86
130 -13.0 -10.0 49.0 50.3854814735 1169 148 265 84
131 -13.0 -10.0 50.0 54.0643890535 1176 125 292 85
132 -13.0 -9.0 48.0 51.6595962972 1181 171 295 86
133 -13.0 -8.0 47.0 53.3835126424 1193 194 337 83
134 -13.0 -7.0 45.0 50.9327992773 1198 240 348 84
135 -13.0 -6.0 44.0 53.5279030113 1212 263 426 81
136 -13.0 -5.0 42.0 51.0753768351 1218 308 457 85
137 -13.0 -3.0 39.0 54.0707616047 1242 376 859 84
138 -13.0 -2.0 37.0 51.9690508698 1250 420 1112 73
150 -12.0 -15.0 55.0 52.0210897714 1121 8 201 87
152 -12.0 -14.0 54.0 52.5748482416 1131 32 211 86
153 -12.0 -13.0 52.0 50.3846881456 1136 80 211 86
154 -12.0 -13.0 53.0 53.2756907585 1142 56 224 86
155 -12.0 -12.0 51.0 51.0947218331 1147 103 224 85
156 -12.0 -12.0 52.0 54.1610631534 1152 79 240 85
157 -12.0 -11.0 50.0 52.001863485 1157 126 241 85
158 -12.0 -10.0 49.0 53.1670402782 1169 149 263 86
159 -12.0 -9.0 47.0 51.0065806789 1174 196 267 82
160 -12.0 -9.0 48.0 54.6834821183 1180 173 293 85
161 -12.0 -8.0 46.0 52.6090451555 1186 219 301 83
162 -12.0 -7.0 44.0 50.4632941356 1193 265 312 84
163 -12.0 -7.0 45.0 54.7968676222 1199 241 351 85
164 -12.0 -6.0 43.0 52.851000856 1206 287 370 80
165 -12.0 -5.0 41.0 50.8183246639 1213 332 400 82
166 -12.0 -3.0 38.0 53.8031617207 1237 399 673 79
167 -12.0 -2.0 36.0 52.7976939386 1246 444 931 81
168 -12.0 -1.0 34.0 52.7196856088 1256 488 1463 81
180 -11.0 -16.0 55.0 50.8651188223 1104 10 180 88
182 -11.0 -15.0 54.0 51.286238086 1114 34 187 86
183 -11.0 -15.0 55.0 53.8345101537 1119 10 198 87
184 -11.0 -14.0 53.0 51.8194752155 1124 58 196 85
185 -11.0 -14.0 54.0 54.4830831961 1129 33 208 87
186 -11.0 -13.0 52.0 52.4888972424 1134 81 207 86
187 -11.0 -12.0 50.0 50.4809142266 1140 128 208 85
188 -11.0 -12.0 51.0 53.3267741221 1145 104 221 85
189 -11.0 -11.0 49.0 51.3535904301 1151 151 222 85
190 -11.0 -11.0 50.0 54.3777282746 1156 128 237 84
191 -11.0 -10.0 48.0 52.4609039615 1162 174 240 84
192 -11.0 -9.0 46.0 50.5172547015 1169 221 245 83
193 -11.0 -9.0 47.0 53.879705276 1173 197 264 83
194 -11.0 -8.0 45.0 52.0409732075 1180 243 272 85
195 -11.0 -7.0 43.0 50.1648742247 1187 289 284 80
196 -11.0 -7.0 44.0 54.0723919544 1192 266 310 82
197 -11.0 -6.0 42.0 52.4194555124 1200 311 329 82
198 -11.0 -5.0 40.0 50.7503630817 1208 357 356 81
199 -11.0 -4.0 39.0 54.6338252164 1222 379 462 83
200 -11.0 -3.0 37.0 53.8608517142 1232 423 558 77
201 -11.0 -2.0 35.0 53.6610482454 1242 467 755 81
213 -10.0 -16.0 54.0 50.2475205225 1098 36 168 87
214 -10.0 -16.0 55.0 52.5555131604 1102 11 176 87
216 -10.0 -15.0 53.0 50.663187502 1107 59 176 86
217 -10.0 -15.0 54.0 53.0575472343 1112 35 184 87
218 -10.0 -14.0 52.0 51.1853319591 1118 83 183 85
219 -10.0 -14.0 53.0 53.6787692197 1122 59 193 86
220 -10.0 -13.0 51.0 51.8356279284 1127 106 193 86
221 -10.0 -13.0 52.0 54.4440444329 1132 82 204 86
222 -10.0 -12.0 50.0 52.6426353663 1138 129 204 85
223 -10.0 -11.0 48.0 50.8379227206 1144 176 206 84
224 -10.0 -11.0 49.0 53.644983486 1149 152 218 84
225 -10.0 -10.0 47.0 51.9081289486 1156 199 221 83
226 -10.0 -10.0 48.0 54.8966628097 1160 175 235 84
227 -10.0 -9.0 45.0 50.1616123555 1163 245 226 82
228 -10.0 -9.0 46.0 53.2615356711 1167 222 241 84
229 -10.0 -8.0 44.0 51.6349150439 1174 268 249 83
230 -10.0 -8.0 45.0 54.9968635964 1178 244 267 84
231 -10.0 -7.0 43.0 53.5618822114 1186 290 279 81
232 -10.0 -6.0 41.0 52.170858873 1194 335 296 81
233 -10.0 -5.0 39.0 50.8256294546 1203 380 320 82
234 -10.0 -4.0 38.0 54.4686469135 1217 402 400 80
235 -10.0 -3.0 36.0 54.1154966799 1227 447 475 80
236 -10.0 -2.0 34.0 54.5376654649 1238 491 626 81
250 -9.0 -17.0 55.0 51.5079582314 1085 13 161 87
252 -9.0 -16.0 54.0 51.9043628444 1095 37 166 86
253 -9.0 -16.0 55.0 54.1444347732 1099 12 174 86
254 -9.0 -15.0 52.0 50.1368607076 1101 85 166 85
255 -9.0 -15.0 53.0 52.3959843021 1105 60 173 85
256 -9.0 -15.0 54.0 54.7152674667 1109 36 181 87
257 -9.0 -14.0 51.0 50.6550705476 1111 108 172 85
258 -9.0 -14.0 52.0 53.000162902 1115 84 181 86
259 -9.0 -13.0 50.0 51.2953941067 1121 131 181 86
260 -9.0 -13.0 51.0 53.7390981586 1125 107 189 85
261 -9.0 -12.0 49.0 52.0836197535 1131 154 190 84
262 -9.0 -12.0 50.0 54.6417864248 1135 130 200 84
263 -9.0 -11.0 47.0 50.4342865549 1139 201 192 83
264 -9.0 -11.0 48.0 53.0539963095 1142 177 202 83
265 -9.0 -10.0 46.0 51.4822366066 1150 224 205 83
266 -9.0 -10.0 47.0 54.253283693 1153 200 216 84
267 -9.0 -9.0 45.0 52.7924265677 1161 246 221 83
268 -9.0 -8.0 43.0 51.3605969011 1169 292 229 82
269 -9.0 -8.0 44.0 54.448504933 1172 269 242 84
270 -9.0 -7.0 42.0 53.2171822163 1180 314 254 83
271 -9.0 -6.0 40.0 52.0651723732 1189 359 269 80
272 -9.0 -5.0 38.0 51.0133987526 1198 404 291 80
273 -9.0 -5.0 39.0 54.9373267971 1202 382 314 81
274 -9.0 -4.0 36.0 50.1005577798 1208 449 321 79
275 -9.0 -4.0 37.0 54.4891518641 1212 426 351 79
276 -9.0 -3.0 35.0 54.5012138503 1222 470 412 81
277 -9.0 0.0 28.0 53.9941090157 1256 623 1272 77
290 -8.0 -18.0 55.0 50.6333854979 1069 15 147 87
293 -8.0 -17.0 54.0 50.9505596963 1079 39 152 85
294 -8.0 -17.0 55.0 53.0069677167 1082 14 157 87
295 -8.0 -16.0 53.0 51.3464633172 1088 62 156 86
296 -8.0 -16.0 54.0 53.4642818031 1092 38 163 87
297 -8.0 -15.0 52.0 51.833903201 1098 86 162 85
298 -8.0 -15.0 53.0 54.0206276785 1102 62 169 85
299 -8.0 -14.0 50.0 50.2153689792 1105 133 163 84
300 -8.0 -14.0 51.0 52.4288348834 1108 109 169 85
301 -8.0 -14.0 52.0 54.6934262052 1111 85 177 87
302 -8.0 -13.0 49.0 50.8527251298 1115 156 170 85
303 -8.0 -13.0 50.0 53.1514325203 1118 132 176 85
304 -8.0 -12.0 48.0 51.63123852 1125 179 178 84
305 -8.0 -12.0 49.0 54.0276507294 1129 155 186 83
306 -8.0 -11.0 46.0 50.1271447435 1133 225 180 83
307 -8.0 -11.0 47.0 52.5818266767 1136 202 188 82
308 -8.0 -10.0 45.0 51.1637981982 1144 248 192 82
309 -8.0 -10.0 46.0 53.7458807065 1147 225 200 83
310 -8.0 -9.0 44.0 52.4466398387 1155 271 206 82
311 -8.0 -8.0 42.0 51.1961885255 1163 316 212 82
312 -8.0 -8.0 43.0 54.0482884484 1166 293 222 81
313 -8.0 -7.0 41.0 53.0058003639 1175 338 233 82
314 -8.0 -6.0 39.0 52.0747460855 1184 383 246 81
315 -8.0 -5.0 37.0 51.2917300929 1194 428 265 82
316 -8.0 -5.0 38.0 54.8354349782 1196 405 282 80
317 -8.0 -4.0 35.0 50.7213869962 1204 472 292 79
318 -8.0 -4.0 36.0 54.6461421895 1207 450 312 78
319 -8.0 -3.0 33.0 50.4876900244 1215 516 333 81
320 -8.0 -3.0 34.0 54.9789600647 1218 494 361 78
321 -8.0 -2.0 31.0 50.8627397906 1227 560 404 77
322 -8.0 -1.0 29.0 52.6077908661 1239 603 556 81
336 -7.0 -18.0 54.0 50.1485704959 1063 40 140 85
337 -7.0 -18.0 55.0 52.0537727365 1066 16 144 88
339 -7.0 -17.0 53.0 50.4713479073 1072 64 144 88
340 -7.0 -17.0 54.0 52.4254243072 1075 40 149 87
341 -7.0 -17.0 55.0 54.4208243479 1078 15 154 86
342 -7.0 -16.0 52.0 50.8707982182 1082 87 148 84
343 -7.0 -16.0 53.0 52.8790210915 1085 63 154 85
344 -7.0 -16.0 54.0 54.9300528109 1088 39 160 87
345 -7.0 -15.0 51.0 51.3589593714 1092 111 154 85
346 -7.0 -15.0 52.0 53.4274599296 1095 87 159 86
347 -7.0 -14.0 50.0 51.9506923128 1102 134 160 85
348 -7.0 -14.0 51.0 54.0866820454 1104 110 165 86
349 -7.0 -13.0 48.0 50.4955780841 1110 181 159 85
350 -7.0 -13.0 49.0 52.6645844316 1112 157 166 82
351 -7.0 -13.0 50.0 54.8766597945 1115 133 173 83
352 -7.0 -12.0 47.0 51.2713475042 1120 204 167 84
353 -7.0 -12.0 48.0 53.5242386956 1122 180 174 85
elapsed time is 1651.457092
