generating bragg masks, processing batch 48
1111 -120.0 65.0 9.0 244.828262497 0 846 24 1
1112 -120.0 65.0 10.0 244.918160847 1 826 25 25
1113 -120.0 65.0 11.0 245.014254788 2 803 25 51
1144 -120.0 66.0 11.0 244.665800584 0 801 25 7
1145 -120.0 66.0 12.0 244.766957805 1 780 25 35
1146 -120.0 66.0 13.0 244.87438405 3 757 25 63
1147 -120.0 66.0 14.0 244.988130658 4 735 25 85
1179 -120.0 67.0 13.0 244.526661807 0 756 25 15
1180 -120.0 67.0 14.0 244.63918146 2 734 25 42
1181 -120.0 67.0 15.0 244.758045939 3 711 26 73
1182 -120.0 67.0 16.0 244.883308229 5 688 25 90
1183 -120.0 67.0 17.0 245.015022366 8 666 26 87
1215 -120.0 68.0 14.0 244.293366108 0 731 25 1
1216 -120.0 68.0 15.0 244.410985593 1 710 25 23
1217 -120.0 68.0 16.0 244.534974605 2 688 26 53
1218 -120.0 68.0 17.0 244.665386811 4 665 26 80
1252 -120.0 69.0 16.0 244.189794602 0 685 25 6
1253 -120.0 69.0 17.0 244.318914766 1 664 26 30
1506 -119.0 63.0 3.0 244.841595858 0 983 24 3
1507 -119.0 63.0 4.0 244.897038896 1 963 24 29
1508 -119.0 63.0 5.0 244.958483027 3 941 24 57
1509 -119.0 63.0 6.0 245.025974273 4 918 24 83
1536 -119.0 64.0 5.0 244.608864518 0 939 24 12
1537 -119.0 64.0 6.0 244.675296687 2 918 24 41
1538 -119.0 64.0 7.0 244.747797194 3 895 24 69
1539 -119.0 64.0 8.0 244.826413347 5 873 24 89
1540 -119.0 64.0 9.0 244.911193286 8 851 25 86
1541 -119.0 64.0 10.0 245.002186003 11 828 25 88
1568 -119.0 65.0 6.0 244.327720019 0 914 24 1
1569 -119.0 65.0 7.0 244.399146061 1 894 25 24
1570 -119.0 65.0 8.0 244.476661791 2 872 24 53
1571 -119.0 65.0 9.0 244.560315027 4 849 24 81
1572 -119.0 65.0 10.0 244.65015444 6 827 24 88
1573 -119.0 65.0 11.0 244.746229575 9 805 24 89
1574 -119.0 65.0 12.0 244.848590881 12 782 24 87
1575 -119.0 65.0 13.0 244.957289742 15 760 25 88
1604 -119.0 66.0 8.0 244.130032893 0 869 24 8
1605 -119.0 66.0 9.0 244.212569648 1 849 25 34
1606 -119.0 66.0 10.0 244.301265917 3 826 25 65
1607 -119.0 66.0 11.0 244.396170911 5 804 25 86
1608 -119.0 66.0 12.0 244.497334743 8 781 25 89
1609 -119.0 66.0 13.0 244.604808453 10 759 25 88
1610 -119.0 66.0 14.0 244.718644042 13 736 25 88
1611 -119.0 66.0 15.0 244.838894511 16 714 26 88
1612 -119.0 66.0 16.0 244.965613893 19 691 26 88
1642 -119.0 67.0 10.0 243.955521113 0 825 24 17
1643 -119.0 67.0 11.0 244.049266225 2 803 24 44
1644 -119.0 67.0 12.0 244.149242781 3 780 24 73
1645 -119.0 67.0 13.0 244.255501475 5 758 25 87
1646 -119.0 67.0 14.0 244.368093955 8 735 25 88
1647 -119.0 67.0 15.0 244.487072858 11 713 25 88
1648 -119.0 67.0 16.0 244.612491849 14 690 25 88
1649 -119.0 67.0 17.0 244.744405658 17 667 26 88
1650 -119.0 67.0 18.0 244.882870122 20 644 26 89
1651 -119.0 67.0 19.0 245.027942231 23 622 26 85
1682 -119.0 68.0 11.0 243.705515327 0 799 25 2
1683 -119.0 68.0 12.0 243.804314968 1 779 25 25
1684 -119.0 68.0 13.0 243.909368954 2 757 25 53
1685 -119.0 68.0 14.0 244.020728575 4 734 25 81
1686 -119.0 68.0 15.0 244.138446106 6 712 26 89
1687 -119.0 68.0 16.0 244.262574838 9 689 26 87
1688 -119.0 68.0 17.0 244.393169124 12 666 25 89
1689 -119.0 68.0 18.0 244.530284411 15 643 26 90
1690 -119.0 68.0 19.0 244.673977293 18 621 26 88
1722 -119.0 69.0 13.0 243.566410002 0 754 25 6
1723 -119.0 69.0 14.0 243.676547187 1 733 25 33
1724 -119.0 69.0 15.0 243.793013719 3 711 25 61
1725 -119.0 69.0 16.0 243.915862515 4 688 25 84
1726 -119.0 69.0 17.0 244.045147543 7 665 26 88
1727 -119.0 69.0 18.0 244.180923864 10 642 26 92
1760 -119.0 70.0 15.0 243.450774133 0 709 26 10
1761 -119.0 70.0 16.0 243.572353492 1 687 26 39
1762 -119.0 70.0 17.0 243.70033972 3 664 25 69
1989 -118.0 62.0 -1.0 244.762633634 0 1076 24 13
1990 -118.0 62.0 0.0 244.795029601 2 1055 23 41
1991 -118.0 62.0 1.0 244.833309932 3 1032 24 70
1992 -118.0 62.0 2.0 244.877518538 6 1010 24 85
1993 -118.0 62.0 3.0 244.927700057 9 988 24 86
1994 -118.0 62.0 4.0 244.983899871 12 965 24 87
1995 -118.0 62.0 5.0 245.046164126 15 943 24 87
2019 -118.0 63.0 1.0 244.483003137 1 1031 24 26
2020 -118.0 63.0 2.0 244.52623041 3 1009 24 55
2021 -118.0 63.0 3.0 244.575405757 4 987 24 82
2022 -118.0 63.0 4.0 244.630574265 7 964 24 87
2023 -118.0 63.0 5.0 244.691781776 10 942 24 86
2024 -118.0 63.0 6.0 244.759074915 13 920 24 89
2025 -118.0 63.0 7.0 244.8325011 16 898 24 86
2026 -118.0 63.0 8.0 244.912108575 19 875 25 87
2027 -118.0 63.0 9.0 244.997946429 22 853 25 87
2052 -118.0 64.0 2.0 244.178049805 0 1007 24 11
2053 -118.0 64.0 3.0 244.226229636 2 986 24 39
2054 -118.0 64.0 4.0 244.280377433 3 964 24 69
2055 -118.0 64.0 5.0 244.340538737 5 941 24 88
2056 -118.0 64.0 6.0 244.406759861 8 919 25 88
2057 -118.0 64.0 7.0 244.479087912 11 897 24 88
2058 -118.0 64.0 8.0 244.557570814 14 874 24 88
2059 -118.0 64.0 9.0 244.64225733 17 852 24 88
2060 -118.0 64.0 10.0 244.733197092 20 830 24 89
2061 -118.0 64.0 11.0 244.830440625 23 807 25 87
2062 -118.0 64.0 12.0 244.934039378 26 785 25 88
2063 -118.0 64.0 13.0 245.044045758 29 762 25 87
2090 -118.0 65.0 4.0 243.933310782 1 963 24 24
2091 -118.0 65.0 5.0 243.992436545 2 940 24 52
2092 -118.0 65.0 6.0 244.057596265 4 918 24 80
2093 -118.0 65.0 7.0 244.128836734 6 896 24 88
2094 -118.0 65.0 8.0 244.206205553 10 873 25 87
2095 -118.0 65.0 9.0 244.289751157 13 851 25 87
2096 -118.0 65.0 10.0 244.379522844 16 828 25 88
2097 -118.0 65.0 11.0 244.4755708 18 806 25 88
2098 -118.0 65.0 12.0 244.577946129 22 784 25 87
2099 -118.0 65.0 13.0 244.686700885 24 761 25 86
2100 -118.0 65.0 14.0 244.801888105 27 739 25 88
2101 -118.0 65.0 15.0 244.923561844 30 716 25 89
2128 -118.0 66.0 5.0 243.647475694 0 938 24 5
2129 -118.0 66.0 6.0 243.71158475 1 917 24 34
2130 -118.0 66.0 7.0 243.781748326 3 895 24 63
2131 -118.0 66.0 8.0 243.858013698 5 872 24 84
2132 -118.0 66.0 9.0 243.940428971 8 850 24 89
2133 -118.0 66.0 10.0 244.029043106 11 828 25 85
2134 -118.0 66.0 11.0 244.123905946 14 805 25 90
2135 -118.0 66.0 12.0 244.225068247 17 783 25 87
2136 -118.0 66.0 13.0 244.332581706 20 760 25 87
2137 -118.0 66.0 14.0 244.446498998 22 738 26 88
2138 -118.0 66.0 15.0 244.566873809 25 715 26 88
2139 -118.0 66.0 16.0 244.693760876 28 692 25 88
2140 -118.0 66.0 17.0 244.827216024 31 670 26 88
2141 -118.0 66.0 18.0 244.967296214 34 647 26 92
2169 -118.0 67.0 7.0 243.437822408 0 893 24 16
2170 -118.0 67.0 8.0 243.512995105 2 872 25 44
2171 -118.0 67.0 9.0 243.594290773 3 849 25 74
2172 -118.0 67.0 10.0 243.681758032 6 827 25 85
2173 -118.0 67.0 11.0 243.775446381 9 804 25 90
2174 -118.0 67.0 12.0 243.875406223 12 782 25 87
2175 -118.0 67.0 13.0 243.981688896 15 759 25 89
2176 -118.0 67.0 14.0 244.09434671 17 737 25 88
2177 -118.0 67.0 15.0 244.213432979 20 714 25 88
2178 -118.0 67.0 16.0 244.339002057 23 691 26 88
2179 -118.0 67.0 17.0 244.471109382 26 669 26 88
2180 -118.0 67.0 18.0 244.609811517 29 646 26 92
2181 -118.0 67.0 19.0 244.755166194 32 623 26 88
2182 -118.0 67.0 20.0 244.907232361 35 600 27 92
2211 -118.0 68.0 8.0 243.171148609 0 868 24 1
2212 -118.0 68.0 9.0 243.25133553 1 848 24 24
2213 -118.0 68.0 10.0 243.337666732 2 826 24 54
2214 -118.0 68.0 11.0 243.430191365 4 803 25 79
2215 -118.0 68.0 12.0 243.528959478 6 781 25 89
2216 -118.0 68.0 13.0 243.634022049 9 758 25 88
2217 -118.0 68.0 14.0 243.745431017 12 736 26 87
2218 -118.0 68.0 15.0 243.86323932 15 713 26 88
2219 -118.0 68.0 16.0 243.98750093 18 690 25 89
2220 -118.0 68.0 17.0 244.118270892 21 668 26 88
2221 -118.0 68.0 18.0 244.255605369 24 645 26 91
2222 -118.0 68.0 19.0 244.399561683 27 622 27 88
2223 -118.0 68.0 20.0 244.550198364 30 599 26 92
2253 -118.0 69.0 10.0 242.996767301 0 823 25 6
2254 -118.0 69.0 11.0 243.088139135 1 802 25 32
2255 -118.0 69.0 12.0 243.185726399 3 780 25 62
2256 -118.0 69.0 13.0 243.289579707 4 757 25 86
2257 -118.0 69.0 14.0 243.39975063 7 735 25 88
2258 -118.0 69.0 15.0 243.516291724 10 712 25 87
2259 -118.0 69.0 16.0 243.639256575 13 689 26 87
2260 -118.0 69.0 17.0 243.768699835 16 667 26 87
2261 -118.0 69.0 18.0 243.904677262 19 644 26 88
2262 -118.0 69.0 19.0 244.047245766 22 621 26 84
2293 -118.0 70.0 12.0 242.84570436 0 778 24 11
2294 -118.0 70.0 13.0 242.948359395 2 756 26 40
2295 -118.0 70.0 14.0 243.057303228 3 734 26 68
2296 -118.0 70.0 15.0 243.172588036 5 711 25 87
2297 -118.0 70.0 16.0 243.294267015 8 688 25 88
2298 -118.0 70.0 17.0 243.42239442 11 666 26 89
2299 -118.0 70.0 18.0 243.557025602 14 643 26 90
2332 -118.0 71.0 14.0 242.718085489 1 732 25 17
2333 -118.0 71.0 15.0 242.832125087 2 710 26 46
2334 -118.0 71.0 16.0 242.952529245 3 687 26 75
2335 -118.0 71.0 17.0 243.079351816 5 665 26 88
2336 -118.0 71.0 18.0 243.212647744 8 642 26 86
2369 -118.0 72.0 15.0 242.494898729 0 707 25 2
2370 -118.0 72.0 16.0 242.614039266 1 686 25 23
2371 -118.0 72.0 17.0 242.739568185 2 664 26 53
2513 -117.0 61.0 -5.0 244.776994482 1 1168 23 19
2514 -117.0 61.0 -4.0 244.786573075 2 1145 23 51
2515 -117.0 61.0 -3.0 244.801925198 4 1123 23 81
2516 -117.0 61.0 -2.0 244.823092806 7 1101 24 87
2517 -117.0 61.0 -1.0 244.850118542 10 1079 24 87
2518 -117.0 61.0 0.0 244.883045745 13 1056 24 88
2519 -117.0 61.0 1.0 244.921918469 16 1034 24 87
2520 -117.0 61.0 2.0 244.966781493 19 1012 24 85
2521 -117.0 61.0 3.0 245.01768034 22 990 24 84
2539 -117.0 62.0 -4.0 244.436139638 0 1145 24 9
2540 -117.0 62.0 -3.0 244.450610214 1 1123 24 37
2541 -117.0 62.0 -2.0 244.47087243 3 1100 24 66
2542 -117.0 62.0 -1.0 244.49696865 5 1078 23 86
2543 -117.0 62.0 0.0 244.528941928 8 1056 24 86
2544 -117.0 62.0 1.0 244.566836029 12 1033 24 85
2545 -117.0 62.0 2.0 244.610695438 15 1011 24 86
2546 -117.0 62.0 3.0 244.66056538 18 989 24 89
2547 -117.0 62.0 4.0 244.716491834 21 967 24 86
2548 -117.0 62.0 5.0 244.778521554 24 944 24 86
2549 -117.0 62.0 6.0 244.846702088 27 922 24 89
2550 -117.0 62.0 7.0 244.9210818 30 900 24 86
elapsed time is 1562.412879
