generating bragg masks, processing batch 67
67 -71.0 -111.0 27.0 335.229746784 1 627 26 25
68 -71.0 -111.0 28.0 335.517918408 1 603 26 18
69 -71.0 -110.0 28.0 335.268394979 6 603 26 92
70 -71.0 -110.0 29.0 335.56418091 5 581 26 92
71 -71.0 -109.0 29.0 335.314326844 15 580 27 91
72 -71.0 -109.0 30.0 335.617835858 14 558 27 93
73 -71.0 -108.0 29.0 335.062013142 24 580 26 91
74 -71.0 -108.0 30.0 335.367695663 23 557 27 93
75 -71.0 -107.0 30.0 335.115074222 32 557 27 93
76 -71.0 -107.0 31.0 335.428659639 31 534 27 92
77 -71.0 -106.0 31.0 335.175777153 40 533 27 94
78 -71.0 -105.0 32.0 335.244287359 49 510 28 94
79 -71.0 -104.0 33.0 335.320775749 57 487 27 92
80 -71.0 -103.0 33.0 335.064925831 66 487 28 93
81 -71.0 -102.0 34.0 335.149439663 75 463 28 93
168 -70.0 -112.0 25.0 335.264295329 0 673 26 3
169 -70.0 -112.0 26.0 335.540222842 0 650 26 1
172 -70.0 -111.0 26.0 335.290726711 4 651 26 83
173 -70.0 -111.0 27.0 335.57415188 3 628 26 79
174 -70.0 -111.0 28.0 335.863115121 3 605 26 72
175 -70.0 -111.0 29.0 336.157617842 3 583 26 65
176 -70.0 -110.0 27.0 335.324246086 12 628 26 95
177 -70.0 -110.0 28.0 335.61527446 11 605 26 97
178 -70.0 -110.0 29.0 335.911883752 10 582 27 94
179 -70.0 -109.0 27.0 335.071884184 20 627 26 90
180 -70.0 -109.0 28.0 335.365001105 20 605 26 89
181 -70.0 -109.0 29.0 335.663741035 19 582 26 93
182 -70.0 -109.0 30.0 335.968105933 19 559 27 94
183 -70.0 -108.0 28.0 335.112249173 29 604 27 92
184 -70.0 -108.0 29.0 335.413144083 28 581 27 90
185 -70.0 -108.0 30.0 335.719706844 28 559 27 92
186 -70.0 -108.0 31.0 336.031939888 27 536 27 93
187 -70.0 -107.0 29.0 335.160046277 38 581 26 92
188 -70.0 -107.0 30.0 335.468832204 37 558 27 93
189 -70.0 -107.0 31.0 335.78333212 36 535 27 93
190 -70.0 -106.0 30.0 335.215434652 46 558 27 93
191 -70.0 -106.0 31.0 335.532227742 45 535 27 92
192 -70.0 -106.0 32.0 335.854782332 45 512 28 92
193 -70.0 -105.0 31.0 335.278578637 54 535 27 92
194 -70.0 -105.0 32.0 335.6034983 54 512 27 93
195 -70.0 -104.0 32.0 335.349648001 63 511 28 93
196 -70.0 -104.0 33.0 335.68281706 62 488 27 92
197 -70.0 -103.0 32.0 335.093181451 72 511 27 91
198 -70.0 -103.0 33.0 335.428818195 71 488 28 93
199 -70.0 -103.0 34.0 335.770363053 71 465 28 93
200 -70.0 -102.0 33.0 335.172181043 80 488 28 93
201 -70.0 -102.0 34.0 335.516270631 80 465 28 92
202 -70.0 -101.0 34.0 335.259518216 89 464 28 91
203 -70.0 -101.0 35.0 335.612192981 88 441 29 92
204 -70.0 -100.0 35.0 335.355383175 97 441 28 93
205 -70.0 -99.0 35.0 335.095838401 106 441 29 94
206 -70.0 -99.0 36.0 335.459972833 106 417 28 93
207 -70.0 -98.0 36.0 335.200409408 115 417 29 95
208 -70.0 -97.0 37.0 335.313972856 123 394 29 93
209 -70.0 -96.0 37.0 335.051619752 132 393 30 93
210 -70.0 -95.0 38.0 335.174480135 140 370 30 93
343 -69.0 -112.0 23.0 335.071768548 2 721 25 56
344 -69.0 -112.0 24.0 335.337424184 2 698 26 51
345 -69.0 -112.0 25.0 335.608584657 2 676 25 45
346 -69.0 -112.0 26.0 335.885250141 1 653 26 39
347 -69.0 -112.0 27.0 336.167421061 1 630 26 33
348 -69.0 -112.0 28.0 336.455098108 1 607 26 26
349 -69.0 -111.0 24.0 335.085687189 9 698 25 92
350 -69.0 -111.0 25.0 335.358789085 9 675 26 92
351 -69.0 -111.0 26.0 335.637436708 8 652 26 92
352 -69.0 -111.0 27.0 335.921630579 7 630 26 92
353 -69.0 -111.0 28.0 336.211371492 7 607 26 93
354 -69.0 -111.0 29.0 336.506660531 6 584 27 94
355 -69.0 -110.0 25.0 335.106542832 18 675 25 91
356 -69.0 -110.0 26.0 335.387195095 17 652 26 92
357 -69.0 -110.0 27.0 335.673435055 17 629 26 92
358 -69.0 -110.0 28.0 335.965263608 16 606 26 92
359 -69.0 -110.0 29.0 336.262681948 15 584 26 93
360 -69.0 -110.0 30.0 336.565691584 15 561 26 94
361 -69.0 -109.0 26.0 335.134479511 26 652 26 91
362 -69.0 -109.0 27.0 335.422788963 26 629 26 90
363 -69.0 -109.0 28.0 335.716729215 25 606 26 89
364 -69.0 -109.0 29.0 336.016301571 24 583 27 91
365 -69.0 -109.0 30.0 336.321507657 24 560 27 93
366 -69.0 -108.0 27.0 335.169645771 34 629 26 90
367 -69.0 -108.0 28.0 335.465722059 34 606 26 94
368 -69.0 -108.0 29.0 335.767473444 33 583 26 91
369 -69.0 -108.0 30.0 336.074901672 33 560 27 93
370 -69.0 -108.0 31.0 336.388008839 32 537 27 92
371 -69.0 -107.0 28.0 335.212194855 43 605 27 92
372 -69.0 -107.0 29.0 335.516150577 42 583 27 92
373 -69.0 -107.0 30.0 335.825826949 42 560 27 93
374 -69.0 -107.0 31.0 336.141226199 41 537 27 94
375 -69.0 -107.0 32.0 336.46235093 41 514 27 92
376 -69.0 -106.0 29.0 335.262284919 52 582 26 92
377 -69.0 -106.0 30.0 335.57423575 51 559 27 92
378 -69.0 -106.0 31.0 335.891954113 50 536 27 92
379 -69.0 -106.0 32.0 336.215442754 50 514 27 93
380 -69.0 -105.0 30.0 335.320079254 60 559 27 93
381 -69.0 -105.0 31.0 335.640144088 59 536 27 91
382 -69.0 -105.0 32.0 335.966024736 59 513 27 92
383 -69.0 -105.0 33.0 336.29772451 58 490 27 93
384 -69.0 -104.0 30.0 335.063307529 69 559 27 93
385 -69.0 -104.0 31.0 335.385746518 69 536 27 91
386 -69.0 -104.0 32.0 335.714047616 68 513 27 92
387 -69.0 -104.0 33.0 336.048214294 67 490 28 93
388 -69.0 -103.0 31.0 335.128710665 77 535 27 92
389 -69.0 -103.0 32.0 335.459460999 77 513 28 93
390 -69.0 -103.0 33.0 335.796124148 76 490 27 92
391 -69.0 -103.0 34.0 336.13870421 76 466 28 93
392 -69.0 -102.0 32.0 335.202213324 86 512 27 92
393 -69.0 -102.0 33.0 335.541402875 85 489 28 93
394 -69.0 -102.0 34.0 335.886557559 85 466 28 92
395 -69.0 -102.0 35.0 336.237682152 84 443 28 94
396 -69.0 -101.0 33.0 335.283998086 94 489 28 92
397 -69.0 -101.0 34.0 335.631758512 94 466 28 90
398 -69.0 -101.0 35.0 335.985538092 93 443 28 93
399 -69.0 -100.0 34.0 335.374253839 103 466 28 91
400 -69.0 -100.0 35.0 335.730720766 102 442 28 93
401 -69.0 -100.0 36.0 336.093262681 102 419 29 92
402 -69.0 -99.0 34.0 335.113989062 112 465 28 94
403 -69.0 -99.0 35.0 335.473176092 111 442 28 91
404 -69.0 -99.0 36.0 335.838489318 111 419 28 94
405 -69.0 -98.0 35.0 335.21284871 120 442 29 91
406 -69.0 -98.0 36.0 335.580967316 120 419 29 93
407 -69.0 -98.0 37.0 335.955271032 119 395 29 92
408 -69.0 -97.0 36.0 335.320640421 128 418 29 92
409 -69.0 -97.0 37.0 335.69783731 128 395 29 92
410 -69.0 -96.0 36.0 335.057451036 137 418 29 92
411 -69.0 -96.0 37.0 335.437576974 137 395 29 93
412 -69.0 -96.0 38.0 335.824003593 136 372 29 94
413 -69.0 -95.0 37.0 335.174431488 146 395 29 92
414 -69.0 -95.0 38.0 335.563879031 145 371 30 93
415 -69.0 -94.0 38.0 335.300847159 154 371 29 92
416 -69.0 -94.0 39.0 335.699775569 154 348 29 93
417 -69.0 -93.0 39.0 335.436930396 163 347 30 93
418 -69.0 -92.0 39.0 335.171094373 171 347 30 91
419 -69.0 -91.0 40.0 335.317327821 180 323 31 91
420 -69.0 -89.0 41.0 335.205429953 197 299 31 92
594 -68.0 -113.0 21.0 335.154715158 1 768 25 25
595 -68.0 -113.0 22.0 335.408226625 0 745 25 20
596 -68.0 -113.0 23.0 335.667213261 0 722 25 13
597 -68.0 -113.0 24.0 335.931674395 0 699 26 9
598 -68.0 -113.0 25.0 336.201609566 0 676 25 5
599 -68.0 -113.0 26.0 336.477018543 0 653 26 2
600 -68.0 -113.0 27.0 336.757901343 0 630 26 1
602 -68.0 -112.0 22.0 335.156841113 6 745 26 92
603 -68.0 -112.0 23.0 335.417687713 5 722 25 92
604 -68.0 -112.0 24.0 335.684048955 5 700 25 91
605 -68.0 -112.0 25.0 335.955924465 4 677 26 88
606 -68.0 -112.0 26.0 336.233314096 4 654 26 85
607 -68.0 -112.0 27.0 336.516217953 4 631 26 81
608 -68.0 -112.0 28.0 336.804636411 3 608 27 76
609 -68.0 -112.0 29.0 337.098570135 3 586 27 71
610 -68.0 -111.0 23.0 335.165718799 15 722 26 91
611 -68.0 -111.0 24.0 335.434001751 14 699 26 92
612 -68.0 -111.0 25.0 335.707839819 13 677 25 92
613 -68.0 -111.0 26.0 335.987232948 13 654 26 92
614 -68.0 -111.0 27.0 336.272181333 12 631 26 92
615 -68.0 -111.0 28.0 336.562685443 12 608 26 92
616 -68.0 -111.0 29.0 336.858746039 11 585 26 92
617 -68.0 -110.0 24.0 335.181487112 23 699 25 92
618 -68.0 -110.0 25.0 335.457310216 23 676 26 92
619 -68.0 -110.0 26.0 335.738729958 22 654 26 91
620 -68.0 -110.0 27.0 336.025746629 21 631 26 91
621 -68.0 -110.0 28.0 336.318360796 21 608 26 92
622 -68.0 -110.0 29.0 336.616573321 20 585 27 91
623 -68.0 -110.0 30.0 336.920385384 19 562 27 93
624 -68.0 -109.0 25.0 335.204289234 32 676 25 91
625 -68.0 -109.0 26.0 335.487758976 31 653 26 91
626 -68.0 -109.0 27.0 335.776867977 31 630 26 89
627 -68.0 -109.0 28.0 336.071616906 30 608 26 88
628 -68.0 -109.0 29.0 336.372006732 29 585 26 92
629 -68.0 -109.0 30.0 336.678038744 29 562 27 92
630 -68.0 -109.0 31.0 336.989714578 28 539 27 93
631 -68.0 -108.0 26.0 335.234272818 40 653 26 90
632 -68.0 -108.0 27.0 335.525498479 40 630 26 90
633 -68.0 -108.0 28.0 335.822407178 39 607 26 92
634 -68.0 -108.0 29.0 336.124999993 38 585 27 91
635 -68.0 -108.0 30.0 336.43327833 38 562 27 91
636 -68.0 -108.0 31.0 336.747243941 37 539 26 93
637 -68.0 -107.0 27.0 335.27159018 48 630 26 92
638 -68.0 -107.0 28.0 335.570683956 48 607 26 94
639 -68.0 -107.0 29.0 335.875505767 47 584 27 92
640 -68.0 -107.0 30.0 336.186057137 47 561 27 93
641 -68.0 -107.0 31.0 336.502339942 46 538 27 93
642 -68.0 -107.0 32.0 336.824356442 46 515 27 93
643 -68.0 -106.0 28.0 335.316398502 57 606 27 92
644 -68.0 -106.0 29.0 335.62347563 56 584 27 92
645 -68.0 -106.0 30.0 335.936327075 56 561 27 92
646 -68.0 -106.0 31.0 336.254954844 55 538 27 92
647 -68.0 -106.0 32.0 336.579361327 55 515 27 94
648 -68.0 -106.0 33.0 336.909549331 54 492 27 93
649 -68.0 -105.0 28.0 335.059500968 66 606 26 92
650 -68.0 -105.0 29.0 335.368860052 66 583 27 91
651 -68.0 -105.0 30.0 335.684038948 65 561 27 92
652 -68.0 -105.0 31.0 336.005039796 64 538 27 91
653 -68.0 -105.0 32.0 336.331865131 64 515 27 91
654 -68.0 -105.0 33.0 336.664517902 63 492 28 93
655 -68.0 -104.0 29.0 335.111608367 75 583 27 91
656 -68.0 -104.0 30.0 335.42914242 74 560 27 92
657 -68.0 -104.0 31.0 335.752544817 73 537 28 90
658 -68.0 -104.0 32.0 336.081818238 73 514 27 92
659 -68.0 -104.0 33.0 336.416965785 72 491 27 93
660 -68.0 -104.0 34.0 336.757991017 72 468 28 94
elapsed time is 1434.672262
