generating bragg masks, processing batch 42
741 -75.0 115.0 12.0 215.037676189 0 794 25 2
760 -75.0 116.0 16.0 215.005245496 0 705 25 12
785 -75.0 117.0 19.0 214.994888389 0 635 26 5
1171 -74.0 113.0 4.0 214.966563214 0 977 24 9
1172 -74.0 113.0 5.0 214.950807332 1 956 24 35
1173 -74.0 113.0 6.0 214.94042818 3 934 24 61
1174 -74.0 113.0 7.0 214.935463576 4 912 24 88
1175 -74.0 113.0 8.0 214.935951942 6 890 24 95
1176 -74.0 113.0 9.0 214.941932323 9 867 24 93
1177 -74.0 113.0 10.0 214.953444407 12 845 24 93
1178 -74.0 113.0 11.0 214.970528546 14 823 25 96
1179 -74.0 113.0 12.0 214.993225781 17 800 25 94
1180 -74.0 113.0 13.0 215.021577863 20 778 25 95
1191 -74.0 114.0 7.0 214.757639483 0 909 24 4
1192 -74.0 114.0 8.0 214.757704513 1 889 24 31
1193 -74.0 114.0 9.0 214.763225504 2 866 24 56
1194 -74.0 114.0 10.0 214.774241579 4 844 25 82
1195 -74.0 114.0 11.0 214.790792516 6 822 25 94
1196 -74.0 114.0 12.0 214.812918768 8 799 25 95
1197 -74.0 114.0 13.0 214.840661489 11 777 25 96
1198 -74.0 114.0 14.0 214.874062555 14 754 25 95
1199 -74.0 114.0 15.0 214.913164599 16 732 25 95
1200 -74.0 114.0 16.0 214.958011033 19 709 26 96
1201 -74.0 114.0 17.0 215.00864608 21 687 25 96
1217 -74.0 115.0 10.0 214.598177926 0 840 25 2
1218 -74.0 115.0 11.0 214.614209916 1 820 25 23
1219 -74.0 115.0 12.0 214.635779915 2 798 25 48
1220 -74.0 115.0 13.0 214.662928489 3 776 25 76
1221 -74.0 115.0 14.0 214.695696917 5 753 25 94
1222 -74.0 115.0 15.0 214.734127218 7 731 25 95
1223 -74.0 115.0 16.0 214.77826218 10 708 25 95
1224 -74.0 115.0 17.0 214.828145389 13 686 26 95
1225 -74.0 115.0 18.0 214.883821261 15 663 26 95
1226 -74.0 115.0 19.0 214.945335076 18 640 26 92
1227 -74.0 115.0 20.0 215.012733016 20 618 26 96
1250 -74.0 116.0 14.0 214.520477427 0 752 25 13
1251 -74.0 116.0 15.0 214.558251799 1 730 26 38
1252 -74.0 116.0 16.0 214.601691618 3 707 25 66
1253 -74.0 116.0 17.0 214.650839843 4 684 26 89
1254 -74.0 116.0 18.0 214.70574025 6 662 25 96
1255 -74.0 116.0 19.0 214.766437465 9 639 26 98
1256 -74.0 116.0 20.0 214.832976998 11 617 26 95
1257 -74.0 116.0 21.0 214.905405284 14 594 27 96
1258 -74.0 116.0 22.0 214.983769719 16 571 27 97
1286 -74.0 117.0 17.0 214.476676229 0 682 26 6
1287 -74.0 117.0 18.0 214.530818141 1 661 26 27
1288 -74.0 117.0 19.0 214.590716269 2 638 26 54
1289 -74.0 117.0 20.0 214.656415468 3 615 26 78
1290 -74.0 117.0 21.0 214.727961497 5 593 26 95
1291 -74.0 117.0 22.0 214.805401064 8 570 27 97
1292 -74.0 117.0 23.0 214.888781861 10 547 27 99
1293 -74.0 117.0 24.0 214.978152614 13 524 27 96
1326 -74.0 118.0 21.0 214.553676879 0 591 26 14
1327 -74.0 118.0 22.0 214.630210354 1 569 26 41
1328 -74.0 118.0 23.0 214.712642331 3 546 27 68
1329 -74.0 118.0 24.0 214.801020824 4 523 27 89
1367 -74.0 119.0 24.0 214.627051999 0 520 27 4
1728 -73.0 111.0 0.0 215.04454233 7 1070 24 94
1729 -73.0 111.0 1.0 215.006952422 10 1048 23 95
1730 -73.0 111.0 2.0 214.974676148 13 1026 24 95
1731 -73.0 111.0 3.0 214.947750231 15 1004 24 93
1732 -73.0 111.0 4.0 214.926211958 18 982 24 92
1733 -73.0 111.0 5.0 214.910099189 21 959 24 93
1734 -73.0 111.0 6.0 214.89945038 24 937 25 94
1735 -73.0 111.0 7.0 214.894304592 26 915 25 94
1736 -73.0 111.0 8.0 214.894701513 29 893 25 94
1737 -73.0 111.0 9.0 214.900681478 32 870 25 95
1738 -73.0 111.0 10.0 214.912285486 34 848 25 95
1739 -73.0 111.0 11.0 214.929555229 37 826 25 93
1740 -73.0 111.0 12.0 214.952533106 40 803 24 95
1741 -73.0 111.0 13.0 214.981262259 42 781 25 93
1742 -73.0 111.0 14.0 215.015786593 45 759 25 95
1745 -73.0 112.0 -1.0 214.907081647 0 1091 23 10
1746 -73.0 112.0 0.0 214.86405162 1 1070 24 37
1747 -73.0 112.0 1.0 214.826266114 3 1047 24 63
1748 -73.0 112.0 2.0 214.793760789 4 1025 23 91
1749 -73.0 112.0 3.0 214.766571847 7 1003 24 94
1750 -73.0 112.0 4.0 214.744736041 10 981 24 94
1751 -73.0 112.0 5.0 214.728290692 12 959 24 94
1752 -73.0 112.0 6.0 214.717273703 15 936 24 93
1753 -73.0 112.0 7.0 214.711723575 18 914 24 94
1754 -73.0 112.0 8.0 214.711679424 20 892 25 95
1755 -73.0 112.0 9.0 214.717181003 23 869 25 93
1756 -73.0 112.0 10.0 214.728268719 26 847 25 94
1757 -73.0 112.0 11.0 214.744983655 28 825 24 93
1758 -73.0 112.0 12.0 214.767367596 31 802 25 96
1759 -73.0 112.0 13.0 214.795463052 34 780 25 93
1760 -73.0 112.0 14.0 214.829313287 36 758 25 94
1761 -73.0 112.0 15.0 214.868962342 39 735 25 95
1762 -73.0 112.0 16.0 214.914455073 41 713 25 96
1763 -73.0 112.0 17.0 214.965837176 44 690 26 94
1764 -73.0 112.0 18.0 215.023155229 46 668 26 94
1773 -73.0 113.0 2.0 214.615991563 0 1023 24 8
1774 -73.0 113.0 3.0 214.588551058 1 1002 24 35
1775 -73.0 113.0 4.0 214.566429592 3 980 24 62
1776 -73.0 113.0 5.0 214.549663956 4 957 24 88
1777 -73.0 113.0 6.0 214.538291511 6 935 24 95
1778 -73.0 113.0 7.0 214.532350207 9 913 24 94
1779 -73.0 113.0 8.0 214.531878602 12 891 24 94
1780 -73.0 113.0 9.0 214.536915877 14 869 24 95
1781 -73.0 113.0 10.0 214.547501855 17 846 24 94
1782 -73.0 113.0 11.0 214.563677029 20 824 24 92
1783 -73.0 113.0 12.0 214.585482578 22 802 25 95
1784 -73.0 113.0 13.0 214.612960394 25 779 25 95
1785 -73.0 113.0 14.0 214.646153109 28 757 26 94
1786 -73.0 113.0 15.0 214.685104124 30 734 25 95
1787 -73.0 113.0 16.0 214.729857633 33 712 26 94
1788 -73.0 113.0 17.0 214.780458663 35 689 26 95
1789 -73.0 113.0 18.0 214.836953101 38 666 26 96
1790 -73.0 113.0 19.0 214.899387733 40 644 27 96
1791 -73.0 113.0 20.0 214.967810279 43 621 26 101
1792 -73.0 113.0 21.0 215.04226944 45 599 26 94
1806 -73.0 114.0 5.0 214.374166911 0 955 24 5
1807 -73.0 114.0 6.0 214.362451366 1 934 24 31
1808 -73.0 114.0 7.0 214.356131678 2 912 24 57
1809 -73.0 114.0 8.0 214.355245854 4 890 24 83
1810 -73.0 114.0 9.0 214.359832516 6 868 24 95
1811 -73.0 114.0 10.0 214.369930918 8 845 24 95
1812 -73.0 114.0 11.0 214.385580969 11 823 25 94
1813 -73.0 114.0 12.0 214.406823256 14 801 25 95
1814 -73.0 114.0 13.0 214.433699066 16 778 25 93
1815 -73.0 114.0 14.0 214.466250414 19 756 25 95
1816 -73.0 114.0 15.0 214.504520068 21 733 25 94
1817 -73.0 114.0 16.0 214.54855158 24 711 26 95
1818 -73.0 114.0 17.0 214.598389315 26 688 25 94
1819 -73.0 114.0 18.0 214.654078488 29 666 26 95
1820 -73.0 114.0 19.0 214.715665193 32 643 26 96
1821 -73.0 114.0 20.0 214.783196447 34 620 26 93
1822 -73.0 114.0 21.0 214.856720222 37 597 26 96
1823 -73.0 114.0 22.0 214.936285495 39 575 26 97
1824 -73.0 114.0 23.0 215.021942285 42 552 27 96
1843 -73.0 115.0 8.0 214.181728931 0 886 24 2
1844 -73.0 115.0 9.0 214.185878294 1 866 25 24
1845 -73.0 115.0 10.0 214.195502894 2 844 25 50
1846 -73.0 115.0 11.0 214.210642068 3 822 25 75
1847 -73.0 115.0 12.0 214.231335823 5 799 25 95
1848 -73.0 115.0 13.0 214.257624852 7 777 25 94
1849 -73.0 115.0 14.0 214.289550565 10 755 25 95
1850 -73.0 115.0 15.0 214.327155111 13 732 25 95
1851 -73.0 115.0 16.0 214.370481411 15 710 26 96
1852 -73.0 115.0 17.0 214.419573186 18 687 25 97
1853 -73.0 115.0 18.0 214.474474987 20 664 26 96
1854 -73.0 115.0 19.0 214.535232235 23 642 26 94
1855 -73.0 115.0 20.0 214.601891253 25 619 27 97
1856 -73.0 115.0 21.0 214.674499306 28 596 26 97
1857 -73.0 115.0 22.0 214.753104642 30 574 26 96
1858 -73.0 115.0 23.0 214.837756534 33 551 27 96
1859 -73.0 115.0 24.0 214.928505331 35 528 27 95
1860 -73.0 115.0 25.0 215.025402501 38 505 27 96
1885 -73.0 116.0 12.0 214.058967444 0 798 24 16
1886 -73.0 116.0 13.0 214.084684518 1 776 25 41
1887 -73.0 116.0 14.0 214.11599992 3 754 25 67
1888 -73.0 116.0 15.0 214.152955196 4 731 26 90
1889 -73.0 116.0 16.0 214.195592646 6 709 25 95
1890 -73.0 116.0 17.0 214.243955358 9 686 26 96
1891 -73.0 116.0 18.0 214.298087237 11 663 25 94
1892 -73.0 116.0 19.0 214.358033043 14 641 26 97
1893 -73.0 116.0 20.0 214.423838419 16 618 26 101
1894 -73.0 116.0 21.0 214.495549937 19 595 27 95
1895 -73.0 116.0 22.0 214.573215133 22 572 27 94
1896 -73.0 116.0 23.0 214.656882549 24 549 26 96
1897 -73.0 116.0 24.0 214.746601784 27 527 27 97
1898 -73.0 116.0 25.0 214.842423536 29 504 28 97
1899 -73.0 116.0 26.0 214.944399653 32 481 28 99
1928 -73.0 117.0 15.0 213.981867259 0 728 25 6
1929 -73.0 117.0 16.0 214.023831805 1 707 25 28
1930 -73.0 117.0 17.0 214.07148193 2 685 26 55
1931 -73.0 117.0 18.0 214.124860905 3 662 26 81
1932 -73.0 117.0 19.0 214.18401284 5 640 26 95
1933 -73.0 117.0 20.0 214.248982716 8 617 26 94
1934 -73.0 117.0 21.0 214.319816423 10 594 26 93
1935 -73.0 117.0 22.0 214.396560801 13 571 27 96
1936 -73.0 117.0 23.0 214.479263678 15 548 27 98
1937 -73.0 117.0 24.0 214.567973917 18 525 27 98
1938 -73.0 117.0 25.0 214.662741462 20 502 27 97
1939 -73.0 117.0 26.0 214.763617388 23 479 28 99
1973 -73.0 118.0 18.0 213.954742668 0 659 26 1
1974 -73.0 118.0 19.0 214.013117873 0 638 26 16
1975 -73.0 118.0 20.0 214.077269948 1 616 26 40
1976 -73.0 118.0 21.0 214.147244118 3 593 26 71
1977 -73.0 118.0 22.0 214.223086539 4 570 27 94
1978 -73.0 118.0 23.0 214.304844339 6 547 27 97
1979 -73.0 118.0 24.0 214.392565664 9 524 27 98
1980 -73.0 118.0 25.0 214.486299718 11 501 27 97
2019 -73.0 119.0 22.0 214.05273828 0 568 26 6
2020 -73.0 119.0 23.0 214.133570006 1 546 27 25
2021 -73.0 119.0 24.0 214.220322024 2 523 27 53
2410 -72.0 108.0 7.0 215.047931667 57 919 24 93
2411 -72.0 108.0 8.0 215.048718351 60 897 24 93
2412 -72.0 109.0 0.0 215.010390126 30 1073 23 93
2413 -72.0 109.0 1.0 214.972092257 32 1051 24 93
2414 -72.0 109.0 2.0 214.939193239 35 1029 24 94
2415 -72.0 109.0 3.0 214.911731021 38 1007 24 93
2416 -72.0 109.0 4.0 214.889744138 41 984 24 92
2417 -72.0 109.0 5.0 214.873271718 43 962 24 93
2418 -72.0 109.0 6.0 214.862353504 46 940 24 93
2419 -72.0 109.0 7.0 214.857029869 49 918 24 93
2420 -72.0 109.0 8.0 214.857341835 52 896 24 93
2421 -72.0 109.0 9.0 214.863331095 54 874 24 93
2422 -72.0 109.0 10.0 214.875040031 57 851 25 92
elapsed time is 1785.992090
