generating bragg masks, processing batch 41
489 -64.0 119.0 5.0 210.011932635 0 962 24 9
490 -64.0 119.0 6.0 209.990718307 1 941 24 33
491 -64.0 119.0 7.0 209.974933162 2 919 24 56
492 -64.0 119.0 8.0 209.964614025 4 896 24 83
493 -64.0 119.0 9.0 209.959798308 6 874 24 91
494 -64.0 119.0 10.0 209.960524027 8 852 24 93
495 -64.0 119.0 11.0 209.966829823 11 829 24 93
496 -64.0 119.0 12.0 209.978754987 13 807 25 90
497 -64.0 119.0 13.0 209.996339477 16 785 25 91
498 -64.0 119.0 14.0 210.01962395 18 762 25 93
499 -64.0 119.0 15.0 210.048649783 21 740 26 94
508 -64.0 120.0 9.0 209.818223894 0 873 25 20
509 -64.0 120.0 10.0 209.818619196 2 851 25 44
510 -64.0 120.0 11.0 209.824556549 3 828 25 68
511 -64.0 120.0 12.0 209.836074664 4 806 25 88
512 -64.0 120.0 13.0 209.853212909 7 784 24 93
513 -64.0 120.0 14.0 209.876011338 9 761 25 93
514 -64.0 120.0 15.0 209.904510714 11 738 25 94
515 -64.0 120.0 16.0 209.938752538 14 716 26 92
516 -64.0 120.0 17.0 209.978779081 16 693 25 93
517 -64.0 120.0 18.0 210.02463341 19 671 26 93
532 -64.0 121.0 12.0 209.696225248 0 803 25 4
533 -64.0 121.0 13.0 209.712929802 1 782 25 26
534 -64.0 121.0 14.0 209.735255283 2 760 25 49
535 -64.0 121.0 15.0 209.763241852 3 737 25 75
536 -64.0 121.0 16.0 209.796930397 5 715 25 91
537 -64.0 121.0 17.0 209.83636256 7 692 26 92
538 -64.0 121.0 18.0 209.88158077 9 670 26 93
539 -64.0 121.0 19.0 209.932628271 12 647 26 95
540 -64.0 121.0 20.0 209.989549166 14 624 26 95
561 -64.0 122.0 16.0 209.657939966 0 713 26 8
562 -64.0 122.0 17.0 209.696792143 1 691 25 31
563 -64.0 122.0 18.0 209.741389209 2 669 26 55
564 -64.0 122.0 19.0 209.791773771 3 646 26 81
565 -64.0 122.0 20.0 209.847989271 5 623 26 94
566 -64.0 122.0 21.0 209.91008003 7 600 27 97
567 -64.0 122.0 22.0 209.97809128 10 577 27 96
594 -64.0 123.0 20.0 209.709269006 0 621 26 10
595 -64.0 123.0 21.0 209.770627622 1 599 26 33
596 -64.0 123.0 22.0 209.837863547 2 576 26 58
597 -64.0 123.0 23.0 209.911022279 3 553 27 82
882 -63.0 116.0 5.0 210.029899709 27 967 24 90
883 -63.0 116.0 6.0 210.008232289 30 945 24 91
884 -63.0 116.0 7.0 209.992118965 33 923 25 93
885 -63.0 116.0 8.0 209.981598317 35 901 24 91
886 -63.0 116.0 9.0 209.976709544 38 878 24 92
887 -63.0 116.0 10.0 209.977492478 40 856 25 91
888 -63.0 116.0 11.0 209.98398761 43 834 25 93
889 -63.0 116.0 12.0 209.996236112 45 811 25 90
890 -63.0 116.0 13.0 210.014279864 48 789 25 91
891 -63.0 116.0 14.0 210.038161475 50 767 25 92
892 -63.0 117.0 1.0 210.024673698 8 1055 24 92
893 -63.0 117.0 2.0 209.981108157 11 1033 24 91
894 -63.0 117.0 3.0 209.942912872 13 1011 24 93
895 -63.0 117.0 4.0 209.910123595 16 989 24 92
896 -63.0 117.0 5.0 209.882776618 18 966 24 91
897 -63.0 117.0 6.0 209.860908786 21 944 24 92
898 -63.0 117.0 7.0 209.844557517 23 922 24 92
899 -63.0 117.0 8.0 209.833760814 26 900 24 92
900 -63.0 117.0 9.0 209.828557284 29 877 24 91
901 -63.0 117.0 10.0 209.82898616 31 855 24 90
902 -63.0 117.0 11.0 209.835087324 34 833 24 94
903 -63.0 117.0 12.0 209.846901325 36 810 24 90
904 -63.0 117.0 13.0 209.864469405 39 788 25 93
905 -63.0 117.0 14.0 209.887833527 41 766 25 93
906 -63.0 117.0 15.0 209.917036404 43 743 25 92
907 -63.0 117.0 16.0 209.952121524 46 721 26 93
908 -63.0 117.0 17.0 209.993133186 48 698 25 92
909 -63.0 117.0 18.0 210.040116533 51 675 26 93
912 -63.0 118.0 0.0 209.92976979 0 1076 24 14
913 -63.0 118.0 1.0 209.880855775 1 1054 24 40
914 -63.0 118.0 2.0 209.837242439 3 1032 24 62
915 -63.0 118.0 3.0 209.798964487 4 1010 23 89
916 -63.0 118.0 4.0 209.766057141 7 988 24 90
917 -63.0 118.0 5.0 209.738556157 9 966 24 92
918 -63.0 118.0 6.0 209.716497833 12 943 24 91
919 -63.0 118.0 7.0 209.699919028 14 921 25 93
920 -63.0 118.0 8.0 209.68885718 17 899 25 91
921 -63.0 118.0 9.0 209.68335032 19 876 25 94
922 -63.0 118.0 10.0 209.683437096 22 854 25 92
923 -63.0 118.0 11.0 209.689156788 24 832 25 92
924 -63.0 118.0 12.0 209.700549337 27 809 25 94
925 -63.0 118.0 13.0 209.717655365 29 787 25 91
926 -63.0 118.0 14.0 209.740516201 32 764 25 94
927 -63.0 118.0 15.0 209.769173909 34 742 25 91
928 -63.0 118.0 16.0 209.803671319 37 720 25 93
929 -63.0 118.0 17.0 209.844052052 39 697 26 93
930 -63.0 118.0 18.0 209.890360563 42 674 25 92
931 -63.0 118.0 19.0 209.942642167 44 652 26 93
932 -63.0 118.0 20.0 210.000943083 46 629 27 93
940 -63.0 119.0 3.0 209.657848461 0 1007 24 4
941 -63.0 119.0 4.0 209.624831702 1 987 24 29
942 -63.0 119.0 5.0 209.597185823 2 965 24 53
943 -63.0 119.0 6.0 209.574946589 3 942 24 78
944 -63.0 119.0 7.0 209.558150313 5 920 24 92
945 -63.0 119.0 8.0 209.546833879 8 898 24 90
946 -63.0 119.0 9.0 209.541034754 10 875 24 92
947 -63.0 119.0 10.0 209.54079101 13 853 24 92
948 -63.0 119.0 11.0 209.546141344 15 831 24 90
949 -63.0 119.0 12.0 209.5571251 18 808 24 93
950 -63.0 119.0 13.0 209.573782292 20 786 25 92
951 -63.0 119.0 14.0 209.596153628 23 763 25 93
952 -63.0 119.0 15.0 209.624280541 25 741 25 92
953 -63.0 119.0 16.0 209.658205212 28 718 26 93
954 -63.0 119.0 17.0 209.697970605 30 696 25 93
955 -63.0 119.0 18.0 209.743620497 32 673 26 92
956 -63.0 119.0 19.0 209.795199515 35 651 26 94
957 -63.0 119.0 20.0 209.852753168 37 628 26 93
958 -63.0 119.0 21.0 209.916327893 40 605 27 92
959 -63.0 119.0 22.0 209.98597109 42 582 27 95
972 -63.0 120.0 7.0 209.419199331 0 919 24 15
973 -63.0 120.0 8.0 209.407638527 1 897 25 40
974 -63.0 120.0 9.0 209.40155785 3 875 25 64
975 -63.0 120.0 10.0 209.400994809 4 852 25 86
976 -63.0 120.0 11.0 209.405987529 6 830 25 95
977 -63.0 120.0 12.0 209.416574769 9 807 25 95
978 -63.0 120.0 13.0 209.432795949 11 785 25 92
979 -63.0 120.0 14.0 209.454691171 14 762 25 92
980 -63.0 120.0 15.0 209.482301247 16 740 25 93
981 -63.0 120.0 16.0 209.515667728 18 717 25 92
982 -63.0 120.0 17.0 209.554832931 21 695 26 95
983 -63.0 120.0 18.0 209.599839973 23 672 25 93
984 -63.0 120.0 19.0 209.650732806 26 649 26 93
985 -63.0 120.0 20.0 209.707556248 28 627 26 93
986 -63.0 120.0 21.0 209.770356028 30 604 26 93
987 -63.0 120.0 22.0 209.83917882 33 581 26 93
988 -63.0 120.0 23.0 209.914072291 35 558 27 94
989 -63.0 120.0 24.0 209.995085142 37 535 27 94
1007 -63.0 121.0 10.0 209.263996552 0 849 24 2
1008 -63.0 121.0 11.0 209.268643042 1 828 24 22
1009 -63.0 121.0 12.0 209.278845676 2 806 25 46
1010 -63.0 121.0 13.0 209.29464329 3 784 25 70
1011 -63.0 121.0 14.0 209.316075393 5 761 25 90
1012 -63.0 121.0 15.0 209.343182192 7 739 26 93
1013 -63.0 121.0 16.0 209.376004618 9 716 25 92
1014 -63.0 121.0 17.0 209.414584358 12 694 25 94
1015 -63.0 121.0 18.0 209.458963884 14 671 26 94
1016 -63.0 121.0 19.0 209.509186485 16 648 26 95
1017 -63.0 121.0 20.0 209.565296306 19 626 26 96
1018 -63.0 121.0 21.0 209.627338383 21 603 26 97
1019 -63.0 121.0 22.0 209.695358681 23 580 27 97
1020 -63.0 121.0 23.0 209.769404139 26 557 27 95
1021 -63.0 121.0 24.0 209.849522713 28 534 26 94
1022 -63.0 121.0 25.0 209.935763424 30 511 27 95
1046 -63.0 122.0 14.0 209.180254033 0 759 25 5
1047 -63.0 122.0 15.0 209.206870726 1 738 25 27
1048 -63.0 122.0 16.0 209.239162835 2 715 26 52
1049 -63.0 122.0 17.0 209.277171429 3 692 25 77
1050 -63.0 122.0 18.0 209.320938348 5 670 26 92
1051 -63.0 122.0 19.0 209.370506237 7 647 26 93
1052 -63.0 122.0 20.0 209.42591858 9 625 26 93
1053 -63.0 122.0 21.0 209.487219735 12 602 27 93
1054 -63.0 122.0 22.0 209.554454975 14 579 26 97
1055 -63.0 122.0 23.0 209.627670528 16 556 27 95
1056 -63.0 122.0 24.0 209.706913621 19 533 27 94
1085 -63.0 123.0 18.0 209.185710685 0 668 25 7
1086 -63.0 123.0 19.0 209.23463896 1 646 26 30
1087 -63.0 123.0 20.0 209.289369533 2 624 26 53
1088 -63.0 123.0 21.0 209.349946101 3 600 26 76
1089 -63.0 123.0 22.0 209.416413259 5 578 27 93
1090 -63.0 123.0 23.0 209.488816541 7 555 27 96
1124 -63.0 124.0 22.0 209.281180314 0 576 27 7
1408 -62.0 113.0 6.0 210.037378433 62 949 24 90
1409 -62.0 113.0 7.0 210.020948812 64 927 24 92
1410 -62.0 113.0 8.0 210.010244831 67 905 25 90
1411 -62.0 113.0 9.0 210.005307611 69 882 25 91
1412 -62.0 113.0 10.0 210.006178943 72 860 25 92
1413 -62.0 113.0 11.0 210.012901313 74 838 25 93
1414 -62.0 113.0 12.0 210.025517921 77 816 25 90
1415 -62.0 113.0 13.0 210.044072717 79 793 25 91
1416 -62.0 114.0 2.0 210.005969132 42 1037 23 91
1417 -62.0 114.0 3.0 209.966931262 45 1015 24 90
1418 -62.0 114.0 4.0 209.933423261 48 993 24 89
1419 -62.0 114.0 5.0 209.905483179 50 970 24 90
1420 -62.0 114.0 6.0 209.883149652 53 948 24 91
1421 -62.0 114.0 7.0 209.866461912 55 926 24 91
1422 -62.0 114.0 8.0 209.85545981 58 904 24 91
1423 -62.0 114.0 9.0 209.850183834 60 881 24 92
1424 -62.0 114.0 10.0 209.850675128 63 859 24 91
1425 -62.0 114.0 11.0 209.856975521 65 837 24 93
1426 -62.0 114.0 12.0 209.869127542 68 815 25 90
1427 -62.0 114.0 13.0 209.887174457 70 792 25 92
1428 -62.0 114.0 14.0 209.911160287 73 770 25 92
1429 -62.0 114.0 15.0 209.941129846 75 747 26 93
1430 -62.0 114.0 16.0 209.977128767 78 725 25 92
1431 -62.0 114.0 17.0 210.019203541 80 703 26 91
1432 -62.0 115.0 -1.0 210.005403872 25 1102 23 90
1433 -62.0 115.0 0.0 209.950012099 28 1080 24 91
1434 -62.0 115.0 1.0 209.900003975 31 1058 23 91
1435 -62.0 115.0 2.0 209.855415341 33 1036 24 92
1436 -62.0 115.0 3.0 209.816282569 36 1014 24 92
1437 -62.0 115.0 4.0 209.782642577 39 992 24 92
1438 -62.0 115.0 5.0 209.754532838 41 969 24 90
1439 -62.0 115.0 6.0 209.731991397 44 947 24 90
1440 -62.0 115.0 7.0 209.715056891 46 925 24 92
1441 -62.0 115.0 8.0 209.70376856 49 903 25 91
1442 -62.0 115.0 9.0 209.698166273 51 881 25 91
1443 -62.0 115.0 10.0 209.698290544 54 858 25 90
1444 -62.0 115.0 11.0 209.704182556 56 836 25 93
1445 -62.0 115.0 12.0 209.715884184 59 814 25 91
elapsed time is 1735.555996
