generating bragg masks, processing batch 68
8 -63.0 -114.0 32.0 340.108032328 3 525 27 81
9 -63.0 -113.0 33.0 340.205528822 11 502 27 97
10 -63.0 -111.0 34.0 340.094019993 29 478 27 97
11 -63.0 -110.0 35.0 340.208094521 38 455 27 98
12 -63.0 -108.0 36.0 340.112205705 55 431 28 97
55 -62.0 -115.0 30.0 340.081709639 2 573 27 43
56 -62.0 -115.0 31.0 340.382139541 1 550 27 34
57 -62.0 -115.0 32.0 340.687880195 1 527 27 25
58 -62.0 -114.0 31.0 340.166486846 8 550 27 97
59 -62.0 -114.0 32.0 340.474503658 7 527 27 97
60 -62.0 -113.0 32.0 340.259069805 16 526 27 96
61 -62.0 -113.0 33.0 340.574782578 15 503 27 97
62 -62.0 -112.0 33.0 340.359625866 25 503 28 98
63 -62.0 -112.0 34.0 340.683146676 24 480 27 98
64 -62.0 -111.0 33.0 340.142358287 34 503 28 97
65 -62.0 -111.0 34.0 340.468327877 33 479 28 98
66 -62.0 -110.0 34.0 340.25138703 43 479 28 97
67 -62.0 -110.0 35.0 340.585354454 42 456 28 96
68 -62.0 -109.0 35.0 340.368804375 51 456 28 97
69 -62.0 -109.0 36.0 340.710890254 50 432 28 98
70 -62.0 -108.0 35.0 340.150077231 61 455 28 98
71 -62.0 -108.0 36.0 340.49479775 60 432 29 97
72 -62.0 -107.0 36.0 340.276517822 69 432 28 94
73 -62.0 -107.0 37.0 340.629561067 68 409 28 96
74 -62.0 -106.0 36.0 340.056004233 78 432 28 98
75 -62.0 -106.0 37.0 340.411798852 78 408 29 98
76 -62.0 -105.0 37.0 340.191792808 87 408 29 96
77 -62.0 -105.0 38.0 340.556124162 86 385 29 97
78 -62.0 -104.0 38.0 340.336700119 96 385 29 97
79 -62.0 -103.0 38.0 340.114974252 105 384 29 96
80 -62.0 -103.0 39.0 340.49094068 104 361 29 95
81 -62.0 -102.0 39.0 340.269865593 113 361 30 96
82 -62.0 -101.0 40.0 340.434394903 122 337 30 96
83 -62.0 -100.0 40.0 340.21168279 131 337 30 96
84 -62.0 -99.0 41.0 340.38689619 140 313 31 95
85 -62.0 -98.0 41.0 340.162564679 149 313 30 97
86 -62.0 -96.0 42.0 340.122951874 167 289 31 96
87 -62.0 -94.0 43.0 340.09331507 184 265 31 100
88 -62.0 -92.0 44.0 340.074157763 202 241 32 99
164 -61.0 -116.0 28.0 340.079598621 0 620 26 11
165 -61.0 -116.0 29.0 340.367829873 0 596 26 5
166 -61.0 -116.0 30.0 340.661339524 0 573 26 1
169 -61.0 -115.0 29.0 340.151932115 4 597 26 96
170 -61.0 -115.0 30.0 340.447629721 4 574 26 89
171 -61.0 -115.0 31.0 340.748643531 3 551 26 81
172 -61.0 -115.0 32.0 341.05497281 3 528 26 70
173 -61.0 -114.0 30.0 340.231863246 13 574 26 98
174 -61.0 -114.0 31.0 340.535132801 12 551 26 99
175 -61.0 -114.0 32.0 340.843757432 11 528 27 97
176 -61.0 -114.0 33.0 341.157736836 10 505 27 98
177 -61.0 -113.0 31.0 340.319553062 21 551 27 97
178 -61.0 -113.0 32.0 340.63050301 20 528 27 98
179 -61.0 -113.0 33.0 340.946848035 20 505 28 97
180 -61.0 -112.0 31.0 340.101862087 31 550 27 96
181 -61.0 -112.0 32.0 340.415167809 30 527 27 97
182 -61.0 -112.0 33.0 340.733909572 29 504 27 97
183 -61.0 -112.0 34.0 341.058087607 28 481 28 98
184 -61.0 -111.0 32.0 340.19770904 39 527 27 97
185 -61.0 -111.0 33.0 340.518879174 39 504 27 95
186 -61.0 -111.0 34.0 340.84552729 38 481 28 97
187 -61.0 -111.0 35.0 341.17765414 37 458 28 98
188 -61.0 -110.0 33.0 340.301713489 48 504 27 98
189 -61.0 -110.0 34.0 340.63086454 47 481 28 97
190 -61.0 -110.0 35.0 340.96553681 46 457 28 96
191 -61.0 -109.0 33.0 340.082368054 57 503 27 96
192 -61.0 -109.0 34.0 340.414055444 56 480 27 98
193 -61.0 -109.0 35.0 340.751307259 55 457 28 98
194 -61.0 -109.0 36.0 341.094124908 55 434 28 98
195 -61.0 -108.0 34.0 340.195054955 66 480 27 96
196 -61.0 -108.0 35.0 340.534921014 65 457 28 97
197 -61.0 -108.0 36.0 340.880396945 64 434 28 99
198 -61.0 -107.0 35.0 340.316332448 74 457 28 96
199 -61.0 -107.0 36.0 340.664502708 73 433 28 96
200 -61.0 -107.0 37.0 341.018329789 73 410 29 96
201 -61.0 -106.0 35.0 340.095494737 84 456 28 97
202 -61.0 -106.0 36.0 340.446395989 83 433 28 99
203 -61.0 -106.0 37.0 340.802999756 82 410 29 98
204 -61.0 -105.0 36.0 340.226029361 92 433 28 95
205 -61.0 -105.0 37.0 340.585447909 91 410 29 98
206 -61.0 -105.0 38.0 340.950618455 90 386 28 97
207 -61.0 -104.0 37.0 340.365626221 101 409 29 97
208 -61.0 -104.0 38.0 340.733697765 100 386 29 97
209 -61.0 -103.0 37.0 340.143485379 110 409 28 96
210 -61.0 -103.0 38.0 340.514498197 109 386 29 97
211 -61.0 -103.0 39.0 340.891362719 108 362 29 96
212 -61.0 -102.0 38.0 340.292969818 118 386 29 96
213 -61.0 -102.0 39.0 340.672865956 118 362 29 95
214 -61.0 -101.0 38.0 340.06906134 128 385 29 98
215 -61.0 -101.0 39.0 340.452031695 127 362 30 97
216 -61.0 -101.0 40.0 340.840958369 126 339 30 97
217 -61.0 -100.0 39.0 340.228808001 136 362 30 96
218 -61.0 -100.0 40.0 340.620903648 135 338 30 97
219 -61.0 -99.0 40.0 340.398451218 145 338 30 95
220 -61.0 -99.0 41.0 340.799827182 144 315 31 96
221 -61.0 -98.0 40.0 340.173547048 154 338 30 97
222 -61.0 -98.0 41.0 340.578236554 153 314 30 98
223 -61.0 -97.0 41.0 340.354186383 163 314 30 95
224 -61.0 -97.0 42.0 340.768419172 162 291 31 97
225 -61.0 -96.0 41.0 340.127620441 172 314 31 96
226 -61.0 -96.0 42.0 340.545319072 171 290 31 96
227 -61.0 -95.0 42.0 340.319695952 180 290 31 97
228 -61.0 -95.0 43.0 340.747215077 180 267 32 97
229 -61.0 -94.0 42.0 340.09149127 189 290 31 96
230 -61.0 -94.0 43.0 340.522636841 189 266 31 99
231 -61.0 -93.0 43.0 340.295470433 198 266 31 97
232 -61.0 -92.0 43.0 340.065654891 207 266 32 98
233 -61.0 -92.0 44.0 340.510709571 207 242 32 100
234 -61.0 -91.0 44.0 340.282034997 216 242 32 97
235 -61.0 -90.0 44.0 340.050641901 225 242 32 91
236 -61.0 -90.0 45.0 340.510094229 224 218 33 97
237 -61.0 -89.0 45.0 340.279952722 233 218 33 98
238 -61.0 -87.0 46.0 340.289828242 251 194 33 101
239 -61.0 -86.0 46.0 340.055405095 260 193 34 92
240 -61.0 -84.0 47.0 340.07645077 278 169 34 96
369 -60.0 -116.0 27.0 340.161561121 2 645 26 61
370 -60.0 -116.0 28.0 340.445044858 2 622 26 52
371 -60.0 -116.0 29.0 340.733813683 2 599 26 43
372 -60.0 -116.0 30.0 341.02786583 1 576 26 33
373 -60.0 -116.0 31.0 341.327199866 1 553 27 22
374 -60.0 -116.0 32.0 341.63181471 0 529 27 13
375 -60.0 -115.0 28.0 340.229114419 9 622 26 93
376 -60.0 -115.0 29.0 340.520050327 8 599 26 93
377 -60.0 -115.0 30.0 340.816308569 8 576 27 96
378 -60.0 -115.0 31.0 341.117887747 7 553 27 98
379 -60.0 -115.0 32.0 341.42478682 6 530 27 97
380 -60.0 -115.0 33.0 341.737005125 5 507 27 94
381 -60.0 -114.0 29.0 340.304219702 18 598 27 95
382 -60.0 -114.0 30.0 340.602712842 17 575 27 92
383 -60.0 -114.0 31.0 340.906566592 16 552 27 95
384 -60.0 -114.0 32.0 341.215779951 15 529 27 98
385 -60.0 -114.0 33.0 341.530352306 14 506 27 96
386 -60.0 -113.0 29.0 340.086279687 27 598 27 95
387 -60.0 -113.0 30.0 340.387037002 26 575 27 97
388 -60.0 -113.0 31.0 340.693195242 25 552 27 97
389 -60.0 -113.0 32.0 341.004753453 25 529 27 97
390 -60.0 -113.0 33.0 341.32171107 24 506 27 97
391 -60.0 -113.0 34.0 341.644067943 23 483 28 98
392 -60.0 -112.0 30.0 340.16923835 36 575 26 96
393 -60.0 -112.0 31.0 340.477731497 35 552 27 98
394 -60.0 -112.0 32.0 340.791665637 34 529 27 97
395 -60.0 -112.0 33.0 341.111040257 33 506 27 97
396 -60.0 -112.0 34.0 341.435855267 32 483 28 98
397 -60.0 -111.0 31.0 340.260132079 44 551 27 96
398 -60.0 -111.0 32.0 340.576473747 43 529 27 96
399 -60.0 -111.0 33.0 340.898297651 43 506 27 96
400 -60.0 -111.0 34.0 341.225603762 42 482 28 96
401 -60.0 -111.0 35.0 341.558392505 41 459 28 98
402 -60.0 -110.0 32.0 340.359133927 53 528 27 96
403 -60.0 -110.0 33.0 340.683439942 52 505 27 96
404 -60.0 -110.0 34.0 341.013270683 51 482 27 96
405 -60.0 -110.0 35.0 341.348626647 50 459 28 97
406 -60.0 -110.0 36.0 341.689508823 49 436 28 94
407 -60.0 -109.0 32.0 340.139601191 62 528 27 95
408 -60.0 -109.0 33.0 340.4664227 61 505 28 96
409 -60.0 -109.0 34.0 340.798812173 61 482 27 97
410 -60.0 -109.0 35.0 341.136770185 60 459 28 96
411 -60.0 -109.0 36.0 341.480297807 59 436 28 97
412 -60.0 -108.0 33.0 340.247200338 71 505 28 96
413 -60.0 -108.0 34.0 340.58218323 70 482 28 97
414 -60.0 -108.0 35.0 340.922778718 69 458 28 97
415 -60.0 -108.0 36.0 341.268987962 68 435 28 98
416 -60.0 -108.0 37.0 341.620812657 67 412 29 99
417 -60.0 -107.0 34.0 340.363337666 79 481 28 96
418 -60.0 -107.0 35.0 340.706606671 79 458 28 97
419 -60.0 -107.0 36.0 341.055534344 78 435 28 97
420 -60.0 -107.0 37.0 341.410122482 77 412 29 95
421 -60.0 -106.0 34.0 340.142228081 89 481 28 97
422 -60.0 -106.0 35.0 340.488207266 88 458 28 96
423 -60.0 -106.0 36.0 340.839890816 87 435 28 97
424 -60.0 -106.0 37.0 341.197280637 86 411 29 97
425 -60.0 -106.0 38.0 341.560379223 85 388 29 96
426 -60.0 -105.0 35.0 340.267532477 97 458 28 94
427 -60.0 -105.0 36.0 340.622010009 96 434 28 96
428 -60.0 -105.0 37.0 340.982240429 96 411 29 97
429 -60.0 -105.0 38.0 341.348226354 95 388 28 97
430 -60.0 -104.0 36.0 340.40184328 106 434 29 97
431 -60.0 -104.0 37.0 340.764953901 105 411 29 96
432 -60.0 -104.0 38.0 341.133867608 104 388 29 98
433 -60.0 -104.0 39.0 341.508587792 103 364 29 98
434 -60.0 -103.0 36.0 340.179340679 115 434 29 95
435 -60.0 -103.0 37.0 340.545371799 114 411 28 97
436 -60.0 -103.0 38.0 340.917254451 113 387 29 96
437 -60.0 -103.0 39.0 341.294992171 113 364 29 97
438 -60.0 -102.0 37.0 340.323443533 123 410 29 97
439 -60.0 -102.0 38.0 340.698337026 123 387 29 98
440 -60.0 -102.0 39.0 341.079135072 122 364 29 98
441 -60.0 -102.0 40.0 341.465842074 121 340 30 98
442 -60.0 -101.0 37.0 340.099117129 133 410 29 97
443 -60.0 -101.0 38.0 340.477064103 132 387 29 96
444 -60.0 -101.0 39.0 340.860966037 131 364 30 97
445 -60.0 -101.0 40.0 341.250827505 130 340 30 97
446 -60.0 -100.0 38.0 340.253383045 141 387 30 98
447 -60.0 -100.0 39.0 340.64043321 140 363 30 98
448 -60.0 -100.0 40.0 341.033494443 140 340 30 98
449 -60.0 -100.0 41.0 341.432572283 139 316 30 97
450 -60.0 -99.0 39.0 340.417483295 150 363 30 96
451 -60.0 -99.0 40.0 340.813790414 149 340 30 96
452 -60.0 -99.0 41.0 341.216166859 148 316 31 98
453 -60.0 -98.0 39.0 340.192061506 159 363 29 97
454 -60.0 -98.0 40.0 340.59166147 158 339 30 98
elapsed time is 1431.379649
