generating bragg masks, processing batch 13
12 -16.0 -10.0 54.0 67.4356658203 1228 23 764 87
13 -16.0 -7.0 49.0 66.4175927915 1248 142 1401 87
18 -15.0 -11.0 55.0 66.4852158234 1210 2 523 54
19 -15.0 -9.0 52.0 67.3346495556 1227 72 715 86
25 -14.0 -11.0 55.0 68.8057167832 1209 3 511 63
26 -14.0 -10.0 53.0 66.170767331 1209 50 490 81
27 -14.0 -8.0 50.0 68.069326156 1229 121 712 81
28 -14.0 -7.0 48.0 65.9035962101 1232 168 737 79
34 -13.0 -11.0 54.0 65.6653828019 1192 28 386 87
35 -13.0 -10.0 53.0 68.491111733 1207 51 475 85
36 -13.0 -9.0 51.0 66.419013449 1209 99 474 82
37 -13.0 -7.0 48.0 69.7207105638 1232 169 753 80
38 -13.0 -6.0 46.0 68.8089114406 1238 215 873 83
39 -13.0 -5.0 44.0 68.7403526673 1246 261 1178 81
45 -12.0 -12.0 55.0 65.4495021239 1176 5 324 83
47 -12.0 -11.0 54.0 67.5599273871 1189 29 371 84
48 -12.0 -10.0 52.0 65.6633320031 1192 77 370 86
49 -12.0 -9.0 51.0 68.7225501254 1207 100 454 81
50 -12.0 -8.0 49.0 67.235242576 1211 147 470 81
51 -12.0 -7.0 47.0 65.969708525 1217 194 499 81
52 -12.0 -3.0 39.0 67.22943758 1253 376 1511 72
59 -11.0 -12.0 55.0 67.0595381288 1172 6 310 87
60 -11.0 -11.0 53.0 65.2871811412 1176 54 309 86
61 -11.0 -11.0 54.0 69.1811518592 1185 30 353 82
62 -11.0 -10.0 52.0 67.561266653 1189 78 354 83
63 -11.0 -9.0 50.0 66.0920346504 1193 125 360 82
64 -11.0 -8.0 49.0 69.4875259817 1208 148 443 84
65 -11.0 -7.0 47.0 68.6636665798 1214 195 475 81
66 -11.0 -6.0 45.0 68.2484096966 1221 241 529 79
67 -11.0 -5.0 43.0 68.4838206906 1230 287 630 81
68 -11.0 -4.0 41.0 70.0432930529 1241 332 876 79
69 -11.0 -2.0 36.0 69.6369481978 1259 444 2168 81
77 -10.0 -12.0 54.0 65.1160424187 1160 32 268 85
78 -10.0 -12.0 55.0 68.4686744214 1168 7 296 87
79 -10.0 -11.0 53.0 66.9101658511 1172 56 295 87
80 -10.0 -10.0 51.0 65.4777713151 1176 103 298 82
81 -10.0 -10.0 52.0 69.1789220335 1184 79 335 81
82 -10.0 -9.0 50.0 67.9718275669 1189 126 341 84
83 -10.0 -8.0 48.0 66.9645494892 1195 173 354 81
84 -10.0 -7.0 46.0 66.2003273873 1202 220 375 84
85 -10.0 -6.0 44.0 65.7590364418 1210 265 408 84
86 -10.0 -5.0 42.0 65.7942652926 1219 311 463 79
87 -10.0 -4.0 40.0 66.6408338599 1229 356 563 81
88 -10.0 -3.0 38.0 69.2720117558 1242 401 819 78
95 -9.0 -13.0 55.0 65.0704681208 1144 9 238 86
97 -9.0 -12.0 54.0 66.5361534974 1155 33 257 83
98 -9.0 -12.0 55.0 69.7010774228 1163 9 281 87
99 -9.0 -11.0 52.0 65.1415936161 1160 81 258 83
100 -9.0 -11.0 53.0 68.3279115559 1167 57 281 86
101 -9.0 -10.0 51.0 67.0983854544 1172 104 285 85
102 -9.0 -9.0 49.0 66.0241707656 1178 151 290 84
103 -9.0 -9.0 50.0 69.5622726708 1185 127 321 84
104 -9.0 -8.0 47.0 65.1282311151 1185 198 301 80
105 -9.0 -8.0 48.0 68.7949637897 1191 174 333 84
106 -9.0 -7.0 46.0 68.307436628 1198 221 353 84
107 -9.0 -6.0 44.0 68.1942329439 1206 267 382 83
108 -9.0 -5.0 42.0 68.6300980256 1215 312 430 80
109 -9.0 -4.0 40.0 69.9802746381 1226 357 518 82
110 -9.0 -3.0 37.0 66.5872827867 1231 425 555 78
118 -8.0 -13.0 55.0 66.3332069649 1140 10 229 86
120 -8.0 -12.0 54.0 67.7984383021 1150 34 245 85
121 -8.0 -11.0 52.0 66.5678534884 1155 82 246 83
122 -8.0 -11.0 53.0 69.5665702918 1162 58 266 83
123 -8.0 -10.0 50.0 65.4673103502 1161 129 250 84
124 -8.0 -10.0 51.0 68.5083038054 1167 105 269 86
125 -8.0 -9.0 49.0 67.6224411636 1173 152 275 85
126 -8.0 -8.0 47.0 66.938002469 1180 199 284 82
127 -8.0 -7.0 45.0 66.5024662734 1188 245 299 82
128 -8.0 -7.0 46.0 70.0440585278 1193 222 328 81
129 -8.0 -6.0 43.0 66.393868524 1196 291 319 80
130 -8.0 -5.0 41.0 66.7462280617 1205 336 352 78
131 -8.0 -4.0 39.0 67.8102587525 1216 381 403 81
132 -8.0 -3.0 36.0 65.1039853027 1223 448 435 79
133 -8.0 -2.0 34.0 68.6905055572 1236 493 598 73
134 -8.0 -1.0 31.0 69.168174467 1248 559 896 81
144 -7.0 -13.0 55.0 67.4704658929 1135 12 220 85
145 -7.0 -12.0 53.0 66.247171856 1140 60 220 84
146 -7.0 -12.0 54.0 68.9214500174 1145 35 234 86
147 -7.0 -11.0 51.0 65.137542771 1145 107 220 84
148 -7.0 -11.0 52.0 67.8325422201 1150 83 235 84
149 -7.0 -10.0 50.0 66.8855238634 1156 130 237 84
150 -7.0 -10.0 51.0 69.7364979994 1161 107 254 84
151 -7.0 -9.0 48.0 66.098265513 1163 177 243 84
152 -7.0 -9.0 49.0 69.004690203 1168 154 259 83
153 -7.0 -8.0 46.0 65.4991145459 1171 224 251 81
154 -7.0 -8.0 47.0 68.4877139745 1175 200 267 82
155 -7.0 -7.0 44.0 65.1320675421 1179 270 261 80
156 -7.0 -7.0 45.0 68.2358189691 1182 246 280 82
157 -7.0 -6.0 42.0 65.0662903574 1188 315 277 79
158 -7.0 -6.0 43.0 68.3287146597 1191 292 297 81
159 -7.0 -5.0 40.0 65.4147832649 1197 360 300 81
160 -7.0 -5.0 41.0 68.8980095877 1200 337 323 79
161 -7.0 -4.0 38.0 66.374816699 1207 405 335 78
162 -7.0 -3.0 36.0 68.3301447943 1219 450 394 79
163 -7.0 -2.0 33.0 67.2618470459 1229 516 456 76
164 -7.0 -1.0 30.0 67.8084493585 1240 582 607 78
175 -6.0 -13.0 54.0 66.0660509764 1123 37 199 85
176 -6.0 -13.0 55.0 68.4959604593 1129 13 211 85
177 -6.0 -12.0 53.0 67.3927181893 1134 61 210 84
178 -6.0 -12.0 54.0 69.9226766505 1139 37 223 86
179 -6.0 -11.0 51.0 66.4116561844 1140 108 211 83
180 -6.0 -11.0 52.0 68.9557256666 1144 84 224 85
181 -6.0 -10.0 49.0 65.5646736808 1147 155 214 83
182 -6.0 -10.0 50.0 68.1384288538 1151 132 226 83
183 -6.0 -9.0 48.0 67.4908344791 1157 178 230 83
184 -6.0 -8.0 46.0 67.0434400285 1165 225 236 82
185 -6.0 -8.0 47.0 69.8178592814 1169 201 251 82
186 -6.0 -7.0 44.0 66.8420997386 1173 271 246 81
187 -6.0 -7.0 45.0 69.7029756006 1177 248 261 81
188 -6.0 -6.0 42.0 66.9567235686 1182 316 260 80
189 -6.0 -6.0 43.0 69.935011262 1185 293 276 80
190 -6.0 -5.0 40.0 67.4975706231 1192 361 279 80
191 -6.0 -4.0 37.0 65.3806181541 1200 429 289 81
192 -6.0 -4.0 38.0 68.6484459563 1202 406 306 81
193 -6.0 -3.0 35.0 67.170280076 1211 473 328 79
194 -6.0 -2.0 32.0 66.4699954948 1222 540 371 74
195 -6.0 -1.0 29.0 67.2802773244 1234 605 464 78
196 -6.0 0.0 25.0 65.9162718035 1247 692 677 79
205 -5.0 -14.0 55.0 65.9832135322 1108 15 183 85
207 -5.0 -13.0 54.0 67.1120881371 1118 38 191 85
208 -5.0 -13.0 55.0 69.4225245917 1122 14 201 86
209 -5.0 -12.0 52.0 66.1113097031 1124 86 191 85
210 -5.0 -12.0 53.0 68.424593607 1128 62 201 84
211 -5.0 -11.0 50.0 65.2272340983 1130 133 192 84
212 -5.0 -11.0 51.0 67.5546813828 1134 109 202 84
213 -5.0 -11.0 52.0 69.955922672 1138 85 212 84
214 -5.0 -10.0 49.0 66.8262981915 1141 157 204 83
215 -5.0 -10.0 50.0 69.2479778746 1145 133 214 83
216 -5.0 -9.0 47.0 66.2597032065 1148 203 208 82
217 -5.0 -9.0 48.0 68.7151986962 1151 179 218 82
218 -5.0 -8.0 45.0 65.8844444411 1156 249 213 81
219 -5.0 -8.0 46.0 68.3885265873 1159 226 223 82
220 -5.0 -7.0 43.0 65.7435521467 1165 295 220 80
221 -5.0 -7.0 44.0 68.3131983379 1167 272 231 81
222 -5.0 -6.0 41.0 65.9006575268 1174 340 231 80
223 -5.0 -6.0 42.0 68.5561723599 1176 317 242 81
224 -5.0 -5.0 39.0 66.4526601768 1184 385 244 80
225 -5.0 -5.0 40.0 69.2193603581 1186 363 257 79
226 -5.0 -4.0 37.0 67.5538224426 1194 430 266 79
227 -5.0 -3.0 34.0 66.4044973577 1204 497 283 80
228 -5.0 -3.0 35.0 69.4660635121 1205 474 296 78
229 -5.0 -2.0 31.0 66.0458200027 1215 563 314 77
230 -5.0 -2.0 32.0 69.3556383501 1216 541 328 78
231 -5.0 -1.0 28.0 67.1447011647 1228 628 374 75
232 -5.0 0.0 24.0 67.1899303364 1242 715 509 74
243 -4.0 -14.0 55.0 66.9448533758 1102 16 176 86
245 -4.0 -13.0 53.0 65.9324775997 1108 64 176 85
246 -4.0 -13.0 54.0 68.064688423 1112 40 184 85
247 -4.0 -12.0 52.0 67.1605809268 1118 87 184 85
248 -4.0 -12.0 53.0 69.3562646162 1121 63 192 84
249 -4.0 -11.0 50.0 66.3788368534 1125 135 184 83
250 -4.0 -11.0 51.0 68.582335121 1128 111 193 85
251 -4.0 -10.0 48.0 65.7337171035 1132 181 186 80
252 -4.0 -10.0 49.0 67.9544602957 1135 158 194 83
253 -4.0 -9.0 46.0 65.2456631605 1140 228 190 80
254 -4.0 -9.0 47.0 67.4935138809 1142 204 197 81
255 -4.0 -9.0 48.0 69.7954367465 1145 181 207 82
256 -4.0 -8.0 45.0 67.229176234 1150 250 202 80
257 -4.0 -8.0 46.0 69.5644427749 1153 227 210 82
258 -4.0 -7.0 43.0 67.203633015 1159 296 207 80
259 -4.0 -7.0 44.0 69.584084774 1161 273 217 81
260 -4.0 -6.0 40.0 65.0799402472 1167 364 208 80
261 -4.0 -6.0 41.0 67.4776226306 1168 341 216 79
262 -4.0 -6.0 42.0 69.916415435 1170 319 225 80
263 -4.0 -5.0 38.0 65.6652838686 1177 409 219 80
264 -4.0 -5.0 39.0 68.1407021725 1178 387 228 78
265 -4.0 -4.0 36.0 66.7592105189 1187 454 234 79
266 -4.0 -4.0 37.0 69.3295990688 1188 431 244 80
267 -4.0 -3.0 33.0 65.9076891918 1198 520 247 78
268 -4.0 -3.0 34.0 68.5787688997 1198 498 256 78
269 -4.0 -2.0 30.0 65.8617491788 1209 586 270 80
270 -4.0 -2.0 31.0 68.6854937146 1209 564 279 79
271 -4.0 -1.0 27.0 67.2351847239 1222 651 312 75
272 -4.0 0.0 23.0 68.2550987534 1236 738 398 73
284 -3.0 -14.0 54.0 65.8425467033 1092 41 164 84
285 -3.0 -14.0 55.0 67.8283032733 1096 17 170 87
287 -3.0 -13.0 53.0 66.9010786956 1102 65 169 87
288 -3.0 -13.0 54.0 68.934010304 1105 41 176 84
289 -3.0 -12.0 51.0 66.0823714877 1109 113 169 83
290 -3.0 -12.0 52.0 68.1148904979 1112 88 176 84
291 -3.0 -11.0 49.0 65.3826231436 1116 160 170 81
292 -3.0 -11.0 50.0 67.4217903057 1119 136 177 83
293 -3.0 -11.0 51.0 69.5088674668 1121 112 183 83
294 -3.0 -10.0 48.0 66.869562227 1126 183 178 83
295 -3.0 -10.0 49.0 68.9661515543 1128 159 185 83
296 -3.0 -9.0 46.0 66.4789817211 1134 229 180 81
297 -3.0 -9.0 47.0 68.5925228181 1136 205 187 82
298 -3.0 -8.0 44.0 66.2788224412 1142 275 184 80
299 -3.0 -8.0 45.0 68.4168900763 1144 252 191 80
300 -3.0 -7.0 42.0 66.3090669401 1151 320 189 80
301 -3.0 -7.0 43.0 68.4794250427 1152 297 196 80
302 -3.0 -6.0 40.0 66.6259799561 1161 366 195 80
303 -3.0 -6.0 41.0 68.8365119223 1162 343 202 79
304 -3.0 -5.0 37.0 65.0746481829 1170 433 198 78
305 -3.0 -5.0 38.0 67.3103758682 1170 410 204 79
306 -3.0 -5.0 39.0 69.5687574714 1171 387 211 80
307 -3.0 -4.0 35.0 66.1861209539 1180 477 209 78
308 -3.0 -4.0 36.0 68.481636402 1180 455 216 78
309 -3.0 -3.0 32.0 65.606956316 1191 543 219 77
310 -3.0 -3.0 33.0 67.9633653023 1191 521 226 78
elapsed time is 1111.966540
