generating bragg masks, processing batch 40
194 -54.0 125.0 10.0 204.984194436 0 858 25 12
195 -54.0 125.0 11.0 204.979745677 1 836 25 37
196 -54.0 125.0 12.0 204.980821162 2 814 25 59
197 -54.0 125.0 13.0 204.987457889 4 791 25 84
198 -54.0 125.0 14.0 204.999693474 5 769 25 92
199 -54.0 125.0 15.0 205.017566186 8 746 25 92
200 -54.0 125.0 16.0 205.041114963 10 724 26 94
211 -54.0 126.0 14.0 204.895212196 0 767 25 11
212 -54.0 126.0 15.0 204.912730927 1 745 25 34
213 -54.0 126.0 16.0 204.935885287 2 723 26 57
214 -54.0 126.0 17.0 204.964714324 3 700 26 80
215 -54.0 126.0 18.0 204.999257799 5 677 25 92
216 -54.0 126.0 19.0 205.039556224 7 655 26 93
233 -54.0 127.0 18.0 204.89556225 0 675 25 7
234 -54.0 127.0 19.0 204.935353969 1 653 26 27
235 -54.0 127.0 20.0 204.980899672 2 631 26 50
236 -54.0 127.0 21.0 205.032240831 3 608 26 75
259 -54.0 128.0 22.0 204.985893026 0 582 27 4
260 -54.0 128.0 23.0 205.048288144 1 560 26 18
475 -53.0 121.0 7.0 205.033598447 31 930 24 92
476 -53.0 121.0 8.0 205.01216427 33 908 25 90
477 -53.0 121.0 9.0 204.996310019 35 886 25 92
478 -53.0 121.0 10.0 204.98607315 38 864 25 91
479 -53.0 121.0 11.0 204.981491717 40 841 25 91
480 -53.0 121.0 12.0 204.982604389 43 819 25 94
481 -53.0 121.0 13.0 204.98945048 45 797 25 91
482 -53.0 121.0 14.0 205.002069965 47 774 25 91
483 -53.0 121.0 15.0 205.020503513 49 752 25 92
484 -53.0 121.0 16.0 205.044792514 52 729 26 93
485 -53.0 122.0 4.0 205.020667095 14 996 24 92
486 -53.0 122.0 5.0 204.9827241 16 974 24 91
487 -53.0 122.0 6.0 204.950214826 19 952 24 91
488 -53.0 122.0 7.0 204.923174504 21 930 24 92
489 -53.0 122.0 8.0 204.901638902 24 907 25 91
490 -53.0 122.0 9.0 204.885644333 26 885 25 90
491 -53.0 122.0 10.0 204.875227681 28 863 24 91
492 -53.0 122.0 11.0 204.870426414 31 840 25 92
493 -53.0 122.0 12.0 204.87127861 33 818 25 89
494 -53.0 122.0 13.0 204.877822976 35 796 25 92
495 -53.0 122.0 14.0 204.890098872 38 773 25 92
496 -53.0 122.0 15.0 204.908146338 40 751 25 93
497 -53.0 122.0 16.0 204.932006122 42 728 26 91
498 -53.0 122.0 17.0 204.961719708 44 706 26 92
499 -53.0 122.0 18.0 204.997329347 47 683 25 92
500 -53.0 122.0 19.0 205.038878091 49 660 26 92
501 -53.0 123.0 2.0 205.004720418 2 1040 23 44
502 -53.0 123.0 3.0 204.956103244 3 1017 24 68
503 -53.0 123.0 4.0 204.912815179 4 995 24 90
504 -53.0 123.0 5.0 204.874889916 7 973 24 92
505 -53.0 123.0 6.0 204.842361646 9 951 24 91
506 -53.0 123.0 7.0 204.815265069 12 929 24 91
507 -53.0 123.0 8.0 204.793635409 14 906 25 92
508 -53.0 123.0 9.0 204.777508429 17 884 24 92
509 -53.0 123.0 10.0 204.766920451 19 862 24 91
510 -53.0 123.0 11.0 204.761908375 21 839 24 91
511 -53.0 123.0 12.0 204.762509698 24 817 24 93
512 -53.0 123.0 13.0 204.768762534 26 795 25 93
513 -53.0 123.0 14.0 204.780705642 28 772 25 92
514 -53.0 123.0 15.0 204.798378449 31 750 25 91
515 -53.0 123.0 16.0 204.821821076 33 727 25 94
516 -53.0 123.0 17.0 204.851074367 35 705 26 92
517 -53.0 123.0 18.0 204.886179921 37 682 25 92
518 -53.0 123.0 19.0 204.927180122 40 659 26 92
519 -53.0 123.0 20.0 204.974118176 42 637 26 92
520 -53.0 123.0 21.0 205.027038147 44 614 26 97
525 -53.0 124.0 4.0 204.807410475 0 992 24 4
526 -53.0 124.0 5.0 204.76950852 1 972 24 25
527 -53.0 124.0 6.0 204.736967323 2 950 24 50
528 -53.0 124.0 7.0 204.709821063 3 928 24 72
529 -53.0 124.0 8.0 204.688104434 5 905 24 93
530 -53.0 124.0 9.0 204.67185266 7 883 24 91
531 -53.0 124.0 10.0 204.661101516 9 861 24 93
532 -53.0 124.0 11.0 204.655887343 12 838 24 92
533 -53.0 124.0 12.0 204.656247071 14 816 24 89
534 -53.0 124.0 13.0 204.662218237 16 794 25 92
535 -53.0 124.0 14.0 204.673839012 19 771 25 92
536 -53.0 124.0 15.0 204.691148221 21 749 25 95
537 -53.0 124.0 16.0 204.714185375 23 726 25 93
538 -53.0 124.0 17.0 204.742990693 26 704 26 93
539 -53.0 124.0 18.0 204.777605137 28 681 26 94
540 -53.0 124.0 19.0 204.818070438 30 658 26 93
541 -53.0 124.0 20.0 204.864429137 32 636 26 94
542 -53.0 124.0 21.0 204.916724616 34 613 26 92
543 -53.0 124.0 22.0 204.975001136 37 590 26 93
544 -53.0 124.0 23.0 205.03930388 39 567 26 95
555 -53.0 125.0 8.0 204.584997824 0 903 24 5
556 -53.0 125.0 9.0 204.568628595 1 882 24 27
557 -53.0 125.0 10.0 204.557722155 2 860 24 50
558 -53.0 125.0 11.0 204.552314297 3 837 24 73
559 -53.0 125.0 12.0 204.552441399 5 815 24 91
560 -53.0 125.0 13.0 204.558140432 7 792 25 93
561 -53.0 125.0 14.0 204.569448991 9 770 25 92
562 -53.0 125.0 15.0 204.586405318 11 747 25 94
563 -53.0 125.0 16.0 204.609048322 14 725 25 91
564 -53.0 125.0 17.0 204.637417615 16 702 26 93
565 -53.0 125.0 18.0 204.671553534 18 680 26 94
566 -53.0 125.0 19.0 204.711497175 20 657 26 94
567 -53.0 125.0 20.0 204.757290428 23 634 26 93
568 -53.0 125.0 21.0 204.808976009 25 611 27 92
569 -53.0 125.0 22.0 204.866597498 27 589 26 97
570 -53.0 125.0 23.0 204.93019938 29 566 27 93
571 -53.0 125.0 24.0 204.999827085 32 543 27 94
587 -53.0 126.0 12.0 204.451044566 0 812 24 4
588 -53.0 126.0 13.0 204.456480691 1 791 24 26
589 -53.0 126.0 14.0 204.467486831 2 769 25 47
590 -53.0 126.0 15.0 204.484100652 3 746 25 71
591 -53.0 126.0 16.0 204.506360482 4 724 25 88
592 -53.0 126.0 17.0 204.534305336 6 701 26 92
593 -53.0 126.0 18.0 204.567974941 9 679 26 93
594 -53.0 126.0 19.0 204.607409774 11 656 25 94
595 -53.0 126.0 20.0 204.652651087 13 633 26 93
596 -53.0 126.0 21.0 204.703740946 15 611 27 96
597 -53.0 126.0 22.0 204.760722267 17 588 26 92
598 -53.0 126.0 23.0 204.823638852 20 565 27 95
599 -53.0 126.0 24.0 204.892535433 22 542 27 94
600 -53.0 126.0 25.0 204.967457712 24 519 27 95
621 -53.0 127.0 16.0 204.406073649 0 721 25 3
622 -53.0 127.0 17.0 204.4336053 1 700 26 20
623 -53.0 127.0 18.0 204.466820441 1 678 26 42
624 -53.0 127.0 19.0 204.50575894 3 655 25 64
625 -53.0 127.0 20.0 204.55046143 4 632 26 88
626 -53.0 127.0 21.0 204.60096934 6 609 27 92
627 -53.0 127.0 22.0 204.657324937 8 586 26 94
628 -53.0 127.0 23.0 204.719571356 10 563 27 93
629 -53.0 127.0 24.0 204.787752647 12 541 27 94
655 -53.0 128.0 20.0 204.450673017 0 629 26 1
656 -53.0 128.0 21.0 204.500612361 0 607 27 13
657 -53.0 128.0 22.0 204.556356271 1 585 26 33
658 -53.0 128.0 23.0 204.617947237 2 562 27 58
920 -52.0 117.0 8.0 205.033513229 74 913 24 91
921 -52.0 117.0 9.0 205.017207041 77 891 25 91
922 -52.0 117.0 10.0 205.006694414 79 869 25 91
923 -52.0 117.0 11.0 205.002015869 81 846 25 90
924 -52.0 117.0 12.0 205.003212587 84 824 25 91
925 -52.0 117.0 13.0 205.010326436 86 802 25 90
926 -52.0 117.0 14.0 205.023399997 89 779 25 92
927 -52.0 117.0 15.0 205.042476593 91 757 26 92
928 -52.0 118.0 4.0 205.037647616 55 1001 24 91
929 -52.0 118.0 5.0 204.998561943 58 979 23 90
930 -52.0 118.0 6.0 204.96507432 60 957 24 90
931 -52.0 118.0 7.0 204.937222237 63 934 24 92
932 -52.0 118.0 8.0 204.915043755 65 912 24 90
933 -52.0 118.0 9.0 204.898577518 67 890 25 92
934 -52.0 118.0 10.0 204.887862779 70 868 25 91
935 -52.0 118.0 11.0 204.882939416 72 846 25 93
936 -52.0 118.0 12.0 204.883847954 75 823 25 91
937 -52.0 118.0 13.0 204.890629596 77 801 25 90
938 -52.0 118.0 14.0 204.903326241 79 779 25 91
939 -52.0 118.0 15.0 204.921980518 82 756 25 91
940 -52.0 118.0 16.0 204.946635814 84 734 26 92
941 -52.0 118.0 17.0 204.977336306 86 711 26 92
942 -52.0 118.0 18.0 205.014126993 88 689 26 92
943 -52.0 119.0 2.0 205.016776584 41 1044 24 91
944 -52.0 119.0 3.0 204.96669011 44 1022 24 89
945 -52.0 119.0 4.0 204.922090436 46 1000 24 92
946 -52.0 119.0 5.0 204.883013396 48 978 24 89
947 -52.0 119.0 6.0 204.849495354 51 956 24 89
948 -52.0 119.0 7.0 204.821573216 53 934 24 92
949 -52.0 119.0 8.0 204.799284445 56 911 25 92
950 -52.0 119.0 9.0 204.78266708 58 889 25 91
951 -52.0 119.0 10.0 204.771759756 60 867 24 90
952 -52.0 119.0 11.0 204.766601722 63 845 24 90
953 -52.0 119.0 12.0 204.767232867 65 822 25 93
954 -52.0 119.0 13.0 204.773693739 68 800 25 91
955 -52.0 119.0 14.0 204.786025574 70 777 25 91
956 -52.0 119.0 15.0 204.804270326 72 755 25 91
957 -52.0 119.0 16.0 204.828470688 74 733 26 92
958 -52.0 119.0 17.0 204.858670131 77 710 26 92
959 -52.0 119.0 18.0 204.894912935 79 688 25 92
960 -52.0 119.0 19.0 204.937244224 81 665 26 93
961 -52.0 119.0 20.0 204.985710004 83 643 26 91
962 -52.0 119.0 21.0 205.040357203 86 620 26 93
963 -52.0 120.0 0.0 205.019904998 26 1088 24 90
964 -52.0 120.0 1.0 204.959113866 29 1066 24 91
965 -52.0 120.0 2.0 204.903703081 32 1043 23 88
966 -52.0 120.0 3.0 204.853706927 34 1021 24 91
967 -52.0 120.0 4.0 204.80916018 37 999 24 90
968 -52.0 120.0 5.0 204.770098121 39 977 24 90
969 -52.0 120.0 6.0 204.736556549 41 955 24 91
970 -52.0 120.0 7.0 204.708571797 44 933 24 90
971 -52.0 120.0 8.0 204.686180744 46 910 24 90
972 -52.0 120.0 9.0 204.669420837 49 888 24 91
973 -52.0 120.0 10.0 204.658330109 51 866 24 91
974 -52.0 120.0 11.0 204.652947195 53 844 24 93
975 -52.0 120.0 12.0 204.653311358 56 821 24 89
976 -52.0 120.0 13.0 204.659462512 58 799 25 91
977 -52.0 120.0 14.0 204.671441245 60 777 25 91
978 -52.0 120.0 15.0 204.689288846 63 754 25 90
979 -52.0 120.0 16.0 204.713047337 65 732 25 92
980 -52.0 120.0 17.0 204.7427595 67 709 26 92
981 -52.0 120.0 18.0 204.778468909 69 687 26 92
982 -52.0 120.0 19.0 204.82021997 72 664 26 92
983 -52.0 120.0 20.0 204.868057952 74 641 26 92
984 -52.0 120.0 21.0 204.922029031 76 619 26 92
985 -52.0 120.0 22.0 204.982180327 78 596 27 92
986 -52.0 120.0 23.0 205.048559956 81 573 26 93
987 -52.0 121.0 -2.0 205.046244563 12 1131 24 90
988 -52.0 121.0 -1.0 204.975031326 15 1109 24 91
989 -52.0 121.0 0.0 204.909096508 17 1087 23 92
990 -52.0 121.0 1.0 204.848472928 20 1065 24 91
elapsed time is 1575.685121
