generating bragg masks, processing batch 23
1 -4.0 -5.0 52.0 118.236678757 1263 87 3600 81
2 -4.0 -1.0 41.0 115.055672405 1249 341 1248 81
3 -4.0 0.0 37.0 115.129422169 1249 431 1150 81
4 -4.0 1.0 32.0 118.775504623 1254 541 1468 64
5 -3.0 -3.0 49.0 117.457090465 1246 158 1294 81
6 -3.0 0.0 40.0 116.731996618 1240 364 793 81
7 -3.0 1.0 36.0 117.947179101 1241 454 752 76
8 -3.0 2.0 18.0 116.087245655 1256 846 992 72
9 -3.0 2.0 28.0 115.931151561 1244 630 650 80
10 -3.0 2.0 29.0 117.639974652 1244 608 678 81
11 -3.0 2.0 30.0 119.604185804 1244 586 721 72
12 -2.0 -5.0 55.0 118.960118495 1246 17 1486 81
13 -2.0 -4.0 53.0 118.999762201 1243 65 1225 87
14 -2.0 -2.0 48.0 116.20956155 1231 182 715 81
15 -2.0 -1.0 46.0 119.579912324 1236 228 793 81
16 -2.0 0.0 42.0 115.465064787 1227 320 558 82
17 -2.0 0.0 43.0 119.296221512 1233 297 675 81
18 -2.0 1.0 39.0 117.691231961 1230 387 551 75
19 -2.0 2.0 33.0 115.152274099 1229 521 454 78
20 -2.0 2.0 34.0 117.158919379 1230 499 480 74
21 -2.0 2.0 35.0 119.36484468 1231 476 516 79
22 -2.0 3.0 21.0 119.484122649 1241 782 435 77
23 -2.0 3.0 22.0 118.90948144 1240 760 432 75
24 -2.0 3.0 23.0 118.644516914 1239 739 430 75
25 -2.0 3.0 24.0 118.648578889 1238 717 432 72
26 -2.0 3.0 25.0 118.890748239 1236 696 434 69
27 -2.0 3.0 26.0 119.348178118 1236 674 440 76
28 -2.0 3.0 27.0 120.004925953 1235 652 447 81
31 -1.0 -4.0 54.0 116.056033273 1225 42 690 87
32 -1.0 -3.0 52.0 116.656895703 1224 89 650 81
33 -1.0 -2.0 50.0 117.921650746 1225 136 633 81
34 -1.0 -1.0 47.0 115.859395534 1218 206 511 78
35 -1.0 -1.0 48.0 119.8438545 1226 182 631 83
36 -1.0 0.0 44.0 115.376287776 1216 275 457 78
37 -1.0 0.0 45.0 118.614766667 1222 252 525 81
38 -1.0 1.0 41.0 116.223905836 1217 343 428 80
39 -1.0 1.0 42.0 118.956087177 1220 320 474 77
40 -1.0 2.0 9.0 117.552536419 1252 1040 340 73
41 -1.0 2.0 37.0 116.303412008 1217 433 387 80
42 -1.0 2.0 38.0 118.398196991 1219 410 413 78
43 -1.0 3.0 14.0 118.810202469 1241 933 291 74
44 -1.0 3.0 15.0 116.382613557 1240 912 292 71
45 -1.0 3.0 31.0 116.138201993 1219 565 340 74
46 -1.0 3.0 32.0 117.398213087 1219 543 351 74
47 -1.0 3.0 33.0 118.780742268 1220 521 364 76
51 0.0 -3.0 54.0 119.333323589 1222 42 638 81
52 0.0 -2.0 51.0 115.731279824 1210 113 471 85
53 0.0 -2.0 52.0 119.690849808 1219 89 583 86
54 0.0 -1.0 49.0 116.994497511 1211 160 457 79
55 0.0 0.0 46.0 115.818266021 1207 230 399 81
56 0.0 0.0 47.0 118.745980011 1212 206 448 82
57 0.0 1.0 3.0 115.714207538 1257 1168 173 72
58 0.0 1.0 43.0 115.802850699 1205 298 365 78
59 0.0 1.0 44.0 118.261363689 1209 275 397 81
60 0.0 2.0 6.0 119.340091737 1248 1104 174 72
61 0.0 2.0 40.0 116.860791395 1206 366 342 81
62 0.0 2.0 41.0 118.930935882 1208 343 365 77
63 0.0 3.0 10.0 119.260739601 1238 1019 186 73
64 0.0 3.0 11.0 116.098132732 1237 998 193 73
65 0.0 3.0 35.0 115.955788125 1206 478 298 78
66 0.0 3.0 36.0 117.419270397 1207 456 311 77
67 0.0 3.0 37.0 118.992245997 1208 433 325 78
68 0.0 4.0 16.0 119.053915851 1226 890 206 74
69 0.0 4.0 17.0 117.854480142 1225 869 210 75
70 0.0 4.0 18.0 116.893287986 1223 848 215 75
71 0.0 4.0 19.0 116.149319116 1222 827 219 75
72 0.0 4.0 20.0 115.603161565 1220 805 223 75
73 0.0 4.0 21.0 115.237283873 1219 784 227 75
74 0.0 4.0 24.0 115.075415217 1215 719 239 75
75 0.0 4.0 25.0 115.294154003 1214 697 243 76
76 0.0 4.0 26.0 115.633977789 1213 675 248 75
77 0.0 4.0 27.0 116.088114773 1212 654 253 75
78 0.0 4.0 28.0 116.65126023 1211 632 258 75
79 0.0 4.0 29.0 117.319523098 1210 610 264 78
80 0.0 4.0 30.0 118.090408322 1209 588 271 76
81 0.0 4.0 31.0 118.962843614 1209 566 278 77
82 0.0 4.0 32.0 119.937262668 1209 544 286 79
87 1.0 -3.0 55.0 117.553596848 1207 19 487 81
88 1.0 -2.0 53.0 117.685731314 1205 67 449 85
89 1.0 -1.0 50.0 115.298799909 1197 137 373 85
90 1.0 -1.0 51.0 118.283330349 1204 114 423 83
91 1.0 0.0 48.0 116.566029281 1198 184 362 79
92 1.0 0.0 49.0 119.309589893 1203 160 403 85
93 1.0 1.0 1.0 116.360784008 1252 1212 42 73
94 1.0 1.0 45.0 115.92877304 1195 253 326 82
95 1.0 1.0 46.0 118.227605016 1199 230 352 79
96 1.0 2.0 4.0 117.078210951 1243 1147 91 73
97 1.0 2.0 42.0 116.229310266 1194 321 301 78
98 1.0 2.0 43.0 118.175747394 1197 299 319 80
99 1.0 3.0 7.0 119.411386306 1234 1083 113 75
100 1.0 3.0 8.0 116.00766762 1233 1062 125 72
101 1.0 3.0 38.0 115.906856754 1194 411 271 78
102 1.0 3.0 39.0 117.429989097 1195 389 282 79
103 1.0 3.0 40.0 119.054628939 1196 366 296 78
104 1.0 4.0 11.0 120.04302068 1224 998 136 73
105 1.0 4.0 12.0 118.055790882 1223 977 143 73
106 1.0 4.0 13.0 116.340558539 1222 956 150 77
107 1.0 4.0 32.0 115.19243554 1196 545 235 75
108 1.0 4.0 33.0 116.152353571 1196 523 240 77
109 1.0 4.0 34.0 117.192853498 1196 501 247 78
110 1.0 4.0 35.0 118.316351163 1196 478 255 78
111 1.0 4.0 36.0 119.526565635 1196 456 264 77
112 1.0 5.0 18.0 119.718744288 1211 848 168 75
113 1.0 5.0 19.0 119.076433701 1210 827 173 74
114 1.0 5.0 20.0 118.582901676 1209 805 177 76
115 1.0 5.0 21.0 118.228837063 1207 784 182 74
116 1.0 5.0 22.0 118.005583716 1206 762 187 74
117 1.0 5.0 23.0 117.905228231 1205 741 191 75
118 1.0 5.0 24.0 117.920649519 1204 719 196 75
119 1.0 5.0 25.0 118.045542558 1203 697 200 76
120 1.0 5.0 26.0 118.274426344 1201 676 205 75
121 1.0 5.0 27.0 118.60264417 1200 654 209 76
122 1.0 5.0 28.0 119.026362867 1200 632 215 75
123 1.0 5.0 29.0 119.542576679 1199 610 220 77
128 2.0 -3.0 56.0 116.482792716 1194 0 407 9
129 2.0 -2.0 54.0 116.439743526 1192 44 378 87
130 2.0 -2.0 55.0 119.657035461 1200 19 436 87
131 2.0 -1.0 52.0 116.794528175 1190 91 355 81
132 2.0 -1.0 53.0 119.693835305 1197 67 401 81
133 2.0 0.0 49.0 115.119166106 1185 162 311 83
134 2.0 0.0 50.0 117.517864605 1189 138 337 81
135 2.0 1.0 -1.0 118.152567285 1246 1255 36 73
136 2.0 1.0 47.0 116.39152941 1185 208 301 81
137 2.0 1.0 48.0 118.590776397 1189 184 323 83
138 2.0 2.0 2.0 116.699089558 1238 1191 41 74
139 2.0 2.0 44.0 116.126393124 1184 277 274 81
140 2.0 2.0 45.0 117.995883405 1186 253 289 82
141 2.0 2.0 46.0 119.996681929 1189 230 309 81
142 2.0 3.0 5.0 117.660699578 1229 1127 72 73
143 2.0 3.0 40.0 115.163646566 1182 367 245 79
144 2.0 3.0 41.0 116.655090368 1183 345 254 80
145 2.0 3.0 42.0 118.236098911 1185 322 266 81
146 2.0 3.0 43.0 119.918014942 1187 299 279 80
147 2.0 4.0 8.0 119.647502625 1220 1063 90 73
148 2.0 4.0 9.0 117.405252507 1219 1041 99 72
149 2.0 4.0 10.0 115.423353444 1217 1020 106 74
150 2.0 4.0 36.0 115.582829836 1183 457 223 78
151 2.0 4.0 37.0 116.733130349 1184 435 230 78
152 2.0 4.0 38.0 117.957765501 1184 412 238 79
153 2.0 4.0 39.0 119.261534804 1185 389 246 80
154 2.0 5.0 13.0 119.216451584 1209 956 117 73
155 2.0 5.0 14.0 118.008606229 1208 935 123 74
156 2.0 5.0 15.0 116.968939229 1206 913 129 76
157 2.0 5.0 16.0 116.088187317 1205 892 134 71
158 2.0 5.0 17.0 115.357028079 1203 871 139 75
159 2.0 5.0 29.0 115.447333755 1188 611 188 74
160 2.0 5.0 30.0 116.027915045 1187 589 193 76
161 2.0 5.0 31.0 116.68198057 1186 567 198 77
162 2.0 5.0 32.0 117.408654372 1186 545 203 77
163 2.0 5.0 33.0 118.207698284 1185 523 209 77
164 2.0 5.0 34.0 119.079556699 1185 501 215 77
165 2.0 5.0 35.0 120.025423577 1185 478 221 78
166 2.0 6.0 22.0 119.994149485 1194 763 155 74
167 2.0 6.0 23.0 119.880094741 1193 741 160 74
168 2.0 6.0 24.0 119.863372084 1192 720 164 75
169 2.0 6.0 25.0 119.939812629 1191 698 169 75
175 3.0 -2.0 55.0 115.615164791 1179 20 331 87
176 3.0 -2.0 56.0 118.448351465 1187 0 372 11
177 3.0 -1.0 -7.0 115.517361054 1256 1384 375 80
178 3.0 -1.0 53.0 115.783694124 1178 68 311 81
179 3.0 -1.0 54.0 118.352854957 1184 44 342 81
180 3.0 0.0 -5.0 118.158268139 1249 1341 152 74
181 3.0 0.0 51.0 116.278990789 1177 115 296 82
182 3.0 0.0 52.0 118.621625903 1182 91 321 86
183 3.0 1.0 48.0 115.091480745 1173 185 265 81
184 3.0 1.0 49.0 117.085016153 1176 162 282 81
185 3.0 1.0 50.0 119.222154563 1180 138 302 82
186 3.0 2.0 0.0 117.307569197 1232 1234 23 74
187 3.0 2.0 46.0 116.368649947 1173 231 256 81
188 3.0 2.0 47.0 118.189223785 1176 208 269 80
189 3.0 3.0 3.0 117.037403148 1224 1170 42 72
190 3.0 3.0 43.0 116.378935304 1172 300 236 79
191 3.0 3.0 44.0 117.932482127 1174 277 246 80
192 3.0 3.0 45.0 119.578507098 1176 254 258 80
193 3.0 4.0 6.0 118.108558746 1215 1106 63 75
194 3.0 4.0 7.0 115.865790686 1213 1085 70 74
195 3.0 4.0 39.0 115.845051233 1172 391 212 78
196 3.0 4.0 40.0 117.079902789 1172 368 219 78
197 3.0 4.0 41.0 118.385885912 1173 345 227 79
198 3.0 4.0 42.0 119.76880809 1174 322 236 80
199 3.0 5.0 9.0 119.932067091 1206 1042 79 73
200 3.0 5.0 10.0 118.3153312 1205 1021 85 74
201 3.0 5.0 11.0 116.872842109 1204 1000 91 73
202 3.0 5.0 12.0 115.597545771 1202 978 97 74
203 3.0 5.0 34.0 115.664322572 1173 502 187 79
204 3.0 5.0 35.0 116.532399376 1173 480 192 76
205 3.0 5.0 36.0 117.463190691 1173 457 198 78
206 3.0 5.0 37.0 118.458251804 1173 435 204 78
207 3.0 5.0 38.0 119.519827758 1173 412 210 79
208 3.0 6.0 15.0 119.16204373 1194 914 107 73
209 3.0 6.0 16.0 118.395770686 1193 892 112 74
210 3.0 6.0 17.0 117.747923064 1191 871 116 72
211 3.0 6.0 18.0 117.213035366 1190 850 121 74
212 3.0 6.0 19.0 116.785730179 1189 828 125 75
213 3.0 6.0 20.0 116.460804257 1187 807 130 75
214 3.0 6.0 21.0 116.23329425 1186 785 134 74
215 3.0 6.0 22.0 116.098525416 1185 764 137 77
216 3.0 6.0 23.0 116.052146538 1183 742 142 74
217 3.0 6.0 24.0 116.090154086 1182 720 145 74
218 3.0 6.0 25.0 116.20890836 1181 699 149 74
elapsed time is 1296.661154
