generating bragg masks, processing batch 28
0 -2.0 3.0 14.0 142.343192318 1252 931 530 68
1 -2.0 3.0 35.0 142.540203586 1254 474 1518 75
2 -2.0 4.0 18.0 144.052880474 1245 845 444 72
3 -2.0 4.0 19.0 142.029588334 1244 824 456 72
4 -2.0 4.0 20.0 140.388062094 1244 802 465 72
5 -2.0 4.0 29.0 140.414948976 1243 607 665 72
6 -2.0 4.0 30.0 142.078137939 1245 585 739 81
7 -2.0 4.0 31.0 144.274144838 1247 563 858 75
8 -1.0 3.0 9.0 142.477270388 1247 1039 248 73
9 -1.0 3.0 40.0 142.71377515 1250 363 1285 73
10 -1.0 4.0 12.0 141.643184137 1239 974 232 70
11 -1.0 4.0 37.0 141.714078796 1240 430 733 81
12 -1.0 5.0 15.0 143.090580345 1232 910 225 73
13 -1.0 5.0 16.0 141.231733691 1231 889 238 71
14 -1.0 5.0 33.0 141.262494497 1231 519 490 73
15 -1.0 5.0 34.0 143.198814714 1234 496 541 70
16 -1.0 6.0 19.0 144.563029955 1225 824 236 71
17 -1.0 6.0 20.0 143.711948235 1225 802 247 72
18 -1.0 6.0 21.0 143.032782528 1224 780 258 70
19 -1.0 6.0 22.0 142.525083591 1224 759 269 75
20 -1.0 6.0 23.0 142.187982071 1224 737 281 73
21 -1.0 6.0 24.0 142.02066342 1224 716 293 74
22 -1.0 6.0 25.0 142.022850507 1224 694 305 79
23 -1.0 6.0 26.0 142.195313253 1224 672 319 76
24 -1.0 6.0 27.0 142.540443677 1225 650 333 70
25 -1.0 6.0 28.0 143.062961761 1225 628 350 75
26 -1.0 6.0 29.0 143.770862478 1226 607 368 70
27 -1.0 6.0 30.0 144.67679764 1227 585 391 69
28 0.0 3.0 5.0 144.110841988 1242 1125 111 72
29 0.0 3.0 44.0 144.87361355 1250 272 1414 78
30 0.0 4.0 7.0 144.123237808 1234 1082 116 72
31 0.0 4.0 8.0 140.311950241 1234 1060 131 73
32 0.0 4.0 41.0 140.380329242 1233 340 635 75
33 0.0 4.0 42.0 144.571720492 1240 317 851 76
34 0.0 5.0 9.0 144.885018554 1227 1039 119 72
35 0.0 5.0 10.0 142.189542656 1227 1017 131 72
36 0.0 5.0 39.0 142.267175224 1228 385 527 81
37 0.0 6.0 12.0 144.076313737 1219 974 132 71
38 0.0 6.0 13.0 142.275686878 1219 953 142 71
39 0.0 6.0 14.0 140.630844853 1218 932 152 74
40 0.0 6.0 35.0 140.657525941 1218 475 371 71
41 0.0 6.0 36.0 142.329353132 1220 452 400 78
42 0.0 6.0 37.0 144.261294034 1223 430 438 70
43 0.0 7.0 15.0 144.685519597 1212 910 142 73
44 0.0 7.0 16.0 143.524051009 1212 888 151 73
45 0.0 7.0 17.0 142.49253153 1211 867 159 71
46 0.0 7.0 18.0 141.592320728 1211 845 167 73
47 0.0 7.0 19.0 140.823842741 1211 824 176 72
48 0.0 7.0 20.0 140.186772442 1210 802 184 73
49 0.0 7.0 29.0 140.198448442 1210 607 263 73
50 0.0 7.0 30.0 140.835553216 1210 585 275 76
51 0.0 7.0 31.0 141.609097937 1211 563 288 76
52 0.0 7.0 32.0 142.526907074 1212 541 303 75
53 0.0 7.0 33.0 143.600205161 1213 518 321 76
54 0.0 7.0 34.0 144.844999848 1215 496 340 77
55 0.0 8.0 20.0 144.954798394 1204 802 166 73
56 0.0 8.0 21.0 144.502440732 1204 780 175 74
57 0.0 8.0 22.0 144.163718193 1204 758 183 74
58 0.0 8.0 23.0 143.93898382 1204 737 191 74
59 0.0 8.0 24.0 143.828609319 1205 715 200 73
60 0.0 8.0 25.0 143.833138648 1204 693 208 74
61 0.0 8.0 26.0 143.953454483 1204 672 217 73
62 0.0 8.0 27.0 144.190963742 1205 650 227 75
63 0.0 8.0 28.0 144.547812392 1205 628 236 74
64 0.0 8.0 29.0 145.027145525 1206 606 247 76
65 1.0 1.0 -1.0 141.913430261 1253 1254 46 72
66 1.0 1.0 50.0 142.349931021 1256 133 2758 81
67 1.0 3.0 2.0 143.496181355 1237 1189 43 70
68 1.0 3.0 47.0 143.962174623 1243 203 1094 72
69 1.0 4.0 4.0 142.476762838 1229 1146 61 71
70 1.0 4.0 45.0 142.625943855 1232 249 687 81
71 1.0 5.0 6.0 142.485362437 1222 1103 73 73
72 1.0 5.0 43.0 142.593915872 1224 294 525 76
73 1.0 6.0 8.0 143.058219273 1214 1060 82 71
74 1.0 6.0 9.0 140.89478254 1214 1039 91 72
75 1.0 6.0 40.0 140.928991456 1213 363 386 74
76 1.0 6.0 41.0 143.178155747 1216 340 427 74
77 1.0 7.0 10.0 143.975104912 1206 1017 88 72
78 1.0 7.0 11.0 142.32822009 1206 996 96 72
79 1.0 7.0 12.0 140.800527369 1206 975 105 72
80 1.0 7.0 37.0 140.82461674 1205 430 310 76
81 1.0 7.0 38.0 142.379019593 1207 407 331 78
82 1.0 7.0 39.0 144.132162011 1210 385 357 77
83 1.0 8.0 13.0 143.869963985 1199 953 101 71
84 1.0 8.0 14.0 142.723994448 1198 931 108 73
85 1.0 8.0 15.0 141.683007418 1198 910 115 71
86 1.0 8.0 16.0 140.748362562 1198 889 122 71
87 1.0 8.0 33.0 140.762944003 1197 519 245 76
88 1.0 8.0 34.0 141.703645472 1198 496 257 76
89 1.0 8.0 35.0 142.769370953 1199 474 270 76
90 1.0 8.0 36.0 143.971534706 1201 452 285 77
91 1.0 9.0 16.0 144.649680775 1191 888 110 71
92 1.0 9.0 17.0 143.901463288 1191 867 117 72
93 1.0 9.0 18.0 143.246439593 1191 845 124 72
94 1.0 9.0 19.0 142.685125643 1191 824 130 73
95 1.0 9.0 20.0 142.217751876 1191 802 137 73
96 1.0 9.0 21.0 141.844331905 1190 780 143 76
97 1.0 9.0 22.0 141.564735442 1190 759 149 72
98 1.0 9.0 23.0 141.378764309 1190 737 156 73
99 1.0 9.0 24.0 141.286230988 1190 716 162 73
100 1.0 9.0 25.0 141.287039894 1190 694 169 73
101 1.0 9.0 26.0 141.381272369 1190 672 175 73
102 1.0 9.0 27.0 141.569277316 1190 650 182 74
103 1.0 9.0 28.0 141.851770566 1190 628 190 75
104 1.0 9.0 29.0 142.229947529 1191 607 197 75
105 1.0 9.0 30.0 142.705615717 1191 584 205 75
106 1.0 9.0 31.0 143.281356683 1192 563 214 74
107 1.0 9.0 32.0 143.960731352 1193 540 224 74
108 1.0 9.0 33.0 144.748549798 1193 518 234 76
109 1.0 10.0 23.0 144.897865436 1184 737 145 74
110 1.0 10.0 24.0 144.816973617 1184 715 151 72
111 1.0 10.0 25.0 144.822501276 1184 693 157 74
112 1.0 10.0 26.0 144.915110326 1184 671 164 76
113 2.0 2.0 -2.0 142.290833649 1240 1275 46 72
114 2.0 2.0 51.0 142.550068828 1244 110 1202 81
115 2.0 3.0 -1.0 144.993061629 1232 1253 27 72
116 2.0 4.0 1.0 142.792533234 1225 1211 27 71
117 2.0 4.0 48.0 142.981816096 1228 180 660 84
118 2.0 5.0 2.0 145.032961478 1217 1189 32 72
119 2.0 5.0 3.0 141.891060908 1217 1168 39 73
120 2.0 5.0 46.0 141.965575702 1217 226 491 76
121 2.0 6.0 4.0 144.21986521 1209 1146 43 71
122 2.0 6.0 5.0 141.754294092 1209 1125 50 72
123 2.0 6.0 44.0 141.807222071 1209 272 399 81
124 2.0 6.0 45.0 144.497670695 1215 248 455 81
125 2.0 7.0 6.0 144.056463259 1201 1103 52 73
126 2.0 7.0 7.0 142.105040776 1201 1082 59 72
127 2.0 7.0 8.0 140.261593268 1201 1061 66 71
128 2.0 7.0 41.0 140.295647155 1198 340 312 77
129 2.0 7.0 42.0 142.157171392 1202 317 336 77
130 2.0 7.0 43.0 144.252162775 1206 294 368 79
131 2.0 8.0 8.0 144.333841058 1193 1060 61 71
132 2.0 8.0 9.0 142.786011467 1193 1039 67 71
133 2.0 8.0 10.0 141.333896568 1193 1017 74 70
134 2.0 8.0 39.0 141.358647786 1192 385 272 76
135 2.0 8.0 40.0 142.851429818 1195 362 290 78
136 2.0 8.0 41.0 144.510632827 1198 339 310 77
137 2.0 9.0 10.0 144.92431254 1186 1017 68 71
138 2.0 9.0 11.0 143.701822856 1186 995 73 70
139 2.0 9.0 12.0 142.565061335 1186 974 79 71
140 2.0 9.0 13.0 141.515892302 1185 953 85 72
141 2.0 9.0 14.0 140.555677184 1185 932 91 71
142 2.0 9.0 35.0 140.571316689 1184 474 218 75
143 2.0 9.0 36.0 141.534978422 1185 452 228 77
144 2.0 9.0 37.0 142.605586168 1186 429 239 76
145 2.0 9.0 38.0 143.792440583 1188 407 251 78
146 2.0 10.0 13.0 144.791649365 1178 952 79 73
147 2.0 10.0 14.0 143.915064296 1178 931 84 72
148 2.0 10.0 15.0 143.117295878 1178 910 89 72
149 2.0 10.0 16.0 142.399171631 1178 888 95 72
150 2.0 10.0 17.0 141.76123153 1178 867 100 72
151 2.0 10.0 18.0 141.203761538 1177 845 105 73
152 2.0 10.0 19.0 140.726831697 1177 824 111 72
153 2.0 10.0 20.0 140.33033769 1177 802 116 74
154 2.0 10.0 29.0 140.336989011 1176 607 166 73
155 2.0 10.0 30.0 140.734007615 1176 585 172 75
156 2.0 10.0 31.0 141.212459917 1177 563 179 75
157 2.0 10.0 32.0 141.774114708 1177 540 185 75
158 2.0 10.0 33.0 142.421379622 1178 518 193 75
159 2.0 10.0 34.0 143.157450618 1179 496 200 75
160 2.0 10.0 35.0 143.986507102 1180 474 209 75
161 2.0 10.0 36.0 144.913973524 1181 451 219 76
162 2.0 11.0 17.0 144.772089766 1170 866 93 73
163 2.0 11.0 18.0 144.259097033 1170 845 98 73
164 2.0 11.0 19.0 143.81908726 1170 823 103 73
165 2.0 11.0 20.0 143.452343395 1170 802 108 73
166 2.0 11.0 21.0 143.159045491 1170 780 114 74
167 2.0 11.0 22.0 142.939305055 1170 759 119 75
168 2.0 11.0 23.0 142.79320154 1170 737 124 71
169 2.0 11.0 24.0 142.720820847 1170 715 129 74
170 2.0 11.0 25.0 142.722295935 1170 693 135 74
171 2.0 11.0 26.0 142.797849896 1170 672 139 74
172 2.0 11.0 27.0 142.947842139 1170 650 146 74
173 2.0 11.0 28.0 143.172818741 1171 628 151 74
174 2.0 11.0 29.0 143.47356847 1171 606 157 73
175 2.0 11.0 30.0 143.8511866 1171 584 164 74
176 2.0 11.0 31.0 144.307149502 1172 562 169 74
177 2.0 11.0 32.0 144.843404134 1172 540 176 76
179 3.0 0.0 -7.0 144.195263571 1251 1383 245 71
180 3.0 2.0 -4.0 140.2610193 1235 1319 70 73
181 3.0 2.0 53.0 140.380255649 1232 63 821 84
182 3.0 3.0 -3.0 142.668281863 1227 1297 46 71
183 3.0 3.0 52.0 142.893046471 1232 86 791 76
184 3.0 4.0 -2.0 144.436033963 1220 1275 32 72
185 3.0 4.0 -1.0 140.485749457 1220 1254 26 71
186 3.0 4.0 50.0 140.551981091 1217 133 528 81
187 3.0 4.0 51.0 144.98836637 1229 109 723 84
188 3.0 5.0 0.0 142.600238302 1212 1232 23 81
189 3.0 5.0 49.0 142.727828725 1214 156 494 77
190 3.0 6.0 1.0 144.31107544 1204 1210 25 72
191 3.0 6.0 2.0 141.70342259 1204 1189 29 70
192 3.0 6.0 47.0 141.757791278 1204 203 392 82
193 3.0 6.0 48.0 144.621132453 1211 179 452 81
194 3.0 7.0 3.0 143.544691223 1196 1167 32 72
195 3.0 7.0 4.0 141.430035833 1196 1146 37 71
196 3.0 7.0 45.0 141.46792355 1195 249 328 79
197 3.0 7.0 46.0 143.702361875 1200 225 361 80
198 3.0 8.0 5.0 143.311683706 1188 1124 41 72
199 3.0 8.0 6.0 141.591265179 1188 1103 45 71
200 3.0 8.0 43.0 141.624409081 1188 294 283 77
elapsed time is 1426.870229
