generating bragg masks, processing batch 12
10 -18.0 -10.0 54.0 61.142676483 1227 20 736 81
14 -17.0 -11.0 55.0 61.9699436766 1213 1 564 24
15 -17.0 -9.0 52.0 60.8512078257 1227 69 704 81
16 -17.0 -7.0 49.0 61.3701519463 1245 140 1224 77
22 -16.0 -10.0 53.0 61.4804494033 1213 47 532 84
23 -16.0 -8.0 50.0 61.3978683135 1229 118 721 83
29 -15.0 -12.0 55.0 60.0790128078 1186 2 365 53
30 -15.0 -11.0 54.0 61.9854811549 1199 24 429 84
31 -15.0 -10.0 53.0 64.7617582748 1215 48 548 81
32 -15.0 -9.0 51.0 61.6023922136 1214 96 523 85
33 -15.0 -7.0 48.0 62.9529339256 1234 166 796 81
39 -14.0 -12.0 55.0 62.4314477443 1185 3 361 63
40 -14.0 -11.0 54.0 64.5361758052 1199 25 426 89
41 -14.0 -10.0 52.0 61.8642955842 1200 73 414 86
42 -14.0 -9.0 51.0 64.9268319469 1215 97 531 80
43 -14.0 -8.0 49.0 62.3699769571 1217 144 530 81
44 -14.0 -5.0 44.0 64.3355787886 1247 260 1213 85
45 -14.0 -4.0 42.0 63.1505195298 1253 305 1516 81
52 -13.0 -12.0 54.0 60.4476609947 1173 27 306 86
53 -13.0 -12.0 55.0 64.5172029098 1184 3 353 72
54 -13.0 -11.0 53.0 62.1525583349 1185 51 346 82
55 -13.0 -10.0 52.0 64.4443621372 1199 75 408 85
56 -13.0 -9.0 50.0 62.2302012732 1201 122 408 80
57 -13.0 -8.0 48.0 60.0625976011 1205 169 415 79
58 -13.0 -7.0 47.0 63.8881154117 1222 192 557 77
59 -13.0 -6.0 45.0 62.1780099778 1227 238 603 81
60 -13.0 -5.0 43.0 60.6186167436 1233 284 682 81
67 -12.0 -13.0 55.0 61.0437860355 1159 5 272 85
69 -12.0 -12.0 54.0 62.4553972947 1171 29 298 86
70 -12.0 -11.0 52.0 60.364119098 1174 77 296 84
71 -12.0 -11.0 53.0 64.2659230219 1183 52 336 85
72 -12.0 -10.0 51.0 62.269788488 1186 100 336 81
73 -12.0 -9.0 49.0 60.3367154154 1190 147 340 80
74 -12.0 -9.0 50.0 64.8299866982 1200 123 398 83
75 -12.0 -8.0 48.0 63.117629694 1204 170 409 79
76 -12.0 -7.0 46.0 61.5207931536 1210 217 430 85
85 -11.0 -13.0 55.0 62.7673403448 1156 6 264 84
86 -11.0 -12.0 53.0 60.838178455 1159 54 262 83
87 -11.0 -12.0 54.0 64.2452540438 1168 30 289 85
88 -11.0 -11.0 52.0 62.4019295048 1171 78 289 85
89 -11.0 -10.0 50.0 60.6291080146 1176 125 290 81
90 -11.0 -10.0 51.0 64.4008435521 1184 101 325 81
91 -11.0 -9.0 49.0 62.7946190383 1188 148 331 82
92 -11.0 -8.0 47.0 61.2937608066 1194 195 341 81
93 -11.0 -7.0 46.0 64.5901870327 1208 218 417 80
94 -11.0 -6.0 44.0 63.7293155449 1216 264 455 77
95 -11.0 -5.0 42.0 63.2486324689 1224 309 518 79
96 -11.0 -4.0 40.0 63.4218183055 1233 355 636 82
104 -10.0 -14.0 55.0 60.2100814101 1135 8 221 85
106 -10.0 -13.0 54.0 61.2788312602 1145 32 235 84
107 -10.0 -13.0 55.0 64.3185201744 1152 7 255 84
108 -10.0 -12.0 53.0 62.5886946707 1156 55 254 85
109 -10.0 -11.0 51.0 60.9323375232 1161 103 254 83
110 -10.0 -11.0 52.0 64.2105410125 1168 79 278 82
111 -10.0 -10.0 50.0 62.6867238742 1173 126 281 83
112 -10.0 -9.0 48.0 61.261228306 1178 173 286 81
113 -10.0 -9.0 49.0 64.9260374511 1185 149 317 84
114 -10.0 -8.0 47.0 63.7540607837 1191 196 328 80
115 -10.0 -7.0 45.0 62.7648720803 1198 242 346 80
116 -10.0 -6.0 43.0 62.0106342174 1206 288 373 81
117 -10.0 -5.0 41.0 61.5893108296 1215 334 415 78
118 -10.0 -4.0 39.0 61.7015290055 1224 379 487 78
119 -10.0 -3.0 37.0 62.8424086998 1235 423 631 75
120 -10.0 -1.0 32.0 61.9534415758 1255 534 1437 72
129 -9.0 -14.0 55.0 61.6970553958 1131 9 215 84
131 -9.0 -13.0 54.0 62.8106761278 1142 33 228 85
132 -9.0 -12.0 52.0 61.2426688231 1146 81 228 84
133 -9.0 -12.0 53.0 64.1598497467 1152 56 244 85
134 -9.0 -11.0 51.0 62.7012007764 1157 104 245 83
135 -9.0 -10.0 49.0 61.335128124 1163 151 249 82
136 -9.0 -10.0 50.0 64.501176624 1169 127 269 84
137 -9.0 -9.0 47.0 60.0660383219 1170 198 255 80
138 -9.0 -9.0 48.0 63.3221286809 1175 174 275 84
139 -9.0 -8.0 46.0 62.2889392724 1182 221 285 83
140 -9.0 -7.0 44.0 61.4313520589 1190 267 299 79
141 -9.0 -6.0 42.0 60.8003553763 1198 312 319 82
142 -9.0 -6.0 43.0 64.8229743314 1203 289 355 83
143 -9.0 -5.0 40.0 60.4859065676 1207 358 351 82
144 -9.0 -5.0 41.0 64.8989062369 1212 335 395 81
145 -9.0 -4.0 38.0 60.6591910893 1217 403 401 79
146 -9.0 -3.0 36.0 61.695091133 1228 447 491 81
147 -9.0 -2.0 34.0 64.6876939669 1241 491 713 81
148 -9.0 -1.0 31.0 61.8530731704 1250 557 998 73
159 -8.0 -14.0 54.0 60.5284606998 1121 35 196 84
160 -8.0 -14.0 55.0 63.0568590782 1127 10 208 85
161 -8.0 -13.0 53.0 61.5580225837 1132 58 207 83
162 -8.0 -13.0 54.0 64.1988366647 1137 34 221 84
163 -8.0 -12.0 51.0 60.1295583171 1137 106 208 84
164 -8.0 -12.0 52.0 62.792710808 1142 82 220 84
165 -8.0 -11.0 50.0 61.4742125582 1148 129 222 82
166 -8.0 -11.0 51.0 64.2822109967 1153 105 236 84
167 -8.0 -10.0 48.0 60.2469309013 1155 176 224 81
168 -8.0 -10.0 49.0 63.1100751063 1159 152 239 82
169 -8.0 -9.0 47.0 62.0621623621 1166 199 245 81
170 -8.0 -8.0 45.0 61.1577895722 1173 245 253 81
171 -8.0 -8.0 46.0 64.3280258469 1178 222 272 80
172 -8.0 -7.0 43.0 60.4284244645 1182 291 265 80
173 -8.0 -7.0 44.0 63.7484456204 1186 268 284 79
174 -8.0 -6.0 42.0 63.4516367092 1194 313 304 78
175 -8.0 -5.0 40.0 63.5507396564 1204 359 332 77
176 -8.0 -4.0 38.0 64.2545282856 1214 404 378 80
177 -8.0 -3.0 35.0 61.0759397107 1221 470 406 74
178 -8.0 -2.0 33.0 63.7051703779 1234 515 535 79
179 -8.0 -1.0 30.0 62.1954117144 1244 581 721 74
180 -8.0 0.0 27.0 64.0554503421 1258 646 1536 81
191 -7.0 -15.0 55.0 60.9826881574 1107 12 182 86
193 -7.0 -14.0 54.0 61.8771521651 1117 36 191 83
194 -7.0 -14.0 55.0 64.2992838749 1122 11 201 84
195 -7.0 -13.0 52.0 60.5037417883 1123 84 191 83
196 -7.0 -13.0 53.0 62.9361966908 1127 59 200 84
197 -7.0 -12.0 51.0 61.6563875597 1133 107 200 82
198 -7.0 -12.0 52.0 64.1934740145 1137 83 212 83
199 -7.0 -11.0 49.0 60.4627311597 1140 154 202 81
200 -7.0 -11.0 50.0 63.0329262419 1144 130 213 83
201 -7.0 -10.0 48.0 61.9821750235 1150 177 216 81
202 -7.0 -10.0 49.0 64.6877397443 1154 153 229 82
203 -7.0 -9.0 46.0 61.0547443563 1158 224 222 81
204 -7.0 -9.0 47.0 63.8260663102 1161 200 234 81
205 -7.0 -8.0 44.0 60.2720005322 1166 270 228 82
206 -7.0 -8.0 45.0 63.1339525197 1169 246 242 81
207 -7.0 -7.0 43.0 62.6508215814 1178 292 252 79
208 -7.0 -6.0 41.0 62.4387804914 1187 338 267 78
209 -7.0 -5.0 39.0 62.5994173033 1196 383 289 78
210 -7.0 -4.0 37.0 63.3099282006 1207 427 321 75
211 -7.0 -3.0 34.0 60.7736575934 1215 494 346 76
212 -7.0 -3.0 35.0 64.9130203491 1218 472 375 78
213 -7.0 -2.0 32.0 63.2746336358 1228 538 431 76
214 -7.0 -1.0 29.0 62.7073634939 1239 604 557 80
225 -6.0 -15.0 55.0 62.1992675197 1102 13 177 86
227 -6.0 -14.0 53.0 60.8701434094 1108 61 176 85
228 -6.0 -14.0 54.0 63.1165977777 1112 37 185 85
229 -6.0 -13.0 52.0 61.8686917928 1118 85 184 83
230 -6.0 -13.0 53.0 64.1930604216 1122 61 193 83
231 -6.0 -12.0 50.0 60.7024687959 1125 132 185 81
232 -6.0 -12.0 51.0 63.0452530012 1128 108 194 83
233 -6.0 -11.0 49.0 61.996790847 1135 155 195 82
234 -6.0 -11.0 50.0 64.4362080737 1139 132 205 82
235 -6.0 -10.0 47.0 61.0575972966 1142 202 198 82
236 -6.0 -10.0 48.0 63.5370853386 1145 178 208 82
237 -6.0 -9.0 45.0 60.243070952 1150 248 202 81
238 -6.0 -9.0 46.0 62.7789459317 1153 225 212 81
239 -6.0 -8.0 44.0 62.187815814 1161 271 218 80
240 -6.0 -8.0 45.0 64.8634180533 1164 247 230 80
241 -6.0 -7.0 42.0 61.8027554722 1170 316 227 80
242 -6.0 -7.0 43.0 64.5737203653 1173 293 238 80
243 -6.0 -6.0 40.0 61.6833978175 1179 362 239 78
244 -6.0 -6.0 41.0 64.5802729635 1182 339 251 79
245 -6.0 -5.0 38.0 61.9240195023 1189 406 256 76
246 -6.0 -5.0 39.0 64.987914228 1191 384 269 78
247 -6.0 -4.0 36.0 62.6820261337 1200 451 280 79
248 -6.0 -3.0 33.0 60.6840404123 1210 518 301 75
249 -6.0 -3.0 34.0 64.2427114129 1211 495 318 79
250 -6.0 -2.0 31.0 63.1531682274 1222 561 360 74
251 -6.0 -1.0 28.0 63.3025109047 1234 627 449 78
252 -6.0 0.0 24.0 60.0610778795 1246 713 636 70
253 -6.0 1.0 20.0 61.844639905 1262 799 2288 64
263 -5.0 -16.0 55.0 60.4837034175 1084 15 159 85
266 -5.0 -15.0 54.0 61.2309710296 1094 39 164 84
267 -5.0 -15.0 55.0 63.3242862636 1097 14 171 86
268 -5.0 -14.0 53.0 62.1029998301 1103 62 171 84
269 -5.0 -14.0 54.0 64.2556542466 1107 38 178 85
270 -5.0 -13.0 51.0 60.9594362271 1110 110 170 83
271 -5.0 -13.0 52.0 63.1203154329 1113 86 178 84
272 -5.0 -12.0 50.0 62.0763136032 1120 133 178 82
273 -5.0 -12.0 51.0 64.3085162188 1123 109 187 81
274 -5.0 -11.0 48.0 61.1311558705 1127 180 180 82
275 -5.0 -11.0 49.0 63.3867993664 1130 157 187 83
276 -5.0 -10.0 46.0 60.2963897678 1135 227 183 80
277 -5.0 -10.0 47.0 62.5868888127 1137 203 190 81
278 -5.0 -10.0 48.0 64.9303495782 1140 179 198 81
279 -5.0 -9.0 45.0 61.9271375645 1145 249 194 81
280 -5.0 -9.0 46.0 64.3138423488 1148 226 202 80
281 -5.0 -8.0 43.0 61.434238801 1154 295 199 80
282 -5.0 -8.0 44.0 63.8790397606 1156 272 207 81
283 -5.0 -7.0 41.0 61.1471722848 1163 340 206 80
284 -5.0 -7.0 42.0 63.6676275879 1165 318 215 80
285 -5.0 -6.0 39.0 61.1239406955 1173 386 216 78
286 -5.0 -6.0 40.0 63.7415538676 1174 363 225 78
287 -5.0 -5.0 37.0 61.4536638673 1183 430 230 79
288 -5.0 -5.0 38.0 64.1957626004 1184 407 239 78
289 -5.0 -4.0 35.0 62.2798318948 1193 475 248 76
290 -5.0 -3.0 32.0 60.7469401643 1204 541 266 80
291 -5.0 -3.0 33.0 63.8493933005 1205 519 276 76
292 -5.0 -2.0 30.0 63.2286621109 1216 585 308 78
293 -5.0 -1.0 27.0 63.9433963069 1228 650 370 74
294 -5.0 0.0 23.0 63.006525215 1243 736 507 67
295 -5.0 1.0 18.0 61.2740400728 1259 844 1367 65
307 -4.0 -16.0 55.0 61.5877434334 1079 16 155 85
309 -4.0 -15.0 53.0 60.3907693264 1085 64 153 84
310 -4.0 -15.0 54.0 62.3539523596 1088 40 160 85
311 -4.0 -15.0 55.0 64.3649708674 1092 15 166 85
312 -4.0 -14.0 52.0 61.2292982005 1095 88 159 83
313 -4.0 -14.0 53.0 63.2412583433 1098 64 166 83
314 -4.0 -13.0 50.0 60.1821085037 1102 135 159 82
315 -4.0 -13.0 51.0 62.2024989861 1104 111 165 84
316 -4.0 -13.0 52.0 64.2683934294 1107 87 172 85
317 -4.0 -12.0 49.0 61.2544865877 1112 158 166 82
318 -4.0 -12.0 50.0 63.3325199019 1114 134 172 83
319 -4.0 -11.0 47.0 60.4061225882 1120 205 167 81
320 -4.0 -11.0 48.0 62.5046861299 1122 181 173 82
elapsed time is 1093.252528
