generating bragg masks, processing batch 38
0 -31.0 124.0 11.0 195.048531316 74 863 24 87
1 -31.0 124.0 12.0 195.031662386 75 840 25 90
2 -31.0 124.0 13.0 195.020787937 77 818 25 87
3 -31.0 124.0 14.0 195.015945876 80 796 25 87
4 -31.0 124.0 15.0 195.017174745 82 773 25 86
5 -31.0 124.0 16.0 195.024513744 83 751 25 86
6 -31.0 124.0 17.0 195.038002759 85 728 26 88
7 -31.0 125.0 10.0 195.034918245 61 884 24 87
8 -31.0 125.0 11.0 195.012187578 64 862 25 87
9 -31.0 125.0 12.0 194.995369464 65 839 25 90
10 -31.0 125.0 13.0 194.984500616 67 817 25 86
11 -31.0 125.0 14.0 194.979618348 70 795 25 88
12 -31.0 125.0 15.0 194.980760591 72 772 25 87
13 -31.0 125.0 16.0 194.98796593 73 750 25 88
14 -31.0 125.0 17.0 195.001273622 75 727 25 87
15 -31.0 125.0 18.0 195.020723634 77 704 26 88
16 -31.0 125.0 19.0 195.046356673 79 682 26 90
17 -31.0 126.0 9.0 195.028594238 49 906 24 86
18 -31.0 126.0 10.0 195.000128004 51 883 25 87
19 -31.0 126.0 11.0 194.977494804 53 861 25 89
20 -31.0 126.0 12.0 194.960730214 55 839 24 89
21 -31.0 126.0 13.0 194.949870376 58 816 24 85
22 -31.0 126.0 14.0 194.94495202 59 793 25 88
23 -31.0 126.0 15.0 194.946012488 61 771 26 88
24 -31.0 126.0 16.0 194.95308976 63 749 26 89
25 -31.0 126.0 17.0 194.966222482 65 726 26 89
26 -31.0 126.0 18.0 194.985449995 67 703 25 87
27 -31.0 126.0 19.0 195.010812368 69 681 26 89
28 -31.0 126.0 20.0 195.042350429 71 658 26 88
29 -31.0 127.0 8.0 195.029354291 37 927 24 87
30 -31.0 127.0 9.0 194.995274323 39 905 25 88
31 -31.0 127.0 10.0 194.966950175 41 882 24 87
32 -31.0 127.0 11.0 194.944416337 43 860 24 88
33 -31.0 127.0 12.0 194.927707836 45 837 25 87
34 -31.0 127.0 13.0 194.916860256 47 815 25 85
35 -31.0 127.0 14.0 194.911909759 49 792 25 89
36 -31.0 127.0 15.0 194.91289311 51 770 25 87
37 -31.0 127.0 16.0 194.919847701 53 747 25 89
38 -31.0 127.0 17.0 194.93281158 55 725 26 88
39 -31.0 127.0 18.0 194.951823478 57 702 26 88
40 -31.0 127.0 19.0 194.976922842 59 679 26 87
41 -31.0 127.0 20.0 195.008149866 61 657 26 85
42 -31.0 127.0 21.0 195.045545529 63 634 26 89
43 -31.0 128.0 7.0 195.03700143 25 948 24 88
44 -31.0 128.0 8.0 194.997425418 27 926 25 87
45 -31.0 128.0 9.0 194.963530222 29 904 24 88
46 -31.0 128.0 10.0 194.935349293 31 881 24 87
47 -31.0 128.0 11.0 194.912916593 33 859 25 88
48 -31.0 128.0 12.0 194.896266612 35 836 25 87
49 -31.0 128.0 13.0 194.885434387 37 814 25 89
50 -31.0 128.0 14.0 194.880455529 39 791 25 87
51 -31.0 128.0 15.0 194.881366238 41 769 25 87
52 -31.0 128.0 16.0 194.888203333 43 746 25 89
53 -31.0 128.0 17.0 194.901004279 45 724 25 88
54 -31.0 128.0 18.0 194.919807211 47 701 25 88
55 -31.0 128.0 19.0 194.94465097 49 678 26 88
56 -31.0 128.0 20.0 194.975575132 51 655 26 92
57 -31.0 128.0 21.0 195.012620043 53 633 26 88
58 -31.0 129.0 7.0 195.006388003 15 947 24 86
59 -31.0 129.0 8.0 194.96703761 17 925 24 87
60 -31.0 129.0 9.0 194.933327604 19 903 24 88
61 -31.0 129.0 10.0 194.905290927 21 880 25 87
62 -31.0 129.0 11.0 194.882961024 23 858 25 88
63 -31.0 129.0 12.0 194.866371863 25 835 24 90
64 -31.0 129.0 13.0 194.855557948 27 813 24 88
65 -31.0 129.0 14.0 194.850554348 29 790 24 88
66 -31.0 129.0 15.0 194.851396715 31 768 26 88
67 -31.0 129.0 16.0 194.858121308 33 745 26 88
68 -31.0 129.0 17.0 194.870765022 35 722 25 89
69 -31.0 129.0 18.0 194.889365412 37 700 25 89
70 -31.0 129.0 19.0 194.913960728 39 677 26 90
71 -31.0 129.0 20.0 194.944589942 41 654 26 88
72 -31.0 129.0 21.0 194.981292782 43 632 26 87
73 -31.0 129.0 22.0 195.024109771 45 609 26 84
74 -31.0 130.0 6.0 195.021976238 3 969 24 73
75 -31.0 130.0 7.0 194.977282631 5 946 24 88
76 -31.0 130.0 8.0 194.938157605 7 924 24 89
77 -31.0 130.0 9.0 194.904633124 9 902 25 87
78 -31.0 130.0 10.0 194.876741637 11 879 24 88
79 -31.0 130.0 11.0 194.854516083 13 857 24 89
80 -31.0 130.0 12.0 194.837989918 15 834 24 88
81 -31.0 130.0 13.0 194.827197128 17 812 25 88
82 -31.0 130.0 14.0 194.822172254 19 789 25 89
83 -31.0 130.0 15.0 194.822950411 21 767 25 89
84 -31.0 130.0 16.0 194.829567312 23 744 25 87
85 -31.0 130.0 17.0 194.842059296 25 721 26 89
86 -31.0 130.0 18.0 194.860463352 27 699 26 88
87 -31.0 130.0 19.0 194.884817153 29 676 26 90
88 -31.0 130.0 20.0 194.915159081 31 653 26 88
89 -31.0 130.0 21.0 194.951528263 33 630 26 92
90 -31.0 130.0 22.0 194.993964608 34 607 27 89
91 -31.0 130.0 23.0 195.042508841 36 584 26 87
94 -31.0 131.0 7.0 194.949653069 0 943 24 1
95 -31.0 131.0 8.0 194.910753089 1 923 24 19
96 -31.0 131.0 9.0 194.877414393 2 901 24 38
97 -31.0 131.0 10.0 194.849668941 3 878 24 57
98 -31.0 131.0 11.0 194.827549183 4 856 24 77
99 -31.0 131.0 12.0 194.811088075 5 833 25 87
100 -31.0 131.0 13.0 194.800319095 7 811 25 90
101 -31.0 131.0 14.0 194.795276268 9 788 25 89
102 -31.0 131.0 15.0 194.795994186 11 766 25 89
103 -31.0 131.0 16.0 194.802508029 13 743 25 88
104 -31.0 131.0 17.0 194.814853594 15 720 25 90
105 -31.0 131.0 18.0 194.833067317 17 698 26 91
106 -31.0 131.0 19.0 194.857186306 19 675 26 90
107 -31.0 131.0 20.0 194.887248369 21 652 26 90
108 -31.0 131.0 21.0 194.923292047 22 629 26 87
109 -31.0 131.0 22.0 194.965356649 24 606 26 93
117 -31.0 132.0 12.0 194.785634567 0 831 25 3
118 -31.0 132.0 13.0 194.774891956 0 809 25 19
119 -31.0 132.0 14.0 194.769834359 1 787 25 38
120 -31.0 132.0 15.0 194.770495855 2 764 25 58
121 -31.0 132.0 16.0 194.776911107 3 741 25 76
122 -31.0 132.0 17.0 194.789115378 5 719 25 86
123 -31.0 132.0 18.0 194.807144568 7 696 25 89
124 -31.0 132.0 19.0 194.831035234 8 674 26 91
125 -31.0 132.0 20.0 194.860824622 10 651 26 91
126 -31.0 132.0 21.0 194.896550702 12 628 26 88
140 -31.0 133.0 17.0 194.764813048 0 716 26 2
141 -31.0 133.0 18.0 194.782663314 0 694 25 14
142 -31.0 133.0 19.0 194.806331937 1 672 25 34
143 -31.0 133.0 20.0 194.835855618 2 650 26 51
232 -30.0 113.0 12.0 195.044607334 187 853 24 85
233 -30.0 113.0 13.0 195.032740875 188 831 25 86
234 -30.0 113.0 14.0 195.0274705 191 808 25 84
235 -30.0 113.0 15.0 195.02884236 193 786 25 85
236 -30.0 113.0 16.0 195.036903408 195 764 26 86
237 -30.0 114.0 10.0 195.034587285 172 896 24 86
238 -30.0 114.0 11.0 195.009747328 174 874 25 84
239 -30.0 114.0 12.0 194.991359883 177 852 25 85
240 -30.0 114.0 13.0 194.979468834 179 830 25 85
241 -30.0 114.0 14.0 194.97411878 181 807 25 84
242 -30.0 114.0 15.0 194.975355068 183 785 25 84
243 -30.0 114.0 16.0 194.983223827 185 763 25 86
244 -30.0 114.0 17.0 194.997772006 187 740 25 85
245 -30.0 114.0 18.0 195.01904741 189 718 26 89
246 -30.0 114.0 19.0 195.047098745 191 695 26 88
247 -30.0 115.0 9.0 195.014413696 161 917 25 86
248 -30.0 115.0 10.0 194.983302973 163 895 25 87
249 -30.0 115.0 11.0 194.958549689 165 873 24 86
250 -30.0 115.0 12.0 194.940196295 167 851 25 84
251 -30.0 115.0 13.0 194.928285917 169 829 25 86
252 -30.0 115.0 14.0 194.922862383 171 806 25 85
253 -30.0 115.0 15.0 194.923970256 173 784 25 84
254 -30.0 115.0 16.0 194.931654866 175 762 26 85
255 -30.0 115.0 17.0 194.945962346 177 739 26 85
256 -30.0 115.0 18.0 194.966939671 179 717 26 85
257 -30.0 115.0 19.0 194.994634696 181 694 27 84
258 -30.0 115.0 20.0 195.029096204 183 672 26 87
259 -30.0 116.0 7.0 195.045709416 146 961 24 86
260 -30.0 116.0 8.0 195.002249452 149 939 25 84
261 -30.0 116.0 9.0 194.965014339 151 916 24 85
262 -30.0 116.0 10.0 194.934044553 153 894 24 84
263 -30.0 116.0 11.0 194.909381181 155 872 25 86
264 -30.0 116.0 12.0 194.89106595 157 850 25 84
265 -30.0 116.0 13.0 194.879141248 159 827 25 86
266 -30.0 116.0 14.0 194.873650154 161 805 25 86
267 -30.0 116.0 15.0 194.874636468 163 783 25 85
268 -30.0 116.0 16.0 194.882144741 165 761 25 85
269 -30.0 116.0 17.0 194.896220313 167 738 25 86
270 -30.0 116.0 18.0 194.91690935 169 716 26 85
271 -30.0 116.0 19.0 194.944258882 171 693 26 84
272 -30.0 116.0 20.0 194.978316847 173 671 26 85
273 -30.0 116.0 21.0 195.019132135 175 648 27 86
274 -30.0 117.0 6.0 195.047206411 134 982 24 86
275 -30.0 117.0 7.0 194.997851067 137 960 25 85
276 -30.0 117.0 8.0 194.954632553 139 938 24 85
277 -30.0 117.0 9.0 194.917590078 141 916 25 85
278 -30.0 117.0 10.0 194.886763434 143 893 25 85
279 -30.0 117.0 11.0 194.862193014 145 871 24 87
280 -30.0 117.0 12.0 194.843919839 147 849 24 86
281 -30.0 117.0 13.0 194.831985577 149 826 25 86
282 -30.0 117.0 14.0 194.826432579 151 804 25 86
283 -30.0 117.0 15.0 194.8273039 153 782 25 86
284 -30.0 117.0 16.0 194.834643335 155 759 26 88
285 -30.0 117.0 17.0 194.848495453 157 737 26 87
286 -30.0 117.0 18.0 194.868905631 159 715 26 86
287 -30.0 117.0 19.0 194.895920096 161 692 27 93
288 -30.0 117.0 20.0 194.929585964 163 670 26 88
289 -30.0 117.0 21.0 194.969951287 165 647 26 86
290 -30.0 117.0 22.0 195.017065099 167 624 27 87
291 -30.0 118.0 6.0 195.000985265 125 981 25 85
292 -30.0 118.0 7.0 194.951919211 127 959 24 85
293 -30.0 118.0 8.0 194.908942612 129 937 25 85
294 -30.0 118.0 9.0 194.872094018 131 914 24 86
295 -30.0 118.0 10.0 194.841412554 133 892 24 85
296 -30.0 118.0 11.0 194.816937938 135 870 25 87
297 -30.0 118.0 12.0 194.798710501 137 848 25 87
298 -30.0 118.0 13.0 194.786771214 139 825 25 86
299 -30.0 118.0 14.0 194.781161715 141 803 25 86
300 -30.0 118.0 15.0 194.781924335 143 781 25 87
301 -30.0 118.0 16.0 194.789102134 145 758 25 88
302 -30.0 118.0 17.0 194.802738929 147 736 25 85
303 -30.0 118.0 18.0 194.82287933 149 713 26 85
304 -30.0 118.0 19.0 194.849568781 151 691 26 88
305 -30.0 118.0 20.0 194.882853601 153 668 26 84
306 -30.0 118.0 21.0 194.922781023 155 646 27 84
307 -30.0 118.0 22.0 194.969399244 157 623 27 88
308 -30.0 118.0 23.0 195.022757476 159 600 27 87
309 -30.0 119.0 5.0 195.011428456 113 1002 24 85
elapsed time is 1464.207124
