generating bragg masks, processing batch 50
1497 -130.0 46.0 15.0 254.890013828 0 712 25 4
1498 -130.0 46.0 16.0 255.037014346 1 691 26 28
1533 -130.0 47.0 16.0 254.64988307 0 689 26 3
1534 -130.0 47.0 17.0 254.802134845 1 667 25 24
1535 -130.0 47.0 18.0 254.960903731 2 645 26 52
1570 -130.0 48.0 17.0 254.416181799 0 665 25 1
1865 -129.0 43.0 8.0 254.986338078 0 873 25 1
1896 -129.0 44.0 10.0 254.816071893 1 830 25 20
1897 -129.0 44.0 11.0 254.934033274 2 808 25 48
1929 -129.0 45.0 11.0 254.54558418 1 806 24 17
1930 -129.0 45.0 12.0 254.668699521 2 784 25 45
1931 -129.0 45.0 13.0 254.798158103 3 762 25 73
1932 -129.0 45.0 14.0 254.934010493 5 739 25 87
1964 -129.0 46.0 12.0 254.281488322 0 783 25 13
1965 -129.0 46.0 13.0 254.409771639 1 761 25 40
1966 -129.0 46.0 14.0 254.54442966 3 738 26 69
1967 -129.0 46.0 15.0 254.685513738 5 715 25 88
1968 -129.0 46.0 16.0 254.833076202 8 693 26 89
1969 -129.0 46.0 17.0 254.987170392 10 670 25 90
2002 -129.0 47.0 13.0 254.023808239 0 759 25 8
2003 -129.0 47.0 14.0 254.157273517 1 737 26 35
2004 -129.0 47.0 15.0 254.297145304 3 715 25 63
2005 -129.0 47.0 16.0 254.443475765 4 692 26 87
2006 -129.0 47.0 17.0 254.596318072 7 669 25 89
2007 -129.0 47.0 18.0 254.755726452 10 647 26 91
2008 -129.0 47.0 19.0 254.921756218 13 624 26 90
2042 -129.0 48.0 14.0 253.772566793 0 735 25 5
2043 -129.0 48.0 15.0 253.911227999 1 714 25 29
2044 -129.0 48.0 16.0 254.056327878 2 691 26 58
2045 -129.0 48.0 17.0 254.207919428 4 668 25 83
2046 -129.0 48.0 18.0 254.366056698 6 646 26 90
2047 -129.0 48.0 19.0 254.53079482 9 623 26 90
2081 -129.0 49.0 15.0 253.527785801 0 711 25 2
2082 -129.0 49.0 16.0 253.671656897 1 690 26 23
2083 -129.0 49.0 17.0 253.821999206 2 668 26 51
2084 -129.0 49.0 18.0 253.978866587 4 644 26 79
2119 -129.0 50.0 16.0 253.289486048 0 687 25 1
2120 -129.0 50.0 17.0 253.438581009 1 666 26 15
2121 -129.0 50.0 18.0 253.594180116 2 644 25 45
2337 -128.0 42.0 4.0 254.806888435 0 966 24 6
2338 -128.0 42.0 5.0 254.890179647 1 945 24 34
2339 -128.0 42.0 6.0 254.979579663 3 923 24 62
2367 -128.0 43.0 5.0 254.501144934 0 943 25 5
2368 -128.0 43.0 6.0 254.589473652 1 922 24 32
2369 -128.0 43.0 7.0 254.683939273 3 900 24 61
2370 -128.0 43.0 8.0 254.784588254 4 877 25 84
2371 -128.0 43.0 9.0 254.89146784 7 855 25 89
2372 -128.0 43.0 10.0 255.004626093 10 832 25 86
2400 -128.0 44.0 6.0 254.201740979 0 919 25 4
2401 -128.0 44.0 7.0 254.295120281 1 899 25 30
2402 -128.0 44.0 8.0 254.394664825 3 876 25 57
2403 -128.0 44.0 9.0 254.500421719 4 854 25 84
2404 -128.0 44.0 10.0 254.612438884 7 832 25 90
2405 -128.0 44.0 11.0 254.730765082 10 809 25 90
2406 -128.0 44.0 12.0 254.855449937 13 787 25 88
2407 -128.0 44.0 13.0 254.98654397 15 764 25 88
2436 -128.0 45.0 7.0 253.908703181 0 895 25 2
2437 -128.0 45.0 8.0 254.007146049 1 875 25 26
2438 -128.0 45.0 9.0 254.111782742 2 853 25 54
2439 -128.0 45.0 10.0 254.222661037 4 831 25 81
2440 -128.0 45.0 11.0 254.339829547 6 808 24 87
2441 -128.0 45.0 12.0 254.463337748 9 786 25 89
2442 -128.0 45.0 13.0 254.593236011 12 763 25 89
2443 -128.0 45.0 14.0 254.729575632 15 741 25 88
2444 -128.0 45.0 15.0 254.872408867 18 718 25 89
2445 -128.0 45.0 16.0 255.021788964 21 695 25 89
2475 -128.0 46.0 8.0 253.622057011 0 872 24 1
2476 -128.0 46.0 9.0 253.725576336 1 852 24 22
2477 -128.0 46.0 10.0 253.835318325 2 830 24 50
2478 -128.0 46.0 11.0 253.951331436 3 807 24 78
2479 -128.0 46.0 12.0 254.073664991 6 785 25 88
2480 -128.0 46.0 13.0 254.202369204 9 762 25 89
2481 -128.0 46.0 14.0 254.337495209 12 740 25 89
2482 -128.0 46.0 15.0 254.479095102 15 717 25 89
2483 -128.0 46.0 16.0 254.627221966 17 695 26 89
2484 -128.0 46.0 17.0 254.781929917 20 672 26 88
2485 -128.0 46.0 18.0 254.943274143 23 649 26 91
2516 -128.0 47.0 10.0 253.450435394 0 828 24 18
2517 -128.0 47.0 11.0 253.565295749 2 807 25 45
2518 -128.0 47.0 12.0 253.686457028 3 784 25 73
2519 -128.0 47.0 13.0 253.813969281 5 761 25 90
2520 -128.0 47.0 14.0 253.947883475 8 739 26 88
2521 -128.0 47.0 15.0 254.088251534 11 716 25 88
2522 -128.0 47.0 16.0 254.235126372 14 693 26 89
2523 -128.0 47.0 17.0 254.38856193 17 671 25 89
2524 -128.0 47.0 18.0 254.548613217 20 648 26 88
2525 -128.0 47.0 19.0 254.715336352 23 625 26 92
2526 -128.0 47.0 20.0 254.888788612 25 602 27 88
2558 -128.0 48.0 11.0 253.181746354 0 805 25 12
2559 -128.0 48.0 12.0 253.30173808 1 783 25 40
2560 -128.0 48.0 13.0 253.428060826 3 760 25 69
2561 -128.0 48.0 14.0 253.560765386 5 738 25 87
2562 -128.0 48.0 15.0 253.699903508 8 715 25 88
2563 -128.0 48.0 16.0 253.845527923 10 693 26 89
2564 -128.0 48.0 17.0 253.997692392 13 670 25 89
2565 -128.0 48.0 18.0 254.156451736 16 647 26 90
2566 -128.0 48.0 19.0 254.321861887 19 624 26 90
2567 -128.0 48.0 20.0 254.493979929 22 602 27 91
2599 -128.0 49.0 12.0 252.919531233 0 781 25 8
2600 -128.0 49.0 13.0 253.04466728 1 760 25 34
2601 -128.0 49.0 14.0 253.176164749 3 737 25 62
2602 -128.0 49.0 15.0 253.314075203 4 714 25 87
2603 -128.0 49.0 16.0 253.458451186 7 692 26 89
2604 -128.0 49.0 17.0 253.609346267 10 669 25 88
2605 -128.0 49.0 18.0 253.766815075 13 646 26 89
2606 -128.0 49.0 19.0 253.930913345 15 623 26 88
2639 -128.0 50.0 13.0 252.663810946 0 757 25 3
2640 -128.0 50.0 14.0 252.794104222 1 736 25 25
2641 -128.0 50.0 15.0 252.930789643 2 713 25 56
2642 -128.0 50.0 16.0 253.073919561 4 691 26 82
2643 -128.0 50.0 17.0 253.223547346 6 668 26 89
2644 -128.0 50.0 18.0 253.379727425 9 645 26 88
2645 -128.0 50.0 19.0 253.542515329 12 622 26 92
2678 -128.0 51.0 14.0 252.414605321 0 733 25 1
2679 -128.0 51.0 15.0 252.550068703 0 712 26 18
2680 -128.0 51.0 16.0 252.69195529 2 690 25 47
2681 -128.0 51.0 17.0 252.840318249 3 667 26 75
2682 -128.0 51.0 18.0 252.995211796 6 644 25 90
2717 -128.0 52.0 16.0 252.312579463 0 688 25 10
2718 -128.0 52.0 17.0 252.459680433 1 666 26 38
2719 -128.0 52.0 18.0 252.613290027 3 643 26 67
2754 -128.0 53.0 17.0 252.081654203 0 664 26 5
2836 -127.0 41.0 0.0 254.720694581 0 1058 24 14
2837 -127.0 41.0 1.0 254.780956595 2 1037 24 41
2838 -127.0 41.0 2.0 254.847210004 3 1014 24 70
2839 -127.0 41.0 3.0 254.919498495 5 992 24 86
2840 -127.0 41.0 4.0 254.997866462 8 970 24 87
2865 -127.0 42.0 1.0 254.39122772 0 1035 23 13
2866 -127.0 42.0 2.0 254.456460586 2 1013 24 42
2867 -127.0 42.0 3.0 254.527711171 3 991 24 68
2868 -127.0 42.0 4.0 254.605023746 5 969 24 88
2869 -127.0 42.0 5.0 254.688443298 8 947 24 87
2870 -127.0 42.0 6.0 254.778015556 11 924 24 88
2871 -127.0 42.0 7.0 254.873787006 14 902 24 89
2872 -127.0 42.0 8.0 254.975804915 17 880 24 87
2898 -127.0 43.0 2.0 254.068087558 0 1012 24 13
2899 -127.0 43.0 3.0 254.138303848 2 990 24 41
2900 -127.0 43.0 4.0 254.214564383 3 968 24 68
2901 -127.0 43.0 5.0 254.296914022 5 946 24 87
2902 -127.0 43.0 6.0 254.38539836 8 923 24 89
2903 -127.0 43.0 7.0 254.48006375 11 901 24 87
2904 -127.0 43.0 8.0 254.580957325 14 879 24 87
2905 -127.0 43.0 9.0 254.688127019 17 856 25 88
2906 -127.0 43.0 10.0 254.801621592 20 834 25 88
2907 -127.0 43.0 11.0 254.92149066 23 812 25 87
2908 -127.0 43.0 12.0 255.047784719 26 789 24 87
2934 -127.0 44.0 3.0 253.751302474 0 988 24 10
2935 -127.0 44.0 4.0 253.826514638 1 967 24 37
2936 -127.0 44.0 5.0 253.907797778 3 945 24 66
2937 -127.0 44.0 6.0 253.995197349 5 923 25 89
2938 -127.0 44.0 7.0 254.088759564 8 900 25 87
2939 -127.0 44.0 8.0 254.188531415 11 878 25 87
2940 -127.0 44.0 9.0 254.294560691 14 855 25 89
2941 -127.0 44.0 10.0 254.406896011 17 833 25 88
2942 -127.0 44.0 11.0 254.525586843 19 810 25 90
2943 -127.0 44.0 12.0 254.650683535 22 788 24 89
2944 -127.0 44.0 13.0 254.782237348 25 766 25 89
2945 -127.0 44.0 14.0 254.920300484 28 743 25 87
2972 -127.0 45.0 4.0 253.440899664 0 965 24 7
2973 -127.0 45.0 5.0 253.521120034 1 944 24 35
2974 -127.0 45.0 6.0 253.607438317 3 922 25 64
2975 -127.0 45.0 7.0 253.699900578 5 899 25 86
2976 -127.0 45.0 8.0 253.798553659 7 877 25 89
2977 -127.0 45.0 9.0 253.9034452 10 855 25 87
2978 -127.0 45.0 10.0 254.014623667 13 832 25 90
2979 -127.0 45.0 11.0 254.132138376 16 810 25 88
2980 -127.0 45.0 12.0 254.25603952 19 787 25 88
2981 -127.0 45.0 13.0 254.386378202 22 765 25 89
2982 -127.0 45.0 14.0 254.523206465 25 742 25 88
2983 -127.0 45.0 15.0 254.666577329 28 719 26 90
2984 -127.0 45.0 16.0 254.816544824 30 697 25 88
2985 -127.0 45.0 17.0 254.973164031 33 674 26 88
3013 -127.0 46.0 5.0 253.136905141 0 941 24 4
3014 -127.0 46.0 6.0 253.222145931 1 921 24 32
3015 -127.0 46.0 7.0 253.313511784 3 898 24 58
3016 -127.0 46.0 8.0 253.411049386 4 876 25 85
3017 -127.0 46.0 9.0 253.514806221 7 854 25 87
3018 -127.0 46.0 10.0 253.624830594 10 831 25 90
3019 -127.0 46.0 11.0 253.741171661 13 809 24 89
3020 -127.0 46.0 12.0 253.863879452 16 786 25 87
3021 -127.0 46.0 13.0 253.993004906 19 764 25 89
3022 -127.0 46.0 14.0 254.128599899 21 741 25 89
3023 -127.0 46.0 15.0 254.270717281 24 719 25 89
3024 -127.0 46.0 16.0 254.419410912 27 696 25 88
3025 -127.0 46.0 17.0 254.574735698 30 673 26 89
3026 -127.0 46.0 18.0 254.736747636 33 651 26 88
3027 -127.0 46.0 19.0 254.905503856 36 628 27 93
3055 -127.0 47.0 6.0 252.839343733 0 917 24 2
3056 -127.0 47.0 7.0 252.929617043 1 898 24 27
3057 -127.0 47.0 8.0 253.026042785 2 875 24 54
3058 -127.0 47.0 9.0 253.12866828 4 853 24 83
3059 -127.0 47.0 10.0 253.237541666 6 831 24 89
3060 -127.0 47.0 11.0 253.35271193 9 808 24 88
3061 -127.0 47.0 12.0 253.474228934 12 785 25 88
3062 -127.0 47.0 13.0 253.602143443 15 763 25 88
3063 -127.0 47.0 14.0 253.736507159 18 740 25 90
3064 -127.0 47.0 15.0 253.877372755 21 718 25 88
3065 -127.0 47.0 16.0 254.024793911 24 695 26 89
3066 -127.0 47.0 17.0 254.178825351 27 672 26 89
3067 -127.0 47.0 18.0 254.339522886 29 650 26 92
elapsed time is 1574.285083
