generating bragg masks, processing batch 6
39 -27.0 -7.0 54.0 31.2190680412 1216 10 581 84
51 -26.0 -8.0 54.0 32.2800525367 1206 12 483 85
52 -26.0 -7.0 53.0 30.4465696619 1211 35 514 90
53 -26.0 -3.0 50.0 34.4141923393 1261 104 3220 90
68 -25.0 -9.0 54.0 33.0224948973 1195 14 406 86
69 -25.0 -8.0 53.0 31.5982712044 1201 37 435 88
70 -25.0 -3.0 49.0 32.3738017579 1252 130 1291 85
85 -24.0 -10.0 54.0 33.5744360632 1183 16 348 89
86 -24.0 -9.0 53.0 32.4274900624 1190 39 372 86
87 -24.0 -8.0 52.0 31.118655737 1197 63 399 89
88 -24.0 -4.0 49.0 34.2848853631 1244 132 938 88
89 -24.0 -3.0 48.0 31.9743099625 1248 154 1043 90
106 -23.0 -12.0 54.0 30.7445900975 1153 18 254 87
108 -23.0 -11.0 54.0 34.006599299 1171 18 303 90
109 -23.0 -10.0 53.0 33.0543368241 1178 41 322 86
110 -23.0 -9.0 52.0 31.9979529484 1186 65 345 89
111 -23.0 -8.0 51.0 30.8026109536 1193 88 369 84
112 -23.0 -5.0 49.0 34.9668443433 1232 133 737 90
113 -23.0 -4.0 48.0 33.8299900017 1239 156 821 90
114 -23.0 -3.0 47.0 32.1113855217 1245 179 933 90
131 -22.0 -14.0 55.0 32.3122202851 1134 0 222 15
132 -22.0 -13.0 54.0 31.4116465898 1142 20 231 87
133 -22.0 -12.0 53.0 30.4446086384 1150 44 242 89
134 -22.0 -12.0 54.0 34.3596781159 1159 19 268 89
135 -22.0 -11.0 53.0 33.5492143841 1167 43 284 86
136 -22.0 -10.0 52.0 32.67187732 1174 67 301 89
137 -22.0 -9.0 51.0 31.7067736396 1182 90 321 85
138 -22.0 -8.0 50.0 30.6244955262 1189 113 346 82
139 -22.0 -5.0 48.0 34.6267488012 1228 158 673 90
140 -22.0 -4.0 47.0 33.769499589 1236 181 755 85
141 -22.0 -3.0 46.0 32.582088251 1243 204 870 81
142 -22.0 -2.0 45.0 30.5821289368 1249 227 1026 83
159 -21.0 -16.0 55.0 30.600005762 1108 1 185 38
161 -21.0 -15.0 55.0 32.7717082366 1122 1 204 32
162 -21.0 -14.0 54.0 31.9760577341 1130 22 211 87
163 -21.0 -13.0 53.0 31.1330803902 1138 46 220 87
164 -21.0 -13.0 54.0 34.6582489223 1146 21 240 89
165 -21.0 -12.0 52.0 30.2318687856 1146 69 230 86
166 -21.0 -12.0 53.0 33.954536584 1154 45 252 86
167 -21.0 -11.0 52.0 33.2084337339 1162 68 267 88
168 -21.0 -10.0 51.0 32.4075729271 1171 92 283 87
169 -21.0 -9.0 50.0 31.5348620805 1179 115 302 85
170 -21.0 -8.0 49.0 30.5661396051 1186 138 326 82
171 -21.0 -5.0 47.0 34.5506404717 1224 183 602 83
172 -21.0 -4.0 46.0 33.9768165317 1233 206 713 81
173 -21.0 -3.0 45.0 33.2983354024 1242 229 831 89
174 -21.0 -2.0 44.0 32.3325605604 1250 251 1062 81
175 -21.0 -1.0 43.0 30.2575459005 1256 273 1477 90
194 -20.0 -17.0 55.0 31.1465132415 1096 2 172 53
196 -20.0 -16.0 54.0 30.3594970573 1104 24 177 87
197 -20.0 -16.0 55.0 33.172876994 1110 2 188 49
198 -20.0 -15.0 54.0 32.462054116 1119 24 194 88
199 -20.0 -14.0 53.0 31.7179791141 1126 47 201 88
200 -20.0 -14.0 54.0 34.9178518801 1133 23 217 88
201 -20.0 -13.0 52.0 30.9333089062 1135 71 210 87
202 -20.0 -13.0 53.0 34.2968318796 1142 47 227 88
203 -20.0 -12.0 51.0 30.0986437492 1143 94 219 86
204 -20.0 -12.0 52.0 33.6498801939 1150 70 238 87
205 -20.0 -11.0 51.0 32.9698433914 1159 93 252 88
206 -20.0 -10.0 50.0 32.2470432917 1167 117 268 87
207 -20.0 -9.0 49.0 31.4680879065 1176 140 286 84
208 -20.0 -8.0 48.0 30.613978426 1184 163 308 85
209 -20.0 -6.0 47.0 35.0140498796 1212 185 463 82
210 -20.0 -5.0 46.0 34.6744426739 1222 208 547 82
211 -20.0 -4.0 45.0 34.3865648371 1231 230 681 90
212 -20.0 -3.0 44.0 34.2074274466 1241 253 803 81
213 -20.0 -2.0 43.0 34.3477554157 1251 275 1112 90
234 -19.0 -18.0 55.0 31.6320065263 1084 3 161 71
236 -19.0 -17.0 54.0 30.9204641795 1092 26 165 88
237 -19.0 -17.0 55.0 33.5283797004 1098 3 174 67
238 -19.0 -16.0 53.0 30.1796642316 1101 50 170 88
239 -19.0 -16.0 54.0 32.8871463197 1106 26 179 87
240 -19.0 -15.0 53.0 32.2231093819 1115 49 186 88
241 -19.0 -14.0 52.0 31.5314045238 1123 73 193 86
242 -19.0 -14.0 53.0 34.5933331124 1130 49 205 87
243 -19.0 -13.0 51.0 30.8058813833 1132 96 201 87
244 -19.0 -13.0 52.0 34.0233169604 1138 72 215 87
245 -19.0 -12.0 51.0 33.4347406541 1147 95 226 87
246 -19.0 -11.0 50.0 32.8223976867 1155 119 239 86
247 -19.0 -10.0 49.0 32.1792482791 1164 142 253 86
248 -19.0 -9.0 48.0 31.4955444226 1173 165 271 86
249 -19.0 -8.0 47.0 30.7574194292 1181 188 292 86
250 -19.0 -5.0 45.0 34.9586090092 1219 232 504 86
251 -19.0 -4.0 44.0 34.9577577561 1229 255 626 81
271 -18.0 -20.0 55.0 30.4743342793 1059 5 141 90
274 -18.0 -19.0 55.0 32.0676217541 1072 4 151 87
276 -18.0 -18.0 54.0 31.4196696335 1081 28 155 89
277 -18.0 -18.0 55.0 33.8475650017 1085 4 162 83
278 -18.0 -17.0 53.0 30.7506535457 1089 52 158 87
279 -18.0 -17.0 54.0 33.2641893046 1094 27 166 86
280 -18.0 -16.0 52.0 30.0566698977 1098 75 164 90
281 -18.0 -16.0 53.0 32.6658436796 1103 51 172 87
282 -18.0 -15.0 52.0 32.0493909563 1111 75 178 86
283 -18.0 -15.0 53.0 34.8556325056 1117 50 188 87
284 -18.0 -14.0 51.0 31.4109154769 1120 98 185 87
285 -18.0 -14.0 52.0 34.3467055512 1126 74 196 88
286 -18.0 -13.0 50.0 30.7454647517 1129 121 192 86
287 -18.0 -13.0 51.0 33.8291419404 1134 97 204 85
288 -18.0 -12.0 50.0 33.300454083 1143 121 215 87
289 -18.0 -11.0 49.0 32.7573574125 1152 144 226 86
290 -18.0 -10.0 48.0 32.1954177765 1161 167 241 86
291 -18.0 -9.0 47.0 31.608496965 1170 189 257 85
292 -18.0 -8.0 46.0 30.9878500422 1179 212 278 83
293 -18.0 -7.0 45.0 30.3205962464 1188 235 303 83
316 -17.0 -21.0 55.0 30.9498790992 1047 7 134 87
318 -17.0 -20.0 54.0 30.3099717948 1056 30 137 88
319 -17.0 -20.0 55.0 32.4620600743 1060 6 142 91
321 -17.0 -19.0 54.0 31.8681757024 1069 30 145 88
322 -17.0 -19.0 55.0 34.1374575044 1073 5 151 87
323 -17.0 -18.0 53.0 31.2596252813 1077 53 149 86
324 -17.0 -18.0 54.0 33.6027728174 1081 29 155 88
325 -17.0 -17.0 52.0 30.633728364 1086 77 153 88
326 -17.0 -17.0 53.0 33.0590474162 1091 53 160 89
327 -17.0 -16.0 52.0 32.5043523352 1099 76 165 85
328 -17.0 -15.0 51.0 31.9363118865 1108 100 170 85
329 -17.0 -15.0 52.0 34.6323263626 1113 76 180 87
330 -17.0 -14.0 50.0 31.3519629317 1117 123 178 86
331 -17.0 -14.0 51.0 34.1711336816 1122 99 187 88
332 -17.0 -13.0 49.0 30.7475584466 1126 146 184 86
333 -17.0 -13.0 50.0 33.7073741546 1131 122 195 86
334 -17.0 -12.0 48.0 30.1182882725 1135 169 193 85
335 -17.0 -12.0 49.0 33.2399933308 1140 145 204 85
336 -17.0 -11.0 48.0 32.7676095818 1149 168 216 84
337 -17.0 -10.0 47.0 32.2883684658 1158 191 229 84
338 -17.0 -9.0 46.0 31.799712649 1168 214 245 83
339 -17.0 -8.0 45.0 31.2980045358 1177 237 265 85
340 -17.0 -7.0 44.0 30.7778794515 1186 259 289 84
341 -17.0 -6.0 43.0 30.2310773607 1196 282 320 84
364 -16.0 -23.0 55.0 30.0707422231 1023 9 121 89
367 -16.0 -22.0 55.0 31.384630825 1035 8 127 88
369 -16.0 -21.0 54.0 30.7939687304 1044 32 129 90
370 -16.0 -21.0 55.0 32.822187092 1048 8 134 87
372 -16.0 -20.0 53.0 30.1900802605 1053 56 132 87
373 -16.0 -20.0 54.0 32.2746696044 1056 32 137 88
374 -16.0 -20.0 55.0 34.4034196116 1060 7 141 89
375 -16.0 -19.0 53.0 31.7175107215 1065 55 140 87
376 -16.0 -19.0 54.0 33.910162949 1069 31 145 88
377 -16.0 -18.0 52.0 31.1489305422 1074 79 144 87
378 -16.0 -18.0 53.0 33.4123923569 1078 55 149 88
379 -16.0 -17.0 51.0 30.5667877681 1083 102 148 88
380 -16.0 -17.0 52.0 32.9090273701 1087 78 153 87
381 -16.0 -16.0 51.0 32.3987566219 1096 102 159 85
382 -16.0 -16.0 52.0 34.8888157191 1100 78 165 87
383 -16.0 -15.0 50.0 31.8799688138 1105 125 164 86
384 -16.0 -15.0 51.0 34.4732394902 1109 101 172 87
385 -16.0 -14.0 49.0 31.3506577742 1115 148 170 87
386 -16.0 -14.0 50.0 34.0609686131 1118 124 178 86
387 -16.0 -13.0 48.0 30.8082895924 1124 171 177 85
388 -16.0 -13.0 49.0 33.6522733698 1128 147 186 85
389 -16.0 -12.0 47.0 30.2496130592 1133 194 186 85
390 -16.0 -12.0 48.0 33.2475208365 1137 170 196 84
391 -16.0 -11.0 47.0 32.8472136838 1146 193 206 84
392 -16.0 -10.0 46.0 32.4520496858 1156 216 218 84
393 -16.0 -9.0 45.0 32.0630160889 1165 238 234 84
394 -16.0 -8.0 44.0 31.6815452685 1175 261 253 83
395 -16.0 -7.0 43.0 31.3097838613 1185 283 276 84
396 -16.0 -6.0 42.0 30.9510856113 1194 306 306 82
397 -16.0 -5.0 41.0 30.6109810409 1204 328 345 82
398 -16.0 -4.0 40.0 30.299270334 1214 350 401 84
399 -16.0 0.0 36.0 30.8285092513 1256 438 1257 81
424 -15.0 -24.0 55.0 30.5265689974 1011 11 115 88
427 -15.0 -23.0 55.0 31.7846075825 1023 10 121 88
429 -15.0 -22.0 54.0 31.2368254088 1032 34 122 89
430 -15.0 -22.0 55.0 33.1534732486 1035 10 126 87
431 -15.0 -21.0 53.0 30.6799946629 1041 58 125 87
432 -15.0 -21.0 54.0 32.6460377271 1044 33 130 88
433 -15.0 -21.0 55.0 34.6496051865 1047 9 134 90
434 -15.0 -20.0 52.0 30.1126034529 1050 81 127 87
435 -15.0 -20.0 53.0 32.1329289483 1053 57 132 89
436 -15.0 -20.0 54.0 34.1919467484 1056 33 137 88
437 -15.0 -19.0 52.0 31.6130310144 1062 81 135 86
438 -15.0 -19.0 53.0 33.7332566364 1065 56 140 86
439 -15.0 -18.0 51.0 31.0850159678 1072 104 139 87
440 -15.0 -18.0 52.0 33.2730519394 1075 80 144 88
441 -15.0 -17.0 50.0 30.5472881083 1081 127 142 86
442 -15.0 -17.0 51.0 32.8107584383 1084 103 147 86
443 -15.0 -16.0 50.0 32.3456845323 1093 126 152 86
444 -15.0 -16.0 51.0 34.744360921 1097 103 158 87
445 -15.0 -15.0 49.0 31.8769859214 1103 150 158 85
446 -15.0 -15.0 50.0 34.3736940913 1106 126 164 88
447 -15.0 -14.0 48.0 31.4036169785 1112 173 163 84
448 -15.0 -14.0 49.0 34.0114513989 1115 149 171 87
449 -15.0 -13.0 47.0 30.924262578 1121 195 170 84
450 -15.0 -13.0 48.0 33.6589881621 1125 172 178 86
451 -15.0 -12.0 46.0 30.4372405876 1130 218 178 84
452 -15.0 -12.0 47.0 33.318079263 1134 195 187 86
453 -15.0 -11.0 46.0 32.9910890285 1144 218 197 85
454 -15.0 -10.0 45.0 32.6812318601 1153 240 209 83
455 -15.0 -9.0 44.0 32.3929861484 1163 263 223 84
456 -15.0 -8.0 43.0 32.132779139 1173 285 241 85
457 -15.0 -7.0 42.0 31.9101776948 1183 308 263 83
458 -15.0 -6.0 41.0 31.7400895361 1193 330 292 81
459 -15.0 -5.0 40.0 31.6471632905 1203 352 330 82
460 -15.0 -4.0 39.0 31.6755472768 1213 374 386 83
461 -15.0 -3.0 38.0 31.9139644046 1224 396 471 81
462 -15.0 -2.0 37.0 32.5768958318 1235 418 625 81
463 -15.0 -1.0 36.0 34.4185418975 1247 440 861 77
489 -14.0 -25.0 55.0 30.9489349388 999 12 110 87
492 -14.0 -24.0 54.0 30.4075688575 1008 36 111 88
493 -14.0 -24.0 55.0 32.1547483241 1011 12 114 88
elapsed time is 1613.804699
