generating bragg masks, processing batch 21
1 -6.0 -6.0 51.0 105.992040511 1252 107 1891 90
2 -6.0 -4.0 46.0 106.178868571 1253 224 1942 80
3 -6.0 -3.0 43.0 105.338171901 1253 293 1776 81
6 -5.0 -6.0 52.0 106.109242012 1241 85 1111 81
7 -5.0 -5.0 50.0 109.303624316 1250 132 1653 81
10 -4.0 -7.0 55.0 105.838597488 1230 14 803 81
11 -4.0 -6.0 53.0 106.405285434 1232 62 809 80
12 -4.0 -5.0 51.0 107.957457515 1236 109 886 81
13 -4.0 -3.0 46.0 108.17668142 1237 226 820 81
14 -4.0 -2.0 43.0 107.958634363 1237 295 778 80
15 -4.0 -1.0 39.0 105.42608501 1236 386 667 80
16 -4.0 0.0 35.0 106.865748708 1241 475 729 81
17 -4.0 1.0 28.0 105.447409315 1248 629 806 81
18 -4.0 1.0 29.0 108.4981999 1249 607 887 81
22 -3.0 -6.0 54.0 106.760695393 1222 39 645 83
23 -3.0 -5.0 52.0 107.587626863 1224 86 652 86
24 -3.0 -4.0 50.0 109.222660428 1228 133 692 89
25 -3.0 -3.0 47.0 106.87691994 1223 204 571 83
26 -3.0 -2.0 44.0 106.184598449 1223 273 533 81
27 -3.0 -1.0 41.0 107.072490425 1226 341 535 77
28 -3.0 0.0 37.0 106.669210254 1229 431 513 81
29 -3.0 0.0 38.0 109.91673312 1232 409 579 80
30 -3.0 1.0 32.0 107.202221589 1234 542 519 78
31 -3.0 1.0 33.0 109.743707447 1236 520 558 74
35 -2.0 -6.0 55.0 107.144386011 1213 16 542 89
36 -2.0 -5.0 53.0 107.536247765 1214 63 528 87
37 -2.0 -4.0 51.0 108.524768436 1216 111 532 82
38 -2.0 -3.0 48.0 106.297169174 1211 181 455 81
39 -2.0 -2.0 45.0 105.34749355 1211 251 422 82
40 -2.0 -2.0 46.0 108.709316225 1217 227 483 82
41 -2.0 -1.0 42.0 105.593572605 1213 319 410 80
42 -2.0 -1.0 43.0 108.618200449 1217 296 457 78
43 -2.0 0.0 39.0 107.180422204 1218 387 414 77
44 -2.0 0.0 40.0 109.93193396 1221 364 454 76
45 -2.0 1.0 34.0 106.019788196 1221 499 386 80
46 -2.0 1.0 35.0 108.155746339 1222 476 407 79
47 -2.0 2.0 14.0 109.461777363 1252 932 534 67
48 -2.0 2.0 15.0 106.214820113 1250 911 485 79
49 -2.0 2.0 26.0 105.429871991 1231 674 377 74
50 -2.0 2.0 27.0 106.555717371 1230 653 382 76
51 -2.0 2.0 28.0 107.79685454 1229 631 389 75
52 -2.0 2.0 29.0 109.153627687 1229 609 398 75
57 -1.0 -5.0 54.0 107.639738698 1203 40 450 87
58 -1.0 -4.0 52.0 108.223057305 1205 88 442 80
59 -1.0 -3.0 49.0 106.044174557 1200 159 386 83
60 -1.0 -3.0 50.0 109.315705243 1207 135 441 81
61 -1.0 -2.0 47.0 107.785460727 1204 205 393 81
62 -1.0 -1.0 44.0 107.348596008 1204 274 368 80
63 -1.0 0.0 40.0 105.686677965 1205 366 335 77
64 -1.0 0.0 41.0 107.995057008 1207 343 357 81
65 -1.0 1.0 36.0 105.871421938 1208 455 320 76
66 -1.0 1.0 37.0 107.800146107 1210 433 335 77
67 -1.0 1.0 38.0 109.84361332 1211 410 354 81
68 -1.0 2.0 11.0 106.849937741 1248 997 322 72
69 -1.0 2.0 30.0 105.497934304 1215 588 301 78
70 -1.0 2.0 31.0 106.83151458 1215 566 308 75
71 -1.0 2.0 32.0 108.251208873 1214 544 318 74
72 -1.0 2.0 33.0 109.762764285 1215 522 328 75
77 0.0 -5.0 55.0 107.832727231 1193 17 396 84
78 0.0 -4.0 52.0 105.112759003 1187 89 341 82
79 0.0 -4.0 53.0 108.131146404 1194 65 383 81
80 0.0 -3.0 50.0 105.974311711 1189 136 338 81
81 0.0 -3.0 51.0 108.852712617 1195 112 376 84
82 0.0 -2.0 48.0 107.264235752 1192 183 338 80
83 0.0 -2.0 49.0 110.01497473 1198 159 373 83
84 0.0 -1.0 45.0 106.595690559 1192 252 315 80
85 0.0 -1.0 46.0 109.020134619 1196 229 340 81
86 0.0 0.0 42.0 106.821635878 1194 321 302 79
87 0.0 0.0 43.0 108.978609964 1197 298 321 81
88 0.0 1.0 38.0 106.202390835 1197 411 281 78
89 0.0 1.0 39.0 108.004965549 1198 389 293 80
90 0.0 1.0 40.0 109.906752037 1199 366 309 78
91 0.0 2.0 8.0 108.223328201 1245 1062 196 74
92 0.0 2.0 33.0 105.902750954 1202 523 261 77
93 0.0 2.0 34.0 107.278830681 1202 500 269 76
94 0.0 2.0 35.0 108.730684273 1202 478 278 78
95 0.0 3.0 14.0 109.776832459 1232 934 209 74
96 0.0 3.0 15.0 108.377733192 1230 913 212 74
97 0.0 3.0 16.0 107.293173034 1228 891 215 74
98 0.0 3.0 17.0 106.481715245 1226 870 217 75
99 0.0 3.0 18.0 105.907959219 1224 848 219 74
100 0.0 3.0 19.0 105.542013965 1222 827 222 74
101 0.0 3.0 20.0 105.358831713 1220 806 224 74
102 0.0 3.0 21.0 105.337534792 1219 784 226 75
103 0.0 3.0 22.0 105.460798894 1217 763 228 75
104 0.0 3.0 23.0 105.714317306 1215 741 231 75
105 0.0 3.0 24.0 106.086350932 1214 719 235 76
106 0.0 3.0 25.0 106.567359809 1212 698 238 73
107 0.0 3.0 26.0 107.149708414 1211 676 242 76
108 0.0 3.0 27.0 107.827436729 1210 654 246 79
109 0.0 3.0 28.0 108.596090297 1209 632 251 78
110 0.0 3.0 29.0 109.45260455 1208 610 256 77
116 1.0 -5.0 55.0 105.168858689 1176 18 318 87
118 1.0 -4.0 53.0 105.42131904 1177 66 309 83
119 1.0 -4.0 54.0 108.16716038 1184 42 342 82
120 1.0 -3.0 51.0 106.019555371 1179 114 303 83
121 1.0 -3.0 52.0 108.61887218 1184 89 331 86
122 1.0 -2.0 49.0 106.979590512 1181 160 299 82
123 1.0 -2.0 50.0 109.44343462 1186 137 324 85
124 1.0 -1.0 46.0 106.141593619 1181 230 278 80
125 1.0 -1.0 47.0 108.322954141 1184 207 297 82
126 1.0 0.0 43.0 106.071970502 1182 299 265 79
127 1.0 0.0 44.0 108.016664425 1185 276 279 79
128 1.0 1.0 2.0 106.735661488 1250 1190 68 73
129 1.0 1.0 39.0 105.163630181 1185 390 245 77
130 1.0 1.0 40.0 106.804571873 1186 367 255 79
131 1.0 1.0 41.0 108.524581446 1187 344 266 80
132 1.0 2.0 6.0 107.355708469 1240 1105 118 75
133 1.0 2.0 35.0 105.661097126 1189 479 232 79
134 1.0 2.0 36.0 107.004961672 1189 457 239 78
135 1.0 2.0 37.0 108.415645856 1189 434 247 76
136 1.0 2.0 38.0 109.898733462 1190 412 257 79
137 1.0 3.0 11.0 108.630159575 1228 999 148 73
138 1.0 3.0 12.0 106.886491719 1226 977 153 74
139 1.0 3.0 13.0 105.460063416 1224 956 158 72
140 1.0 3.0 28.0 105.199534412 1198 633 209 76
141 1.0 3.0 29.0 105.994442546 1197 611 213 75
142 1.0 3.0 30.0 106.858700381 1196 589 217 77
143 1.0 3.0 31.0 107.791369054 1195 567 222 77
144 1.0 3.0 32.0 108.792329717 1194 545 227 76
145 1.0 3.0 33.0 109.862314406 1194 523 233 77
150 2.0 -5.0 56.0 105.671334174 1163 0 294 1
152 2.0 -4.0 54.0 105.752943676 1167 43 284 83
153 2.0 -4.0 55.0 108.288236258 1174 19 310 85
154 2.0 -3.0 52.0 106.142768187 1168 91 276 85
155 2.0 -3.0 53.0 108.532164045 1174 67 298 84
156 2.0 -2.0 50.0 106.848626337 1170 138 270 83
157 2.0 -2.0 51.0 109.103116159 1175 114 289 82
158 2.0 -1.0 47.0 105.879605975 1170 208 251 82
159 2.0 -1.0 48.0 107.883061215 1173 184 266 82
160 2.0 -1.0 49.0 110.00631927 1176 161 283 82
161 2.0 0.0 44.0 105.588217348 1171 277 238 80
162 2.0 0.0 45.0 107.378740319 1173 254 249 80
163 2.0 0.0 46.0 109.260675515 1175 230 262 80
164 2.0 1.0 41.0 105.991106538 1174 345 227 79
165 2.0 1.0 42.0 107.580677344 1175 322 236 79
166 2.0 1.0 43.0 109.245202767 1176 299 246 79
167 2.0 2.0 4.0 107.71243639 1235 1149 68 73
168 2.0 2.0 37.0 105.818214795 1177 435 213 78
169 2.0 2.0 38.0 107.139071212 1177 413 219 78
170 2.0 2.0 39.0 108.521229146 1178 390 226 78
171 2.0 2.0 40.0 109.969805555 1178 367 234 79
172 2.0 3.0 8.0 109.228688254 1224 1063 99 72
173 2.0 3.0 9.0 107.121727388 1223 1042 107 74
174 2.0 3.0 10.0 105.332060315 1221 1021 113 73
175 2.0 3.0 31.0 105.086290604 1184 568 191 77
176 2.0 3.0 32.0 106.003320205 1183 546 195 77
177 2.0 3.0 33.0 106.977843373 1182 524 200 77
178 2.0 3.0 34.0 108.01050344 1181 502 205 77
179 2.0 3.0 35.0 109.102576297 1181 479 211 78
180 2.0 4.0 14.0 109.972721699 1211 935 130 73
181 2.0 4.0 15.0 109.081339726 1209 914 135 75
182 2.0 4.0 16.0 108.360482374 1208 893 140 76
183 2.0 4.0 17.0 107.796192292 1206 871 143 74
184 2.0 4.0 18.0 107.375652404 1204 850 148 73
185 2.0 4.0 19.0 107.087229873 1202 828 151 75
186 2.0 4.0 20.0 106.920466575 1200 807 155 75
187 2.0 4.0 21.0 106.866036229 1199 786 159 75
188 2.0 4.0 22.0 106.915682782 1197 764 162 73
189 2.0 4.0 23.0 107.062150263 1196 742 166 76
190 2.0 4.0 24.0 107.299111081 1194 721 169 74
191 2.0 4.0 25.0 107.621097399 1192 699 173 75
192 2.0 4.0 26.0 108.023438593 1191 677 176 75
193 2.0 4.0 27.0 108.502206765 1190 656 181 76
194 2.0 4.0 28.0 109.054171619 1188 634 184 76
195 2.0 4.0 29.0 109.676765725 1187 612 188 77
201 3.0 -4.0 55.0 106.101817893 1157 20 263 84
202 3.0 -4.0 56.0 108.469392472 1162 0 285 6
203 3.0 -3.0 53.0 106.321718814 1158 68 255 86
204 3.0 -3.0 54.0 108.546885801 1163 43 274 85
205 3.0 -2.0 -9.0 106.956555113 1263 1427 1558 72
206 3.0 -2.0 51.0 106.824321802 1160 115 248 81
207 3.0 -2.0 52.0 108.918222508 1164 91 264 82
208 3.0 -1.0 48.0 105.749915887 1158 185 230 82
209 3.0 -1.0 49.0 107.616563129 1162 162 243 82
210 3.0 -1.0 50.0 109.584042181 1165 138 257 83
211 3.0 0.0 -4.0 107.555082151 1247 1320 112 71
212 3.0 0.0 45.0 105.284564942 1160 255 217 80
213 3.0 0.0 46.0 106.957003643 1162 232 226 81
214 3.0 0.0 47.0 108.707633929 1164 208 237 81
215 3.0 1.0 -1.0 107.19602085 1238 1256 31 73
216 3.0 1.0 42.0 105.433854266 1162 324 207 79
217 3.0 1.0 43.0 106.924063061 1163 300 215 80
218 3.0 1.0 44.0 108.479125395 1164 277 223 80
219 3.0 2.0 2.0 108.769078326 1229 1192 35 72
220 3.0 2.0 3.0 105.297375602 1228 1171 45 73
221 3.0 2.0 39.0 106.232024771 1165 391 198 79
222 3.0 2.0 40.0 107.537261486 1166 369 204 79
223 3.0 2.0 41.0 108.900248965 1166 345 211 78
224 3.0 3.0 6.0 108.689840227 1219 1107 68 73
225 3.0 3.0 7.0 106.540993343 1218 1086 76 73
226 3.0 3.0 34.0 105.677796945 1170 503 181 76
227 3.0 3.0 35.0 106.678529392 1169 480 185 78
228 3.0 3.0 36.0 107.731052399 1169 458 190 79
229 3.0 3.0 37.0 108.83694744 1169 436 195 77
230 3.0 3.0 38.0 109.998378517 1169 413 201 78
231 3.0 4.0 11.0 109.264464502 1207 1000 96 76
232 3.0 4.0 12.0 108.10133404 1206 979 103 73
233 3.0 4.0 13.0 107.113826072 1204 958 107 73
234 3.0 4.0 14.0 106.288918808 1202 936 111 74
elapsed time is 1479.767410
