generating bragg masks, processing batch 64
117 -98.0 -91.0 23.0 320.068844058 0 669 26 12
241 -97.0 -92.0 21.0 320.140756442 0 716 26 5
242 -97.0 -92.0 22.0 320.401274114 0 694 25 7
243 -97.0 -92.0 23.0 320.66774593 0 671 26 8
244 -97.0 -91.0 22.0 320.065124016 3 694 26 78
245 -97.0 -91.0 23.0 320.333028631 4 672 26 81
246 -97.0 -91.0 24.0 320.606940715 4 649 25 82
247 -97.0 -90.0 24.0 320.270766491 11 648 26 91
248 -97.0 -90.0 25.0 320.552218808 11 626 26 89
249 -97.0 -89.0 25.0 320.214603237 19 625 26 88
250 -97.0 -88.0 26.0 320.164657696 26 602 26 91
251 -97.0 -87.0 27.0 320.121052113 34 578 27 89
420 -96.0 -93.0 19.0 320.23726362 0 763 25 1
421 -96.0 -93.0 20.0 320.485848943 0 740 25 2
422 -96.0 -93.0 21.0 320.740348807 0 718 26 3
423 -96.0 -93.0 22.0 321.000774663 0 695 25 4
424 -96.0 -93.0 23.0 321.267138267 0 673 26 5
425 -96.0 -92.0 20.0 320.149879524 3 742 26 69
426 -96.0 -92.0 21.0 320.405753541 3 719 25 72
427 -96.0 -92.0 22.0 320.667593685 3 696 26 75
428 -96.0 -92.0 23.0 320.935412041 3 673 26 77
429 -96.0 -92.0 24.0 321.209221022 3 651 26 77
430 -96.0 -91.0 21.0 320.068218946 10 719 25 89
431 -96.0 -91.0 22.0 320.331477612 10 696 26 89
432 -96.0 -91.0 23.0 320.600755408 10 673 25 88
433 -96.0 -91.0 24.0 320.876065094 11 650 26 91
434 -96.0 -91.0 25.0 321.157419779 11 627 26 89
435 -96.0 -90.0 23.0 320.263132809 18 673 26 89
436 -96.0 -90.0 24.0 320.539948062 18 650 26 89
437 -96.0 -90.0 25.0 320.822850406 18 627 26 90
438 -96.0 -89.0 24.0 320.200833917 26 649 25 87
439 -96.0 -89.0 25.0 320.485288958 26 627 26 88
440 -96.0 -89.0 26.0 320.775887893 26 604 26 85
441 -96.0 -88.0 25.0 320.144698969 33 626 26 88
442 -96.0 -88.0 26.0 320.436898768 34 603 26 92
443 -96.0 -88.0 27.0 320.735300946 34 580 26 91
444 -96.0 -87.0 26.0 320.094849386 41 603 27 91
445 -96.0 -87.0 27.0 320.394901665 41 580 27 88
446 -96.0 -86.0 27.0 320.051410115 49 580 26 88
447 -96.0 -86.0 28.0 320.359425466 49 557 27 90
664 -95.0 -94.0 21.0 321.340387249 0 719 26 1
665 -95.0 -94.0 22.0 321.600677319 0 697 25 1
666 -95.0 -94.0 23.0 321.866888079 0 674 26 2
667 -95.0 -93.0 18.0 320.259279405 3 789 25 59
668 -95.0 -93.0 19.0 320.50318939 3 766 25 61
669 -95.0 -93.0 20.0 320.753026795 3 744 26 66
670 -95.0 -93.0 21.0 321.008802602 3 721 25 67
671 -95.0 -93.0 22.0 321.27052807 3 698 26 69
672 -95.0 -93.0 23.0 321.538214758 3 675 26 71
673 -95.0 -93.0 24.0 321.811874546 3 652 26 76
674 -95.0 -92.0 19.0 320.165911466 9 766 25 89
675 -95.0 -92.0 20.0 320.417108237 9 743 25 88
676 -95.0 -92.0 21.0 320.67428374 9 721 25 89
677 -95.0 -92.0 22.0 320.937449564 9 698 26 88
678 -95.0 -92.0 23.0 321.206617602 10 675 25 89
679 -95.0 -92.0 24.0 321.48180007 10 652 26 88
680 -95.0 -92.0 25.0 321.76300953 10 629 26 88
681 -95.0 -91.0 20.0 320.078215338 17 743 25 88
682 -95.0 -91.0 21.0 320.336794763 17 720 26 89
683 -95.0 -91.0 22.0 320.601405626 17 697 25 90
684 -95.0 -91.0 23.0 320.872060162 17 675 26 91
685 -95.0 -91.0 24.0 321.148770934 18 652 26 89
686 -95.0 -91.0 25.0 321.431550856 18 629 26 93
687 -95.0 -90.0 22.0 320.262359902 25 697 26 88
688 -95.0 -90.0 23.0 320.534505797 25 674 26 88
689 -95.0 -90.0 24.0 320.812750214 25 651 26 87
690 -95.0 -90.0 25.0 321.09710643 25 629 27 89
691 -95.0 -90.0 26.0 321.387588104 26 606 27 84
692 -95.0 -89.0 23.0 320.19391769 33 674 25 89
693 -95.0 -89.0 24.0 320.473700793 33 651 26 91
694 -95.0 -89.0 25.0 320.75963884 33 628 26 89
695 -95.0 -89.0 26.0 321.051745865 33 605 26 89
696 -95.0 -89.0 27.0 321.350036322 33 582 26 89
697 -95.0 -88.0 24.0 320.131585386 40 651 26 90
698 -95.0 -88.0 25.0 320.419110487 41 628 26 89
699 -95.0 -88.0 26.0 320.712848598 41 605 27 93
700 -95.0 -88.0 27.0 321.012814566 41 582 27 90
701 -95.0 -87.0 25.0 320.075483603 48 627 26 88
702 -95.0 -87.0 26.0 320.37085821 48 604 26 86
703 -95.0 -87.0 27.0 320.672505627 48 581 27 88
704 -95.0 -87.0 28.0 320.980441564 49 559 27 88
705 -95.0 -86.0 27.0 320.329070907 56 581 27 88
706 -95.0 -86.0 28.0 320.638739799 56 558 27 88
707 -95.0 -86.0 29.0 320.954759752 56 535 27 89
708 -95.0 -85.0 28.0 320.293879282 64 558 27 88
709 -95.0 -85.0 29.0 320.611684882 64 535 27 90
710 -95.0 -84.0 29.0 320.26541797 71 534 27 89
711 -95.0 -84.0 30.0 320.591478714 72 511 27 90
712 -95.0 -83.0 30.0 320.243825709 79 511 28 91
713 -95.0 -82.0 31.0 320.229245529 87 487 28 88
976 -94.0 -94.0 15.0 320.167045531 2 858 24 45
977 -94.0 -94.0 16.0 320.393172381 2 836 25 48
978 -94.0 -94.0 17.0 320.625180628 2 813 25 52
979 -94.0 -94.0 18.0 320.863080022 2 791 25 54
980 -94.0 -94.0 19.0 321.106880535 2 768 25 55
981 -94.0 -94.0 20.0 321.356592376 2 746 26 58
982 -94.0 -94.0 21.0 321.61222601 3 723 25 61
983 -94.0 -94.0 22.0 321.873792175 3 700 25 63
984 -94.0 -94.0 23.0 322.141301906 3 677 26 65
985 -94.0 -94.0 24.0 322.414766552 3 654 26 65
986 -94.0 -93.0 16.0 320.05502985 7 835 24 90
987 -94.0 -93.0 17.0 320.28829905 8 813 25 87
988 -94.0 -93.0 18.0 320.527498858 8 790 25 88
989 -94.0 -93.0 19.0 320.772639559 8 768 25 89
990 -94.0 -93.0 20.0 321.023731675 9 745 25 88
991 -94.0 -93.0 21.0 321.280785988 9 722 25 89
992 -94.0 -93.0 22.0 321.543813557 9 700 26 90
993 -94.0 -93.0 23.0 321.812825739 9 677 25 89
994 -94.0 -93.0 24.0 322.08783421 9 654 26 89
995 -94.0 -93.0 25.0 322.36885099 10 631 26 91
996 -94.0 -92.0 18.0 320.188940447 16 790 25 89
997 -94.0 -92.0 19.0 320.435425383 16 767 25 87
998 -94.0 -92.0 20.0 320.687902269 16 745 25 88
999 -94.0 -92.0 21.0 320.946382214 16 722 26 88
1000 -94.0 -92.0 22.0 321.210876605 17 699 25 88
1001 -94.0 -92.0 23.0 321.481397133 17 677 26 88
1002 -94.0 -92.0 24.0 321.757955811 17 654 26 87
1003 -94.0 -92.0 25.0 322.040565 17 631 26 88
1004 -94.0 -92.0 26.0 322.329237431 17 608 26 88
1005 -94.0 -91.0 19.0 320.095201585 23 767 25 88
1006 -94.0 -91.0 20.0 320.349067457 24 744 26 88
1007 -94.0 -91.0 21.0 320.608977709 24 722 25 88
1008 -94.0 -91.0 22.0 320.874944069 24 699 26 89
1009 -94.0 -91.0 23.0 321.14697857 24 676 26 89
1010 -94.0 -91.0 24.0 321.425093572 25 653 26 90
1011 -94.0 -91.0 25.0 321.709301788 25 630 26 92
1012 -94.0 -91.0 26.0 321.999616305 25 607 27 92
1013 -94.0 -90.0 21.0 320.268535304 32 721 26 88
1014 -94.0 -90.0 22.0 320.53597849 32 698 26 89
1015 -94.0 -90.0 23.0 320.809532307 32 676 25 88
1016 -94.0 -90.0 24.0 321.089209472 32 653 26 89
1017 -94.0 -90.0 25.0 321.375023058 33 630 26 86
1018 -94.0 -90.0 26.0 321.666986521 33 607 26 88
1019 -94.0 -90.0 27.0 321.965113727 33 584 26 88
1020 -94.0 -89.0 22.0 320.193942225 39 698 25 88
1021 -94.0 -89.0 23.0 320.4690204 40 675 26 89
1022 -94.0 -89.0 24.0 320.750265269 40 653 26 90
1023 -94.0 -89.0 25.0 321.037690279 40 630 26 86
1024 -94.0 -89.0 26.0 321.331309263 40 607 26 90
1025 -94.0 -89.0 27.0 321.631136469 40 584 26 89
1026 -94.0 -88.0 23.0 320.125404717 47 675 26 87
1027 -94.0 -88.0 24.0 320.408222521 47 652 26 86
1028 -94.0 -88.0 25.0 320.697264699 48 629 27 92
1029 -94.0 -88.0 26.0 320.992545475 48 606 27 91
1030 -94.0 -88.0 27.0 321.294079492 48 583 27 91
1031 -94.0 -88.0 28.0 321.601881846 48 560 27 90
1032 -94.0 -87.0 24.0 320.063042602 55 652 26 88
1033 -94.0 -87.0 25.0 320.353707368 55 629 26 88
1034 -94.0 -87.0 26.0 320.650655886 55 606 26 86
1035 -94.0 -87.0 27.0 320.953903208 56 583 26 88
1036 -94.0 -87.0 28.0 321.263464842 56 560 27 89
1037 -94.0 -87.0 29.0 321.579356787 56 537 27 90
1038 -94.0 -86.0 26.0 320.305601028 63 606 27 89
1039 -94.0 -86.0 27.0 320.610567813 63 583 27 89
1040 -94.0 -86.0 28.0 320.921895448 63 560 27 88
1041 -94.0 -86.0 29.0 321.239600364 64 537 27 89
1042 -94.0 -85.0 27.0 320.26403331 71 582 26 91
1043 -94.0 -85.0 28.0 320.577133318 71 559 27 89
1044 -94.0 -85.0 29.0 320.896658156 71 536 27 90
1045 -94.0 -85.0 30.0 321.222625244 71 513 27 88
1046 -94.0 -84.0 28.0 320.229137912 78 559 27 89
1047 -94.0 -84.0 29.0 320.55048926 79 536 28 89
1048 -94.0 -84.0 30.0 320.878331461 79 513 27 88
1049 -94.0 -83.0 29.0 320.201052582 86 536 27 87
1050 -94.0 -83.0 30.0 320.530776704 86 513 28 89
1051 -94.0 -83.0 31.0 320.867059854 86 489 28 88
1052 -94.0 -82.0 30.0 320.179919313 94 512 27 89
1053 -94.0 -82.0 31.0 320.518141116 94 489 28 89
1054 -94.0 -81.0 31.0 320.165884533 101 489 28 89
1055 -94.0 -81.0 32.0 320.512732567 102 465 28 88
1056 -94.0 -80.0 32.0 320.159099314 109 465 28 88
1057 -94.0 -79.0 33.0 320.159719605 116 442 28 90
1364 -93.0 -95.0 12.0 320.128617515 1 927 24 30
1365 -93.0 -95.0 13.0 320.337094562 1 905 24 34
1366 -93.0 -95.0 14.0 320.551411194 1 883 24 37
1367 -93.0 -95.0 15.0 320.771576094 1 860 24 38
1368 -93.0 -95.0 16.0 320.997598124 2 838 25 41
1369 -93.0 -95.0 17.0 321.229486328 2 815 25 46
1370 -93.0 -95.0 18.0 321.467249954 2 793 25 47
1371 -93.0 -95.0 19.0 321.710898468 2 770 25 48
1372 -93.0 -95.0 20.0 321.960441568 2 748 25 51
1373 -93.0 -95.0 21.0 322.215889204 2 725 25 53
1374 -93.0 -95.0 22.0 322.477251598 2 702 25 54
1375 -93.0 -95.0 23.0 322.74453926 2 679 26 55
1376 -93.0 -95.0 24.0 323.017763014 2 656 26 56
1377 -93.0 -94.0 14.0 320.213863482 6 882 25 88
1378 -93.0 -94.0 15.0 320.435231074 7 860 24 88
1379 -93.0 -94.0 16.0 320.662494737 7 837 24 89
1380 -93.0 -94.0 17.0 320.895663816 7 815 25 87
1381 -93.0 -94.0 18.0 321.134747861 7 792 25 86
1382 -93.0 -94.0 19.0 321.379756638 8 770 25 89
1383 -93.0 -94.0 20.0 321.630700151 8 747 25 88
1384 -93.0 -94.0 21.0 321.887588659 8 724 25 89
1385 -93.0 -94.0 22.0 322.150432692 8 702 26 88
1386 -93.0 -94.0 23.0 322.419243074 8 679 26 89
1387 -93.0 -94.0 24.0 322.694030945 8 656 25 88
1388 -93.0 -94.0 25.0 322.974807786 9 633 26 90
1389 -93.0 -93.0 15.0 320.095903591 14 859 25 87
1390 -93.0 -93.0 16.0 320.32441232 15 837 25 87
1391 -93.0 -93.0 17.0 320.558866137 15 814 24 90
elapsed time is 1365.746358
