generating bragg masks, processing batch 22
0 -5.0 -3.0 45.0 110.326426901 1252 249 1656 80
1 -5.0 -2.0 42.0 111.804940726 1255 318 1965 80
2 -4.0 -3.0 47.0 114.858813989 1251 204 1606 75
3 -4.0 -2.0 44.0 113.363430298 1247 273 1182 73
4 -4.0 0.0 36.0 110.296909371 1244 453 853 81
5 -4.0 1.0 30.0 110.829523225 1249 586 946 69
6 -4.0 1.0 31.0 114.613480937 1252 564 1130 73
8 -3.0 -6.0 55.0 112.635619778 1239 16 1093 89
9 -3.0 -5.0 53.0 113.197932153 1239 64 1047 81
10 -3.0 -4.0 51.0 114.909997628 1242 111 1124 81
11 -3.0 -3.0 48.0 111.016578006 1232 182 728 86
12 -3.0 -2.0 46.0 114.938844863 1239 228 886 85
13 -3.0 -1.0 42.0 110.260267232 1231 319 614 78
14 -3.0 -1.0 43.0 114.806133664 1238 296 789 81
15 -3.0 0.0 39.0 112.849760921 1235 387 652 81
16 -3.0 1.0 34.0 111.841676094 1236 498 591 75
17 -3.0 1.0 35.0 114.839458482 1239 476 660 76
18 -3.0 2.0 19.0 113.462291255 1254 824 849 72
19 -3.0 2.0 20.0 111.84441205 1252 803 759 78
20 -3.0 2.0 21.0 111.052943867 1250 782 702 68
21 -3.0 2.0 22.0 110.829683737 1249 760 666 81
22 -3.0 2.0 23.0 111.026830511 1247 739 643 65
23 -3.0 2.0 24.0 111.554766719 1246 717 630 76
24 -3.0 2.0 25.0 112.358157859 1245 695 625 74
25 -3.0 2.0 26.0 113.404035818 1245 674 627 68
26 -3.0 2.0 27.0 114.67581752 1244 652 638 78
30 -2.0 -5.0 54.0 111.817328695 1225 41 694 81
31 -2.0 -4.0 52.0 112.61199954 1226 88 679 90
32 -2.0 -3.0 50.0 114.161647581 1228 135 692 86
33 -2.0 -2.0 47.0 111.943008237 1222 205 560 81
34 -2.0 -1.0 44.0 111.415106021 1221 274 509 78
35 -2.0 0.0 41.0 112.388519706 1223 342 493 80
36 -2.0 1.0 37.0 112.375030425 1224 432 457 74
37 -2.0 1.0 38.0 115.006586266 1227 410 499 81
38 -2.0 2.0 13.0 113.778282231 1254 954 593 70
39 -2.0 2.0 30.0 110.179973417 1228 587 405 81
40 -2.0 2.0 31.0 111.759542644 1228 565 418 81
41 -2.0 2.0 32.0 113.469099909 1228 543 435 77
45 -1.0 -5.0 55.0 111.220908453 1213 18 546 80
46 -1.0 -4.0 53.0 111.578230199 1213 66 521 86
47 -1.0 -3.0 51.0 112.495888988 1214 113 511 81
48 -1.0 -2.0 48.0 110.455757544 1209 183 436 81
49 -1.0 -2.0 49.0 113.990679529 1216 160 511 85
50 -1.0 -1.0 46.0 112.689322365 1213 229 447 80
51 -1.0 0.0 43.0 112.676857021 1213 298 414 78
52 -1.0 1.0 39.0 111.600495496 1212 388 371 80
53 -1.0 1.0 40.0 113.90519625 1214 366 397 77
54 -1.0 2.0 10.0 111.22849754 1250 1018 332 69
55 -1.0 2.0 34.0 110.995557585 1214 500 337 75
56 -1.0 2.0 35.0 112.692675688 1215 477 351 80
57 -1.0 2.0 36.0 114.507390951 1216 455 369 81
58 -1.0 3.0 16.0 114.539239733 1238 890 292 76
59 -1.0 3.0 17.0 113.056961287 1236 869 292 76
60 -1.0 3.0 18.0 111.947991996 1234 848 292 71
61 -1.0 3.0 19.0 111.158177325 1233 826 292 76
62 -1.0 3.0 20.0 110.642528358 1231 805 292 76
63 -1.0 3.0 21.0 110.364122341 1230 783 293 74
64 -1.0 3.0 22.0 110.292900324 1228 762 295 75
65 -1.0 3.0 23.0 110.404553989 1226 740 297 76
66 -1.0 3.0 24.0 110.679573149 1225 718 299 75
67 -1.0 3.0 25.0 111.102468299 1224 697 303 75
68 -1.0 3.0 26.0 111.661158876 1223 675 306 77
69 -1.0 3.0 27.0 112.346510829 1222 653 310 75
70 -1.0 3.0 28.0 113.152008364 1221 631 316 76
71 -1.0 3.0 29.0 114.073550152 1220 609 323 74
75 0.0 -4.0 54.0 111.041826844 1201 43 435 85
76 0.0 -4.0 55.0 114.974690764 1212 18 535 89
77 0.0 -3.0 52.0 111.581071392 1202 90 419 80
78 0.0 -2.0 50.0 112.579327136 1203 137 410 81
79 0.0 -1.0 47.0 111.221827304 1200 207 365 79
80 0.0 -1.0 48.0 114.047012425 1205 184 405 83
81 0.0 0.0 44.0 110.894649632 1199 276 339 80
82 0.0 0.0 45.0 113.336670172 1203 253 366 79
83 0.0 1.0 41.0 111.557087496 1201 344 322 78
84 0.0 1.0 42.0 113.679082725 1203 321 342 81
85 0.0 2.0 7.0 113.072121282 1247 1083 187 73
86 0.0 2.0 37.0 111.553073047 1202 434 298 76
87 0.0 2.0 38.0 113.255086513 1203 411 310 77
88 0.0 3.0 12.0 113.495427865 1235 976 199 74
89 0.0 3.0 13.0 111.320358093 1234 955 204 74
90 0.0 3.0 30.0 110.110298589 1207 588 259 76
91 0.0 3.0 31.0 111.128463991 1206 567 266 75
92 0.0 3.0 32.0 112.230688316 1206 544 273 76
93 0.0 3.0 33.0 113.41873372 1206 522 281 78
94 0.0 3.0 34.0 114.695873556 1206 500 289 80
99 1.0 -4.0 55.0 110.772779947 1190 20 379 87
100 1.0 -4.0 56.0 114.173722912 1197 0 443 3
101 1.0 -3.0 53.0 111.04863623 1190 67 362 83
102 1.0 -3.0 54.0 114.178807202 1198 43 413 82
103 1.0 -2.0 51.0 111.714145317 1190 114 351 83
104 1.0 -2.0 52.0 114.619524943 1197 90 393 85
105 1.0 -1.0 48.0 110.293136951 1187 184 315 81
106 1.0 -1.0 49.0 112.769824102 1192 161 342 81
107 1.0 0.0 46.0 111.904640909 1190 231 311 81
108 1.0 0.0 47.0 114.220840913 1193 207 335 81
109 1.0 1.0 43.0 111.916750941 1190 299 290 81
110 1.0 1.0 44.0 113.924381435 1192 276 307 79
111 1.0 2.0 5.0 111.718416311 1241 1126 106 74
112 1.0 2.0 39.0 111.163911734 1190 390 264 78
113 1.0 2.0 40.0 112.795142674 1191 367 275 78
114 1.0 2.0 41.0 114.520642238 1193 344 288 81
115 1.0 3.0 9.0 113.087646039 1231 1041 133 74
116 1.0 3.0 10.0 110.585212222 1230 1020 141 72
117 1.0 3.0 34.0 110.738872433 1193 501 238 76
118 1.0 3.0 35.0 111.940710135 1193 479 245 79
119 1.0 3.0 36.0 113.216668993 1193 456 253 77
120 1.0 3.0 37.0 114.571256389 1194 434 262 76
121 1.0 4.0 14.0 114.90934202 1220 934 155 73
122 1.0 4.0 15.0 113.685270652 1219 913 161 74
123 1.0 4.0 16.0 112.677599473 1217 892 166 74
124 1.0 4.0 17.0 111.868171667 1215 870 170 75
125 1.0 4.0 18.0 111.23999545 1214 849 175 74
126 1.0 4.0 19.0 110.777479094 1212 828 179 74
127 1.0 4.0 20.0 110.466529345 1210 806 182 75
128 1.0 4.0 21.0 110.294559745 1209 785 187 76
129 1.0 4.0 22.0 110.250443587 1207 763 190 75
130 1.0 4.0 23.0 110.324436308 1206 742 194 75
131 1.0 4.0 24.0 110.508084397 1204 720 197 75
132 1.0 4.0 25.0 110.794132244 1203 698 201 75
133 1.0 4.0 26.0 111.17643442 1202 677 205 76
134 1.0 4.0 27.0 111.64987823 1200 655 210 77
135 1.0 4.0 28.0 112.21031981 1199 633 213 75
136 1.0 4.0 29.0 112.854536186 1198 611 218 77
137 1.0 4.0 30.0 113.580195517 1198 589 223 76
138 1.0 4.0 31.0 114.385848038 1197 567 229 78
142 2.0 -4.0 56.0 110.66923181 1179 0 338 13
144 2.0 -3.0 54.0 110.746823183 1179 44 322 84
145 2.0 -3.0 55.0 113.545691968 1186 20 358 82
146 2.0 -2.0 52.0 111.167441024 1179 92 310 86
147 2.0 -2.0 53.0 113.761234691 1185 68 340 87
148 2.0 -1.0 50.0 111.926649481 1180 138 300 84
149 2.0 -1.0 51.0 114.336161994 1185 115 325 82
150 2.0 0.0 -3.0 111.198335944 1254 1298 131 73
151 2.0 0.0 47.0 110.936747957 1178 208 274 81
152 2.0 0.0 48.0 113.025092404 1181 185 291 81
153 2.0 1.0 0.0 110.111629566 1245 1234 23 76
154 2.0 1.0 44.0 110.705437112 1178 277 255 79
155 2.0 1.0 45.0 112.531110076 1180 254 268 80
156 2.0 1.0 46.0 114.464115293 1182 231 284 79
157 2.0 2.0 3.0 111.831966678 1236 1170 55 74
158 2.0 2.0 41.0 111.218733643 1179 345 241 80
159 2.0 2.0 42.0 112.803106568 1180 322 251 79
160 2.0 2.0 43.0 114.473393279 1182 300 262 80
161 2.0 3.0 6.0 114.428669906 1228 1106 82 73
162 2.0 3.0 7.0 111.59260113 1226 1084 91 73
163 2.0 3.0 37.0 111.22563796 1181 435 222 79
164 2.0 3.0 38.0 112.498293486 1181 413 229 79
165 2.0 3.0 39.0 113.840469335 1182 390 236 78
166 2.0 4.0 11.0 113.703123964 1216 999 113 72
167 2.0 4.0 12.0 112.203411485 1214 978 119 74
168 2.0 4.0 13.0 110.920636015 1213 957 125 74
169 2.0 4.0 30.0 110.159945293 1186 590 192 76
170 2.0 4.0 31.0 110.911954395 1185 568 196 76
171 2.0 4.0 32.0 111.729654597 1185 546 201 77
172 2.0 4.0 33.0 112.612778937 1184 524 205 77
173 2.0 4.0 34.0 113.561702265 1184 502 211 77
174 2.0 4.0 35.0 114.577490051 1184 479 217 77
175 2.0 5.0 18.0 114.795662504 1202 849 143 73
176 2.0 5.0 19.0 114.33873196 1200 828 148 74
177 2.0 5.0 20.0 114.005289444 1199 806 153 75
178 2.0 5.0 21.0 113.787649443 1198 785 157 75
179 2.0 5.0 22.0 113.678752584 1196 763 160 76
180 2.0 5.0 23.0 113.672187797 1195 742 164 73
181 2.0 5.0 24.0 113.762197459 1194 720 168 75
182 2.0 5.0 25.0 113.943671682 1192 698 172 75
183 2.0 5.0 26.0 114.212136649 1191 677 177 74
184 2.0 5.0 27.0 114.563740865 1190 655 180 76
185 2.0 5.0 28.0 114.995242435 1189 633 185 75
191 3.0 -3.0 55.0 110.59798829 1168 21 293 82
192 3.0 -3.0 56.0 113.156603276 1175 0 320 18
193 3.0 -2.0 53.0 110.827970924 1168 69 280 84
194 3.0 -2.0 54.0 113.198378172 1173 45 303 86
195 3.0 -1.0 51.0 111.359815939 1168 116 270 83
196 3.0 -1.0 52.0 113.560884422 1173 92 289 80
197 3.0 0.0 48.0 110.267594958 1166 186 248 81
198 3.0 0.0 49.0 112.191425447 1169 162 261 84
199 3.0 0.0 50.0 114.232773371 1173 139 277 81
200 3.0 1.0 -2.0 113.287164036 1240 1277 47 73
201 3.0 1.0 46.0 111.54078025 1168 232 241 81
202 3.0 1.0 47.0 113.322580341 1170 209 253 81
203 3.0 2.0 1.0 112.747151403 1231 1213 26 73
204 3.0 2.0 42.0 110.08333467 1167 324 217 80
205 3.0 2.0 43.0 111.564369127 1168 301 226 80
206 3.0 2.0 44.0 113.117728064 1170 278 235 80
207 3.0 2.0 45.0 114.75193393 1172 255 244 81
208 3.0 3.0 4.0 113.889052376 1222 1149 51 74
209 3.0 3.0 5.0 111.093736088 1221 1128 59 73
210 3.0 3.0 39.0 110.98870756 1169 391 205 78
211 3.0 3.0 40.0 112.258891156 1170 369 212 79
212 3.0 3.0 41.0 113.592863735 1170 346 219 79
213 3.0 3.0 42.0 114.995758784 1171 323 227 79
214 3.0 4.0 8.0 113.86306826 1212 1064 78 74
215 3.0 4.0 9.0 112.087221542 1211 1043 85 72
216 3.0 4.0 10.0 110.526737381 1209 1021 91 72
217 3.0 4.0 34.0 110.668322279 1172 503 185 78
218 3.0 4.0 35.0 111.601171458 1172 481 189 77
219 3.0 4.0 36.0 112.591317583 1171 458 195 78
220 3.0 4.0 37.0 113.640211873 1171 435 200 78
221 3.0 4.0 38.0 114.749930731 1172 413 206 78
222 3.0 5.0 13.0 114.494179431 1201 957 103 73
elapsed time is 1479.770027
