generating bragg masks, processing batch 69
0 -53.0 -113.0 36.0 345.058750437 47 446 28 96
1 -53.0 -101.0 42.0 345.065442842 156 303 30 97
2 -53.0 -99.0 43.0 345.105968532 174 279 31 97
9 -52.0 -119.0 32.0 345.260003544 0 542 26 16
10 -52.0 -118.0 32.0 345.077192826 6 542 27 97
11 -52.0 -118.0 33.0 345.386497626 5 518 27 96
12 -52.0 -117.0 33.0 345.204411828 15 518 27 96
13 -52.0 -116.0 34.0 345.340101744 23 495 28 97
14 -52.0 -115.0 34.0 345.157140283 33 495 28 96
15 -52.0 -115.0 35.0 345.484446549 32 471 27 97
16 -52.0 -114.0 35.0 345.302355051 42 471 27 96
17 -52.0 -113.0 35.0 345.11855534 51 471 28 96
18 -52.0 -113.0 36.0 345.456492928 50 448 28 96
19 -52.0 -112.0 36.0 345.273642209 60 447 28 96
20 -52.0 -111.0 36.0 345.089046174 70 447 28 97
21 -52.0 -111.0 37.0 345.43793461 68 424 28 96
22 -52.0 -110.0 37.0 345.254372 78 424 28 95
23 -52.0 -110.0 38.0 345.611642869 77 400 29 97
24 -52.0 -109.0 37.0 345.069026533 88 423 28 97
25 -52.0 -109.0 38.0 345.429201061 87 400 29 97
26 -52.0 -108.0 38.0 345.244979303 96 400 28 95
27 -52.0 -108.0 39.0 345.613754945 95 376 29 96
28 -52.0 -107.0 38.0 345.058936764 106 400 29 97
29 -52.0 -107.0 39.0 345.430749469 105 376 29 96
30 -52.0 -106.0 39.0 345.245927272 114 376 30 98
31 -52.0 -106.0 40.0 345.626570768 113 352 30 98
32 -52.0 -105.0 39.0 345.059246052 124 376 30 98
33 -52.0 -105.0 40.0 345.4430671 123 352 30 97
34 -52.0 -104.0 40.0 345.257709751 133 352 30 97
35 -52.0 -104.0 41.0 345.650603111 131 328 30 97
36 -52.0 -103.0 40.0 345.070454895 142 352 30 96
37 -52.0 -103.0 41.0 345.466673898 141 328 30 97
38 -52.0 -102.0 41.0 345.280853952 151 328 30 95
39 -52.0 -101.0 41.0 345.093097867 160 328 31 95
40 -52.0 -101.0 42.0 345.502125385 159 304 31 99
41 -52.0 -100.0 42.0 345.315923435 169 304 31 97
42 -52.0 -99.0 42.0 345.127746675 178 304 31 97
43 -52.0 -99.0 43.0 345.550015886 177 280 32 96
44 -52.0 -98.0 43.0 345.36352143 187 280 32 96
45 -52.0 -97.0 43.0 345.175013589 196 280 31 97
46 -52.0 -97.0 44.0 345.610982139 195 256 31 96
47 -52.0 -96.0 44.0 345.42429456 205 256 32 96
48 -52.0 -95.0 44.0 345.23555527 214 256 32 98
49 -52.0 -94.0 45.0 345.498936999 223 232 33 100
50 -52.0 -93.0 45.0 345.310077066 232 231 33 98
51 -52.0 -92.0 45.0 345.119073529 242 231 33 93
52 -52.0 -92.0 46.0 345.588195163 241 207 33 91
53 -52.0 -91.0 46.0 345.399337851 251 207 33 105
54 -52.0 -90.0 46.0 345.208297747 260 207 33 97
55 -52.0 -89.0 47.0 345.504155484 269 183 34 92
56 -52.0 -88.0 47.0 345.313216855 278 183 34 103
57 -52.0 -87.0 47.0 345.119997154 288 182 35 97
58 -52.0 -86.0 48.0 345.434729779 296 158 35 95
59 -52.0 -85.0 48.0 345.241726158 306 158 36 98
60 -52.0 -83.0 49.0 345.381195357 324 134 36 96
61 -52.0 -82.0 49.0 345.186156182 333 133 36 96
62 -52.0 -80.0 50.0 345.344986623 351 109 38 97
63 -52.0 -79.0 50.0 345.147957478 361 109 38 98
64 -52.0 -76.0 51.0 345.128766987 388 84 39 95
65 -52.0 -73.0 52.0 345.130439827 416 59 40 96
92 -51.0 -119.0 31.0 345.341057798 2 566 26 64
93 -51.0 -119.0 32.0 345.64311669 2 544 26 51
94 -51.0 -118.0 31.0 345.158423222 11 566 26 99
95 -51.0 -118.0 32.0 345.462818523 10 543 27 96
96 -51.0 -118.0 33.0 345.772460746 8 520 27 96
97 -51.0 -117.0 32.0 345.280880231 19 543 27 96
98 -51.0 -117.0 33.0 345.592930418 18 520 27 97
99 -51.0 -117.0 34.0 345.910263304 17 496 27 100
100 -51.0 -116.0 32.0 345.097266369 29 542 27 96
101 -51.0 -116.0 33.0 345.411758929 28 519 27 98
102 -51.0 -116.0 34.0 345.731573216 27 496 27 95
103 -51.0 -115.0 33.0 345.228910535 38 519 27 97
104 -51.0 -115.0 34.0 345.551241947 37 496 28 96
105 -51.0 -115.0 35.0 345.878932586 35 473 27 97
106 -51.0 -114.0 34.0 345.369233469 46 496 28 95
107 -51.0 -114.0 35.0 345.69951799 45 473 27 97
108 -51.0 -114.0 36.0 346.035200417 44 449 28 98
109 -51.0 -113.0 34.0 345.185510747 56 495 27 97
110 -51.0 -113.0 35.0 345.518426981 55 472 28 97
111 -51.0 -113.0 36.0 345.856782132 54 449 28 98
112 -51.0 -112.0 35.0 345.335622242 64 472 28 96
113 -51.0 -112.0 36.0 345.6766894 63 449 28 94
114 -51.0 -112.0 37.0 346.023236125 62 425 28 98
115 -51.0 -111.0 35.0 345.151065395 74 472 28 97
116 -51.0 -111.0 36.0 345.494884642 73 448 28 96
117 -51.0 -111.0 37.0 345.844225897 72 425 28 100
118 -51.0 -110.0 36.0 345.3113292 83 448 28 94
119 -51.0 -110.0 37.0 345.663506614 82 425 28 97
120 -51.0 -110.0 38.0 346.021248829 80 402 29 97
121 -51.0 -109.0 36.0 345.125983301 92 448 28 97
122 -51.0 -109.0 37.0 345.481039361 91 425 29 97
123 -51.0 -109.0 38.0 345.84170419 90 401 28 97
124 -51.0 -108.0 37.0 345.296784091 101 424 29 96
125 -51.0 -108.0 38.0 345.660415672 100 401 29 97
126 -51.0 -108.0 39.0 346.02970115 99 378 29 95
127 -51.0 -107.0 37.0 345.110699585 110 424 29 97
128 -51.0 -107.0 38.0 345.477342976 109 401 29 97
129 -51.0 -107.0 39.0 345.849685868 108 378 30 96
130 -51.0 -106.0 38.0 345.292444615 119 401 29 97
131 -51.0 -106.0 39.0 345.667891745 118 377 29 96
132 -51.0 -106.0 40.0 346.049086055 117 354 30 98
133 -51.0 -105.0 38.0 345.105677865 129 400 29 95
134 -51.0 -105.0 39.0 345.48427705 128 377 29 97
135 -51.0 -105.0 40.0 345.86867077 127 354 30 97
136 -51.0 -104.0 39.0 345.298798798 137 377 29 95
137 -51.0 -104.0 40.0 345.686441635 136 353 29 98
138 -51.0 -104.0 41.0 346.079929475 135 330 30 96
139 -51.0 -103.0 39.0 345.111412711 147 377 29 97
140 -51.0 -103.0 40.0 345.502355435 146 353 29 95
141 -51.0 -103.0 41.0 345.899192408 145 330 31 98
142 -51.0 -102.0 40.0 345.31636764 155 353 30 96
143 -51.0 -102.0 41.0 345.716606543 154 329 30 97
144 -51.0 -102.0 42.0 346.122793224 153 306 31 97
145 -51.0 -101.0 40.0 345.128432354 165 353 30 94
146 -51.0 -101.0 41.0 345.532127134 164 329 30 95
147 -51.0 -101.0 42.0 345.941820973 163 306 30 98
148 -51.0 -100.0 41.0 345.345708048 173 329 30 95
149 -51.0 -100.0 42.0 345.758965167 172 305 30 97
150 -51.0 -100.0 43.0 346.178278242 171 282 31 98
151 -51.0 -99.0 41.0 345.157301713 183 329 30 97
152 -51.0 -99.0 42.0 345.574179476 182 305 31 97
153 -51.0 -99.0 43.0 345.997166677 181 282 31 95
154 -51.0 -98.0 42.0 345.38741611 191 305 31 96
155 -51.0 -98.0 43.0 345.81413714 190 281 31 96
156 -51.0 -97.0 42.0 345.198625765 201 305 31 96
157 -51.0 -97.0 43.0 345.629141668 200 281 32 96
158 -51.0 -97.0 44.0 346.06588349 199 257 32 96
159 -51.0 -96.0 43.0 345.442130759 209 281 32 96
160 -51.0 -96.0 44.0 345.88278689 209 257 32 101
161 -51.0 -95.0 43.0 345.253053317 219 281 32 95
162 -51.0 -95.0 44.0 345.697688772 218 257 33 95
163 -51.0 -95.0 45.0 346.148673331 217 233 32 91
164 -51.0 -94.0 43.0 345.06185659 228 280 32 96
165 -51.0 -94.0 44.0 345.51053787 228 257 32 95
166 -51.0 -94.0 45.0 345.965627961 227 233 32 101
167 -51.0 -93.0 44.0 345.321281237 237 257 32 96
168 -51.0 -93.0 45.0 345.780546168 236 233 33 101
169 -51.0 -92.0 44.0 345.129864179 246 256 32 95
170 -51.0 -92.0 45.0 345.593374869 246 233 33 91
171 -51.0 -92.0 46.0 346.06342788 245 209 33 96
172 -51.0 -91.0 45.0 345.40405921 255 232 33 98
173 -51.0 -91.0 46.0 345.878494581 254 209 33 100
174 -51.0 -90.0 45.0 345.21254249 264 232 33 91
175 -51.0 -90.0 46.0 345.69143593 264 208 33 98
176 -51.0 -90.0 47.0 346.177013643 263 185 34 99
177 -51.0 -89.0 46.0 345.502195108 273 208 33 91
178 -51.0 -89.0 47.0 345.992375757 273 184 34 100
179 -51.0 -88.0 46.0 345.310713351 283 208 34 97
180 -51.0 -88.0 47.0 345.805577842 282 184 35 96
181 -51.0 -87.0 46.0 345.116929869 292 208 34 94
182 -51.0 -87.0 47.0 345.616561066 291 184 35 98
183 -51.0 -87.0 48.0 346.123098893 291 160 35 96
184 -51.0 -86.0 47.0 345.42526454 301 184 35 92
185 -51.0 -86.0 48.0 345.936726674 300 160 35 98
186 -51.0 -85.0 47.0 345.231625237 310 183 35 96
187 -51.0 -85.0 48.0 345.748100375 310 160 36 96
188 -51.0 -84.0 48.0 345.557156934 319 159 36 96
189 -51.0 -84.0 49.0 346.08588535 318 135 36 97
190 -51.0 -83.0 48.0 345.363831024 328 159 36 96
191 -51.0 -83.0 49.0 345.897835346 328 135 37 96
192 -51.0 -82.0 48.0 345.16805496 337 159 36 96
193 -51.0 -82.0 49.0 345.707432655 337 135 37 96
194 -51.0 -81.0 49.0 345.5146096 346 135 37 96
195 -51.0 -80.0 49.0 345.319296008 356 134 37 96
196 -51.0 -80.0 50.0 345.877224405 355 110 37 99
197 -51.0 -79.0 49.0 345.121419099 365 134 37 96
198 -51.0 -79.0 50.0 345.685116573 365 110 37 96
199 -51.0 -78.0 50.0 345.490480085 374 110 37 97
200 -51.0 -77.0 50.0 345.293239467 383 110 38 96
201 -51.0 -77.0 51.0 345.876611941 383 85 38 97
202 -51.0 -76.0 50.0 345.093316361 392 109 39 98
203 -51.0 -76.0 51.0 345.682893819 392 85 39 98
204 -51.0 -75.0 51.0 345.486533606 401 85 39 94
205 -51.0 -74.0 51.0 345.287450026 411 85 39 98
206 -51.0 -73.0 51.0 345.085558601 420 85 39 95
207 -51.0 -73.0 52.0 345.702740295 420 60 41 98
208 -51.0 -72.0 52.0 345.504775091 429 60 41 96
209 -51.0 -71.0 52.0 345.3039616 438 60 41 97
210 -51.0 -70.0 52.0 345.100208623 447 59 41 96
211 -51.0 -69.0 53.0 345.547492639 457 35 42 96
212 -51.0 -68.0 53.0 345.345098324 466 35 42 97
213 -51.0 -67.0 53.0 345.139626618 475 34 42 100
214 -51.0 -65.0 54.0 345.413530108 494 9 44 97
215 -51.0 -64.0 54.0 345.206527701 503 9 45 97
273 -50.0 -120.0 29.0 345.320154834 1 614 26 22
274 -50.0 -120.0 30.0 345.609840253 0 590 27 13
275 -50.0 -120.0 31.0 345.904705951 0 567 27 4
277 -50.0 -119.0 29.0 345.137148748 7 614 26 96
278 -50.0 -119.0 30.0 345.42907644 6 591 26 94
279 -50.0 -119.0 31.0 345.7262217 5 568 26 94
280 -50.0 -119.0 32.0 346.028580775 4 545 27 86
281 -50.0 -119.0 33.0 346.336150323 3 521 27 76
282 -50.0 -118.0 30.0 345.246670993 15 591 26 95
283 -50.0 -118.0 31.0 345.546128185 14 568 26 96
284 -50.0 -118.0 32.0 345.850837045 13 544 26 95
285 -50.0 -118.0 33.0 346.16079421 12 521 27 96
286 -50.0 -117.0 30.0 345.062588529 25 590 26 95
287 -50.0 -117.0 31.0 345.364390659 24 567 26 96
288 -50.0 -117.0 32.0 345.671482915 23 544 27 97
289 -50.0 -117.0 33.0 345.983861914 22 521 27 97
elapsed time is 1419.796701
