generating bragg masks, processing batch 49
1205 -125.0 55.0 10.0 249.820075599 0 826 25 9
1206 -125.0 55.0 11.0 249.927520777 1 804 25 35
1207 -125.0 55.0 12.0 250.041275832 3 782 25 67
1237 -125.0 56.0 11.0 249.558725585 0 801 24 2
1238 -125.0 56.0 12.0 249.67129617 1 781 25 26
1239 -125.0 56.0 13.0 249.790204162 2 758 25 54
1240 -125.0 56.0 14.0 249.915500958 4 736 25 82
1241 -125.0 56.0 15.0 250.047238923 6 713 26 88
1273 -125.0 57.0 13.0 249.42181766 0 756 25 14
1274 -125.0 57.0 14.0 249.545889048 2 735 26 42
1275 -125.0 57.0 15.0 249.676377756 3 712 25 71
1276 -125.0 57.0 16.0 249.813336896 5 690 25 89
1277 -125.0 57.0 17.0 249.956820626 8 667 26 88
1309 -125.0 58.0 14.0 249.17909711 0 732 25 5
1310 -125.0 58.0 15.0 249.308342309 1 711 25 30
1311 -125.0 58.0 16.0 249.444033646 2 689 26 59
1312 -125.0 58.0 17.0 249.586225008 4 666 25 84
1345 -125.0 59.0 16.0 249.077574678 0 687 25 16
1590 -124.0 53.0 4.0 249.802015765 0 963 24 5
1591 -124.0 53.0 5.0 249.874644802 1 942 24 33
1592 -124.0 53.0 6.0 249.953381325 3 920 24 61
1593 -124.0 53.0 7.0 250.038272049 4 897 24 84
1620 -124.0 54.0 6.0 249.582618655 1 919 24 22
1621 -124.0 54.0 7.0 249.666408801 2 897 24 51
1622 -124.0 54.0 8.0 249.756378502 4 874 24 80
1623 -124.0 54.0 9.0 249.852575865 6 852 24 87
1624 -124.0 54.0 10.0 249.95504984 9 829 24 85
1652 -124.0 55.0 7.0 249.297329516 0 895 25 13
1653 -124.0 55.0 8.0 249.386182944 2 873 25 42
1654 -124.0 55.0 9.0 249.481241475 3 851 25 71
1655 -124.0 55.0 10.0 249.582553829 5 828 25 87
1656 -124.0 55.0 11.0 249.690169587 8 806 25 85
1657 -124.0 55.0 12.0 249.804139229 11 783 25 89
1658 -124.0 55.0 13.0 249.924514154 14 761 25 87
1686 -124.0 56.0 8.0 249.018791815 0 870 25 4
1687 -124.0 56.0 9.0 249.112718065 1 850 25 32
1688 -124.0 56.0 10.0 249.212875171 3 827 25 60
1689 -124.0 56.0 11.0 249.319312477 4 805 25 84
1690 -124.0 56.0 12.0 249.432080217 7 782 25 87
1691 -124.0 56.0 13.0 249.551229544 10 760 26 86
1692 -124.0 56.0 14.0 249.676812562 13 737 25 88
1693 -124.0 56.0 15.0 249.808882363 16 715 25 87
1694 -124.0 56.0 16.0 249.94749306 19 692 26 87
1724 -124.0 57.0 10.0 248.846027264 0 826 24 19
1725 -124.0 57.0 11.0 248.951292588 2 804 24 47
1726 -124.0 57.0 12.0 249.062864721 3 781 25 77
1727 -124.0 57.0 13.0 249.180794563 6 759 25 86
1728 -124.0 57.0 14.0 249.30513396 9 736 25 88
1729 -124.0 57.0 15.0 249.435935741 12 714 26 87
1730 -124.0 57.0 16.0 249.573253754 15 691 26 88
1731 -124.0 57.0 17.0 249.717142901 18 668 26 90
1732 -124.0 57.0 18.0 249.867659184 20 646 26 91
1733 -124.0 57.0 19.0 250.024859746 23 623 26 88
1763 -124.0 58.0 11.0 248.586122449 0 802 25 8
1764 -124.0 58.0 12.0 248.696505546 1 781 25 35
1765 -124.0 58.0 13.0 248.813222302 3 758 25 64
1766 -124.0 58.0 14.0 248.936324301 5 735 25 86
1767 -124.0 58.0 15.0 249.065864104 7 713 26 87
1768 -124.0 58.0 16.0 249.201895284 10 690 25 87
1769 -124.0 58.0 17.0 249.344472468 13 667 26 87
1770 -124.0 58.0 18.0 249.493651374 16 645 26 86
1801 -124.0 59.0 12.0 248.333014356 0 777 25 1
1802 -124.0 59.0 13.0 248.448524702 1 757 26 22
1803 -124.0 59.0 14.0 248.570395812 2 735 25 51
1804 -124.0 59.0 15.0 248.698679975 4 712 25 79
1805 -124.0 59.0 16.0 248.833430485 6 689 26 88
1806 -124.0 59.0 17.0 248.974701684 9 666 26 88
1807 -124.0 59.0 18.0 249.122549002 12 644 26 87
1839 -124.0 60.0 14.0 248.207359576 0 732 25 8
1840 -124.0 60.0 15.0 248.334394723 1 711 26 36
1841 -124.0 60.0 16.0 248.467871021 3 688 26 65
1842 -124.0 60.0 17.0 248.607842524 5 665 25 88
1874 -124.0 61.0 15.0 247.973018579 0 708 25 1
1875 -124.0 61.0 16.0 248.105227411 1 687 25 21
2027 -123.0 51.0 -1.0 250.03351363 1 1078 24 21
2049 -123.0 52.0 0.0 249.705834053 0 1055 23 14
2050 -123.0 52.0 1.0 249.755260185 2 1033 24 42
2051 -123.0 52.0 2.0 249.810674705 3 1011 24 70
2052 -123.0 52.0 3.0 249.872122157 6 989 24 86
2053 -123.0 52.0 4.0 249.939647817 9 967 24 86
2054 -123.0 52.0 5.0 250.013297712 12 944 24 86
2078 -123.0 53.0 1.0 249.384880278 0 1031 24 6
2079 -123.0 53.0 2.0 249.439280931 1 1010 24 34
2080 -123.0 53.0 3.0 249.49969312 3 988 23 62
2081 -123.0 53.0 4.0 249.566161913 5 966 24 85
2082 -123.0 53.0 5.0 249.638733121 8 943 24 87
2083 -123.0 53.0 6.0 249.717453325 11 921 24 89
2084 -123.0 53.0 7.0 249.802369891 14 899 25 86
2085 -123.0 53.0 8.0 249.893530993 17 876 25 85
2086 -123.0 53.0 9.0 249.99098564 20 854 25 87
2111 -123.0 54.0 3.0 249.13005406 1 987 24 25
2112 -123.0 54.0 4.0 249.195473166 2 965 24 53
2113 -123.0 54.0 5.0 249.266972703 4 942 24 83
2114 -123.0 54.0 6.0 249.344599028 7 920 24 87
2115 -123.0 54.0 7.0 249.428399284 10 898 24 87
2116 -123.0 54.0 8.0 249.51842142 13 875 25 86
2117 -123.0 54.0 9.0 249.614714212 16 853 25 87
2118 -123.0 54.0 10.0 249.717327294 19 831 25 88
2119 -123.0 54.0 11.0 249.826311181 22 808 25 87
2120 -123.0 54.0 12.0 249.941717298 25 786 25 88
2146 -123.0 55.0 4.0 248.82759561 0 964 24 16
2147 -123.0 55.0 5.0 248.898030729 2 942 25 43
2148 -123.0 55.0 6.0 248.974570267 3 919 24 74
2149 -123.0 55.0 7.0 249.057261138 6 897 24 86
2150 -123.0 55.0 8.0 249.146151057 9 875 24 86
2151 -123.0 55.0 9.0 249.241288565 12 852 24 86
2152 -123.0 55.0 10.0 249.342723055 15 830 24 87
2153 -123.0 55.0 11.0 249.4505048 18 807 24 87
2154 -123.0 55.0 12.0 249.564684978 21 785 25 87
2155 -123.0 55.0 13.0 249.685315708 24 762 25 88
2156 -123.0 55.0 14.0 249.812450079 26 740 25 88
2157 -123.0 55.0 15.0 249.946142187 29 717 26 88
2183 -123.0 56.0 5.0 248.531920329 0 939 24 6
2184 -123.0 56.0 6.0 248.607380413 1 918 25 34
2185 -123.0 56.0 7.0 248.688969072 3 896 25 63
2186 -123.0 56.0 8.0 248.776733784 5 874 24 87
2187 -123.0 56.0 9.0 248.870722848 8 851 24 87
2188 -123.0 56.0 10.0 248.970985413 11 829 25 87
2189 -123.0 56.0 11.0 249.077571501 14 806 25 87
2190 -123.0 56.0 12.0 249.190532039 16 784 25 87
2191 -123.0 56.0 13.0 249.309918889 19 761 25 88
2192 -123.0 56.0 14.0 249.435784877 22 739 25 87
2193 -123.0 56.0 15.0 249.568183835 25 716 26 87
2194 -123.0 56.0 16.0 249.707170632 28 694 25 88
2195 -123.0 56.0 17.0 249.852801219 31 671 26 88
2196 -123.0 56.0 18.0 250.005132665 34 648 26 86
2224 -123.0 57.0 7.0 248.323535554 1 895 24 23
2225 -123.0 57.0 8.0 248.410182319 2 873 25 51
2226 -123.0 57.0 9.0 248.50303004 4 850 25 79
2227 -123.0 57.0 10.0 248.602127615 6 828 25 89
2228 -123.0 57.0 11.0 248.707524814 9 805 25 87
2229 -123.0 57.0 12.0 248.819272303 12 783 25 87
2230 -123.0 57.0 13.0 248.937421682 15 760 25 88
2231 -123.0 57.0 14.0 249.06202551 18 738 25 88
2232 -123.0 57.0 15.0 249.193137346 21 715 25 88
2233 -123.0 57.0 16.0 249.330811785 24 693 26 87
2234 -123.0 57.0 17.0 249.475104492 27 670 26 88
2235 -123.0 57.0 18.0 249.626072251 30 647 26 86
2236 -123.0 57.0 19.0 249.783773006 33 625 26 84
2237 -123.0 57.0 20.0 249.94826591 36 602 26 87
2265 -123.0 58.0 8.0 248.046508238 0 871 24 10
2266 -123.0 58.0 9.0 248.138221964 2 849 24 39
2267 -123.0 58.0 10.0 248.236161746 3 827 24 69
2268 -123.0 58.0 11.0 248.34037709 5 804 24 84
2269 -123.0 58.0 12.0 248.450918402 8 782 24 89
2270 -123.0 58.0 13.0 248.56783701 11 759 25 88
2271 -123.0 58.0 14.0 248.691185204 14 737 25 87
2272 -123.0 58.0 15.0 248.821016263 17 714 25 89
2273 -123.0 58.0 16.0 248.957384497 20 692 26 88
2274 -123.0 58.0 17.0 249.100345286 23 669 25 88
2275 -123.0 58.0 18.0 249.249955119 26 646 26 91
2276 -123.0 58.0 19.0 249.406271641 28 623 27 88
2305 -123.0 59.0 9.0 247.776309312 0 846 25 2
2306 -123.0 59.0 10.0 247.87309874 1 826 25 27
2307 -123.0 59.0 11.0 247.976139524 2 804 25 55
2308 -123.0 59.0 12.0 248.085481797 4 781 25 81
2309 -123.0 59.0 13.0 248.201176617 7 759 25 88
2310 -123.0 59.0 14.0 248.323275991 9 736 25 87
2311 -123.0 59.0 15.0 248.451832918 12 713 26 88
2312 -123.0 59.0 16.0 248.586901418 15 691 25 89
2313 -123.0 59.0 17.0 248.728536577 18 668 26 89
2314 -123.0 59.0 18.0 248.876794584 21 645 26 89
2315 -123.0 59.0 19.0 249.031732777 24 622 26 90
2345 -123.0 60.0 11.0 247.614822172 0 802 25 12
2346 -123.0 60.0 12.0 247.722972804 2 780 25 42
2347 -123.0 60.0 13.0 247.837451082 3 757 25 70
2348 -123.0 60.0 14.0 247.958308732 5 735 26 88
2349 -123.0 60.0 15.0 248.085598462 8 712 25 88
2350 -123.0 60.0 16.0 248.219373999 11 690 25 87
2351 -123.0 60.0 17.0 248.359690129 14 667 26 88
2352 -123.0 60.0 18.0 248.506602734 17 644 26 87
2383 -123.0 61.0 12.0 247.363400605 0 777 25 2
2384 -123.0 61.0 13.0 247.476669845 1 756 25 27
2385 -123.0 61.0 14.0 247.596293131 2 734 25 55
2386 -123.0 61.0 15.0 247.722322877 4 711 25 81
2387 -123.0 61.0 16.0 247.854812512 6 689 26 88
2388 -123.0 61.0 17.0 247.993816515 9 666 25 87
2389 -123.0 61.0 18.0 248.139390457 12 643 26 88
2421 -123.0 62.0 14.0 247.237237764 0 732 25 11
2422 -123.0 62.0 15.0 247.362015005 1 710 26 40
2423 -123.0 62.0 16.0 247.493226074 3 688 25 68
2424 -123.0 62.0 17.0 247.630925139 5 665 26 87
2456 -123.0 63.0 15.0 247.004682565 0 707 25 2
2457 -123.0 63.0 16.0 247.134622668 1 687 26 23
2550 -122.0 51.0 -4.0 249.703397243 0 1147 23 18
2551 -122.0 51.0 -3.0 249.729863824 2 1124 24 50
2552 -122.0 51.0 -2.0 249.762205855 4 1102 24 77
2553 -122.0 51.0 -1.0 249.800465885 6 1080 23 84
2554 -122.0 51.0 0.0 249.844687146 10 1058 24 86
2555 -122.0 51.0 1.0 249.894913573 13 1036 23 87
2556 -122.0 51.0 2.0 249.951189816 16 1013 24 86
2557 -122.0 51.0 3.0 250.013561254 19 991 24 85
2578 -122.0 52.0 -3.0 249.358521339 0 1123 24 13
2579 -122.0 52.0 -2.0 249.389912822 2 1102 23 43
2580 -122.0 52.0 -1.0 249.427201426 3 1079 24 71
2581 -122.0 52.0 0.0 249.470430182 6 1057 24 84
2582 -122.0 52.0 1.0 249.519642819 9 1035 24 87
2583 -122.0 52.0 2.0 249.574883781 12 1012 24 88
2584 -122.0 52.0 3.0 249.636198234 15 990 24 87
2585 -122.0 52.0 4.0 249.703632092 18 968 24 86
elapsed time is 1543.067022
