generating bragg masks, processing batch 62
308 -112.0 -75.0 19.0 310.19550507 0 732 25 7
309 -112.0 -75.0 20.0 310.445101761 0 709 26 14
310 -112.0 -75.0 21.0 310.700894136 1 687 25 21
311 -112.0 -74.0 20.0 310.065924936 3 710 26 74
312 -112.0 -74.0 21.0 310.322685593 4 687 26 81
313 -112.0 -73.0 22.0 310.205721751 10 664 25 88
314 -112.0 -72.0 23.0 310.094307 17 641 26 89
509 -111.0 -76.0 16.0 310.060929969 0 801 24 3
510 -111.0 -76.0 17.0 310.292665401 0 779 25 9
511 -111.0 -76.0 18.0 310.530535932 0 757 25 16
512 -111.0 -76.0 19.0 310.774560093 1 735 25 24
513 -111.0 -76.0 20.0 311.024756703 1 713 25 33
514 -111.0 -76.0 21.0 311.281144883 2 690 25 41
515 -111.0 -75.0 18.0 310.151170854 3 757 26 75
516 -111.0 -75.0 19.0 310.396119501 4 734 25 82
517 -111.0 -75.0 20.0 310.647277703 5 712 26 85
518 -111.0 -75.0 21.0 310.904665048 6 689 25 87
519 -111.0 -75.0 22.0 311.168301454 6 667 26 87
520 -111.0 -74.0 20.0 310.267008729 11 711 26 88
521 -111.0 -74.0 21.0 310.525387732 12 689 26 88
522 -111.0 -74.0 22.0 310.790054082 13 666 25 87
523 -111.0 -73.0 21.0 310.143297507 18 688 26 87
524 -111.0 -73.0 22.0 310.408986045 19 665 25 86
525 -111.0 -73.0 23.0 310.681021712 20 643 26 87
526 -111.0 -72.0 23.0 310.298170858 26 642 26 87
527 -111.0 -71.0 24.0 310.193042814 33 619 27 93
528 -111.0 -70.0 25.0 310.093705074 40 596 27 85
777 -110.0 -78.0 21.0 312.235794545 0 690 26 2
778 -110.0 -77.0 14.0 310.194614832 0 848 25 4
779 -110.0 -77.0 15.0 310.414712181 0 826 25 10
780 -110.0 -77.0 16.0 310.640905936 0 804 24 18
781 -110.0 -77.0 17.0 310.873213604 1 782 25 25
782 -110.0 -77.0 18.0 311.111652941 1 760 25 36
783 -110.0 -77.0 19.0 311.356241963 2 737 26 44
784 -110.0 -77.0 20.0 311.606998967 2 715 25 51
785 -110.0 -77.0 21.0 311.863942548 2 692 26 59
786 -110.0 -76.0 16.0 310.261471502 4 804 25 77
787 -110.0 -76.0 17.0 310.494659865 4 782 25 85
788 -110.0 -76.0 18.0 310.734016499 5 759 25 87
789 -110.0 -76.0 19.0 310.979559872 6 737 25 85
790 -110.0 -76.0 20.0 311.231308736 7 714 25 87
791 -110.0 -76.0 21.0 311.489282146 7 691 25 87
792 -110.0 -76.0 22.0 311.753499479 8 669 26 87
793 -110.0 -75.0 17.0 310.113309195 10 781 25 88
794 -110.0 -75.0 18.0 310.353575537 11 759 26 87
795 -110.0 -75.0 19.0 310.600065902 12 736 25 87
796 -110.0 -75.0 20.0 310.852799508 13 713 26 87
797 -110.0 -75.0 21.0 311.111795879 14 691 25 87
798 -110.0 -75.0 22.0 311.377074872 14 668 26 88
799 -110.0 -75.0 23.0 311.648656691 15 645 26 85
800 -110.0 -74.0 19.0 310.217744094 18 736 25 89
801 -110.0 -74.0 20.0 310.471454839 19 713 25 87
802 -110.0 -74.0 21.0 310.731466817 20 690 26 88
803 -110.0 -74.0 22.0 310.997800369 21 668 25 86
804 -110.0 -74.0 23.0 311.270476195 22 645 26 87
805 -110.0 -73.0 20.0 310.08725886 25 712 25 87
806 -110.0 -73.0 21.0 310.348278587 26 690 26 87
807 -110.0 -73.0 22.0 310.615659093 27 667 26 87
808 -110.0 -73.0 23.0 310.889421583 28 644 26 84
809 -110.0 -73.0 24.0 311.169587647 29 622 26 84
810 -110.0 -72.0 22.0 310.230634749 33 666 26 85
811 -110.0 -72.0 23.0 310.505476036 34 644 26 84
812 -110.0 -72.0 24.0 310.786761386 35 621 26 89
813 -110.0 -71.0 23.0 310.118623333 40 643 26 88
814 -110.0 -71.0 24.0 310.401019828 41 620 27 88
815 -110.0 -71.0 25.0 310.689924215 42 598 27 88
816 -110.0 -70.0 25.0 310.302395234 48 597 27 89
817 -110.0 -69.0 26.0 310.209709688 55 574 27 86
1110 -109.0 -79.0 19.0 312.312441094 0 738 25 2
1111 -109.0 -79.0 20.0 312.562690341 0 716 26 6
1112 -109.0 -79.0 21.0 312.819082216 0 694 25 10
1114 -109.0 -78.0 12.0 310.353066875 0 895 24 4
1115 -109.0 -78.0 13.0 310.561569667 0 873 24 12
1116 -109.0 -78.0 14.0 310.77613226 0 851 25 20
1117 -109.0 -78.0 15.0 310.996771218 1 829 25 29
1118 -109.0 -78.0 16.0 311.223503319 1 807 25 38
1119 -109.0 -78.0 17.0 311.456345561 2 785 25 45
1120 -109.0 -78.0 18.0 311.695315184 2 762 25 52
1121 -109.0 -78.0 19.0 311.940429684 3 739 25 61
1122 -109.0 -78.0 20.0 312.191706827 3 716 25 66
1123 -109.0 -78.0 21.0 312.449164675 3 694 26 75
1124 -109.0 -78.0 22.0 312.712821599 4 671 25 80
1125 -109.0 -77.0 13.0 310.181385397 3 874 25 71
1126 -109.0 -77.0 14.0 310.396749188 4 851 25 80
1127 -109.0 -77.0 15.0 310.618225027 4 829 25 85
1128 -109.0 -77.0 16.0 310.845830125 5 806 24 87
1129 -109.0 -77.0 17.0 311.07958192 6 784 25 86
1130 -109.0 -77.0 18.0 311.319498094 7 761 25 86
1131 -109.0 -77.0 19.0 311.565596586 8 739 25 89
1132 -109.0 -77.0 20.0 311.817895616 8 716 25 87
1133 -109.0 -77.0 21.0 312.076413699 9 693 25 86
1134 -109.0 -77.0 22.0 312.341169666 10 671 26 88
1135 -109.0 -76.0 15.0 310.236867558 10 828 24 88
1136 -109.0 -76.0 16.0 310.465338207 11 806 25 86
1137 -109.0 -76.0 17.0 310.699992334 12 783 25 86
1138 -109.0 -76.0 18.0 310.940848075 13 761 25 86
1139 -109.0 -76.0 19.0 311.187923825 14 738 25 88
1140 -109.0 -76.0 20.0 311.441238264 15 715 26 88
1141 -109.0 -76.0 21.0 311.700810372 16 693 25 87
1142 -109.0 -76.0 22.0 311.96665945 16 670 26 87
1143 -109.0 -76.0 23.0 312.238805148 17 647 26 90
1144 -109.0 -75.0 16.0 310.082011515 18 805 25 84
1145 -109.0 -75.0 17.0 310.317560289 19 783 25 86
1146 -109.0 -75.0 18.0 310.559348142 20 760 25 87
1147 -109.0 -75.0 19.0 310.807393937 20 738 25 89
1148 -109.0 -75.0 20.0 311.061716826 21 715 26 85
1149 -109.0 -75.0 21.0 311.322336265 22 692 26 88
1150 -109.0 -75.0 22.0 311.589272036 23 670 25 86
1151 -109.0 -75.0 23.0 311.862544275 23 647 26 86
1152 -109.0 -74.0 18.0 310.174981868 26 759 25 87
1153 -109.0 -74.0 19.0 310.423990009 27 737 25 86
1154 -109.0 -74.0 20.0 310.679313896 27 714 25 88
1155 -109.0 -74.0 21.0 310.940973472 28 692 26 87
1156 -109.0 -74.0 22.0 311.208989014 29 669 25 87
1157 -109.0 -74.0 23.0 311.483381153 30 646 26 87
1158 -109.0 -74.0 24.0 311.764170902 31 624 26 84
1159 -109.0 -73.0 20.0 310.294012634 34 714 25 87
1160 -109.0 -73.0 21.0 310.556704644 35 691 26 87
1161 -109.0 -73.0 22.0 310.825792517 35 669 26 88
1162 -109.0 -73.0 23.0 311.101297394 36 646 26 84
1163 -109.0 -73.0 24.0 311.383240807 37 623 26 84
1164 -109.0 -73.0 25.0 311.671644696 38 600 26 91
1165 -109.0 -72.0 21.0 310.16951302 41 691 26 87
1166 -109.0 -72.0 22.0 310.439665254 42 668 26 85
1167 -109.0 -72.0 23.0 310.716275174 42 645 26 84
1168 -109.0 -72.0 24.0 310.999364835 43 623 27 88
1169 -109.0 -72.0 25.0 311.288956716 44 600 27 87
1170 -109.0 -71.0 22.0 310.05059055 48 667 26 86
1171 -109.0 -71.0 23.0 310.328297264 49 645 26 88
1172 -109.0 -71.0 24.0 310.612525206 49 622 26 84
1173 -109.0 -71.0 25.0 310.903297402 50 599 27 87
1174 -109.0 -71.0 26.0 311.200637335 51 576 27 90
1175 -109.0 -70.0 24.0 310.22270476 55 621 26 88
1176 -109.0 -70.0 25.0 310.514649017 56 599 27 91
1177 -109.0 -70.0 26.0 310.813203899 57 576 27 88
1178 -109.0 -69.0 25.0 310.122994469 62 598 27 88
1179 -109.0 -69.0 26.0 310.422755748 63 575 27 86
1180 -109.0 -69.0 27.0 310.72919597 64 552 27 88
1181 -109.0 -68.0 27.0 310.336957386 70 552 27 86
1182 -109.0 -67.0 28.0 310.257368872 77 528 28 88
1512 -108.0 -80.0 17.0 312.413988185 0 785 25 2
1513 -108.0 -80.0 18.0 312.652467415 0 763 25 7
1514 -108.0 -80.0 19.0 312.897048304 0 741 25 12
1515 -108.0 -80.0 20.0 313.147747654 0 719 26 17
1516 -108.0 -80.0 21.0 313.404582545 1 696 25 25
1519 -108.0 -79.0 10.0 310.536216615 0 941 24 4
1520 -108.0 -79.0 11.0 310.733165037 0 920 24 12
1521 -108.0 -79.0 12.0 310.93613861 0 898 24 20
1522 -108.0 -79.0 13.0 311.145153023 1 876 24 27
1523 -108.0 -79.0 14.0 311.360224146 1 854 24 37
1524 -108.0 -79.0 15.0 311.58136804 2 831 25 44
1525 -108.0 -79.0 16.0 311.808600972 2 809 25 51
1526 -108.0 -79.0 17.0 312.041939426 3 786 25 61
1527 -108.0 -79.0 18.0 312.281400118 3 764 25 68
1528 -108.0 -79.0 19.0 312.527000017 3 741 25 76
1529 -108.0 -79.0 20.0 312.778756357 4 719 25 80
1530 -108.0 -79.0 21.0 313.036686656 4 696 26 84
1531 -108.0 -79.0 22.0 313.300808742 5 673 25 86
1532 -108.0 -78.0 10.0 310.155526635 3 943 24 62
1533 -108.0 -78.0 11.0 310.353198052 3 920 24 70
1534 -108.0 -78.0 12.0 310.556929422 4 898 24 81
1535 -108.0 -78.0 13.0 310.766736856 4 876 24 85
1536 -108.0 -78.0 14.0 310.982636647 5 853 25 87
1537 -108.0 -78.0 15.0 311.204645285 6 831 25 87
1538 -108.0 -78.0 16.0 311.432779464 7 808 25 89
1539 -108.0 -78.0 17.0 311.667056102 8 786 25 88
1540 -108.0 -78.0 18.0 311.907492354 9 763 25 87
1541 -108.0 -78.0 19.0 312.154105626 9 741 26 86
1542 -108.0 -78.0 20.0 312.406913598 10 718 25 88
1543 -108.0 -78.0 21.0 312.665934238 11 696 26 89
1544 -108.0 -78.0 22.0 312.931185825 11 673 26 88
1545 -108.0 -78.0 23.0 313.202686971 12 650 25 89
1546 -108.0 -77.0 12.0 310.174902553 10 897 24 85
1547 -108.0 -77.0 13.0 310.385495481 11 875 25 87
1548 -108.0 -77.0 14.0 310.602216627 12 853 25 85
1549 -108.0 -77.0 15.0 310.825082918 12 830 25 87
1550 -108.0 -77.0 16.0 311.054111489 13 808 24 87
1551 -108.0 -77.0 17.0 311.289319699 14 785 25 87
1552 -108.0 -77.0 18.0 311.530725151 15 763 25 87
1553 -108.0 -77.0 19.0 311.778345702 16 740 25 85
1554 -108.0 -77.0 20.0 312.032199486 16 718 26 88
1555 -108.0 -77.0 21.0 312.29230493 17 695 25 87
1556 -108.0 -77.0 22.0 312.55868078 18 672 26 87
1557 -108.0 -77.0 23.0 312.831346115 19 650 26 85
1558 -108.0 -76.0 14.0 310.218947448 18 852 25 86
1559 -108.0 -76.0 15.0 310.442663848 19 830 24 90
1560 -108.0 -76.0 16.0 310.672579495 20 807 25 88
1561 -108.0 -76.0 17.0 310.908712202 21 785 25 87
1562 -108.0 -76.0 18.0 311.151080027 21 762 26 88
1563 -108.0 -76.0 19.0 311.39970129 22 740 25 86
1564 -108.0 -76.0 20.0 311.654594589 23 717 26 85
1565 -108.0 -76.0 21.0 311.915778823 24 694 25 87
1566 -108.0 -76.0 22.0 312.183273213 24 672 26 88
1567 -108.0 -76.0 23.0 312.457097318 25 649 26 89
1568 -108.0 -76.0 24.0 312.73727107 26 626 26 84
1569 -108.0 -75.0 15.0 310.057371541 25 829 24 87
1570 -108.0 -75.0 16.0 310.288166478 26 807 25 86
1571 -108.0 -75.0 17.0 310.525216129 27 784 25 85
1572 -108.0 -75.0 18.0 310.76853902 28 762 25 87
1573 -108.0 -75.0 19.0 311.018153942 28 739 25 86
elapsed time is 1140.708508
