generating bragg masks, processing batch 44
826 -92.0 100.0 8.0 224.978210443 0 876 24 16
827 -92.0 100.0 9.0 225.010968882 2 855 25 42
828 -92.0 100.0 10.0 225.049527537 3 832 24 70
848 -92.0 101.0 10.0 224.808091849 0 829 25 2
849 -92.0 101.0 11.0 224.851663107 1 809 24 25
850 -92.0 101.0 12.0 224.901088649 2 786 25 52
851 -92.0 101.0 13.0 224.956414435 3 764 25 80
852 -92.0 101.0 14.0 225.017687284 6 741 25 92
878 -92.0 102.0 13.0 224.715904164 0 761 25 6
879 -92.0 102.0 14.0 224.776251049 1 740 25 32
880 -92.0 102.0 15.0 224.842554772 2 718 26 59
881 -92.0 102.0 16.0 224.91486335 4 695 25 86
882 -92.0 102.0 17.0 224.99322574 6 672 25 92
914 -92.0 103.0 16.0 224.675004065 0 693 25 10
915 -92.0 103.0 17.0 224.752343591 1 671 26 36
916 -92.0 103.0 18.0 224.835747467 3 648 26 65
917 -92.0 103.0 19.0 224.925266005 4 625 26 90
918 -92.0 103.0 20.0 225.020950563 7 603 26 93
955 -92.0 104.0 19.0 224.685774711 0 624 26 14
956 -92.0 104.0 20.0 224.780335907 1 602 26 38
1221 -91.0 98.0 0.0 225.037076554 0 1055 24 1
1222 -91.0 98.0 1.0 225.025055915 1 1036 24 28
1223 -91.0 98.0 2.0 225.018589093 3 1014 24 57
1224 -91.0 98.0 3.0 225.017716593 4 992 24 85
1225 -91.0 98.0 4.0 225.022479582 7 970 24 89
1226 -91.0 98.0 5.0 225.032919913 10 947 24 90
1227 -91.0 98.0 6.0 225.049080134 13 925 24 90
1238 -91.0 99.0 3.0 224.774772439 0 991 24 13
1239 -91.0 99.0 4.0 224.778916494 2 969 24 42
1240 -91.0 99.0 5.0 224.788704058 3 946 24 69
1241 -91.0 99.0 6.0 224.804177153 5 924 25 89
1242 -91.0 99.0 7.0 224.82537851 8 902 24 89
1243 -91.0 99.0 8.0 224.852351591 11 879 24 90
1244 -91.0 99.0 9.0 224.885140609 14 857 25 90
1245 -91.0 99.0 10.0 224.923790554 17 835 25 92
1246 -91.0 99.0 11.0 224.968347218 20 812 25 90
1247 -91.0 99.0 12.0 225.018857219 22 790 25 90
1263 -91.0 100.0 5.0 224.548002795 0 943 24 1
1264 -91.0 100.0 6.0 224.562804689 1 923 24 24
1265 -91.0 100.0 7.0 224.583300277 2 901 24 53
1266 -91.0 100.0 8.0 224.609532478 4 878 25 81
1267 -91.0 100.0 9.0 224.641544954 6 856 24 90
1268 -91.0 100.0 10.0 224.67938213 9 834 25 90
1269 -91.0 100.0 11.0 224.723089223 12 811 25 90
1270 -91.0 100.0 12.0 224.772712264 15 789 25 91
1271 -91.0 100.0 13.0 224.828298132 17 766 25 91
1272 -91.0 100.0 14.0 224.889894578 20 744 25 91
1273 -91.0 100.0 15.0 224.957550265 23 721 26 91
1274 -91.0 100.0 16.0 225.031314795 26 699 26 92
1296 -91.0 101.0 8.0 224.370232923 0 876 24 7
1297 -91.0 101.0 9.0 224.40148548 1 855 25 34
1298 -91.0 101.0 10.0 224.438526863 3 833 24 62
1299 -91.0 101.0 11.0 224.48140172 4 810 25 87
1300 -91.0 101.0 12.0 224.530155506 7 788 25 92
1301 -91.0 101.0 13.0 224.584834505 10 765 25 90
1302 -91.0 101.0 14.0 224.645485868 13 743 26 91
1303 -91.0 101.0 15.0 224.712157638 15 720 25 91
1304 -91.0 101.0 16.0 224.784898785 18 697 25 92
1305 -91.0 101.0 17.0 224.863759247 21 675 26 91
1306 -91.0 101.0 18.0 224.948789963 24 652 26 90
1307 -91.0 101.0 19.0 225.040042916 27 629 26 92
1335 -91.0 102.0 11.0 224.243240234 0 808 24 14
1336 -91.0 102.0 12.0 224.291142148 2 787 25 43
1337 -91.0 102.0 13.0 224.344932039 3 764 25 70
1338 -91.0 102.0 14.0 224.404656461 5 742 25 90
1339 -91.0 102.0 15.0 224.470362848 8 719 25 91
1340 -91.0 102.0 16.0 224.54209955 10 696 26 92
1341 -91.0 102.0 17.0 224.619915865 13 674 26 92
1342 -91.0 102.0 18.0 224.703862082 16 651 25 93
1343 -91.0 102.0 19.0 224.793989516 19 628 26 92
1344 -91.0 102.0 20.0 224.890350551 21 605 27 88
1345 -91.0 102.0 21.0 224.992998689 24 583 27 94
1377 -91.0 103.0 13.0 224.108545929 0 761 25 1
1378 -91.0 103.0 14.0 224.16736123 1 741 25 21
1379 -91.0 103.0 15.0 224.232120445 2 718 25 48
1380 -91.0 103.0 16.0 224.302871311 3 695 25 77
1381 -91.0 103.0 17.0 224.379662499 5 673 26 91
1382 -91.0 103.0 18.0 224.462543655 8 650 26 93
1383 -91.0 103.0 19.0 224.551565435 11 627 26 92
1384 -91.0 103.0 20.0 224.646779551 14 604 26 92
1385 -91.0 103.0 21.0 224.748238811 16 582 26 91
1386 -91.0 103.0 22.0 224.855997171 19 558 26 93
1423 -91.0 104.0 16.0 224.067168631 0 692 26 4
1424 -91.0 104.0 17.0 224.142953383 1 671 26 24
1425 -91.0 104.0 18.0 224.224788585 2 649 26 53
1426 -91.0 104.0 19.0 224.312724245 4 626 26 84
1427 -91.0 104.0 20.0 224.40681141 6 603 27 92
1428 -91.0 104.0 21.0 224.507102209 9 580 27 92
1468 -91.0 105.0 19.0 224.077419875 0 624 26 6
1469 -91.0 105.0 20.0 224.170399724 1 602 26 27
1726 -90.0 97.0 -4.0 225.020596284 0 1150 23 18
1727 -90.0 97.0 -3.0 224.986112084 2 1128 23 49
1728 -90.0 97.0 -2.0 224.957078865 4 1105 24 78
1729 -90.0 97.0 -1.0 224.933535375 6 1083 24 91
1730 -90.0 97.0 0.0 224.915520986 9 1061 23 90
1731 -90.0 97.0 1.0 224.903075704 12 1038 23 90
1732 -90.0 97.0 2.0 224.896240186 15 1016 23 89
1733 -90.0 97.0 3.0 224.895055752 18 994 23 89
1734 -90.0 97.0 4.0 224.899564402 21 972 23 90
1735 -90.0 97.0 5.0 224.909808831 24 950 24 90
1736 -90.0 97.0 6.0 224.925832452 27 927 24 89
1737 -90.0 97.0 7.0 224.947679413 30 905 24 89
1738 -90.0 97.0 8.0 224.975394617 33 883 24 89
1739 -90.0 97.0 9.0 225.009023748 36 860 25 89
1740 -90.0 97.0 10.0 225.048613298 39 838 24 90
1748 -90.0 98.0 -2.0 224.713785771 0 1104 23 7
1749 -90.0 98.0 -1.0 224.689776162 1 1082 23 37
1750 -90.0 98.0 0.0 224.671263629 3 1060 24 63
1751 -90.0 98.0 1.0 224.658287681 5 1038 24 89
1752 -90.0 98.0 2.0 224.650888468 8 1015 24 89
1753 -90.0 98.0 3.0 224.649106795 11 993 24 90
1754 -90.0 98.0 4.0 224.652984135 14 971 24 88
1755 -90.0 98.0 5.0 224.662562648 16 949 24 90
1756 -90.0 98.0 6.0 224.677885202 20 926 24 90
1757 -90.0 98.0 7.0 224.698995386 22 904 25 91
1758 -90.0 98.0 8.0 224.725937538 25 882 24 91
1759 -90.0 98.0 9.0 224.758756763 28 859 24 91
1760 -90.0 98.0 10.0 224.797498961 31 837 25 89
1761 -90.0 98.0 11.0 224.842210849 34 815 24 88
1762 -90.0 98.0 12.0 224.892939995 37 792 25 89
1763 -90.0 98.0 13.0 224.94973484 40 770 26 90
1764 -90.0 98.0 14.0 225.01264474 42 747 25 88
1778 -90.0 99.0 1.0 224.4170243 1 1036 24 24
1779 -90.0 99.0 2.0 224.409076542 2 1014 23 50
1780 -90.0 99.0 3.0 224.406713091 4 992 24 78
1781 -90.0 99.0 4.0 224.409974902 6 970 24 89
1782 -90.0 99.0 5.0 224.418903609 9 948 24 89
1783 -90.0 99.0 6.0 224.433541538 12 925 24 92
1784 -90.0 99.0 7.0 224.453931732 15 903 24 89
1785 -90.0 99.0 8.0 224.480117969 18 881 24 89
1786 -90.0 99.0 9.0 224.512144783 21 858 25 90
1787 -90.0 99.0 10.0 224.550057491 23 836 24 91
1788 -90.0 99.0 11.0 224.593902217 26 814 25 91
1789 -90.0 99.0 12.0 224.643725921 29 791 25 91
1790 -90.0 99.0 13.0 224.699576425 32 769 25 90
1791 -90.0 99.0 14.0 224.761502448 35 746 25 91
1792 -90.0 99.0 15.0 224.82955364 38 724 25 91
1793 -90.0 99.0 16.0 224.903780612 40 701 25 92
1794 -90.0 99.0 17.0 224.98423498 43 678 26 91
1813 -90.0 100.0 3.0 224.167831009 0 990 24 6
1814 -90.0 100.0 4.0 224.170492753 1 969 24 33
1815 -90.0 100.0 5.0 224.178787438 3 947 24 62
1816 -90.0 100.0 6.0 224.192756862 4 925 25 87
1817 -90.0 100.0 7.0 224.212443525 7 902 25 89
1818 -90.0 100.0 8.0 224.237890655 10 880 24 89
1819 -90.0 100.0 9.0 224.269142222 13 857 24 90
1820 -90.0 100.0 10.0 224.306242971 16 835 25 92
1821 -90.0 100.0 11.0 224.349238439 19 813 24 87
1822 -90.0 100.0 12.0 224.398174987 21 790 25 90
1823 -90.0 100.0 13.0 224.453099827 24 768 25 91
1824 -90.0 100.0 14.0 224.514061054 27 745 25 91
1825 -90.0 100.0 15.0 224.581107677 30 723 25 91
1826 -90.0 100.0 16.0 224.654289657 33 700 26 92
1827 -90.0 100.0 17.0 224.733657938 36 677 26 91
1828 -90.0 100.0 18.0 224.819264496 38 655 26 91
1829 -90.0 100.0 19.0 224.911162373 41 632 26 94
1830 -90.0 100.0 20.0 225.009405725 44 609 27 90
1854 -90.0 101.0 6.0 223.955486865 0 923 24 16
1855 -90.0 101.0 7.0 223.974486134 2 901 24 45
1856 -90.0 101.0 8.0 223.999210639 3 879 25 72
1857 -90.0 101.0 9.0 224.029703798 5 857 24 91
1858 -90.0 101.0 10.0 224.066009787 8 834 24 91
1859 -90.0 101.0 11.0 224.108173568 11 812 25 90
1860 -90.0 101.0 12.0 224.156240912 14 789 25 89
1861 -90.0 101.0 13.0 224.210258429 17 767 25 91
1862 -90.0 101.0 14.0 224.270273599 19 744 25 91
1863 -90.0 101.0 15.0 224.336334802 22 722 26 92
1864 -90.0 101.0 16.0 224.408491353 25 699 25 91
1865 -90.0 101.0 17.0 224.486793542 28 676 25 91
1866 -90.0 101.0 18.0 224.571292667 30 654 26 91
1867 -90.0 101.0 19.0 224.662041079 33 631 26 88
1868 -90.0 101.0 20.0 224.759092227 36 608 26 95
1869 -90.0 101.0 21.0 224.8625007 39 585 26 92
1870 -90.0 101.0 22.0 224.972322281 41 562 27 92
1898 -90.0 102.0 8.0 223.764033279 0 875 24 2
1899 -90.0 102.0 9.0 223.793784541 1 856 25 25
1900 -90.0 102.0 10.0 223.829312645 2 833 25 52
1901 -90.0 102.0 11.0 223.870661981 4 810 25 80
1902 -90.0 102.0 12.0 223.917877741 6 788 25 91
1903 -90.0 102.0 13.0 223.971005943 9 766 25 90
1904 -90.0 102.0 14.0 224.030093458 12 743 25 91
1905 -90.0 102.0 15.0 224.095188048 14 721 25 91
1906 -90.0 102.0 16.0 224.166338395 17 698 26 92
1907 -90.0 102.0 17.0 224.243594138 20 675 26 92
1908 -90.0 102.0 18.0 224.327005913 23 652 26 91
1909 -90.0 102.0 19.0 224.416625391 25 630 26 92
1910 -90.0 102.0 20.0 224.512505321 28 607 27 93
1911 -90.0 102.0 21.0 224.614699577 31 584 27 93
1912 -90.0 102.0 22.0 224.723263209 34 561 27 91
1913 -90.0 102.0 23.0 224.838252489 36 538 27 92
1946 -90.0 103.0 11.0 223.636658397 0 808 24 7
1947 -90.0 103.0 12.0 223.683039865 1 787 25 32
1948 -90.0 103.0 13.0 223.735296426 3 765 25 61
1949 -90.0 103.0 14.0 223.793474356 4 742 25 84
1950 -90.0 103.0 15.0 223.857620804 6 719 26 92
1951 -90.0 103.0 16.0 223.927783829 9 697 26 92
1952 -90.0 103.0 17.0 224.004012432 12 674 25 92
1953 -90.0 103.0 18.0 224.086356595 15 651 26 92
1954 -90.0 103.0 19.0 224.174867317 17 629 26 92
1955 -90.0 103.0 20.0 224.269596662 20 606 26 88
elapsed time is 1665.969875
