generating bragg masks, processing batch 47
813 -115.0 77.0 16.0 240.043579614 0 685 26 8
1097 -114.0 74.0 7.0 239.917616887 0 891 24 1
1098 -114.0 74.0 8.0 239.98398755 1 871 25 25
1128 -114.0 75.0 9.0 239.731015819 0 846 24 3
1129 -114.0 75.0 10.0 239.808427625 1 825 25 29
1130 -114.0 75.0 11.0 239.891952525 3 803 25 59
1131 -114.0 75.0 12.0 239.981639873 4 780 25 85
1163 -114.0 76.0 11.0 239.5676907 0 800 25 6
1164 -114.0 76.0 12.0 239.65623212 1 780 25 32
1165 -114.0 76.0 13.0 239.750955639 3 757 26 60
1166 -114.0 76.0 14.0 239.85191206 4 734 26 87
1167 -114.0 76.0 15.0 239.959153166 7 712 26 89
1200 -114.0 77.0 13.0 239.427740327 0 754 25 6
1201 -114.0 77.0 14.0 239.527502449 1 733 25 33
1202 -114.0 77.0 15.0 239.633517814 3 711 26 63
1203 -114.0 77.0 16.0 239.745838774 4 688 26 84
1204 -114.0 77.0 17.0 239.864518732 7 665 26 90
1205 -114.0 77.0 18.0 239.989612179 10 643 26 90
1239 -114.0 78.0 15.0 239.311265601 0 709 25 7
1240 -114.0 78.0 16.0 239.422342419 1 687 25 33
1241 -114.0 78.0 17.0 239.539745945 3 664 26 63
1242 -114.0 78.0 18.0 239.663530199 4 641 26 88
1277 -114.0 79.0 17.0 239.218370117 0 662 26 6
1505 -113.0 72.0 1.0 239.997799102 0 1029 23 10
1506 -113.0 72.0 2.0 240.030144112 2 1008 24 40
1526 -113.0 73.0 3.0 239.74127972 0 985 24 16
1527 -113.0 73.0 4.0 239.784431215 2 963 24 45
1528 -113.0 73.0 5.0 239.833506687 3 941 24 73
1529 -113.0 73.0 6.0 239.888551805 6 918 24 89
1530 -113.0 73.0 7.0 239.949613024 9 896 24 88
1531 -113.0 73.0 8.0 240.016737616 12 874 25 86
1557 -113.0 74.0 5.0 239.507828934 1 939 24 22
1558 -113.0 74.0 6.0 239.561867991 2 917 24 50
1559 -113.0 74.0 7.0 239.621894309 4 895 24 78
1560 -113.0 74.0 8.0 239.687954763 6 873 25 88
1561 -113.0 74.0 9.0 239.760097056 9 850 24 88
1562 -113.0 74.0 10.0 239.83836975 12 828 24 87
1563 -113.0 74.0 11.0 239.922822288 15 805 25 90
1564 -113.0 74.0 12.0 240.013505026 18 783 25 87
1592 -113.0 75.0 6.0 239.238533485 0 914 24 1
1593 -113.0 75.0 7.0 239.297538157 1 894 25 26
1594 -113.0 75.0 8.0 239.362547782 2 872 24 55
1595 -113.0 75.0 9.0 239.433609659 4 849 24 82
1596 -113.0 75.0 10.0 239.510771938 7 827 25 87
1597 -113.0 75.0 11.0 239.594083644 9 804 25 90
1598 -113.0 75.0 12.0 239.683594707 12 782 25 87
1599 -113.0 75.0 13.0 239.779355993 15 759 25 88
1600 -113.0 75.0 14.0 239.881419338 18 737 25 87
1601 -113.0 75.0 15.0 239.989837585 21 714 25 89
1631 -113.0 76.0 8.0 239.040504654 0 869 24 3
1632 -113.0 76.0 9.0 239.110499496 1 848 25 28
1633 -113.0 76.0 10.0 239.1865648 2 826 25 57
1634 -113.0 76.0 11.0 239.268749174 4 803 25 84
1635 -113.0 76.0 12.0 239.35710212 7 781 25 89
1636 -113.0 76.0 13.0 239.451674067 10 758 26 89
1637 -113.0 76.0 14.0 239.552516408 13 736 26 89
1638 -113.0 76.0 15.0 239.65968153 16 713 26 88
1639 -113.0 76.0 16.0 239.773222853 18 690 26 90
1640 -113.0 76.0 17.0 239.893194872 21 668 25 88
1641 -113.0 76.0 18.0 240.019653197 24 645 26 92
1672 -113.0 77.0 10.0 238.865735556 0 823 24 4
1673 -113.0 77.0 11.0 238.946806122 1 803 24 29
1674 -113.0 77.0 12.0 239.034014542 3 780 25 59
1675 -113.0 77.0 13.0 239.127410809 4 757 25 85
1676 -113.0 77.0 14.0 239.22704587 7 735 25 91
1677 -113.0 77.0 15.0 239.332971657 10 712 26 89
1678 -113.0 77.0 16.0 239.445241127 13 690 26 89
1679 -113.0 77.0 17.0 239.563908298 16 667 26 88
1680 -113.0 77.0 18.0 239.689028296 19 644 26 89
1681 -113.0 77.0 19.0 239.820657394 22 621 26 90
1682 -113.0 77.0 20.0 239.958853062 24 598 26 87
1714 -113.0 78.0 12.0 238.71431845 0 777 25 5
1715 -113.0 78.0 13.0 238.806552725 1 757 25 31
1716 -113.0 78.0 14.0 238.904994269 2 734 25 60
1717 -113.0 78.0 15.0 239.009694558 4 711 25 85
1718 -113.0 78.0 16.0 239.120706087 7 689 25 90
1719 -113.0 78.0 17.0 239.238082399 10 666 26 89
1720 -113.0 78.0 18.0 239.361878132 13 643 26 88
1721 -113.0 78.0 19.0 239.492149064 16 620 26 92
1754 -113.0 79.0 14.0 238.586347365 0 731 25 5
1755 -113.0 79.0 15.0 238.68983603 1 710 25 30
1756 -113.0 79.0 16.0 238.799603572 2 688 25 59
1757 -113.0 79.0 17.0 238.915703062 4 665 26 85
1758 -113.0 79.0 18.0 239.038188653 7 642 26 90
1793 -113.0 80.0 16.0 238.481918648 0 685 25 4
1794 -113.0 80.0 17.0 238.596755394 1 664 25 28
1795 -113.0 80.0 18.0 238.717945012 2 641 26 59
2019 -112.0 71.0 -3.0 239.961087116 1 1121 24 23
2020 -112.0 71.0 -2.0 239.970591723 2 1100 24 53
2021 -112.0 71.0 -1.0 239.985846095 4 1077 23 81
2022 -112.0 71.0 0.0 240.006892749 7 1055 23 87
2023 -112.0 71.0 1.0 240.033774906 10 1033 24 89
2038 -112.0 72.0 -2.0 239.643517932 0 1095 24 2
2039 -112.0 72.0 -1.0 239.657925147 1 1076 24 31
2040 -112.0 72.0 0.0 239.678097805 3 1054 24 60
2041 -112.0 72.0 1.0 239.704078766 4 1032 23 85
2042 -112.0 72.0 2.0 239.735911604 8 1010 24 86
2043 -112.0 72.0 3.0 239.773640622 11 987 24 89
2044 -112.0 72.0 4.0 239.817310867 14 965 24 87
2045 -112.0 72.0 5.0 239.866968153 17 943 24 87
2046 -112.0 72.0 6.0 239.922659077 20 920 24 86
2047 -112.0 72.0 7.0 239.984431046 23 898 24 87
2068 -112.0 73.0 0.0 239.352644166 0 1053 24 9
2069 -112.0 73.0 1.0 239.377737259 2 1031 24 38
2070 -112.0 73.0 2.0 239.408654712 3 1009 23 68
2071 -112.0 73.0 3.0 239.445440457 5 986 24 88
2072 -112.0 73.0 4.0 239.488139163 8 964 24 87
2073 -112.0 73.0 5.0 239.536796257 11 942 24 87
2074 -112.0 73.0 6.0 239.591457948 14 920 25 84
2075 -112.0 73.0 7.0 239.652171241 17 897 24 88
2076 -112.0 73.0 8.0 239.718983967 20 875 25 88
2077 -112.0 73.0 9.0 239.791944803 23 853 25 88
2078 -112.0 73.0 10.0 239.871103305 26 830 25 87
2079 -112.0 73.0 11.0 239.956509929 29 808 24 90
2080 -112.0 73.0 12.0 240.048216069 32 785 24 88
2106 -112.0 74.0 2.0 239.084754618 0 1008 24 15
2107 -112.0 74.0 3.0 239.120610503 2 986 24 42
2108 -112.0 74.0 4.0 239.162351135 3 963 24 73
2109 -112.0 74.0 5.0 239.210021558 6 941 24 89
2110 -112.0 74.0 6.0 239.263667585 9 919 24 87
2111 -112.0 74.0 7.0 239.323335825 12 896 24 88
2112 -112.0 74.0 8.0 239.389073701 15 874 25 88
2113 -112.0 74.0 9.0 239.460929477 18 852 24 89
2114 -112.0 74.0 10.0 239.538952284 21 829 24 87
2115 -112.0 74.0 11.0 239.623192149 24 807 25 88
2116 -112.0 74.0 12.0 239.713700027 27 784 25 88
2117 -112.0 74.0 13.0 239.810527827 30 762 25 88
2118 -112.0 74.0 14.0 239.913728455 33 739 25 87
2119 -112.0 74.0 15.0 240.023355843 35 717 25 88
2146 -112.0 75.0 4.0 238.839934734 1 962 24 20
2147 -112.0 75.0 5.0 238.886632 2 940 24 49
2148 -112.0 75.0 6.0 238.939275939 4 918 24 77
2149 -112.0 75.0 7.0 238.99791276 6 895 25 87
2150 -112.0 75.0 8.0 239.062589479 9 873 24 87
2151 -112.0 75.0 9.0 239.133353945 12 851 24 89
2152 -112.0 75.0 10.0 239.210254869 15 828 25 86
2153 -112.0 75.0 11.0 239.293341845 18 806 25 89
2154 -112.0 75.0 12.0 239.382665388 21 783 25 89
2155 -112.0 75.0 13.0 239.47827696 24 761 25 88
2156 -112.0 75.0 14.0 239.580229007 27 738 25 90
2157 -112.0 75.0 15.0 239.688574996 30 716 25 89
2158 -112.0 75.0 16.0 239.80336945 33 693 25 88
2159 -112.0 75.0 17.0 239.924667992 36 670 26 90
2188 -112.0 76.0 6.0 238.618270144 1 917 24 22
2189 -112.0 76.0 7.0 238.675889181 2 895 24 51
2190 -112.0 76.0 8.0 238.739518444 4 872 24 79
2191 -112.0 76.0 9.0 238.809205369 6 850 25 89
2192 -112.0 76.0 10.0 238.884998242 9 827 25 86
2193 -112.0 76.0 11.0 238.966946229 12 805 25 90
2194 -112.0 76.0 12.0 239.055099403 15 782 25 88
2195 -112.0 76.0 13.0 239.14950878 18 760 26 87
2196 -112.0 76.0 14.0 239.250226347 21 737 26 88
2197 -112.0 76.0 15.0 239.357305102 24 715 26 90
2198 -112.0 76.0 16.0 239.47079909 27 692 26 89
2199 -112.0 76.0 17.0 239.590763447 30 669 25 89
2200 -112.0 76.0 18.0 239.717254437 33 647 26 88
2201 -112.0 76.0 19.0 239.850329504 36 624 26 93
2202 -112.0 76.0 20.0 239.990047319 39 601 27 88
2231 -112.0 77.0 7.0 238.35725143 0 891 24 1
2232 -112.0 77.0 8.0 238.419846938 1 871 24 25
2233 -112.0 77.0 9.0 238.488470095 2 849 25 55
2234 -112.0 77.0 10.0 238.563168764 4 826 24 82
2235 -112.0 77.0 11.0 238.643991681 7 804 24 87
2236 -112.0 77.0 12.0 238.730988482 9 781 25 89
2237 -112.0 77.0 13.0 238.824209731 12 759 25 88
2238 -112.0 77.0 14.0 238.92370696 15 736 25 89
2239 -112.0 77.0 15.0 239.029532699 18 714 25 88
2240 -112.0 77.0 16.0 239.141740515 21 691 26 88
2241 -112.0 77.0 17.0 239.260385055 24 668 26 88
2242 -112.0 77.0 18.0 239.385522083 27 646 26 90
2243 -112.0 77.0 19.0 239.517208531 30 623 26 93
2244 -112.0 77.0 20.0 239.655502545 33 600 26 89
2245 -112.0 77.0 21.0 239.800463534 36 577 27 90
2275 -112.0 78.0 9.0 238.171133694 0 846 24 3
2276 -112.0 78.0 10.0 238.244752009 1 825 24 25
2277 -112.0 78.0 11.0 238.324463787 2 803 25 57
2278 -112.0 78.0 12.0 238.410318225 4 780 25 82
2279 -112.0 78.0 13.0 238.50236544 6 758 25 88
2280 -112.0 78.0 14.0 238.600656507 10 735 25 89
2281 -112.0 78.0 15.0 238.705243487 12 713 25 88
2282 -112.0 78.0 16.0 238.816179473 15 690 25 89
2283 -112.0 78.0 17.0 238.93351862 18 667 26 89
2284 -112.0 78.0 18.0 239.057316195 21 645 26 88
2285 -112.0 78.0 19.0 239.187628619 24 622 26 85
2286 -112.0 78.0 20.0 239.324513511 27 599 26 92
2317 -112.0 79.0 11.0 238.008347371 0 800 25 3
2318 -112.0 79.0 12.0 238.093073464 1 779 25 27
2319 -112.0 79.0 13.0 238.183960753 2 757 25 55
2320 -112.0 79.0 14.0 238.281059854 4 734 25 82
2321 -112.0 79.0 15.0 238.384422363 6 712 25 89
2322 -112.0 79.0 16.0 238.494100896 9 689 25 88
2323 -112.0 79.0 17.0 238.610149121 12 666 25 89
2324 -112.0 79.0 18.0 238.732621806 15 644 26 90
2325 -112.0 79.0 19.0 238.861574861 18 621 26 84
2358 -112.0 80.0 13.0 237.86897977 0 754 25 2
2359 -112.0 80.0 14.0 237.964901113 1 733 25 25
2360 -112.0 80.0 15.0 238.067053458 2 711 26 55
2361 -112.0 80.0 16.0 238.175488941 4 688 26 82
2362 -112.0 80.0 17.0 238.290260748 6 665 25 89
2363 -112.0 80.0 18.0 238.411423147 9 643 26 89
elapsed time is 1552.131737
