generating bragg masks, processing batch 65
74 -89.0 -99.0 23.0 325.183763323 0 684 25 4
75 -89.0 -99.0 24.0 325.455867344 0 661 26 4
76 -89.0 -98.0 24.0 325.145269502 4 663 26 80
77 -89.0 -97.0 25.0 325.113156364 11 639 26 88
78 -89.0 -96.0 26.0 325.087551344 19 616 26 91
182 -88.0 -99.0 22.0 325.209684048 3 710 25 64
183 -88.0 -99.0 23.0 325.477082164 3 687 26 65
184 -88.0 -99.0 24.0 325.750376118 3 665 26 65
185 -88.0 -98.0 23.0 325.165421136 10 687 26 89
186 -88.0 -98.0 24.0 325.440378373 10 664 26 90
187 -88.0 -98.0 25.0 325.721282641 10 641 26 90
188 -88.0 -97.0 24.0 325.127487475 18 664 26 89
189 -88.0 -97.0 25.0 325.41010834 18 641 26 90
190 -88.0 -97.0 26.0 325.698728901 18 618 27 88
191 -88.0 -96.0 25.0 325.096009667 26 641 26 87
192 -88.0 -96.0 26.0 325.386401407 26 618 26 88
193 -88.0 -95.0 26.0 325.071118098 34 617 26 88
194 -88.0 -95.0 27.0 325.36939082 34 594 26 90
195 -88.0 -94.0 27.0 325.052947102 42 594 26 89
196 -88.0 -94.0 28.0 325.359213896 42 571 26 89
340 -87.0 -100.0 20.0 325.29884778 2 757 25 48
341 -87.0 -100.0 21.0 325.554054279 2 735 26 49
342 -87.0 -100.0 22.0 325.815118197 2 712 25 47
343 -87.0 -100.0 23.0 326.082047397 2 689 25 47
344 -87.0 -100.0 24.0 326.354850034 2 666 26 46
345 -87.0 -99.0 21.0 325.242661497 8 734 26 90
346 -87.0 -99.0 22.0 325.505320825 8 712 25 89
347 -87.0 -99.0 23.0 325.773887008 8 689 26 89
348 -87.0 -99.0 24.0 326.048368466 8 666 26 89
349 -87.0 -99.0 25.0 326.328773939 8 643 26 87
350 -87.0 -98.0 22.0 325.192630728 16 711 25 88
351 -87.0 -98.0 23.0 325.462844598 16 689 26 89
352 -87.0 -98.0 24.0 325.73901613 16 666 26 88
353 -87.0 -98.0 25.0 326.021154342 16 643 26 87
354 -87.0 -98.0 26.0 326.309268595 16 620 26 92
355 -87.0 -97.0 23.0 325.148877654 24 688 26 87
356 -87.0 -97.0 24.0 325.426750385 24 665 26 87
357 -87.0 -97.0 25.0 325.710633024 24 642 26 87
358 -87.0 -97.0 26.0 326.000535225 24 619 27 91
359 -87.0 -96.0 24.0 325.11152806 32 665 26 88
360 -87.0 -96.0 25.0 325.397166683 32 642 26 91
361 -87.0 -96.0 26.0 325.688868971 32 619 26 93
362 -87.0 -96.0 27.0 325.986645258 32 596 27 89
363 -87.0 -95.0 25.0 325.080711482 40 642 26 92
364 -87.0 -95.0 26.0 325.374225858 40 619 26 88
365 -87.0 -95.0 27.0 325.673859243 40 596 26 88
366 -87.0 -95.0 28.0 325.9796227 40 573 27 89
367 -87.0 -94.0 26.0 325.056561367 48 618 26 88
368 -87.0 -94.0 27.0 325.358064309 49 596 26 89
369 -87.0 -94.0 28.0 325.665743275 48 573 26 89
370 -87.0 -93.0 28.0 325.348822646 56 572 26 89
371 -87.0 -93.0 29.0 325.664664849 56 549 27 89
372 -87.0 -92.0 29.0 325.346645878 64 549 27 88
373 -87.0 -91.0 30.0 325.351683618 72 525 28 88
374 -87.0 -88.0 32.0 325.05966707 96 478 28 90
554 -86.0 -101.0 17.0 325.175295387 1 827 25 29
555 -86.0 -101.0 18.0 325.412568816 1 805 25 32
556 -86.0 -101.0 19.0 325.65565724 1 782 25 30
557 -86.0 -101.0 20.0 325.904567265 1 759 25 31
558 -86.0 -101.0 21.0 326.159305727 1 737 26 30
559 -86.0 -101.0 22.0 326.419879715 1 714 25 28
560 -86.0 -101.0 23.0 326.686296588 1 691 25 29
561 -86.0 -101.0 24.0 326.958563994 1 668 26 26
562 -86.0 -100.0 18.0 325.100104875 6 804 25 90
563 -86.0 -100.0 19.0 325.344680539 6 781 25 88
564 -86.0 -100.0 20.0 325.595118533 6 759 25 88
565 -86.0 -100.0 21.0 325.851425941 6 736 26 88
566 -86.0 -100.0 22.0 326.113610101 6 714 25 88
567 -86.0 -100.0 23.0 326.381678621 6 691 25 89
568 -86.0 -100.0 24.0 326.655639407 6 668 26 88
569 -86.0 -100.0 25.0 326.935500675 6 645 26 88
570 -86.0 -99.0 20.0 325.282778876 14 758 25 88
571 -86.0 -99.0 21.0 325.54066553 14 736 26 87
572 -86.0 -99.0 22.0 325.804470698 14 713 25 88
573 -86.0 -99.0 23.0 326.074202247 14 690 26 90
574 -86.0 -99.0 24.0 326.349868345 14 668 26 89
575 -86.0 -99.0 25.0 326.631477476 14 645 26 87
576 -86.0 -98.0 21.0 325.226981797 22 735 25 88
577 -86.0 -98.0 22.0 325.492418687 23 713 25 88
578 -86.0 -98.0 23.0 325.763824533 23 690 26 88
579 -86.0 -98.0 24.0 326.041207772 22 667 26 88
580 -86.0 -98.0 25.0 326.324577165 22 644 26 88
581 -86.0 -98.0 26.0 326.613941817 22 621 26 84
582 -86.0 -97.0 22.0 325.177410711 31 712 25 87
583 -86.0 -97.0 23.0 325.450501994 31 690 26 89
584 -86.0 -97.0 24.0 325.729614086 31 667 26 87
585 -86.0 -97.0 25.0 326.014756031 31 644 26 88
586 -86.0 -97.0 26.0 326.305937222 31 621 27 85
587 -86.0 -97.0 27.0 326.603167429 30 598 27 88
588 -86.0 -96.0 23.0 325.134190601 39 689 26 88
589 -86.0 -96.0 24.0 325.415043124 39 666 26 88
590 -86.0 -96.0 25.0 325.701969788 39 644 26 85
591 -86.0 -96.0 26.0 325.994980283 39 621 27 84
592 -86.0 -96.0 27.0 326.294084682 39 598 27 89
593 -86.0 -95.0 24.0 325.097450169 47 666 25 88
594 -86.0 -95.0 25.0 325.386173582 47 643 26 84
595 -86.0 -95.0 26.0 325.681026019 47 620 26 88
596 -86.0 -95.0 27.0 325.982017865 47 597 27 90
597 -86.0 -95.0 28.0 326.289159917 47 574 27 89
598 -86.0 -94.0 25.0 325.067321994 55 643 26 88
599 -86.0 -94.0 26.0 325.364028869 55 620 26 92
600 -86.0 -94.0 27.0 325.666921284 55 597 26 88
601 -86.0 -94.0 28.0 325.976010365 55 574 27 89
602 -86.0 -94.0 29.0 326.29130769 55 551 27 90
603 -86.0 -93.0 27.0 325.348748655 63 597 26 88
604 -86.0 -93.0 28.0 325.659798388 63 574 26 88
605 -86.0 -93.0 29.0 325.977103818 63 551 27 90
606 -86.0 -92.0 28.0 325.340476965 71 573 26 89
607 -86.0 -92.0 29.0 325.659804638 71 550 27 88
608 -86.0 -92.0 30.0 325.985448908 71 527 27 88
609 -86.0 -91.0 29.0 325.339362376 79 550 27 90
610 -86.0 -91.0 30.0 325.667092047 79 527 27 89
611 -86.0 -90.0 30.0 325.345558228 87 527 28 89
612 -86.0 -90.0 31.0 325.681817554 87 504 27 89
613 -86.0 -89.0 31.0 325.359222849 95 503 28 88
614 -86.0 -89.0 32.0 325.704143267 95 480 27 89
615 -86.0 -88.0 32.0 325.380519798 103 480 28 89
616 -86.0 -87.0 32.0 325.053600119 111 479 28 89
617 -86.0 -87.0 33.0 325.409618122 111 456 29 88
618 -86.0 -86.0 33.0 325.081667892 119 456 28 90
838 -85.0 -102.0 14.0 325.105923388 0 896 25 12
839 -85.0 -102.0 15.0 325.325403545 0 873 24 13
840 -85.0 -102.0 16.0 325.550660649 0 851 24 13
841 -85.0 -102.0 17.0 325.781700225 0 828 25 12
842 -85.0 -102.0 18.0 326.018527978 0 806 25 13
843 -85.0 -102.0 19.0 326.261149811 0 783 25 11
844 -85.0 -102.0 20.0 326.509571843 0 760 25 11
845 -85.0 -102.0 21.0 326.763800418 0 738 25 11
846 -85.0 -102.0 22.0 327.023842133 0 715 25 10
847 -85.0 -102.0 23.0 327.28970385 0 692 25 9
848 -85.0 -102.0 24.0 327.561392718 0 669 26 8
849 -85.0 -101.0 16.0 325.23882683 4 851 24 86
850 -85.0 -101.0 17.0 325.471287146 5 828 25 88
851 -85.0 -101.0 18.0 325.709575818 5 806 25 83
852 -85.0 -101.0 19.0 325.953698983 5 783 24 87
853 -85.0 -101.0 20.0 326.203662991 4 761 25 85
854 -85.0 -101.0 21.0 326.459474427 4 738 26 85
855 -85.0 -101.0 22.0 326.721140124 4 715 25 87
856 -85.0 -101.0 23.0 326.988667183 4 692 25 85
857 -85.0 -101.0 24.0 327.262062999 4 670 26 84
858 -85.0 -101.0 25.0 327.541335275 4 647 26 85
859 -85.0 -100.0 17.0 325.157976976 13 828 24 89
860 -85.0 -100.0 18.0 325.397735943 13 806 25 87
861 -85.0 -100.0 19.0 325.64337033 13 783 25 88
862 -85.0 -100.0 20.0 325.894886733 13 760 25 89
863 -85.0 -100.0 21.0 326.152291979 13 738 26 89
864 -85.0 -100.0 22.0 326.415593147 12 715 25 89
865 -85.0 -100.0 23.0 326.684797589 12 692 25 89
866 -85.0 -100.0 24.0 326.95991295 12 669 26 89
867 -85.0 -100.0 25.0 327.240947187 12 646 26 89
868 -85.0 -99.0 18.0 325.082965604 21 805 25 86
869 -85.0 -99.0 19.0 325.330120984 21 782 25 88
870 -85.0 -99.0 20.0 325.583200082 21 760 25 88
871 -85.0 -99.0 21.0 325.842209979 21 737 26 88
872 -85.0 -99.0 22.0 326.107158011 21 715 25 89
873 -85.0 -99.0 23.0 326.378051784 21 692 26 89
874 -85.0 -99.0 24.0 326.654899204 21 669 26 88
875 -85.0 -99.0 25.0 326.937708493 20 646 26 89
876 -85.0 -99.0 26.0 327.226488216 20 623 26 86
877 -85.0 -98.0 20.0 325.268559501 29 759 25 89
878 -85.0 -98.0 21.0 325.529184773 29 737 25 88
879 -85.0 -98.0 22.0 325.795790946 29 714 25 88
880 -85.0 -98.0 23.0 326.068385896 29 691 26 87
881 -85.0 -98.0 24.0 326.346977796 29 669 26 87
882 -85.0 -98.0 25.0 326.631575141 29 646 26 90
883 -85.0 -98.0 26.0 326.922186771 29 623 26 90
884 -85.0 -98.0 27.0 327.218821898 28 600 26 84
885 -85.0 -97.0 21.0 325.213172141 37 736 25 88
886 -85.0 -97.0 22.0 325.481447612 37 714 25 89
887 -85.0 -97.0 23.0 325.755755468 37 691 26 88
888 -85.0 -97.0 24.0 326.036104161 37 668 26 88
889 -85.0 -97.0 25.0 326.322502467 37 645 26 91
890 -85.0 -97.0 26.0 326.614959514 37 623 26 88
891 -85.0 -97.0 27.0 326.913484802 37 600 27 86
892 -85.0 -96.0 22.0 325.164083097 45 713 26 87
893 -85.0 -96.0 23.0 325.44011546 45 691 26 88
894 -85.0 -96.0 24.0 325.722233139 45 668 26 86
895 -85.0 -96.0 25.0 326.010445203 45 645 26 92
896 -85.0 -96.0 26.0 326.304761073 45 622 27 88
897 -85.0 -96.0 27.0 326.605190552 45 599 27 87
898 -85.0 -96.0 28.0 326.911743851 45 576 27 89
899 -85.0 -95.0 23.0 325.121420254 53 690 26 88
900 -85.0 -95.0 24.0 325.405318979 53 667 25 85
901 -85.0 -95.0 25.0 325.695357471 53 645 26 91
902 -85.0 -95.0 26.0 325.991545458 53 622 27 88
903 -85.0 -95.0 27.0 326.293893052 53 599 27 88
904 -85.0 -95.0 28.0 326.60241078 53 576 27 90
905 -85.0 -95.0 29.0 326.917109612 53 553 27 89
906 -85.0 -94.0 24.0 325.08531534 61 667 26 87
907 -85.0 -94.0 25.0 325.377192792 61 644 26 87
908 -85.0 -94.0 26.0 325.675266058 61 621 26 85
909 -85.0 -94.0 27.0 325.979545572 61 598 27 88
910 -85.0 -94.0 28.0 326.290042187 61 576 27 90
911 -85.0 -94.0 29.0 326.606767206 61 553 27 89
912 -85.0 -93.0 25.0 325.055904089 69 644 26 87
913 -85.0 -93.0 26.0 325.355875652 69 621 26 84
914 -85.0 -93.0 27.0 325.662100756 69 598 26 88
915 -85.0 -93.0 28.0 325.974590592 69 575 27 88
916 -85.0 -93.0 29.0 326.293356807 69 552 27 89
917 -85.0 -93.0 30.0 326.618411538 69 529 27 88
elapsed time is 1347.271108
