generating bragg masks, processing batch 33
0 -2.0 3.0 10.0 169.07474943 1253 1017 432 70
1 -2.0 4.0 11.0 167.213324831 1246 995 285 69
2 -2.0 5.0 11.0 169.267507845 1237 994 196 69
3 -2.0 5.0 12.0 166.722730816 1238 973 222 70
4 -2.0 6.0 12.0 168.496044604 1229 972 169 67
5 -2.0 6.0 13.0 166.689484472 1230 951 189 69
6 -2.0 7.0 12.0 169.591522828 1220 971 137 70
7 -2.0 7.0 13.0 168.187734742 1221 950 151 68
8 -2.0 7.0 14.0 166.864939397 1222 929 166 70
9 -2.0 7.0 15.0 165.634537643 1223 908 182 69
10 -2.0 7.0 29.0 165.889020671 1241 605 613 64
11 -2.0 7.0 30.0 168.435442382 1245 583 744 71
12 -2.0 8.0 13.0 169.201292983 1212 949 127 69
13 -2.0 8.0 14.0 168.134518409 1214 928 139 69
14 -2.0 8.0 15.0 167.153366623 1215 907 152 69
15 -2.0 8.0 16.0 166.266228413 1216 886 165 70
16 -2.0 8.0 17.0 165.481665116 1217 864 179 69
17 -2.0 8.0 27.0 165.547721881 1230 648 380 65
18 -2.0 8.0 28.0 166.713393216 1232 627 420 66
19 -2.0 8.0 29.0 168.241595826 1234 604 470 68
20 -2.0 9.0 13.0 169.940203706 1203 949 109 69
21 -2.0 9.0 14.0 169.049083514 1204 927 120 70
22 -2.0 9.0 15.0 168.236899252 1206 906 130 70
23 -2.0 9.0 16.0 167.510051722 1207 885 141 67
24 -2.0 9.0 17.0 166.875101749 1208 863 152 70
25 -2.0 9.0 18.0 166.33880111 1209 842 164 68
26 -2.0 9.0 19.0 165.908155156 1210 821 177 70
27 -2.0 9.0 20.0 165.59052755 1212 799 189 70
28 -2.0 9.0 21.0 165.393800923 1212 778 203 70
29 -2.0 9.0 22.0 165.326612715 1214 756 218 70
30 -2.0 9.0 23.0 165.398694759 1215 734 233 70
31 -2.0 9.0 24.0 165.621361122 1216 713 250 70
32 -2.0 9.0 25.0 166.008216998 1218 691 269 71
33 -2.0 9.0 26.0 166.576213215 1220 670 289 69
34 -2.0 9.0 27.0 167.347270392 1221 648 312 68
35 -2.0 9.0 28.0 168.350899909 1223 626 340 71
36 -2.0 9.0 29.0 169.628696968 1226 604 374 76
37 -2.0 10.0 14.0 169.745273526 1195 927 104 69
38 -2.0 10.0 15.0 169.05438106 1197 906 114 69
39 -2.0 10.0 16.0 168.441327478 1198 884 123 68
40 -2.0 10.0 17.0 167.911315229 1199 863 133 69
41 -2.0 10.0 18.0 167.469715951 1200 841 143 72
42 -2.0 10.0 19.0 167.122123033 1202 820 153 68
43 -2.0 10.0 20.0 166.874431807 1203 799 164 70
44 -2.0 10.0 21.0 166.732955688 1204 777 175 69
45 -2.0 10.0 22.0 166.704589735 1205 755 187 70
46 -2.0 10.0 23.0 166.797038094 1207 734 201 70
47 -2.0 10.0 24.0 167.019130063 1208 712 214 71
48 -2.0 10.0 25.0 167.381263288 1210 691 229 69
49 -2.0 10.0 26.0 167.896036427 1211 669 245 70
50 -2.0 10.0 27.0 168.579176257 1213 647 263 73
51 -2.0 10.0 28.0 169.450944248 1215 625 284 73
52 -2.0 11.0 15.0 169.697964109 1188 905 101 69
53 -2.0 11.0 16.0 169.169397028 1189 883 109 70
54 -2.0 11.0 17.0 168.716436522 1190 862 117 68
55 -2.0 11.0 18.0 168.343455203 1191 841 126 70
56 -2.0 11.0 19.0 168.055010646 1193 819 135 70
57 -2.0 11.0 20.0 167.855906129 1194 798 144 69
58 -2.0 11.0 21.0 167.751275267 1195 776 154 70
59 -2.0 11.0 22.0 167.746697532 1197 755 164 71
60 -2.0 11.0 23.0 167.848354519 1198 733 175 69
61 -2.0 11.0 24.0 168.063241164 1200 712 186 71
62 -2.0 11.0 25.0 168.399453301 1201 690 199 70
63 -2.0 11.0 26.0 168.866584515 1203 668 212 71
64 -2.0 11.0 27.0 169.476285045 1205 646 227 69
65 -2.0 12.0 16.0 169.758280847 1180 883 98 69
66 -2.0 12.0 17.0 169.363996917 1181 861 106 68
67 -2.0 12.0 18.0 169.042644743 1182 840 114 68
68 -2.0 12.0 19.0 168.798002589 1184 819 121 68
69 -2.0 12.0 20.0 168.634047293 1185 797 129 68
70 -2.0 12.0 21.0 168.555016938 1186 776 138 71
71 -2.0 12.0 22.0 168.56549434 1188 754 146 69
72 -2.0 12.0 23.0 168.670517433 1189 732 156 71
73 -2.0 12.0 24.0 168.875725101 1191 711 165 71
74 -2.0 12.0 25.0 169.187550894 1192 689 175 70
75 -2.0 12.0 26.0 169.613483101 1194 667 187 70
76 -2.0 13.0 17.0 169.899546814 1172 861 97 68
77 -2.0 13.0 18.0 169.618250508 1173 839 103 69
78 -2.0 13.0 19.0 169.407104649 1175 818 109 70
79 -2.0 13.0 20.0 169.269449488 1176 796 117 69
80 -2.0 13.0 21.0 169.208833643 1177 775 124 68
81 -2.0 13.0 22.0 169.229075838 1179 753 132 70
82 -2.0 13.0 23.0 169.334345002 1180 732 140 70
83 -2.0 13.0 24.0 169.529264085 1182 710 148 69
84 -2.0 13.0 25.0 169.819045143 1184 688 157 71
85 -2.0 14.0 19.0 169.918458976 1166 817 100 71
86 -2.0 14.0 20.0 169.801044706 1167 796 107 69
87 -2.0 14.0 21.0 169.754066687 1169 774 114 69
88 -2.0 14.0 22.0 169.780749233 1170 752 120 71
89 -2.0 14.0 23.0 169.884590933 1171 731 127 71
90 -1.0 3.0 5.0 167.392592239 1246 1124 132 70
91 -1.0 4.0 5.0 169.337281969 1237 1123 92 68
92 -1.0 4.0 6.0 165.24297549 1238 1102 114 68
93 -1.0 5.0 6.0 167.346160992 1229 1101 88 67
94 -1.0 6.0 6.0 168.63855718 1220 1100 72 67
95 -1.0 6.0 7.0 166.245318876 1221 1079 84 68
96 -1.0 7.0 6.0 169.524033343 1211 1100 61 67
97 -1.0 7.0 7.0 167.562203543 1212 1078 72 68
98 -1.0 7.0 8.0 165.636462327 1213 1057 82 69
99 -1.0 7.0 36.0 166.41102412 1250 451 1186 81
100 -1.0 8.0 7.0 168.516459352 1203 1078 63 69
101 -1.0 8.0 8.0 166.897666039 1204 1057 71 70
102 -1.0 8.0 9.0 165.327414449 1205 1035 80 69
103 -1.0 8.0 35.0 165.362851039 1238 473 652 74
104 -1.0 8.0 36.0 169.5625341 1245 450 886 72
105 -1.0 9.0 7.0 169.246046 1194 1077 56 69
106 -1.0 9.0 8.0 167.851491704 1195 1056 64 70
107 -1.0 9.0 9.0 166.505797724 1196 1035 71 68
108 -1.0 9.0 10.0 165.214397912 1198 1014 79 69
109 -1.0 9.0 34.0 165.145572835 1228 494 454 66
110 -1.0 9.0 35.0 167.709369236 1232 472 529 77
111 -1.0 10.0 7.0 169.826959829 1185 1076 51 69
112 -1.0 10.0 8.0 168.603088918 1186 1055 57 69
113 -1.0 10.0 9.0 167.427216735 1187 1034 64 68
114 -1.0 10.0 10.0 166.303602792 1188 1013 71 69
115 -1.0 10.0 11.0 165.236558132 1190 992 78 68
116 -1.0 10.0 33.0 165.199892077 1217 516 347 76
117 -1.0 10.0 34.0 166.999156977 1220 493 383 69
118 -1.0 10.0 35.0 169.182670971 1225 471 433 71
119 -1.0 11.0 8.0 169.214698935 1177 1055 53 70
120 -1.0 11.0 9.0 168.171503392 1178 1033 58 70
121 -1.0 11.0 10.0 167.178313904 1179 1012 64 68
122 -1.0 11.0 11.0 166.238612831 1181 991 70 68
123 -1.0 11.0 12.0 165.355895535 1182 970 78 70
124 -1.0 11.0 32.0 165.380687594 1207 537 278 71
125 -1.0 11.0 33.0 166.719961554 1209 515 300 72
126 -1.0 11.0 34.0 168.300842556 1212 493 327 71
127 -1.0 12.0 8.0 169.72546041 1168 1054 49 68
128 -1.0 12.0 9.0 168.788652629 1169 1033 54 67
129 -1.0 12.0 10.0 167.899561995 1170 1011 59 68
130 -1.0 12.0 11.0 167.061072626 1172 990 65 69
131 -1.0 12.0 12.0 166.276079646 1173 969 71 67
132 -1.0 12.0 13.0 165.547478543 1174 948 76 69
133 -1.0 12.0 31.0 165.631106876 1196 558 230 70
134 -1.0 12.0 32.0 166.65911073 1199 537 246 70
135 -1.0 12.0 33.0 167.860006302 1202 514 263 71
136 -1.0 12.0 34.0 169.260000954 1204 492 284 74
137 -1.0 13.0 9.0 169.311523918 1160 1032 51 71
138 -1.0 13.0 10.0 168.507339412 1161 1011 55 68
139 -1.0 13.0 11.0 167.751076963 1163 989 60 69
140 -1.0 13.0 12.0 167.045181246 1164 968 66 68
141 -1.0 13.0 13.0 166.392100666 1165 947 71 70
142 -1.0 13.0 14.0 165.794283327 1166 926 76 69
143 -1.0 13.0 15.0 165.254175762 1167 904 82 68
144 -1.0 13.0 29.0 165.243949147 1184 602 184 71
145 -1.0 13.0 30.0 165.923923933 1186 580 194 70
146 -1.0 13.0 31.0 166.726014295 1188 558 206 72
147 -1.0 13.0 32.0 167.661729012 1190 536 219 71
148 -1.0 13.0 33.0 168.745722212 1193 514 234 72
149 -1.0 13.0 34.0 169.997091638 1196 491 251 72
150 -1.0 14.0 9.0 169.762582541 1151 1031 48 69
151 -1.0 14.0 10.0 169.028908728 1152 1010 52 70
152 -1.0 14.0 11.0 168.34068569 1154 989 56 69
153 -1.0 14.0 12.0 167.700009431 1155 967 61 68
154 -1.0 14.0 13.0 167.108981589 1156 946 65 69
155 -1.0 14.0 14.0 166.569707665 1157 925 70 69
156 -1.0 14.0 15.0 166.084297455 1158 904 75 68
157 -1.0 14.0 16.0 165.654868146 1159 882 80 70
158 -1.0 14.0 17.0 165.283550583 1161 861 86 69
159 -1.0 14.0 27.0 165.281203466 1173 645 150 70
160 -1.0 14.0 28.0 165.715302948 1174 623 159 70
161 -1.0 14.0 29.0 166.244373379 1176 601 167 70
162 -1.0 14.0 30.0 166.874587955 1178 579 176 72
163 -1.0 14.0 31.0 167.613375778 1180 557 186 72
164 -1.0 14.0 32.0 168.46982167 1182 535 197 71
165 -1.0 14.0 33.0 169.455228332 1184 513 210 73
166 -1.0 15.0 10.0 169.483476554 1143 1009 49 68
167 -1.0 15.0 11.0 168.852433082 1144 988 52 65
168 -1.0 15.0 12.0 168.266387474 1146 967 57 69
169 -1.0 15.0 13.0 167.72716586 1147 945 61 67
170 -1.0 15.0 14.0 167.236600529 1148 924 66 69
171 -1.0 15.0 15.0 166.79653124 1149 903 71 70
172 -1.0 15.0 16.0 166.40880865 1150 882 75 70
173 -1.0 15.0 17.0 166.075300228 1152 860 80 70
174 -1.0 15.0 18.0 165.797899092 1153 839 85 69
175 -1.0 15.0 19.0 165.578536214 1154 817 90 69
176 -1.0 15.0 20.0 165.419196557 1155 796 96 69
177 -1.0 15.0 21.0 165.321939798 1156 774 101 70
178 -1.0 15.0 22.0 165.288926447 1158 753 107 69
179 -1.0 15.0 23.0 165.322450395 1159 731 113 70
180 -1.0 15.0 24.0 165.424979232 1160 709 119 70
181 -1.0 15.0 25.0 165.599204114 1161 688 125 72
182 -1.0 15.0 26.0 165.848101576 1163 666 132 69
183 -1.0 15.0 27.0 166.175010588 1164 644 138 71
184 -1.0 15.0 28.0 166.583729436 1166 622 145 72
185 -1.0 15.0 29.0 167.078638925 1167 600 153 73
186 -1.0 15.0 30.0 167.664861259 1169 578 161 73
187 -1.0 15.0 31.0 168.348468362 1171 556 170 71
188 -1.0 15.0 32.0 169.136760306 1173 534 179 72
189 -1.0 15.0 33.0 170.0386458 1176 512 190 72
190 -1.0 16.0 10.0 169.884955464 1134 1008 46 68
191 -1.0 16.0 11.0 169.302606289 1135 987 49 71
192 -1.0 16.0 12.0 168.762944188 1137 966 54 69
193 -1.0 16.0 13.0 168.267572128 1138 945 58 69
194 -1.0 16.0 14.0 167.818100429 1139 923 62 68
195 -1.0 16.0 15.0 167.416148492 1140 902 66 69
196 -1.0 16.0 16.0 167.063348229 1141 881 70 70
197 -1.0 16.0 17.0 166.761349488 1143 859 75 70
198 -1.0 16.0 18.0 166.51182779 1144 838 79 69
199 -1.0 16.0 19.0 166.316494731 1145 817 84 69
elapsed time is 1380.934471
