generating bragg masks, processing batch 27
0 -2.0 2.0 11.0 137.804704007 1260 996 903 70
1 -2.0 3.0 15.0 136.52428582 1251 910 518 72
2 -2.0 3.0 34.0 135.338838561 1245 498 841 80
3 -2.0 3.0 35.0 139.106398281 1250 475 1101 69
4 -2.0 4.0 20.0 139.563206831 1243 803 458 70
5 -2.0 4.0 21.0 138.245153956 1243 781 466 76
6 -2.0 4.0 22.0 137.272491906 1242 760 476 74
7 -2.0 4.0 23.0 136.625176502 1242 738 486 76
8 -2.0 4.0 24.0 136.284966309 1241 716 499 70
9 -2.0 4.0 25.0 136.237356594 1241 695 514 79
10 -2.0 4.0 26.0 136.473161753 1241 673 532 81
11 -2.0 4.0 27.0 136.990191525 1241 651 556 79
12 -2.0 4.0 28.0 137.79560558 1242 629 587 68
13 -2.0 4.0 29.0 138.909937771 1242 607 627 73
14 -1.0 2.0 7.0 138.436927898 1255 1082 327 74
15 -1.0 2.0 42.0 135.415214528 1244 319 1012 76
16 -1.0 3.0 10.0 136.533442412 1246 1018 266 72
17 -1.0 3.0 39.0 135.197489502 1237 386 707 70
18 -1.0 3.0 40.0 139.4313492 1244 364 950 81
19 -1.0 4.0 13.0 138.133540564 1239 954 245 71
20 -1.0 4.0 14.0 135.275617687 1238 932 257 75
21 -1.0 4.0 36.0 137.007383476 1234 453 569 70
22 -1.0 4.0 37.0 139.750581258 1237 431 660 81
23 -1.0 5.0 17.0 139.195643469 1231 868 247 73
24 -1.0 5.0 18.0 137.760251847 1230 846 258 75
25 -1.0 5.0 19.0 136.54927476 1229 825 268 71
26 -1.0 5.0 20.0 135.557411386 1229 803 276 76
27 -1.0 5.0 29.0 135.331767308 1226 608 372 79
28 -1.0 5.0 30.0 136.199546457 1227 586 389 75
29 -1.0 5.0 31.0 137.257470795 1227 564 410 77
30 -1.0 5.0 32.0 138.522559261 1228 542 436 74
31 -1.0 5.0 33.0 140.021862433 1230 520 469 77
32 0.0 2.0 4.0 136.461306691 1250 1147 130 73
33 0.0 3.0 6.0 138.310666054 1242 1104 131 73
34 0.0 3.0 43.0 136.433191736 1233 296 669 79
35 0.0 4.0 9.0 136.587233971 1234 1039 145 72
36 0.0 4.0 40.0 135.615800622 1225 364 498 76
37 0.0 4.0 41.0 138.521490894 1229 341 577 77
38 0.0 5.0 11.0 139.495733527 1226 996 143 74
39 0.0 5.0 12.0 137.170020191 1226 975 154 72
40 0.0 5.0 13.0 135.056636482 1225 954 164 73
41 0.0 5.0 37.0 136.419535084 1219 431 406 77
42 0.0 5.0 38.0 138.431773321 1222 409 443 81
43 0.0 6.0 15.0 138.898825037 1218 910 161 73
44 0.0 6.0 16.0 137.554246111 1218 889 170 74
45 0.0 6.0 17.0 136.371894991 1217 868 178 73
46 0.0 6.0 18.0 135.350530749 1217 846 186 74
47 0.0 6.0 31.0 135.123407553 1212 564 294 77
48 0.0 6.0 32.0 136.030874024 1213 542 307 76
49 0.0 6.0 33.0 137.081292142 1214 520 322 76
50 0.0 6.0 34.0 138.286022169 1215 498 340 76
51 0.0 6.0 35.0 139.661564351 1216 475 361 75
52 0.0 7.0 20.0 139.849033201 1210 803 184 72
53 0.0 7.0 21.0 139.31697308 1210 781 191 75
54 0.0 7.0 22.0 138.91316692 1209 760 199 73
55 0.0 7.0 23.0 138.636154284 1209 738 207 74
56 0.0 7.0 24.0 138.484475002 1209 716 215 74
57 0.0 7.0 25.0 138.456852815 1209 695 224 75
58 0.0 7.0 26.0 138.5523776 1209 673 232 75
59 0.0 7.0 27.0 138.770692471 1209 651 241 75
60 0.0 7.0 28.0 139.112195642 1209 630 251 75
61 0.0 7.0 29.0 139.578271535 1209 607 261 76
62 1.0 1.0 50.0 136.800993344 1241 135 1063 80
63 1.0 2.0 1.0 138.518761734 1245 1211 34 73
64 1.0 2.0 48.0 136.012764508 1232 182 739 81
65 1.0 3.0 3.0 138.01861071 1237 1168 58 73
66 1.0 3.0 46.0 136.266922356 1226 228 593 81
67 1.0 4.0 5.0 138.536050044 1229 1125 74 71
68 1.0 4.0 44.0 137.099345514 1220 274 499 76
69 1.0 5.0 7.0 139.528513473 1222 1082 83 73
70 1.0 5.0 8.0 136.825325177 1221 1061 94 72
71 1.0 5.0 41.0 136.010526861 1212 342 389 78
72 1.0 5.0 42.0 138.311005854 1216 319 429 76
73 1.0 6.0 10.0 138.745810164 1213 1018 100 72
74 1.0 6.0 11.0 136.857678946 1213 997 108 72
75 1.0 6.0 12.0 135.123075116 1213 975 116 73
76 1.0 6.0 38.0 136.262352645 1206 409 322 76
77 1.0 6.0 39.0 137.922770741 1208 387 344 77
78 1.0 6.0 40.0 139.781243925 1211 364 371 76
79 1.0 7.0 13.0 139.233404745 1205 954 112 74
80 1.0 7.0 14.0 137.93727199 1205 932 119 74
81 1.0 7.0 15.0 136.767131579 1205 911 126 73
82 1.0 7.0 16.0 135.723297631 1204 890 133 75
83 1.0 7.0 33.0 135.459246289 1199 520 250 75
84 1.0 7.0 34.0 136.395760482 1199 498 261 77
85 1.0 7.0 35.0 137.449687933 1200 476 274 76
86 1.0 7.0 36.0 138.630046126 1202 454 287 76
87 1.0 7.0 37.0 139.949239633 1203 431 304 77
88 1.0 8.0 17.0 139.704415978 1198 868 128 75
89 1.0 8.0 18.0 138.965503928 1197 846 134 74
90 1.0 8.0 19.0 138.332645235 1197 825 141 74
91 1.0 8.0 20.0 137.805126857 1197 803 147 75
92 1.0 8.0 21.0 137.381951968 1196 782 154 74
93 1.0 8.0 22.0 137.061941633 1196 760 160 74
94 1.0 8.0 23.0 136.843834537 1195 738 166 76
95 1.0 8.0 24.0 136.726383909 1195 717 173 73
96 1.0 8.0 25.0 136.708451767 1195 695 179 75
97 1.0 8.0 26.0 136.78910161 1195 674 186 75
98 1.0 8.0 27.0 136.967691708 1194 651 193 76
99 1.0 8.0 28.0 137.243972168 1194 630 200 75
100 1.0 8.0 29.0 137.618190303 1194 608 207 75
101 1.0 8.0 30.0 138.091210468 1195 586 215 75
102 1.0 8.0 31.0 138.664656918 1195 564 224 76
103 1.0 8.0 32.0 139.341091837 1195 542 232 75
104 2.0 -1.0 -6.0 137.467841086 1263 1362 1378 75
105 2.0 0.0 54.0 138.127415166 1247 41 1464 75
106 2.0 1.0 -3.0 137.679368153 1248 1297 89 73
107 2.0 1.0 52.0 135.073015727 1230 89 758 84
108 2.0 2.0 -1.0 135.164014837 1240 1254 31 72
109 2.0 2.0 51.0 138.943838997 1234 112 821 76
110 2.0 3.0 0.0 139.726683305 1233 1232 23 64
111 2.0 3.0 49.0 137.620890291 1223 159 586 80
112 2.0 4.0 2.0 138.845144094 1224 1189 34 74
113 2.0 4.0 3.0 135.111714029 1224 1168 43 73
114 2.0 4.0 47.0 137.334759381 1215 205 474 77
115 2.0 5.0 4.0 138.839013338 1217 1147 48 73
116 2.0 5.0 5.0 135.983508826 1216 1125 56 72
117 2.0 5.0 44.0 135.271417515 1203 274 363 78
118 2.0 5.0 45.0 137.639082829 1208 251 401 81
119 2.0 6.0 6.0 139.345920442 1209 1104 58 73
120 2.0 6.0 7.0 137.124606191 1208 1082 66 72
121 2.0 6.0 42.0 136.395904941 1199 319 321 79
122 2.0 6.0 43.0 138.344104548 1202 296 348 79
123 2.0 7.0 9.0 138.438238969 1201 1039 74 73
124 2.0 7.0 10.0 136.813765615 1200 1018 81 72
125 2.0 7.0 11.0 135.309365768 1200 997 87 73
126 2.0 7.0 39.0 136.295342406 1192 387 271 80
127 2.0 7.0 40.0 137.744486727 1194 364 286 79
128 2.0 7.0 41.0 139.34007507 1197 342 304 77
129 2.0 8.0 11.0 139.870121621 1193 996 80 73
130 2.0 8.0 12.0 138.605504201 1193 975 87 72
131 2.0 8.0 13.0 137.443001915 1192 954 92 72
132 2.0 8.0 14.0 136.383559648 1192 933 99 74
133 2.0 8.0 15.0 135.42746785 1191 911 104 74
134 2.0 8.0 34.0 135.201733779 1185 499 215 77
135 2.0 8.0 35.0 136.066545556 1186 476 223 76
136 2.0 8.0 36.0 137.027056168 1186 454 232 76
137 2.0 8.0 37.0 138.089139147 1188 431 243 76
138 2.0 8.0 38.0 139.260591078 1189 409 254 78
139 2.0 9.0 15.0 139.530649023 1185 911 96 74
140 2.0 9.0 16.0 138.73621796 1185 889 102 73
141 2.0 9.0 17.0 138.031475718 1184 868 108 73
142 2.0 9.0 18.0 137.416182094 1184 847 113 75
143 2.0 9.0 19.0 136.889820514 1183 825 119 72
144 2.0 9.0 20.0 136.451656824 1183 804 124 73
145 2.0 9.0 21.0 136.100798881 1182 782 129 74
146 2.0 9.0 22.0 135.836255771 1182 760 134 75
147 2.0 9.0 23.0 135.656995858 1182 739 140 74
148 2.0 9.0 24.0 135.562003357 1181 717 146 75
149 2.0 9.0 25.0 135.550333475 1181 696 150 73
150 2.0 9.0 26.0 135.621166628 1181 674 156 76
151 2.0 9.0 27.0 135.773862609 1180 652 162 75
152 2.0 9.0 28.0 136.008016047 1180 630 167 76
153 2.0 9.0 29.0 136.323514966 1180 608 173 74
154 2.0 9.0 30.0 136.720604863 1180 586 179 76
155 2.0 9.0 31.0 137.199961519 1181 564 185 77
156 2.0 9.0 32.0 137.762776834 1181 542 192 76
157 2.0 9.0 33.0 138.410863592 1181 520 199 75
158 2.0 9.0 34.0 139.14678739 1182 498 208 76
159 2.0 9.0 35.0 139.974037629 1183 476 216 76
160 2.0 10.0 21.0 139.778220135 1177 781 121 76
161 2.0 10.0 22.0 139.524513111 1176 760 126 73
162 2.0 10.0 23.0 139.349620888 1176 738 132 72
163 2.0 10.0 24.0 139.253158975 1176 717 137 75
164 2.0 10.0 25.0 139.234786767 1176 695 142 74
165 2.0 10.0 26.0 139.294255065 1176 673 147 74
166 2.0 10.0 27.0 139.431455298 1176 651 153 77
167 2.0 10.0 28.0 139.646471463 1176 630 159 77
168 2.0 10.0 29.0 139.939636285 1176 608 165 77
169 3.0 -1.0 -8.0 139.958559506 1258 1405 578 67
171 3.0 1.0 -5.0 136.587247742 1243 1340 114 73
172 3.0 2.0 53.0 137.592477815 1224 65 655 81
173 3.0 3.0 -2.0 137.722164582 1227 1276 35 73
174 3.0 3.0 51.0 136.156313641 1212 112 496 79
175 3.0 4.0 0.0 136.6760771 1220 1233 23 72
176 3.0 4.0 49.0 135.619790082 1204 159 411 81
177 3.0 4.0 50.0 138.717998572 1212 135 479 84
178 3.0 5.0 1.0 139.458165463 1212 1211 26 73
179 3.0 5.0 2.0 136.472054247 1212 1190 30 71
180 3.0 5.0 47.0 135.638918819 1197 205 354 80
181 3.0 5.0 48.0 138.139701839 1203 182 394 81
182 3.0 6.0 3.0 139.171537204 1204 1168 34 73
183 3.0 6.0 4.0 136.789256074 1204 1147 40 74
184 3.0 6.0 45.0 136.055773528 1191 251 312 78
185 3.0 6.0 46.0 138.120528524 1196 228 337 79
186 3.0 7.0 5.0 139.36729833 1196 1125 43 73
187 3.0 7.0 6.0 137.451605925 1196 1104 50 72
188 3.0 7.0 7.0 135.646582308 1195 1083 56 73
189 3.0 7.0 42.0 135.20665958 1183 319 261 78
190 3.0 7.0 43.0 136.776940788 1186 297 277 80
191 3.0 7.0 44.0 138.493696109 1189 274 295 81
192 3.0 8.0 7.0 139.898969587 1188 1082 51 72
193 3.0 8.0 8.0 138.354657074 1188 1061 57 73
194 3.0 8.0 9.0 136.906723443 1188 1040 63 73
195 3.0 8.0 10.0 135.557281178 1187 1019 68 73
196 3.0 8.0 39.0 135.22841588 1177 387 225 78
197 3.0 8.0 40.0 136.430355846 1179 365 236 77
198 3.0 8.0 41.0 137.737619876 1181 342 247 78
199 3.0 8.0 42.0 139.161917258 1183 319 260 80
200 3.0 9.0 10.0 139.432800251 1180 1018 64 73
elapsed time is 1459.100955
