generating bragg masks, processing batch 45
805 -101.0 96.0 19.0 230.004893662 0 620 26 3
1067 -100.0 92.0 7.0 229.882146525 0 895 24 8
1068 -100.0 92.0 8.0 229.922413404 1 875 24 36
1069 -100.0 92.0 9.0 229.968520112 3 852 24 64
1070 -100.0 92.0 10.0 230.020512155 4 830 25 89
1093 -100.0 93.0 9.0 229.697520426 0 849 25 2
1094 -100.0 93.0 10.0 229.748590678 1 829 24 25
1095 -100.0 93.0 11.0 229.805558229 2 807 25 55
1096 -100.0 93.0 12.0 229.868469709 4 784 25 81
1097 -100.0 93.0 13.0 229.937372605 6 762 25 91
1098 -100.0 93.0 14.0 230.012315286 9 739 25 91
1128 -100.0 94.0 12.0 229.598165087 0 782 25 14
1129 -100.0 94.0 13.0 229.666058588 2 761 25 42
1130 -100.0 94.0 14.0 229.73995619 3 738 25 70
1131 -100.0 94.0 15.0 229.819906629 5 715 25 90
1132 -100.0 94.0 16.0 229.905959579 8 693 25 91
1133 -100.0 94.0 17.0 229.998165687 11 670 25 92
1167 -100.0 95.0 14.0 229.471160162 0 736 25 3
1168 -100.0 95.0 15.0 229.550046676 1 714 26 29
1169 -100.0 95.0 16.0 229.634999186 2 692 26 56
1170 -100.0 95.0 17.0 229.726067767 4 669 26 84
1171 -100.0 95.0 18.0 229.823303494 6 647 26 91
1172 -100.0 95.0 19.0 229.926758478 9 624 26 92
1173 -100.0 95.0 20.0 230.036485912 12 601 26 95
1211 -100.0 96.0 17.0 229.457549941 0 667 26 13
1212 -100.0 96.0 18.0 229.55362854 2 645 26 41
1213 -100.0 96.0 19.0 229.655888434 3 622 26 72
1214 -100.0 96.0 20.0 229.764382207 5 600 26 91
1253 -100.0 97.0 19.0 229.388598428 0 620 26 4
1498 -99.0 90.0 0.0 229.957588916 0 1056 24 7
1499 -99.0 90.0 1.0 229.958678609 2 1034 24 37
1500 -99.0 90.0 2.0 229.965397443 3 1011 24 67
1501 -99.0 90.0 3.0 229.977787135 5 989 24 90
1502 -99.0 90.0 4.0 229.995890096 8 967 24 88
1503 -99.0 90.0 5.0 230.019749444 11 945 24 90
1504 -99.0 90.0 6.0 230.049409023 14 923 24 89
1518 -99.0 91.0 2.0 229.692971769 0 1008 23 3
1519 -99.0 91.0 3.0 229.704635799 1 988 23 30
1520 -99.0 91.0 4.0 229.721981213 3 966 24 59
1521 -99.0 91.0 5.0 229.745050655 4 944 24 87
1522 -99.0 91.0 6.0 229.773887483 7 922 24 89
1523 -99.0 91.0 7.0 229.808535794 10 899 25 89
1524 -99.0 91.0 8.0 229.849040442 13 877 24 88
1525 -99.0 91.0 9.0 229.895447061 16 855 25 89
1526 -99.0 91.0 10.0 229.94780209 19 832 24 90
1527 -99.0 91.0 11.0 230.006152797 22 810 25 89
1547 -99.0 92.0 5.0 229.473908392 1 943 24 22
1548 -99.0 92.0 6.0 229.501938451 2 921 25 51
1549 -99.0 92.0 7.0 229.535746898 4 898 24 78
1550 -99.0 92.0 8.0 229.575378087 6 876 24 88
1551 -99.0 92.0 9.0 229.620877142 9 854 25 90
1552 -99.0 92.0 10.0 229.672289984 12 831 25 90
1553 -99.0 92.0 11.0 229.729663348 15 809 25 89
1554 -99.0 92.0 12.0 229.793044822 18 786 25 91
1555 -99.0 92.0 13.0 229.862482863 21 764 25 89
1556 -99.0 92.0 14.0 229.938026837 24 741 25 92
1557 -99.0 92.0 15.0 230.019727049 26 719 25 90
1582 -99.0 93.0 7.0 229.266511994 0 897 24 11
1583 -99.0 93.0 8.0 229.305285983 1 875 25 40
1584 -99.0 93.0 9.0 229.349893991 3 853 24 68
1585 -99.0 93.0 10.0 229.400381423 5 830 25 89
1586 -99.0 93.0 11.0 229.456794491 8 808 24 88
1587 -99.0 93.0 12.0 229.519180245 11 785 25 90
1588 -99.0 93.0 13.0 229.587586597 14 763 25 90
1589 -99.0 93.0 14.0 229.662062353 17 740 25 92
1590 -99.0 93.0 15.0 229.742657247 19 718 26 91
1591 -99.0 93.0 16.0 229.829421972 22 695 26 90
1592 -99.0 93.0 17.0 229.92240822 25 673 26 91
1593 -99.0 93.0 18.0 230.021668717 28 650 26 92
1623 -99.0 94.0 9.0 229.082462305 0 850 25 3
1624 -99.0 94.0 10.0 229.132040888 1 829 24 29
1625 -99.0 94.0 11.0 229.187510488 2 807 25 57
1626 -99.0 94.0 12.0 229.248917626 4 784 24 84
1627 -99.0 94.0 13.0 229.316309672 7 762 25 90
1628 -99.0 94.0 14.0 229.38973488 9 739 25 92
1629 -99.0 94.0 15.0 229.469242417 12 717 25 90
1630 -99.0 94.0 16.0 229.554882401 15 694 26 90
1631 -99.0 94.0 17.0 229.64670593 18 672 26 91
1632 -99.0 94.0 18.0 229.744765127 21 649 26 93
1633 -99.0 94.0 19.0 229.849113178 24 626 26 92
1634 -99.0 94.0 20.0 229.959804374 26 603 26 88
1669 -99.0 95.0 12.0 228.982220913 0 783 25 16
1670 -99.0 95.0 13.0 229.048615819 2 761 26 45
1671 -99.0 95.0 14.0 229.121007932 3 738 25 74
1672 -99.0 95.0 15.0 229.199445861 5 716 25 91
1673 -99.0 95.0 16.0 229.28397915 8 693 25 91
1674 -99.0 95.0 17.0 229.374658313 11 671 26 91
1675 -99.0 95.0 18.0 229.471534877 14 648 26 93
1676 -99.0 95.0 19.0 229.574661412 17 625 26 92
1677 -99.0 95.0 20.0 229.684091583 19 602 26 90
1678 -99.0 95.0 21.0 229.799880189 22 580 27 93
1679 -99.0 95.0 22.0 229.922083215 25 557 27 92
1715 -99.0 96.0 14.0 228.855844953 0 736 26 5
1716 -99.0 96.0 15.0 228.933230802 1 715 26 30
1717 -99.0 96.0 16.0 229.016675226 2 692 25 59
1718 -99.0 96.0 17.0 229.106228162 4 669 25 84
1719 -99.0 96.0 18.0 229.201940543 7 647 25 93
1720 -99.0 96.0 19.0 229.303864335 9 624 26 93
1721 -99.0 96.0 20.0 229.412052582 12 601 27 92
1722 -99.0 96.0 21.0 229.526559446 15 578 26 92
1760 -99.0 97.0 17.0 228.841378212 0 668 26 16
1761 -99.0 97.0 18.0 228.935944645 2 646 26 45
1762 -99.0 97.0 19.0 229.036684251 3 623 26 75
1763 -99.0 97.0 20.0 229.143649459 5 600 26 92
1802 -99.0 98.0 19.0 228.773083429 0 620 26 4
2043 -98.0 89.0 -4.0 229.940436296 1 1147 24 26
2044 -98.0 89.0 -3.0 229.919029806 2 1125 23 54
2045 -98.0 89.0 -2.0 229.903146892 4 1103 23 83
2046 -98.0 89.0 -1.0 229.892827453 7 1080 23 89
2047 -98.0 89.0 0.0 229.888112035 10 1058 23 90
2048 -98.0 89.0 1.0 229.889041848 13 1036 23 90
2049 -98.0 89.0 2.0 229.895658781 16 1014 23 89
2050 -98.0 89.0 3.0 229.908005412 19 991 24 88
2051 -98.0 89.0 4.0 229.926125026 22 969 24 89
2052 -98.0 89.0 5.0 229.950061635 25 947 24 89
2053 -98.0 89.0 6.0 229.97985999 28 925 24 90
2054 -98.0 89.0 7.0 230.015565611 31 902 24 89
2065 -98.0 90.0 -2.0 229.629776422 1 1102 24 19
2066 -98.0 90.0 -1.0 229.618840749 2 1079 24 50
2067 -98.0 90.0 0.0 229.613478373 4 1057 23 78
2068 -98.0 90.0 1.0 229.613730048 6 1035 24 90
2069 -98.0 90.0 2.0 229.619637195 9 1013 24 89
2070 -98.0 90.0 3.0 229.631241917 12 991 24 89
2071 -98.0 90.0 4.0 229.648587018 16 968 24 89
2072 -98.0 90.0 5.0 229.671716015 19 946 24 89
2073 -98.0 90.0 6.0 229.700673161 21 924 25 88
2074 -98.0 90.0 7.0 229.735503461 25 902 24 89
2075 -98.0 90.0 8.0 229.776252696 27 879 24 90
2076 -98.0 90.0 9.0 229.822967445 30 857 25 90
2077 -98.0 90.0 10.0 229.875695112 33 834 25 90
2078 -98.0 90.0 11.0 229.934483947 36 812 25 88
2079 -98.0 90.0 12.0 229.99938308 39 790 25 89
2095 -98.0 91.0 0.0 229.342395846 0 1056 24 13
2096 -98.0 91.0 1.0 229.341984692 2 1034 24 43
2097 -98.0 91.0 2.0 229.347197591 3 1012 24 71
2098 -98.0 91.0 3.0 229.35807618 5 990 24 88
2099 -98.0 91.0 4.0 229.374662781 8 967 24 88
2100 -98.0 91.0 5.0 229.397000425 12 945 25 90
2101 -98.0 91.0 6.0 229.425132867 15 923 24 90
2102 -98.0 91.0 7.0 229.459104608 18 901 24 90
2103 -98.0 91.0 8.0 229.498960911 21 878 25 88
2104 -98.0 91.0 9.0 229.544747829 23 856 24 90
2105 -98.0 91.0 10.0 229.59651223 26 834 25 91
2106 -98.0 91.0 11.0 229.654301815 29 811 24 88
2107 -98.0 91.0 12.0 229.718165154 32 789 25 89
2108 -98.0 91.0 13.0 229.788151714 35 766 25 90
2109 -98.0 91.0 14.0 229.864311888 38 744 25 89
2110 -98.0 91.0 15.0 229.946697029 41 721 26 90
2111 -98.0 91.0 16.0 230.03535949 44 699 26 89
2132 -98.0 92.0 2.0 229.078305346 0 1010 24 5
2133 -98.0 92.0 3.0 229.08847334 1 989 24 34
2134 -98.0 92.0 4.0 229.10431722 3 967 24 63
2135 -98.0 92.0 5.0 229.125879537 5 944 24 89
2136 -98.0 92.0 6.0 229.153203552 8 922 24 90
2137 -98.0 92.0 7.0 229.186333264 10 900 24 90
2138 -98.0 92.0 8.0 229.225313427 13 877 24 91
2139 -98.0 92.0 9.0 229.270189574 16 855 24 90
2140 -98.0 92.0 10.0 229.321008038 19 833 25 91
2141 -98.0 92.0 11.0 229.377815981 22 810 25 90
2142 -98.0 92.0 12.0 229.440661419 25 788 25 89
2143 -98.0 92.0 13.0 229.509593252 28 765 25 90
2144 -98.0 92.0 14.0 229.584661296 31 743 25 91
2145 -98.0 92.0 15.0 229.665916315 34 720 26 90
2146 -98.0 92.0 16.0 229.753410057 37 698 26 90
2147 -98.0 92.0 17.0 229.847195291 40 675 26 90
2148 -98.0 92.0 18.0 229.947325848 42 653 26 90
2174 -98.0 93.0 5.0 228.858317904 1 943 24 25
2175 -98.0 93.0 6.0 228.884849534 2 921 24 53
2176 -98.0 93.0 7.0 228.917153518 4 899 24 82
2177 -98.0 93.0 8.0 228.955274104 6 876 24 90
2178 -98.0 93.0 9.0 228.999256308 9 854 25 90
2179 -98.0 93.0 10.0 229.049145939 12 832 24 89
2180 -98.0 93.0 11.0 229.104989621 15 809 25 93
2181 -98.0 93.0 12.0 229.166834823 18 787 25 89
2182 -98.0 93.0 13.0 229.234729886 21 764 25 91
2183 -98.0 93.0 14.0 229.308724054 24 742 25 90
2184 -98.0 93.0 15.0 229.388867507 27 719 25 91
2185 -98.0 93.0 16.0 229.475211395 30 697 26 90
2186 -98.0 93.0 17.0 229.567807878 33 674 26 90
2187 -98.0 93.0 18.0 229.666710161 35 652 26 90
2188 -98.0 93.0 19.0 229.771972538 38 629 26 89
2189 -98.0 93.0 20.0 229.883650439 41 606 27 93
2190 -98.0 93.0 21.0 230.001800473 44 583 27 90
2221 -98.0 94.0 7.0 228.651529365 0 897 24 14
2222 -98.0 94.0 8.0 228.688806703 2 876 25 43
2223 -98.0 94.0 9.0 228.731911563 3 853 24 71
2224 -98.0 94.0 10.0 228.780889233 5 831 25 90
2225 -98.0 94.0 11.0 228.835785807 8 808 25 90
2226 -98.0 94.0 12.0 228.896648211 11 786 25 90
2227 -98.0 94.0 13.0 228.963524234 14 763 25 92
2228 -98.0 94.0 14.0 229.036462554 17 741 25 91
2229 -98.0 94.0 15.0 229.115512773 20 718 25 90
2230 -98.0 94.0 16.0 229.200725453 22 696 25 91
2231 -98.0 94.0 17.0 229.292152146 25 673 25 90
2232 -98.0 94.0 18.0 229.38984544 28 650 26 88
2233 -98.0 94.0 19.0 229.493858996 31 628 26 90
2234 -98.0 94.0 20.0 229.604247593 34 605 27 93
2235 -98.0 94.0 21.0 229.721067176 37 582 27 92
2236 -98.0 94.0 22.0 229.844374902 40 559 26 92
2237 -98.0 94.0 23.0 229.974229196 42 536 27 91
elapsed time is 1619.094451
