generating bragg masks, processing batch 25
0 -3.0 1.0 38.0 126.598021513 1252 409 1379 76
1 -3.0 2.0 33.0 127.119305926 1249 520 1034 73
2 -2.0 -1.0 47.0 125.488541946 1248 205 1405 82
3 -2.0 1.0 42.0 129.538697357 1247 319 1145 83
4 -2.0 2.0 38.0 127.385443835 1239 409 737 72
5 -2.0 3.0 16.0 129.116598058 1249 889 481 79
6 -2.0 3.0 17.0 125.879075341 1247 868 470 74
7 -2.0 3.0 32.0 125.778450856 1235 543 540 72
8 -2.0 3.0 33.0 127.646228417 1237 520 580 75
9 -2.0 3.0 34.0 129.812841509 1238 498 635 73
11 -1.0 0.0 47.0 126.682091566 1238 206 863 81
12 -1.0 1.0 44.0 125.162995664 1231 275 640 77
13 -1.0 1.0 45.0 129.684019394 1239 252 859 83
14 -1.0 2.0 8.0 125.82633913 1254 1061 341 74
15 -1.0 2.0 41.0 125.685183441 1228 343 549 77
16 -1.0 2.0 42.0 129.020770061 1233 320 649 78
17 -1.0 3.0 11.0 129.744030873 1245 997 276 72
18 -1.0 3.0 12.0 125.338533533 1245 975 285 71
19 -1.0 3.0 37.0 125.472532037 1224 432 454 76
20 -1.0 3.0 38.0 127.721804045 1227 410 495 76
21 -1.0 4.0 16.0 128.835314422 1236 890 270 72
22 -1.0 4.0 17.0 126.969116314 1235 868 276 73
23 -1.0 4.0 18.0 125.42647423 1233 847 282 73
24 -1.0 4.0 31.0 125.472641223 1223 565 367 81
25 -1.0 4.0 32.0 126.611439847 1223 543 382 79
26 -1.0 4.0 33.0 127.907985194 1224 521 400 80
27 -1.0 4.0 34.0 129.376520749 1225 499 422 76
29 0.0 0.0 49.0 125.61824744 1227 160 645 78
30 0.0 1.0 47.0 127.209410132 1225 206 599 78
31 0.0 2.0 5.0 126.881345899 1249 1125 156 74
32 0.0 2.0 44.0 126.067890051 1219 275 481 81
33 0.0 2.0 45.0 129.252643391 1224 252 560 78
34 0.0 3.0 8.0 127.217351175 1241 1061 163 74
35 0.0 3.0 41.0 126.419834968 1215 343 417 78
36 0.0 3.0 42.0 128.864098787 1219 320 459 81
37 0.0 4.0 11.0 129.283557012 1232 997 168 74
38 0.0 4.0 12.0 126.573957043 1231 976 178 75
39 0.0 4.0 37.0 126.234195846 1212 433 350 81
40 0.0 4.0 38.0 127.939378156 1214 410 372 75
41 0.0 4.0 39.0 129.822688704 1216 388 397 77
42 0.0 5.0 16.0 128.785996669 1223 890 189 73
43 0.0 5.0 17.0 127.47553656 1221 869 195 76
44 0.0 5.0 18.0 126.36786147 1221 847 202 74
45 0.0 5.0 19.0 125.4531357 1219 826 208 75
46 0.0 5.0 30.0 125.479165907 1211 587 276 75
47 0.0 5.0 31.0 126.233712373 1210 565 284 74
48 0.0 5.0 32.0 127.103756498 1211 543 294 75
49 0.0 5.0 33.0 128.092281871 1211 521 305 77
50 0.0 5.0 34.0 129.204505024 1211 499 317 78
53 1.0 -2.0 55.0 125.917731191 1228 19 762 89
54 1.0 -1.0 53.0 125.387952895 1222 67 625 81
55 1.0 0.0 -2.0 125.392789648 1260 1276 195 74
56 1.0 0.0 51.0 125.592250171 1218 114 549 81
57 1.0 1.0 0.0 128.378194849 1252 1233 23 65
58 1.0 1.0 49.0 126.340103259 1215 160 496 86
59 1.0 2.0 47.0 127.529521103 1213 207 455 82
60 1.0 3.0 5.0 127.634091426 1236 1126 88 73
61 1.0 3.0 44.0 126.631963259 1207 276 381 79
62 1.0 3.0 45.0 129.086250192 1211 252 419 82
63 1.0 4.0 8.0 127.719388667 1228 1062 109 75
64 1.0 4.0 40.0 125.134246671 1201 366 315 80
65 1.0 4.0 41.0 126.897081621 1203 343 333 82
66 1.0 4.0 42.0 128.821593391 1206 321 357 79
67 1.0 5.0 11.0 129.13924753 1219 997 122 76
68 1.0 5.0 12.0 127.182902912 1219 976 130 74
69 1.0 5.0 13.0 125.435767495 1217 955 138 75
70 1.0 5.0 36.0 125.485193116 1199 456 273 77
71 1.0 5.0 37.0 126.741007924 1199 433 284 79
72 1.0 5.0 38.0 128.109317045 1201 411 297 77
73 1.0 5.0 39.0 129.60182583 1202 388 313 81
74 1.0 6.0 15.0 129.967399687 1210 912 138 75
75 1.0 6.0 16.0 128.80582786 1210 890 145 76
76 1.0 6.0 17.0 127.795829193 1209 869 151 73
77 1.0 6.0 18.0 126.932742333 1207 848 158 76
78 1.0 6.0 19.0 126.211318922 1207 826 163 74
79 1.0 6.0 20.0 125.625984554 1205 805 169 76
80 1.0 6.0 21.0 125.171059711 1205 783 174 76
81 1.0 6.0 28.0 125.20805334 1199 632 213 77
82 1.0 6.0 29.0 125.625264288 1198 610 218 77
83 1.0 6.0 30.0 126.137771651 1198 588 224 77
84 1.0 6.0 31.0 126.744795106 1198 566 232 76
85 1.0 6.0 32.0 127.446426821 1197 544 238 75
86 1.0 6.0 33.0 128.243747186 1198 522 246 76
87 1.0 6.0 34.0 129.138983214 1198 499 256 78
90 2.0 -1.0 55.0 126.562648474 1217 20 582 83
91 2.0 0.0 -4.0 128.142122096 1255 1319 196 73
92 2.0 0.0 53.0 126.110451174 1210 67 495 83
93 2.0 1.0 -2.0 127.592929238 1247 1276 61 74
94 2.0 1.0 51.0 126.237724664 1206 114 440 85
95 2.0 1.0 52.0 129.692930802 1215 91 525 86
96 2.0 2.0 0.0 128.476822379 1240 1233 23 72
97 2.0 2.0 49.0 126.814280037 1203 161 399 79
98 2.0 2.0 50.0 129.762219664 1209 137 456 85
99 2.0 3.0 2.0 129.801433593 1232 1190 37 74
100 2.0 3.0 3.0 125.344177783 1231 1169 49 73
101 2.0 3.0 46.0 125.478263119 1195 230 336 80
102 2.0 3.0 47.0 127.762443924 1200 207 366 79
103 2.0 4.0 5.0 127.98444911 1223 1126 63 73
104 2.0 4.0 43.0 125.196675555 1191 299 295 79
105 2.0 4.0 44.0 127.030226292 1194 276 314 82
106 2.0 4.0 45.0 129.024525318 1197 253 336 82
107 2.0 5.0 8.0 128.014755509 1215 1062 82 75
108 2.0 5.0 9.0 125.849833955 1214 1041 90 74
109 2.0 5.0 40.0 125.777002024 1189 367 265 78
110 2.0 5.0 41.0 127.24518246 1190 344 278 80
111 2.0 5.0 42.0 128.830502378 1192 321 292 80
112 2.0 6.0 11.0 129.101961862 1206 998 95 74
113 2.0 6.0 12.0 127.570911892 1205 976 102 76
114 2.0 6.0 13.0 126.191283485 1204 955 109 76
115 2.0 6.0 35.0 125.098144636 1186 478 223 78
116 2.0 6.0 36.0 126.06384806 1186 456 230 79
117 2.0 6.0 37.0 127.11476582 1187 434 238 78
118 2.0 6.0 38.0 128.255513587 1187 411 248 79
119 2.0 6.0 39.0 129.492300012 1188 388 258 78
120 2.0 7.0 15.0 129.795315125 1197 912 113 74
121 2.0 7.0 16.0 128.855512117 1196 891 118 76
122 2.0 7.0 17.0 128.033643824 1196 869 124 76
123 2.0 7.0 18.0 127.326780193 1195 848 129 74
124 2.0 7.0 19.0 126.731669068 1194 826 134 76
125 2.0 7.0 20.0 126.244862002 1193 805 140 74
126 2.0 7.0 21.0 125.862825701 1192 784 144 74
127 2.0 7.0 22.0 125.582038724 1191 762 149 72
128 2.0 7.0 23.0 125.399074086 1190 740 155 75
129 2.0 7.0 24.0 125.31066913 1189 719 159 73
130 2.0 7.0 25.0 125.313784531 1188 697 164 76
131 2.0 7.0 26.0 125.405654555 1188 675 169 77
132 2.0 7.0 27.0 125.583830902 1187 654 174 76
133 2.0 7.0 28.0 125.846222539 1186 632 178 75
134 2.0 7.0 29.0 126.191134054 1186 610 184 76
135 2.0 7.0 30.0 126.617305238 1185 588 189 76
136 2.0 7.0 31.0 127.123954848 1185 566 195 77
137 2.0 7.0 32.0 127.710832022 1185 544 201 76
138 2.0 7.0 33.0 128.378279555 1184 522 207 77
139 2.0 7.0 34.0 129.127314466 1185 500 214 77
140 2.0 7.0 35.0 129.959733197 1185 477 221 78
144 3.0 0.0 55.0 126.984382427 1204 20 465 82
145 3.0 1.0 -4.0 128.382825272 1242 1319 90 74
146 3.0 1.0 53.0 126.602655531 1198 68 407 85
147 3.0 1.0 54.0 129.878651646 1207 44 478 87
148 3.0 2.0 -2.0 128.043336043 1234 1276 40 73
149 3.0 2.0 51.0 126.692301106 1194 115 365 84
150 3.0 2.0 52.0 129.47962057 1200 91 411 80
151 3.0 3.0 0.0 128.575450535 1227 1233 23 64
152 3.0 3.0 49.0 127.16155654 1190 161 332 83
153 3.0 3.0 50.0 129.571404929 1195 138 365 85
154 3.0 4.0 2.0 129.543166257 1219 1191 32 75
155 3.0 4.0 3.0 126.309600983 1218 1169 39 73
156 3.0 4.0 46.0 126.0283586 1183 231 286 81
157 3.0 4.0 47.0 127.95105164 1187 207 306 82
158 3.0 4.0 48.0 130.044965898 1191 184 330 79
159 3.0 5.0 5.0 128.216361832 1210 1126 51 72
160 3.0 5.0 6.0 125.856084713 1209 1105 58 72
161 3.0 5.0 43.0 125.776262566 1179 299 254 81
162 3.0 5.0 44.0 127.336960256 1181 276 266 81
163 3.0 5.0 45.0 129.015460966 1184 253 281 79
164 3.0 6.0 8.0 128.229865664 1202 1062 67 74
165 3.0 6.0 9.0 126.49856122 1201 1041 73 77
166 3.0 6.0 39.0 125.094464445 1175 389 219 80
167 3.0 6.0 40.0 126.265003776 1176 367 228 79
168 3.0 6.0 41.0 127.520112173 1177 344 237 78
169 3.0 6.0 42.0 128.867077061 1179 321 247 80
170 3.0 7.0 11.0 129.113735694 1193 998 79 76
171 3.0 7.0 12.0 127.855847601 1192 977 86 74
172 3.0 7.0 13.0 126.716183753 1192 956 91 73
173 3.0 7.0 14.0 125.69283962 1191 934 97 72
174 3.0 7.0 35.0 125.67955006 1173 478 193 77
175 3.0 7.0 36.0 126.508990677 1173 456 199 78
176 3.0 7.0 37.0 127.410969681 1174 434 205 79
177 3.0 7.0 38.0 128.388191863 1174 411 212 78
178 3.0 7.0 39.0 129.444286329 1175 389 220 79
179 3.0 8.0 15.0 129.710262598 1184 912 95 75
180 3.0 8.0 16.0 128.920794395 1183 891 100 76
181 3.0 8.0 17.0 128.227774217 1183 870 105 76
182 3.0 8.0 18.0 127.629187202 1182 848 110 76
183 3.0 8.0 19.0 127.122824113 1181 827 115 74
184 3.0 8.0 20.0 126.706350727 1180 805 119 74
185 3.0 8.0 21.0 126.377371148 1179 784 124 73
186 3.0 8.0 22.0 126.133484699 1178 762 128 75
187 3.0 8.0 23.0 125.972336454 1177 741 132 74
188 3.0 8.0 24.0 125.891661854 1176 719 137 76
189 3.0 8.0 25.0 125.889326056 1175 698 141 77
190 3.0 8.0 26.0 125.963358886 1175 676 146 74
191 3.0 8.0 27.0 126.111986394 1174 654 150 74
192 3.0 8.0 28.0 126.333660124 1173 632 154 76
193 3.0 8.0 29.0 126.627085318 1173 610 159 76
194 3.0 8.0 30.0 126.991249376 1172 588 163 78
195 3.0 8.0 31.0 127.425452087 1172 566 168 78
196 3.0 8.0 32.0 127.929339337 1172 545 173 77
197 3.0 8.0 33.0 128.502942345 1171 522 179 78
198 3.0 8.0 34.0 129.146724986 1171 500 184 77
199 3.0 8.0 35.0 129.861642463 1172 478 190 79
201 4.0 -1.0 -9.0 126.217820567 1252 1427 330 70
205 4.0 1.0 -6.0 129.891376022 1237 1363 109 73
206 4.0 1.0 55.0 127.294166668 1192 21 385 87
207 4.0 2.0 -4.0 128.522093555 1229 1320 61 73
208 4.0 2.0 53.0 126.969472698 1186 68 342 81
209 4.0 2.0 54.0 129.670356496 1193 44 384 81
210 4.0 3.0 -2.0 128.286862564 1221 1277 33 78
211 4.0 3.0 51.0 127.039272288 1181 115 310 81
212 4.0 3.0 52.0 129.374858311 1186 91 339 83
elapsed time is 1548.517472
