generating bragg masks, processing batch 34
0 -3.0 11.0 20.0 175.020940684 1198 796 152 74
1 -3.0 11.0 21.0 175.04013738 1199 775 164 71
2 -3.0 12.0 19.0 175.047386072 1187 817 126 72
3 -3.0 12.0 20.0 174.972889925 1188 796 135 72
4 -3.0 12.0 21.0 174.988633495 1190 774 144 71
5 -3.0 13.0 19.0 175.017517067 1177 816 113 73
6 -3.0 13.0 20.0 174.950389033 1179 795 120 70
7 -3.0 13.0 21.0 174.963954905 1181 773 129 73
8 -3.0 14.0 19.0 175.006874898 1168 816 103 72
9 -3.0 14.0 20.0 174.946032762 1170 794 110 73
10 -3.0 14.0 21.0 174.958182479 1171 773 117 75
11 -3.0 14.0 22.0 175.047409275 1173 751 124 71
12 -3.0 15.0 19.0 175.010461341 1159 815 95 72
13 -3.0 15.0 20.0 174.955028721 1161 793 100 72
14 -3.0 15.0 21.0 174.966238822 1162 772 107 71
15 -3.0 15.0 22.0 175.047481818 1164 750 114 72
16 -3.0 16.0 19.0 175.024874198 1150 814 88 71
17 -3.0 16.0 20.0 174.974137389 1151 793 93 70
18 -3.0 16.0 21.0 174.98471731 1153 771 99 72
19 -3.0 17.0 19.0 175.047716874 1140 813 82 71
20 -3.0 17.0 20.0 175.001089816 1142 792 87 73
21 -3.0 17.0 21.0 175.01124652 1144 770 92 71
22 -3.0 18.0 20.0 175.03424923 1133 791 82 72
23 -3.0 18.0 21.0 175.044124493 1134 770 86 71
24 -2.0 3.0 9.0 174.97899301 1253 1038 360 74
25 -2.0 4.0 9.0 174.347539723 1244 1037 210 70
26 -2.0 4.0 10.0 170.564983297 1245 1016 248 72
27 -2.0 5.0 9.0 174.132170071 1234 1036 150 72
28 -2.0 5.0 10.0 171.508640826 1236 1015 173 70
29 -2.0 6.0 9.0 174.047692226 1225 1036 116 69
30 -2.0 6.0 10.0 172.041471548 1227 1014 134 72
31 -2.0 6.0 11.0 170.062806454 1228 993 151 70
32 -2.0 6.0 32.0 171.426954489 1261 540 3442 77
33 -2.0 7.0 9.0 174.021136898 1216 1035 96 73
34 -2.0 7.0 10.0 172.398133364 1217 1014 109 71
35 -2.0 7.0 11.0 170.819804433 1219 993 123 71
36 -2.0 7.0 32.0 173.189110296 1253 539 1333 72
37 -2.0 8.0 9.0 174.025283522 1207 1034 82 71
38 -2.0 8.0 10.0 172.663284714 1208 1013 93 70
39 -2.0 8.0 11.0 171.351899586 1210 992 104 71
40 -2.0 8.0 12.0 170.098480776 1211 971 115 71
41 -2.0 8.0 31.0 170.393367391 1240 560 609 71
42 -2.0 8.0 32.0 173.564052237 1244 538 770 72
43 -2.0 9.0 9.0 174.04766046 1198 1033 72 70
44 -2.0 9.0 10.0 172.874859244 1199 1012 81 72
45 -2.0 9.0 11.0 171.753984629 1201 991 90 71
46 -2.0 9.0 12.0 170.690725872 1202 970 99 71
47 -2.0 9.0 31.0 171.411700717 1231 559 461 68
48 -2.0 9.0 32.0 173.756107619 1235 537 538 70
49 -2.0 10.0 9.0 174.081746396 1188 1033 65 71
50 -2.0 10.0 10.0 173.052379016 1190 1012 72 71
51 -2.0 10.0 11.0 172.074223388 1191 990 80 70
52 -2.0 10.0 12.0 171.151823136 1193 969 88 72
53 -2.0 10.0 13.0 170.289854346 1194 948 97 72
54 -2.0 10.0 30.0 170.546492316 1220 581 334 73
55 -2.0 10.0 31.0 172.041031878 1222 559 368 71
56 -2.0 10.0 32.0 173.892056582 1226 537 414 74
57 -2.0 11.0 9.0 174.123799536 1179 1032 59 71
58 -2.0 11.0 10.0 173.206912316 1181 1011 65 71
59 -2.0 11.0 11.0 172.339630158 1182 990 72 73
60 -2.0 11.0 12.0 171.525669751 1184 968 79 71
61 -2.0 11.0 13.0 170.768840525 1185 947 86 71
62 -2.0 11.0 14.0 170.073037666 1186 926 94 72
63 -2.0 11.0 29.0 170.168549289 1209 602 260 73
64 -2.0 11.0 30.0 171.212861559 1211 580 281 77
65 -2.0 11.0 31.0 172.476919585 1214 558 306 75
66 -2.0 11.0 32.0 174.003689119 1217 536 337 77
67 -2.0 12.0 8.0 175.042448444 1168 1052 50 70
68 -2.0 12.0 9.0 174.17151926 1170 1031 55 71
69 -2.0 12.0 10.0 173.345201377 1172 1010 60 70
70 -2.0 12.0 11.0 172.566519856 1173 989 66 71
71 -2.0 12.0 12.0 171.838573359 1174 968 72 70
72 -2.0 12.0 13.0 171.164528887 1176 946 78 71
73 -2.0 12.0 14.0 170.547619073 1177 925 85 72
74 -2.0 12.0 29.0 170.795337118 1200 601 227 74
75 -2.0 12.0 30.0 171.710924692 1202 579 243 74
76 -2.0 12.0 31.0 172.804138585 1205 557 261 73
77 -2.0 12.0 32.0 174.102624027 1208 535 283 74
78 -2.0 13.0 8.0 175.018232533 1159 1052 46 71
79 -2.0 13.0 9.0 174.223413191 1161 1031 51 72
80 -2.0 13.0 10.0 173.47158731 1162 1009 56 69
81 -2.0 13.0 11.0 172.76532389 1164 988 61 72
82 -2.0 13.0 12.0 172.107246919 1165 967 67 70
83 -2.0 13.0 13.0 171.500032729 1167 946 73 72
84 -2.0 13.0 14.0 170.946409527 1168 924 78 71
85 -2.0 13.0 15.0 170.44915985 1170 903 84 72
86 -2.0 13.0 28.0 170.607562329 1189 623 188 73
87 -2.0 13.0 29.0 171.288251181 1191 601 200 72
88 -2.0 13.0 30.0 172.102371043 1193 578 213 73
89 -2.0 13.0 31.0 173.064648649 1196 557 228 73
90 -2.0 13.0 32.0 174.194100039 1199 534 245 73
91 -2.0 14.0 8.0 175.00925102 1150 1051 43 70
92 -2.0 14.0 9.0 174.278470913 1152 1030 48 71
93 -2.0 14.0 10.0 173.588991415 1153 1009 53 68
94 -2.0 14.0 11.0 172.943021319 1155 987 57 70
95 -2.0 14.0 12.0 172.342811859 1156 966 62 72
96 -2.0 14.0 13.0 171.790655583 1158 945 67 71
97 -2.0 14.0 14.0 171.288887053 1159 924 72 70
98 -2.0 14.0 15.0 170.839885903 1160 902 78 71
99 -2.0 14.0 16.0 170.446082851 1162 881 82 72
100 -2.0 14.0 17.0 170.109969353 1163 860 89 71
101 -2.0 14.0 26.0 170.152005211 1176 665 150 73
102 -2.0 14.0 27.0 170.562887871 1178 644 160 73
103 -2.0 14.0 28.0 171.073046073 1180 622 169 72
104 -2.0 14.0 29.0 171.689887578 1182 600 179 73
105 -2.0 14.0 30.0 172.422348245 1184 578 190 73
106 -2.0 14.0 31.0 173.281406442 1186 556 202 73
107 -2.0 14.0 32.0 174.28082273 1189 533 216 74
108 -2.0 15.0 8.0 175.012134618 1141 1050 41 70
109 -2.0 15.0 9.0 174.335983951 1142 1029 45 71
110 -2.0 15.0 10.0 173.699451673 1144 1008 49 73
111 -2.0 15.0 11.0 173.10445718 1145 987 53 72
112 -2.0 15.0 12.0 172.552953503 1147 965 58 71
113 -2.0 15.0 13.0 172.046927078 1148 944 62 69
114 -2.0 15.0 14.0 171.588399032 1150 923 67 71
115 -2.0 15.0 15.0 171.17942838 1151 901 72 72
116 -2.0 15.0 16.0 170.822117564 1153 880 77 72
117 -2.0 15.0 17.0 170.518620838 1154 859 82 71
118 -2.0 15.0 18.0 170.271156075 1155 837 87 72
119 -2.0 15.0 19.0 170.082020695 1157 816 93 72
120 -2.0 15.0 24.0 170.100440983 1164 708 123 70
121 -2.0 15.0 25.0 170.317484545 1166 686 130 73
122 -2.0 15.0 26.0 170.613870114 1167 664 137 74
123 -2.0 15.0 27.0 170.994009138 1169 643 145 72
124 -2.0 15.0 28.0 171.462978288 1171 621 154 72
125 -2.0 15.0 29.0 172.026705368 1173 599 162 72
126 -2.0 15.0 30.0 172.692216557 1175 577 171 73
127 -2.0 15.0 31.0 173.467971719 1177 555 182 74
128 -2.0 15.0 32.0 174.364329815 1180 533 193 74
129 -2.0 16.0 8.0 175.024439592 1132 1050 40 71
130 -2.0 16.0 9.0 174.395440828 1133 1028 43 70
131 -2.0 16.0 10.0 173.804433109 1135 1007 47 71
132 -2.0 16.0 11.0 173.253099855 1136 986 50 69
133 -2.0 16.0 12.0 172.743151741 1138 965 54 72
134 -2.0 16.0 13.0 172.276326987 1139 943 59 70
135 -2.0 16.0 14.0 171.854392918 1141 922 62 69
136 -2.0 16.0 15.0 171.47914907 1142 901 67 71
137 -2.0 16.0 16.0 171.15243218 1143 879 72 72
138 -2.0 16.0 17.0 170.87612343 1145 858 76 73
139 -2.0 16.0 18.0 170.652158364 1146 837 82 70
140 -2.0 16.0 19.0 170.48254 1148 815 86 70
141 -2.0 16.0 20.0 170.36935572 1149 794 92 72
142 -2.0 16.0 21.0 170.314798696 1150 772 97 72
143 -2.0 16.0 22.0 170.321194755 1152 750 102 72
144 -2.0 16.0 23.0 170.391035885 1153 729 108 72
145 -2.0 16.0 24.0 170.527021887 1155 707 114 72
146 -2.0 16.0 25.0 170.732112223 1157 686 120 74
147 -2.0 16.0 26.0 171.009590782 1158 664 127 73
148 -2.0 16.0 27.0 171.36314731 1160 642 134 70
149 -2.0 16.0 28.0 171.79698072 1162 620 141 70
150 -2.0 16.0 29.0 172.315931671 1164 598 148 71
151 -2.0 16.0 30.0 172.925655103 1166 576 156 72
152 -2.0 16.0 31.0 173.632848526 1168 554 165 72
153 -2.0 16.0 32.0 174.44555994 1171 532 174 73
154 -2.0 17.0 8.0 175.044350361 1122 1049 38 69
155 -2.0 17.0 9.0 174.456463055 1124 1028 42 71
156 -2.0 17.0 10.0 173.905015902 1126 1006 45 71
157 -2.0 17.0 11.0 173.3914974 1127 985 48 71
158 -2.0 17.0 12.0 172.917418552 1128 964 51 70
159 -2.0 17.0 13.0 172.48431345 1130 943 55 70
160 -2.0 17.0 14.0 172.093740931 1131 921 59 70
161 -2.0 17.0 15.0 171.747287492 1133 900 64 71
162 -2.0 17.0 16.0 171.446571738 1134 879 68 72
163 -2.0 17.0 17.0 171.193250636 1136 857 71 73
164 -2.0 17.0 18.0 170.989027889 1137 836 76 73
165 -2.0 17.0 19.0 170.835664822 1139 814 81 71
166 -2.0 17.0 20.0 170.734994222 1140 793 86 73
167 -2.0 17.0 21.0 170.688937679 1142 771 91 71
168 -2.0 17.0 22.0 170.699527097 1143 750 95 72
169 -2.0 17.0 23.0 170.768931235 1144 728 100 72
170 -2.0 17.0 24.0 170.899488372 1146 706 105 72
171 -2.0 17.0 25.0 171.093746498 1148 685 111 73
172 -2.0 17.0 26.0 171.354512957 1149 663 118 72
173 -2.0 17.0 27.0 171.684916039 1151 641 123 71
174 -2.0 17.0 28.0 172.088482027 1153 619 129 73
175 -2.0 17.0 29.0 172.569232486 1155 597 136 73
176 -2.0 17.0 30.0 173.131808601 1157 575 144 75
177 -2.0 17.0 31.0 173.781632323 1159 553 151 73
178 -2.0 17.0 32.0 174.525118676 1161 531 160 74
179 -2.0 18.0 9.0 174.51876455 1115 1027 40 71
180 -2.0 18.0 10.0 174.002013958 1116 1006 43 72
181 -2.0 18.0 11.0 173.521563712 1118 984 46 71
182 -2.0 18.0 12.0 173.078758333 1119 963 49 72
183 -2.0 18.0 13.0 172.674961976 1121 942 53 73
184 -2.0 18.0 14.0 172.311560069 1122 921 56 71
185 -2.0 18.0 15.0 171.989962009 1124 899 60 71
186 -2.0 18.0 16.0 171.711605104 1125 878 63 72
187 -2.0 18.0 17.0 171.477959984 1127 857 68 71
188 -2.0 18.0 18.0 171.290537714 1128 835 71 71
189 -2.0 18.0 19.0 171.150898918 1130 814 76 71
190 -2.0 18.0 20.0 171.060665231 1131 792 80 72
191 -2.0 18.0 21.0 171.021533507 1132 771 85 72
192 -2.0 18.0 22.0 171.035293283 1134 749 89 72
193 -2.0 18.0 23.0 171.103848115 1135 727 94 72
194 -2.0 18.0 24.0 171.229241596 1137 706 99 72
195 -2.0 18.0 25.0 171.41368907 1138 684 104 72
196 -2.0 18.0 26.0 171.659616389 1140 662 109 74
197 -2.0 18.0 27.0 171.969707472 1142 640 115 72
198 -2.0 18.0 28.0 172.346963059 1144 619 120 74
199 -2.0 18.0 29.0 172.79477389 1146 597 127 76
elapsed time is 1411.546937
