generating bragg masks, processing batch 61
408 -118.0 -66.0 17.0 305.165818783 0 763 25 1
409 -118.0 -66.0 18.0 305.400687465 0 741 25 6
410 -118.0 -66.0 19.0 305.641822918 0 719 26 15
411 -118.0 -66.0 20.0 305.889248404 1 697 25 25
412 -118.0 -65.0 19.0 305.2460669 3 719 26 69
413 -118.0 -65.0 20.0 305.49421141 4 696 25 79
414 -118.0 -64.0 20.0 305.096626307 9 696 25 87
415 -118.0 -64.0 21.0 305.351860274 10 673 26 87
652 -117.0 -67.0 15.0 305.275018617 0 810 25 5
653 -117.0 -67.0 16.0 305.498307306 0 789 25 13
654 -117.0 -67.0 17.0 305.727821629 1 767 25 24
655 -117.0 -67.0 18.0 305.963583731 1 745 25 35
656 -117.0 -67.0 19.0 306.205616069 2 722 25 44
657 -117.0 -67.0 20.0 306.453941429 2 699 26 56
658 -117.0 -66.0 16.0 305.101489959 3 789 25 67
659 -117.0 -66.0 17.0 305.331652591 4 766 25 78
660 -117.0 -66.0 18.0 305.568096827 4 744 25 83
661 -117.0 -66.0 19.0 305.810845625 5 721 25 88
662 -117.0 -66.0 20.0 306.059922276 6 699 26 87
663 -117.0 -66.0 21.0 306.315350429 7 676 25 86
664 -117.0 -65.0 18.0 305.170042027 10 743 25 86
665 -117.0 -65.0 19.0 305.413494755 11 721 25 87
666 -117.0 -65.0 20.0 305.663310271 12 698 26 87
667 -117.0 -65.0 21.0 305.919512743 13 675 26 86
668 -117.0 -64.0 20.0 305.264101921 17 698 26 86
669 -117.0 -64.0 21.0 305.521065883 18 675 26 86
670 -117.0 -64.0 22.0 305.784477454 20 652 26 89
671 -117.0 -63.0 21.0 305.120006718 24 674 26 87
672 -117.0 -63.0 22.0 305.384202629 25 652 26 87
673 -117.0 -62.0 23.0 305.252812686 32 628 26 91
958 -116.0 -69.0 17.0 306.686024046 0 768 25 4
959 -116.0 -69.0 18.0 306.921921816 0 746 25 10
960 -116.0 -69.0 19.0 307.164057634 1 725 25 19
961 -116.0 -69.0 20.0 307.412453302 1 702 25 29
962 -116.0 -68.0 12.0 305.203688241 0 880 25 3
963 -116.0 -68.0 13.0 305.409270945 0 858 25 11
964 -116.0 -68.0 14.0 305.62101943 1 836 25 22
965 -116.0 -68.0 15.0 305.838954559 1 814 24 31
966 -116.0 -68.0 16.0 306.063097451 2 792 25 44
967 -116.0 -68.0 17.0 306.293469493 2 769 25 54
968 -116.0 -68.0 18.0 306.530092361 3 747 25 64
969 -116.0 -68.0 19.0 306.77298803 3 724 25 75
970 -116.0 -68.0 20.0 307.022178801 4 701 25 82
971 -116.0 -67.0 14.0 305.22393325 3 836 25 74
972 -116.0 -67.0 15.0 305.442480145 4 813 24 84
973 -116.0 -67.0 16.0 305.667268193 5 791 25 85
974 -116.0 -67.0 17.0 305.898319271 6 769 25 87
975 -116.0 -67.0 18.0 306.135655547 7 746 25 86
976 -116.0 -67.0 19.0 306.379299498 8 724 25 88
977 -116.0 -67.0 20.0 306.629273928 9 701 26 87
978 -116.0 -67.0 21.0 306.885601989 11 678 25 88
979 -116.0 -66.0 16.0 305.268851144 11 790 25 86
980 -116.0 -66.0 17.0 305.500568985 12 768 25 85
981 -116.0 -66.0 18.0 305.738606498 13 746 25 85
982 -116.0 -66.0 19.0 305.982986668 14 723 25 85
983 -116.0 -66.0 20.0 306.233732814 15 700 26 87
984 -116.0 -66.0 21.0 306.490868609 16 678 25 86
985 -116.0 -66.0 22.0 306.754418102 17 655 26 89
986 -116.0 -65.0 17.0 305.100215091 17 767 25 86
987 -116.0 -65.0 18.0 305.338941177 18 745 25 85
988 -116.0 -65.0 19.0 305.584045003 20 722 25 85
989 -116.0 -65.0 20.0 305.835550412 21 700 26 87
990 -116.0 -65.0 21.0 306.093481609 22 677 25 87
991 -116.0 -65.0 22.0 306.357863181 23 654 26 86
992 -116.0 -64.0 19.0 305.18247083 25 722 25 87
993 -116.0 -64.0 20.0 305.434722535 26 699 26 86
994 -116.0 -64.0 21.0 305.693436276 27 677 25 87
995 -116.0 -64.0 22.0 305.958637189 28 654 26 88
996 -116.0 -64.0 23.0 306.230350823 29 631 26 84
997 -116.0 -63.0 21.0 305.290728777 33 676 25 87
998 -116.0 -63.0 22.0 305.556735753 34 653 26 84
999 -116.0 -63.0 23.0 305.829292924 35 630 26 92
1000 -116.0 -62.0 22.0 305.152155403 39 653 26 89
1001 -116.0 -62.0 23.0 305.425542396 40 630 26 84
1002 -116.0 -62.0 24.0 305.70554432 42 607 27 86
1003 -116.0 -61.0 24.0 305.299951885 47 607 27 89
1004 -116.0 -60.0 25.0 305.1800621 53 583 27 87
1322 -115.0 -71.0 20.0 308.369238872 0 704 26 3
1331 -115.0 -70.0 14.0 306.581202347 0 837 25 2
1332 -115.0 -70.0 15.0 306.799303575 0 816 25 8
1333 -115.0 -70.0 16.0 307.023581853 0 794 25 17
1334 -115.0 -70.0 17.0 307.254057617 1 772 25 26
1335 -115.0 -70.0 18.0 307.490751574 1 750 25 37
1336 -115.0 -70.0 19.0 307.733684724 2 727 25 45
1337 -115.0 -70.0 20.0 307.982878375 2 704 25 57
1339 -115.0 -69.0 10.0 305.374426009 0 926 24 8
1340 -115.0 -69.0 11.0 305.568540898 0 905 24 18
1341 -115.0 -69.0 12.0 305.768785499 1 884 24 29
1342 -115.0 -69.0 13.0 305.975179757 2 861 24 40
1343 -115.0 -69.0 14.0 306.187743838 2 839 25 51
1344 -115.0 -69.0 15.0 306.406498142 3 816 25 59
1345 -115.0 -69.0 16.0 306.631463318 3 794 25 71
1346 -115.0 -69.0 17.0 306.86266028 4 771 25 81
1347 -115.0 -69.0 18.0 307.100110219 5 749 25 84
1348 -115.0 -69.0 19.0 307.343834621 6 726 26 86
1349 -115.0 -69.0 20.0 307.593855289 7 704 25 87
1350 -115.0 -69.0 21.0 307.850194358 8 681 26 87
1351 -115.0 -68.0 11.0 305.170753399 3 905 24 69
1352 -115.0 -68.0 12.0 305.371540604 4 883 24 81
1353 -115.0 -68.0 13.0 305.578509962 5 861 25 85
1354 -115.0 -68.0 14.0 305.791682112 6 838 25 84
1355 -115.0 -68.0 15.0 306.011077933 7 816 25 87
1356 -115.0 -68.0 16.0 306.236718556 8 793 25 86
1357 -115.0 -68.0 17.0 306.468625382 9 771 25 86
1358 -115.0 -68.0 18.0 306.706820093 10 748 25 88
1359 -115.0 -68.0 19.0 306.951324674 11 726 26 87
1360 -115.0 -68.0 20.0 307.20216143 13 703 25 86
1361 -115.0 -68.0 21.0 307.459353007 13 680 26 88
1362 -115.0 -67.0 13.0 305.179244555 10 860 25 87
1363 -115.0 -67.0 14.0 305.39301266 12 838 25 87
1364 -115.0 -67.0 15.0 305.613037975 13 815 25 84
1365 -115.0 -67.0 16.0 305.839342121 14 793 25 88
1366 -115.0 -67.0 17.0 306.071946994 15 770 25 85
1367 -115.0 -67.0 18.0 306.31087478 16 748 25 86
1368 -115.0 -67.0 19.0 306.55614797 17 725 26 85
1369 -115.0 -67.0 20.0 306.807789382 18 703 25 87
1370 -115.0 -67.0 21.0 307.06582218 19 680 26 86
1371 -115.0 -67.0 22.0 307.330269898 20 657 26 87
1372 -115.0 -66.0 15.0 305.212374133 18 814 25 87
1373 -115.0 -66.0 16.0 305.439329398 19 792 25 84
1374 -115.0 -66.0 17.0 305.672620015 21 770 25 87
1375 -115.0 -66.0 18.0 305.91226868 22 747 25 86
1376 -115.0 -66.0 19.0 306.158298403 23 724 26 88
1377 -115.0 -66.0 20.0 306.410732524 24 702 25 86
1378 -115.0 -66.0 21.0 306.669594736 25 679 26 86
1379 -115.0 -66.0 22.0 306.934909109 26 657 26 88
1380 -115.0 -66.0 23.0 307.206700109 27 634 26 87
1381 -115.0 -65.0 17.0 305.270640197 26 769 25 85
1382 -115.0 -65.0 18.0 305.510997044 27 746 25 85
1383 -115.0 -65.0 19.0 305.757770711 28 724 26 86
1384 -115.0 -65.0 20.0 306.010985072 29 701 25 87
1385 -115.0 -65.0 21.0 306.270664359 31 679 26 87
1386 -115.0 -65.0 22.0 306.536833188 32 656 26 85
1387 -115.0 -65.0 23.0 306.809516581 33 633 26 91
1388 -115.0 -64.0 18.0 305.107056001 33 746 25 86
1389 -115.0 -64.0 19.0 305.354560502 34 723 26 87
1390 -115.0 -64.0 20.0 305.608542104 35 701 25 87
1391 -115.0 -64.0 21.0 305.869025589 36 678 26 87
1392 -115.0 -64.0 22.0 306.136036129 37 655 26 85
1393 -115.0 -64.0 23.0 306.40959931 38 633 26 84
1394 -115.0 -64.0 24.0 306.689741157 39 610 27 88
1395 -115.0 -63.0 20.0 305.203399602 40 700 25 86
1396 -115.0 -63.0 21.0 305.464673859 42 677 26 87
1397 -115.0 -63.0 22.0 305.732512806 43 655 26 86
1398 -115.0 -63.0 23.0 306.006942605 44 632 27 88
1399 -115.0 -63.0 24.0 306.287989864 45 609 27 87
1400 -115.0 -62.0 21.0 305.057605528 47 677 26 85
1401 -115.0 -62.0 22.0 305.326259014 48 654 26 88
1402 -115.0 -62.0 23.0 305.601541684 49 631 27 84
1403 -115.0 -62.0 24.0 305.883480742 50 609 27 88
1404 -115.0 -62.0 25.0 306.17210388 51 586 27 85
1405 -115.0 -61.0 23.0 305.193392709 54 631 27 84
1406 -115.0 -61.0 24.0 305.476209361 56 608 26 85
1407 -115.0 -61.0 25.0 305.765749757 57 585 26 88
1408 -115.0 -60.0 24.0 305.066172259 61 608 26 86
1409 -115.0 -60.0 25.0 305.356615229 62 585 26 87
1410 -115.0 -59.0 26.0 305.242861012 69 561 27 87
1737 -114.0 -72.0 17.0 308.212908333 0 773 25 3
1738 -114.0 -72.0 18.0 308.449566629 0 751 26 7
1739 -114.0 -72.0 19.0 308.692428755 0 729 25 14
1740 -114.0 -72.0 20.0 308.941515034 1 707 26 23
1750 -114.0 -71.0 12.0 306.731039935 0 885 24 4
1751 -114.0 -71.0 13.0 306.937600218 0 863 24 14
1752 -114.0 -71.0 14.0 307.150300113 1 842 24 25
1753 -114.0 -71.0 15.0 307.369159084 1 819 25 33
1754 -114.0 -71.0 16.0 307.594196828 2 797 25 43
1755 -114.0 -71.0 17.0 307.825433296 2 774 25 52
1756 -114.0 -71.0 18.0 308.062888705 3 752 25 63
1757 -114.0 -71.0 19.0 308.306583557 3 729 25 72
1758 -114.0 -71.0 20.0 308.556538655 4 706 26 80
1759 -114.0 -71.0 21.0 308.812775125 4 684 25 85
1762 -114.0 -70.0 7.0 305.393515903 0 995 23 3
1763 -114.0 -70.0 8.0 305.570117712 0 975 24 13
1764 -114.0 -70.0 9.0 305.75279608 1 953 24 24
1765 -114.0 -70.0 10.0 305.941569906 1 930 24 34
1766 -114.0 -70.0 11.0 306.136458273 2 908 24 48
1767 -114.0 -70.0 12.0 306.337480463 3 886 24 57
1768 -114.0 -70.0 13.0 306.544655958 3 863 24 66
1769 -114.0 -70.0 14.0 306.758004459 4 841 24 76
1770 -114.0 -70.0 15.0 306.977545896 4 818 25 84
1771 -114.0 -70.0 16.0 307.203300437 5 796 25 86
1772 -114.0 -70.0 17.0 307.435288509 6 773 25 86
1773 -114.0 -70.0 18.0 307.673530811 7 751 25 86
1774 -114.0 -70.0 19.0 307.918048328 8 728 25 85
1775 -114.0 -70.0 20.0 308.168862354 9 706 26 87
1776 -114.0 -70.0 21.0 308.425994513 10 683 26 86
1777 -114.0 -69.0 8.0 305.171845814 3 974 24 64
1778 -114.0 -69.0 9.0 305.354998748 4 952 24 76
1779 -114.0 -69.0 10.0 305.544278775 4 930 24 84
1780 -114.0 -69.0 11.0 305.73970544 6 907 24 86
1781 -114.0 -69.0 12.0 305.941298486 7 885 24 86
1782 -114.0 -69.0 13.0 306.149077865 8 863 24 85
1783 -114.0 -69.0 14.0 306.36306375 9 840 24 86
1784 -114.0 -69.0 15.0 306.583276546 10 818 25 84
1785 -114.0 -69.0 16.0 306.809736902 11 795 25 88
1786 -114.0 -69.0 17.0 307.042465731 12 773 25 86
1787 -114.0 -69.0 18.0 307.281484219 13 750 25 86
1788 -114.0 -69.0 19.0 307.526813848 14 728 25 86
1789 -114.0 -69.0 20.0 307.778476414 15 705 25 87
1790 -114.0 -69.0 21.0 308.036494045 16 683 26 86
elapsed time is 1118.678036
