generating bragg masks, processing batch 53
1528 -137.0 12.0 15.0 269.993020895 0 730 25 1
1562 -137.0 13.0 16.0 269.74874494 0 707 26 12
1563 -137.0 13.0 17.0 269.933834538 1 686 26 36
1597 -137.0 14.0 16.0 269.325944056 0 706 25 6
1598 -137.0 14.0 17.0 269.510136849 1 685 25 29
1632 -137.0 15.0 16.0 268.904073597 0 705 25 2
1633 -137.0 15.0 17.0 269.087356825 1 684 25 21
1929 -136.0 11.0 11.0 269.662508474 0 823 24 3
1930 -136.0 11.0 12.0 269.817921661 1 802 25 25
1931 -136.0 11.0 13.0 269.979768667 2 779 25 51
1961 -136.0 12.0 11.0 269.239162549 0 821 24 1
1962 -136.0 12.0 12.0 269.393702988 0 801 25 18
1963 -136.0 12.0 13.0 269.554674378 2 779 25 44
1964 -136.0 12.0 14.0 269.722122432 3 756 25 69
1965 -136.0 12.0 15.0 269.89609364 5 733 25 87
1996 -136.0 13.0 12.0 268.970381775 0 800 25 13
1997 -136.0 13.0 13.0 269.130465825 1 778 25 37
1998 -136.0 13.0 14.0 269.297023369 3 755 25 63
1999 -136.0 13.0 15.0 269.470101079 4 732 25 84
2000 -136.0 13.0 16.0 269.649746438 6 710 26 86
2001 -136.0 13.0 17.0 269.836007769 9 687 26 87
2002 -136.0 13.0 18.0 270.028934267 12 665 26 87
2033 -136.0 14.0 12.0 268.548005058 0 798 24 5
2034 -136.0 14.0 13.0 268.707190394 1 777 25 30
2035 -136.0 14.0 14.0 268.872845564 2 754 25 54
2036 -136.0 14.0 15.0 269.045017417 4 732 26 78
2037 -136.0 14.0 16.0 269.223753613 6 709 25 88
2038 -136.0 14.0 17.0 269.409102663 8 687 25 87
2039 -136.0 14.0 18.0 269.601113954 11 664 25 89
2070 -136.0 15.0 12.0 268.126619504 0 796 25 2
2071 -136.0 15.0 13.0 268.284895102 1 776 25 21
2072 -136.0 15.0 14.0 268.449636392 2 754 26 47
2073 -136.0 15.0 15.0 268.620890386 3 731 25 71
2074 -136.0 15.0 16.0 268.798704917 5 708 25 87
2075 -136.0 15.0 17.0 268.98312867 8 686 25 87
2076 -136.0 15.0 18.0 269.174211213 10 663 26 87
2108 -136.0 16.0 13.0 267.863626575 0 775 25 13
2109 -136.0 16.0 14.0 268.027442838 1 753 25 37
2110 -136.0 16.0 15.0 268.197767336 3 730 25 62
2111 -136.0 16.0 16.0 268.374648066 4 707 25 84
2112 -136.0 16.0 17.0 268.558133876 7 685 26 87
2113 -136.0 16.0 18.0 268.748274508 9 662 26 88
2145 -136.0 17.0 13.0 267.443431008 0 773 25 5
2146 -136.0 17.0 14.0 267.606311464 1 752 25 28
2147 -136.0 17.0 15.0 267.775695202 2 729 25 54
2148 -136.0 17.0 16.0 267.951630366 4 706 26 79
2149 -136.0 17.0 17.0 268.134165965 6 684 26 86
2150 -136.0 17.0 18.0 268.323351902 8 661 26 86
2171 -136.0 18.0 13.0 267.024354144 0 771 25 1
2172 -136.0 18.0 14.0 267.186288384 0 751 25 17
2173 -136.0 18.0 15.0 267.354720469 2 728 26 44
2174 -136.0 18.0 16.0 267.529698685 3 706 26 69
2175 -136.0 18.0 17.0 267.711272187 5 683 25 87
2176 -136.0 18.0 18.0 267.89949103 7 660 25 87
2191 -136.0 19.0 14.0 266.767419231 0 749 25 8
2192 -136.0 19.0 15.0 266.934889149 1 728 25 33
2193 -136.0 19.0 16.0 267.108899416 2 705 25 57
2194 -136.0 19.0 17.0 267.289499323 4 682 25 81
2204 -136.0 20.0 14.0 266.349749126 0 747 26 2
2205 -136.0 20.0 15.0 266.51624675 0 726 25 20
2206 -136.0 20.0 16.0 266.689278455 2 704 25 45
2207 -136.0 20.0 17.0 266.868893661 3 681 26 73
2215 -136.0 21.0 15.0 266.098838245 0 725 25 9
2216 -136.0 21.0 16.0 266.270881167 1 703 26 34
2217 -136.0 21.0 17.0 266.449500963 3 680 26 59
2222 -136.0 22.0 15.0 265.682708047 0 723 25 2
2223 -136.0 22.0 16.0 265.85375236 1 702 26 20
2224 -136.0 22.0 17.0 266.031366436 2 680 26 46
2227 -136.0 23.0 16.0 265.437936259 0 700 26 8
2319 -135.0 9.0 7.0 269.851558343 0 916 24 10
2320 -135.0 9.0 8.0 269.984148191 1 895 24 34
2348 -135.0 10.0 7.0 269.426754597 0 914 24 6
2349 -135.0 10.0 8.0 269.558490642 1 894 24 30
2350 -135.0 10.0 9.0 269.696537977 2 871 25 54
2351 -135.0 10.0 10.0 269.840939758 4 849 24 79
2352 -135.0 10.0 11.0 269.991739819 6 827 25 87
2380 -135.0 11.0 7.0 269.002819977 0 913 25 1
2381 -135.0 11.0 8.0 269.133691967 1 893 24 23
2382 -135.0 11.0 9.0 269.270872037 2 871 24 48
2383 -135.0 11.0 10.0 269.414403523 3 848 25 74
2384 -135.0 11.0 11.0 269.564330442 5 826 24 87
2385 -135.0 11.0 12.0 269.720697518 8 803 25 88
2386 -135.0 11.0 13.0 269.883550203 10 781 25 86
2415 -135.0 12.0 8.0 268.709799574 0 892 25 17
2416 -135.0 12.0 9.0 268.846102 2 870 24 41
2417 -135.0 12.0 10.0 268.988752342 3 847 25 67
2418 -135.0 12.0 11.0 269.13779479 5 825 24 86
2419 -135.0 12.0 12.0 269.293274249 7 803 25 84
2420 -135.0 12.0 13.0 269.455236357 10 780 25 85
2421 -135.0 12.0 14.0 269.623727511 12 758 25 87
2422 -135.0 12.0 15.0 269.798794898 15 735 25 87
2423 -135.0 12.0 16.0 269.98048652 17 712 25 88
2452 -135.0 13.0 8.0 268.286860531 0 890 25 9
2453 -135.0 13.0 9.0 268.422275274 1 869 24 37
2454 -135.0 13.0 10.0 268.564033965 3 846 24 60
2455 -135.0 13.0 11.0 268.712180961 4 824 25 81
2456 -135.0 13.0 12.0 268.866761338 7 802 25 85
2457 -135.0 13.0 13.0 269.027820909 9 779 25 87
2458 -135.0 13.0 14.0 269.195406253 12 757 25 86
2459 -135.0 13.0 15.0 269.369564745 14 734 25 86
2460 -135.0 13.0 16.0 269.55034458 17 712 26 88
2461 -135.0 13.0 17.0 269.737794807 19 689 26 87
2462 -135.0 13.0 18.0 269.931965363 22 666 26 87
2490 -135.0 14.0 8.0 267.864921531 0 889 24 3
2491 -135.0 14.0 9.0 267.999438898 1 868 25 27
2492 -135.0 14.0 10.0 268.140295781 2 846 24 52
2493 -135.0 14.0 11.0 268.287536697 3 823 25 78
2494 -135.0 14.0 12.0 268.441206881 6 801 24 89
2495 -135.0 14.0 13.0 268.601352314 8 778 25 87
2496 -135.0 14.0 14.0 268.768019749 11 756 25 87
2497 -135.0 14.0 15.0 268.941256736 13 733 26 88
2498 -135.0 14.0 16.0 269.121111654 16 711 25 88
2499 -135.0 14.0 17.0 269.307633743 19 688 25 87
2500 -135.0 14.0 18.0 269.500873134 21 665 25 87
2501 -135.0 14.0 19.0 269.700880889 24 643 25 88
2530 -135.0 15.0 9.0 267.577639512 0 867 24 18
2531 -135.0 15.0 10.0 267.717584786 2 845 25 44
2532 -135.0 15.0 11.0 267.86390935 3 822 24 70
2533 -135.0 15.0 12.0 268.016658591 5 800 25 86
2534 -135.0 15.0 13.0 268.17587865 7 778 25 87
2535 -135.0 15.0 14.0 268.341616441 10 755 25 87
2536 -135.0 15.0 15.0 268.513919684 13 732 25 89
2537 -135.0 15.0 16.0 268.692836932 15 710 25 87
2538 -135.0 15.0 17.0 268.878417602 18 687 26 88
2539 -135.0 15.0 18.0 269.070712011 20 665 26 88
2540 -135.0 15.0 19.0 269.269771412 23 642 26 89
2569 -135.0 16.0 9.0 267.156923327 0 865 24 10
2570 -135.0 16.0 10.0 267.295947548 1 844 25 34
2571 -135.0 16.0 11.0 267.44134585 3 822 24 59
2572 -135.0 16.0 12.0 267.593163765 4 799 25 83
2573 -135.0 16.0 13.0 267.751447583 7 777 24 87
2574 -135.0 16.0 14.0 267.91624437 9 754 25 87
2575 -135.0 16.0 15.0 268.087602006 12 732 25 88
2576 -135.0 16.0 16.0 268.265569208 14 709 26 87
2577 -135.0 16.0 17.0 268.450195561 17 686 26 86
2578 -135.0 16.0 18.0 268.641531559 19 664 26 87
2579 -135.0 16.0 19.0 268.839628635 22 641 26 89
2608 -135.0 17.0 9.0 266.737336095 0 863 24 2
2609 -135.0 17.0 10.0 266.875430181 1 843 25 24
2610 -135.0 17.0 11.0 267.019892678 2 821 25 51
2611 -135.0 17.0 12.0 267.170769255 3 798 25 78
2612 -135.0 17.0 13.0 267.328106337 5 776 25 86
2613 -135.0 17.0 14.0 267.491951139 8 753 25 87
2614 -135.0 17.0 15.0 267.662351687 11 731 26 88
2615 -135.0 17.0 16.0 267.839356853 13 708 26 88
2616 -135.0 17.0 17.0 268.023016382 16 686 26 87
2617 -135.0 17.0 18.0 268.213380932 19 663 26 87
2618 -135.0 17.0 19.0 268.410502106 21 640 26 89
2633 -135.0 18.0 10.0 266.456078316 0 842 24 13
2634 -135.0 18.0 11.0 266.599595836 1 820 25 40
2635 -135.0 18.0 12.0 266.749521433 3 797 24 65
2636 -135.0 18.0 13.0 266.905901667 5 775 25 84
2637 -135.0 18.0 14.0 267.068783883 7 753 25 89
2638 -135.0 18.0 15.0 267.23821625 10 730 26 87
2639 -135.0 18.0 16.0 267.414247781 12 707 25 89
2640 -135.0 18.0 17.0 267.596928373 15 685 25 87
2641 -135.0 18.0 18.0 267.786308838 18 662 26 86
2642 -135.0 18.0 19.0 267.982440937 20 639 26 88
2651 -135.0 19.0 10.0 266.03793707 0 840 24 5
2652 -135.0 19.0 11.0 266.180500813 1 819 25 27
2653 -135.0 19.0 12.0 266.329466171 2 797 25 54
2654 -135.0 19.0 13.0 266.484879823 4 774 25 78
2655 -135.0 19.0 14.0 266.646789242 6 752 26 87
2656 -135.0 19.0 15.0 266.815242724 9 729 25 86
2657 -135.0 19.0 16.0 266.990289418 11 706 25 88
2658 -135.0 19.0 17.0 267.171979361 14 684 26 88
2659 -135.0 19.0 18.0 267.360363507 16 661 26 87
2660 -135.0 19.0 19.0 267.555493768 19 638 26 90
2666 -135.0 20.0 11.0 265.762652563 0 818 24 17
2667 -135.0 20.0 12.0 265.910648801 2 796 25 43
2668 -135.0 20.0 13.0 266.065086526 3 773 25 68
2669 -135.0 20.0 14.0 266.226013325 5 751 25 85
2670 -135.0 20.0 15.0 266.393477616 7 728 25 88
2671 -135.0 20.0 16.0 266.567528672 10 706 26 87
2672 -135.0 20.0 17.0 266.748216657 13 683 26 87
2673 -135.0 20.0 18.0 266.935592661 15 660 26 86
2676 -135.0 21.0 11.0 265.346095475 0 816 24 5
2677 -135.0 21.0 12.0 265.493114097 1 795 25 30
2678 -135.0 21.0 13.0 265.646566938 2 772 25 54
2679 -135.0 21.0 14.0 265.80650169 4 750 25 78
2680 -135.0 21.0 15.0 265.972966881 6 727 25 86
2681 -135.0 21.0 16.0 266.1460119 9 705 26 87
2682 -135.0 21.0 17.0 266.32568703 11 682 26 88
2683 -135.0 21.0 18.0 266.512043484 14 659 26 89
2684 -135.0 22.0 12.0 265.076906243 0 793 25 16
2685 -135.0 22.0 13.0 265.229365633 2 772 25 42
2686 -135.0 22.0 14.0 265.388299307 3 749 25 68
2687 -135.0 22.0 15.0 265.553755894 5 726 26 87
2688 -135.0 22.0 16.0 265.725784885 7 704 25 87
2689 -135.0 22.0 17.0 265.904436674 10 681 25 87
2690 -135.0 22.0 18.0 266.089762587 13 658 26 86
2691 -135.0 23.0 15.0 265.135889419 4 725 25 79
2692 -135.0 23.0 16.0 265.306892803 6 703 25 87
2693 -135.0 23.0 17.0 265.484511183 9 680 25 87
2694 -135.0 23.0 18.0 265.668795985 11 658 26 87
2695 -135.0 24.0 17.0 265.065955518 7 679 26 87
2696 -135.0 24.0 18.0 265.249189066 10 657 26 88
2772 -134.0 8.0 3.0 269.710724972 0 1007 24 10
2773 -134.0 8.0 4.0 269.819920122 1 986 24 35
2774 -134.0 8.0 5.0 269.93531456 3 964 24 60
elapsed time is 1483.669501
