generating bragg masks, processing batch 11
8 -21.0 -9.0 54.0 55.7353914605 1240 15 1100 90
17 -19.0 -10.0 54.0 55.2482131425 1216 19 580 90
18 -19.0 -9.0 53.0 58.2429358144 1234 42 882 86
19 -19.0 -7.0 50.0 55.6140091096 1243 113 1148 85
25 -18.0 -11.0 55.0 57.424278639 1208 0 504 9
26 -18.0 -10.0 54.0 59.9735556605 1224 20 684 83
27 -18.0 -8.0 51.0 58.3836611819 1236 91 900 82
28 -18.0 -6.0 48.0 58.3894921214 1253 161 1576 90
36 -17.0 -11.0 54.0 55.1591231051 1195 22 402 86
37 -17.0 -10.0 53.0 56.9428557374 1208 45 486 89
38 -17.0 -9.0 52.0 59.7730640761 1224 69 664 81
39 -17.0 -8.0 50.0 55.2039153112 1221 116 587 88
40 -17.0 -7.0 49.0 59.7368050398 1241 140 1044 86
41 -17.0 -4.0 44.0 55.4363388253 1258 255 1991 77
47 -16.0 -12.0 55.0 56.8123629632 1184 2 357 37
48 -16.0 -11.0 54.0 58.3776235959 1197 23 415 82
49 -16.0 -9.0 51.0 57.0072901386 1210 94 483 85
50 -16.0 -7.0 48.0 56.3263299749 1226 165 636 87
51 -16.0 -5.0 45.0 57.915602278 1248 234 1230 77
60 -15.0 -12.0 54.0 55.1847384487 1174 25 308 85
61 -15.0 -12.0 55.0 59.4579259782 1185 2 360 50
62 -15.0 -11.0 53.0 56.4751321015 1185 48 347 87
63 -15.0 -10.0 52.0 58.2483631126 1198 72 406 81
64 -15.0 -9.0 50.0 55.1640862584 1199 119 396 86
65 -15.0 -8.0 49.0 57.6750091697 1214 143 497 84
66 -15.0 -6.0 46.0 58.6091855134 1234 212 751 80
73 -14.0 -13.0 55.0 56.530230352 1162 3 279 66
74 -14.0 -12.0 54.0 57.6753263568 1173 26 307 83
75 -14.0 -11.0 53.0 59.1839910224 1186 50 347 86
76 -14.0 -10.0 51.0 56.5274939571 1187 97 342 85
77 -14.0 -9.0 50.0 58.5951210931 1201 121 403 85
78 -14.0 -8.0 48.0 55.9157953308 1204 168 405 86
79 -14.0 -7.0 47.0 59.0729498983 1219 191 528 86
80 -14.0 -6.0 45.0 56.4168537056 1223 237 549 81
90 -13.0 -13.0 54.0 55.2601508806 1152 28 250 86
91 -13.0 -13.0 55.0 58.6534459981 1160 4 276 78
92 -13.0 -12.0 53.0 56.2747920937 1163 52 272 87
93 -13.0 -12.0 54.0 59.9417817167 1172 27 304 84
94 -13.0 -11.0 52.0 57.5833738171 1175 75 300 84
95 -13.0 -10.0 50.0 55.2204361725 1178 123 300 85
96 -13.0 -10.0 51.0 59.3040183837 1187 99 341 85
97 -13.0 -9.0 49.0 56.9992616193 1191 146 343 84
98 -13.0 -8.0 48.0 59.4704855807 1205 169 411 81
99 -13.0 -7.0 46.0 57.2918097443 1209 215 425 83
100 -13.0 -6.0 44.0 55.0608973785 1214 261 448 82
101 -13.0 -5.0 43.0 59.7978515595 1232 284 663 81
102 -13.0 -4.0 41.0 58.2984733771 1239 329 792 82
103 -13.0 -3.0 39.0 57.0260169371 1246 374 1056 75
104 -13.0 -2.0 37.0 56.4010450791 1256 419 1521 73
113 -12.0 -14.0 55.0 56.4003368991 1140 5 231 86
115 -12.0 -13.0 54.0 57.3065770379 1150 29 247 84
116 -12.0 -12.0 52.0 55.1457681898 1154 77 244 84
117 -12.0 -12.0 53.0 58.446589806 1162 53 268 86
118 -12.0 -11.0 51.0 56.3254132589 1165 100 267 84
119 -12.0 -11.0 52.0 59.8963867006 1173 76 295 85
120 -12.0 -10.0 50.0 57.8429400328 1178 124 296 85
121 -12.0 -9.0 48.0 55.7987985414 1182 171 301 83
122 -12.0 -9.0 49.0 59.8405758326 1190 147 338 82
123 -12.0 -8.0 47.0 57.9422772057 1195 194 347 85
124 -12.0 -7.0 45.0 56.059538582 1201 240 362 81
125 -12.0 -6.0 44.0 59.4595675945 1216 263 458 85
126 -12.0 -5.0 42.0 58.0845037984 1223 308 509 81
127 -12.0 -4.0 40.0 56.8865948808 1231 353 592 80
128 -12.0 -3.0 38.0 55.9923951649 1239 398 747 79
129 -12.0 -2.0 36.0 55.8500069478 1249 443 1132 76
140 -11.0 -14.0 54.0 55.3618090005 1131 31 211 85
141 -11.0 -14.0 55.0 58.1879206892 1137 6 226 86
142 -11.0 -13.0 53.0 56.1988049961 1142 54 225 86
143 -11.0 -13.0 54.0 59.1831974108 1148 30 241 84
144 -11.0 -12.0 52.0 57.239708974 1152 78 240 83
145 -11.0 -11.0 50.0 55.3165702853 1157 125 241 84
146 -11.0 -11.0 51.0 58.5431329585 1164 102 262 85
147 -11.0 -10.0 49.0 56.7006733319 1169 149 263 84
148 -11.0 -9.0 48.0 58.4811864831 1181 172 295 83
149 -11.0 -8.0 46.0 56.811340036 1187 218 303 85
150 -11.0 -7.0 44.0 55.1772097341 1194 264 317 81
151 -11.0 -7.0 45.0 59.4330712104 1200 241 357 79
152 -11.0 -6.0 43.0 58.1526976955 1207 287 382 79
153 -11.0 -5.0 41.0 57.0264884336 1215 332 421 80
154 -11.0 -4.0 39.0 56.1239164595 1224 377 483 82
155 -11.0 -3.0 37.0 55.6080033303 1233 422 593 76
156 -11.0 -2.0 35.0 55.9729420409 1244 467 845 78
166 -10.0 -15.0 55.0 56.3545603205 1118 8 196 86
168 -10.0 -14.0 54.0 57.1054039458 1128 32 207 86
169 -10.0 -14.0 55.0 59.833030409 1135 7 220 87
170 -10.0 -13.0 52.0 55.2774134434 1133 80 206 85
171 -10.0 -13.0 53.0 58.0241871107 1139 56 219 86
172 -10.0 -12.0 51.0 56.2503152044 1144 103 220 84
173 -10.0 -12.0 52.0 59.1517954589 1149 79 234 84
174 -10.0 -11.0 50.0 57.4541437048 1155 127 236 84
175 -10.0 -10.0 48.0 55.7934064916 1161 174 239 84
176 -10.0 -10.0 49.0 58.9574192374 1167 150 258 83
177 -10.0 -9.0 47.0 57.42905884 1173 197 263 83
178 -10.0 -8.0 45.0 55.9578175862 1180 243 272 81
179 -10.0 -8.0 46.0 59.5380995205 1185 219 296 84
180 -10.0 -7.0 44.0 58.3252259223 1192 265 310 82
181 -10.0 -6.0 42.0 57.2491702081 1200 311 332 81
182 -10.0 -5.0 40.0 56.3545204903 1209 356 362 79
183 -10.0 -4.0 38.0 55.7281980182 1218 401 411 81
184 -10.0 -3.0 36.0 55.5595136261 1228 446 494 81
185 -10.0 -2.0 34.0 56.3643987507 1239 490 669 74
197 -9.0 -15.0 54.0 55.4790264908 1110 34 182 84
198 -9.0 -15.0 55.0 57.9048933826 1115 9 192 85
199 -9.0 -14.0 53.0 56.191572644 1120 57 191 84
200 -9.0 -14.0 54.0 58.7171060656 1125 33 202 86
201 -9.0 -13.0 52.0 57.0569399108 1130 81 202 84
202 -9.0 -13.0 53.0 59.698986624 1136 57 213 85
203 -9.0 -12.0 50.0 55.433063792 1136 128 202 84
204 -9.0 -12.0 51.0 58.1093223872 1141 105 213 85
205 -9.0 -11.0 49.0 56.5675945541 1147 152 216 83
206 -9.0 -11.0 50.0 59.3952637718 1152 128 229 83
207 -9.0 -10.0 47.0 55.069128881 1154 198 219 83
208 -9.0 -10.0 48.0 57.9667940365 1158 175 232 82
209 -9.0 -9.0 46.0 56.6047572222 1165 221 237 82
210 -9.0 -9.0 47.0 59.7119531461 1170 198 255 82
211 -9.0 -8.0 44.0 55.3124866308 1173 267 245 82
212 -9.0 -8.0 45.0 58.5485221966 1177 244 264 80
213 -9.0 -7.0 43.0 57.5080838188 1185 290 275 82
214 -9.0 -6.0 41.0 56.621604288 1194 335 293 79
215 -9.0 -5.0 39.0 55.9432844605 1203 380 319 79
216 -9.0 -4.0 37.0 55.5734765259 1212 425 358 78
217 -9.0 -3.0 35.0 55.71887833 1223 469 422 80
218 -9.0 -2.0 33.0 56.8966102164 1235 514 549 78
219 -9.0 0.0 28.0 58.2157110671 1259 623 1682 81
230 -8.0 -16.0 55.0 56.3605097171 1097 11 172 87
232 -8.0 -15.0 54.0 57.0017477569 1107 35 179 87
233 -8.0 -15.0 55.0 59.3434498208 1111 10 188 86
234 -8.0 -14.0 52.0 55.4165644272 1113 83 178 86
235 -8.0 -14.0 53.0 57.772030817 1117 59 186 84
236 -8.0 -13.0 51.0 56.2446757961 1123 106 186 85
237 -8.0 -13.0 52.0 58.6965181444 1127 82 196 85
238 -8.0 -12.0 50.0 57.2438850666 1133 130 196 85
239 -8.0 -12.0 51.0 59.8080765585 1137 106 207 84
240 -8.0 -11.0 48.0 55.8429609747 1140 177 198 83
241 -8.0 -11.0 49.0 58.4533677427 1144 153 210 83
242 -8.0 -10.0 47.0 57.1686741911 1151 200 212 83
243 -8.0 -10.0 48.0 59.9266729915 1155 176 225 82
244 -8.0 -9.0 45.0 55.9584213031 1159 246 218 81
245 -8.0 -9.0 46.0 58.8006021638 1162 222 231 83
246 -8.0 -8.0 44.0 57.7863059494 1170 268 238 82
247 -8.0 -7.0 42.0 56.9063918115 1178 314 249 80
248 -8.0 -6.0 40.0 56.1977588296 1187 359 263 79
249 -8.0 -6.0 41.0 59.5994507758 1191 336 281 80
250 -8.0 -5.0 38.0 55.7223555537 1197 404 285 81
251 -8.0 -5.0 39.0 59.402867345 1200 381 307 80
252 -8.0 -4.0 36.0 55.5905137879 1207 449 317 78
253 -8.0 -4.0 37.0 59.6710015974 1210 426 344 78
254 -8.0 -3.0 34.0 56.0190364143 1218 493 367 79
255 -8.0 -2.0 32.0 57.5115730145 1230 537 462 80
266 -7.0 -17.0 55.0 55.0889278947 1079 13 155 88
269 -7.0 -16.0 54.0 55.6062358013 1089 37 161 85
270 -7.0 -16.0 55.0 57.7330083198 1093 12 168 85
272 -7.0 -15.0 53.0 56.2265690553 1099 60 167 85
273 -7.0 -15.0 54.0 58.4193949306 1103 36 174 85
274 -7.0 -14.0 52.0 56.9674597111 1109 84 174 87
275 -7.0 -14.0 53.0 59.2349938219 1113 60 182 85
276 -7.0 -13.0 50.0 55.5613861221 1115 131 174 83
277 -7.0 -13.0 51.0 57.8509861194 1119 107 182 84
278 -7.0 -12.0 49.0 56.5231231937 1126 155 182 83
279 -7.0 -12.0 50.0 58.9054370746 1129 131 191 85
280 -7.0 -11.0 47.0 55.2519673431 1133 201 184 83
281 -7.0 -11.0 48.0 57.6778452044 1136 178 193 83
282 -7.0 -10.0 46.0 56.5254851954 1144 224 196 81
283 -7.0 -10.0 47.0 59.0707320514 1147 201 206 81
284 -7.0 -9.0 44.0 55.456302079 1152 270 200 81
285 -7.0 -9.0 45.0 58.076183517 1155 247 210 82
286 -7.0 -8.0 43.0 57.2012674249 1163 293 217 81
287 -7.0 -8.0 44.0 59.9835078213 1166 269 229 81
288 -7.0 -7.0 41.0 56.4725708605 1172 338 226 80
289 -7.0 -7.0 42.0 59.3799699368 1175 315 239 81
290 -7.0 -6.0 39.0 55.9319187286 1182 383 239 80
291 -7.0 -6.0 40.0 59.0050051908 1184 360 253 82
292 -7.0 -5.0 37.0 55.6473864963 1192 428 256 79
293 -7.0 -5.0 38.0 58.9431588531 1194 405 272 81
294 -7.0 -4.0 35.0 55.736318403 1202 472 283 77
295 -7.0 -4.0 36.0 59.3409986981 1204 450 301 79
296 -7.0 -3.0 33.0 56.4197591865 1213 516 323 75
297 -7.0 -2.0 31.0 58.1780768616 1226 560 395 74
298 -7.0 -1.0 28.0 56.274579682 1237 626 492 74
299 -7.0 0.0 25.0 55.4246809237 1249 691 771 81
312 -6.0 -17.0 55.0 56.400655593 1075 14 153 88
314 -6.0 -16.0 54.0 56.9602641135 1085 38 157 85
315 -6.0 -16.0 55.0 59.0154613355 1089 13 163 86
316 -6.0 -15.0 52.0 55.5605109281 1092 86 156 85
317 -6.0 -15.0 53.0 57.6236212173 1095 62 163 85
318 -6.0 -15.0 54.0 59.7375197182 1098 37 170 86
319 -6.0 -14.0 51.0 56.2813746754 1101 109 162 83
320 -6.0 -14.0 52.0 58.4076120085 1104 85 169 84
321 -6.0 -13.0 50.0 57.1359667399 1112 133 169 83
322 -6.0 -13.0 51.0 59.3332645804 1115 109 176 83
323 -6.0 -12.0 48.0 55.9237383054 1119 179 170 82
324 -6.0 -12.0 49.0 58.1492018057 1122 156 178 83
325 -6.0 -11.0 47.0 57.0393292304 1129 202 179 83
326 -6.0 -11.0 48.0 59.3530391218 1132 179 186 82
327 -6.0 -10.0 45.0 56.0106891145 1138 249 181 82
328 -6.0 -10.0 46.0 58.3737488447 1140 225 189 82
329 -6.0 -9.0 43.0 55.0742595825 1146 294 186 80
330 -6.0 -9.0 44.0 57.502555632 1148 271 193 82
331 -6.0 -9.0 45.0 59.9792333851 1151 248 202 82
332 -6.0 -8.0 42.0 56.7593927569 1157 317 200 81
elapsed time is 1569.494507
