generating bragg masks, processing batch 26
0 -3.0 2.0 33.0 132.273683268 1255 519 1598 77
1 -2.0 2.0 11.0 134.620386323 1259 996 857 81
2 -2.0 2.0 38.0 131.032695325 1245 409 931 77
3 -2.0 3.0 15.0 134.693561443 1251 910 505 67
4 -2.0 3.0 16.0 130.586785004 1249 889 493 77
5 -2.0 3.0 33.0 130.148196804 1240 520 642 73
6 -2.0 3.0 34.0 132.654220398 1242 498 728 75
7 -2.0 4.0 23.0 134.944532626 1241 738 470 80
8 -2.0 4.0 24.0 134.568443716 1241 716 480 71
9 -2.0 4.0 25.0 134.476673448 1240 695 492 76
10 -2.0 4.0 26.0 134.656949892 1240 673 508 77
11 -1.0 -2.0 51.0 130.437989335 1258 111 3065 81
12 -1.0 -1.0 49.0 130.524053656 1252 158 1914 72
13 -1.0 0.0 47.0 132.331879352 1251 204 1622 81
14 -1.0 1.0 45.0 135.040187409 1250 250 1496 81
15 -1.0 2.0 42.0 132.393734633 1239 319 801 81
16 -1.0 3.0 11.0 130.492696031 1246 997 279 70
17 -1.0 3.0 39.0 132.936649334 1234 386 628 80
18 -1.0 4.0 14.0 134.363334099 1238 932 256 75
19 -1.0 4.0 15.0 131.828503258 1237 911 265 75
20 -1.0 4.0 34.0 131.190681447 1227 498 446 81
21 -1.0 4.0 35.0 133.020602114 1229 476 481 73
22 -1.0 5.0 20.0 134.589143506 1229 803 273 75
23 -1.0 5.0 21.0 133.781000612 1228 782 282 74
24 -1.0 5.0 22.0 133.177628983 1227 760 290 76
25 -1.0 5.0 23.0 132.770129443 1227 739 298 71
26 -1.0 5.0 24.0 132.550121364 1226 717 306 76
27 -1.0 5.0 25.0 132.510224431 1226 695 316 75
28 -1.0 5.0 26.0 132.644456321 1225 673 326 74
29 -1.0 5.0 27.0 132.948593049 1225 651 336 74
30 -1.0 5.0 28.0 133.420544847 1225 630 348 76
31 -1.0 5.0 29.0 134.060811972 1225 608 362 77
32 -1.0 5.0 30.0 134.87310884 1225 586 378 73
33 0.0 -2.0 53.0 130.164913301 1250 64 1718 83
34 0.0 1.0 2.0 134.147057231 1258 1189 130 73
35 0.0 1.0 47.0 130.537266309 1233 205 742 81
36 0.0 2.0 45.0 132.227742093 1231 251 663 83
37 0.0 3.0 7.0 132.480066991 1242 1082 149 73
38 0.0 3.0 42.0 131.125738363 1223 319 505 81
39 0.0 3.0 43.0 134.312874422 1229 296 595 78
40 0.0 4.0 10.0 132.743441973 1233 1018 158 72
41 0.0 4.0 39.0 131.672905944 1219 387 423 75
42 0.0 4.0 40.0 133.984641861 1222 364 467 81
43 0.0 5.0 13.0 134.477877744 1225 954 164 73
44 0.0 5.0 14.0 132.549909278 1225 932 172 74
45 0.0 5.0 15.0 130.843521622 1224 911 182 73
46 0.0 5.0 34.0 130.553729178 1213 498 328 77
47 0.0 5.0 35.0 131.888810369 1214 476 345 81
48 0.0 5.0 36.0 133.384650405 1215 454 365 73
49 0.0 6.0 18.0 134.699065011 1217 846 185 74
50 0.0 6.0 19.0 133.810084703 1216 825 193 73
51 0.0 6.0 20.0 133.077176447 1215 803 200 74
52 0.0 6.0 21.0 132.495862366 1214 782 207 73
53 0.0 6.0 22.0 132.061358505 1214 760 214 74
54 0.0 6.0 23.0 131.76885553 1213 739 222 75
55 0.0 6.0 24.0 131.613758361 1212 717 229 74
56 0.0 6.0 25.0 131.591890776 1212 695 235 74
57 0.0 6.0 26.0 131.699674001 1211 674 243 73
58 0.0 6.0 27.0 131.934290363 1211 652 251 77
59 0.0 6.0 28.0 132.293845062 1211 630 259 79
60 0.0 6.0 29.0 132.777541581 1211 608 268 77
61 0.0 6.0 30.0 133.385890211 1211 586 278 78
62 0.0 6.0 31.0 134.120975887 1211 564 289 77
63 0.0 6.0 32.0 134.98682337 1212 542 301 77
64 1.0 -2.0 55.0 131.475557597 1246 17 1465 81
65 1.0 1.0 50.0 133.776606059 1233 135 798 78
66 1.0 2.0 2.0 130.610809029 1245 1190 53 72
67 1.0 2.0 48.0 133.739096932 1227 182 634 84
68 1.0 3.0 4.0 132.634584841 1237 1147 74 73
69 1.0 3.0 45.0 131.232307888 1215 251 458 78
70 1.0 3.0 46.0 134.383979728 1222 228 537 79
71 1.0 4.0 6.0 134.584663645 1229 1104 86 73
72 1.0 4.0 7.0 131.143053361 1228 1083 98 72
73 1.0 4.0 42.0 130.544745121 1209 320 377 77
74 1.0 4.0 43.0 132.85425194 1212 296 414 77
75 1.0 5.0 9.0 133.951063323 1221 1040 104 74
76 1.0 5.0 10.0 131.603720076 1220 1019 113 73
77 1.0 5.0 39.0 131.037778444 1204 387 324 77
78 1.0 5.0 40.0 132.787210659 1207 365 346 75
79 1.0 5.0 41.0 134.72748513 1209 342 373 75
80 1.0 6.0 12.0 134.7181277 1213 975 116 74
81 1.0 6.0 13.0 133.112045212 1212 954 124 71
82 1.0 6.0 14.0 131.665194801 1211 933 132 72
83 1.0 6.0 15.0 130.376501549 1210 911 139 76
84 1.0 6.0 34.0 130.217575723 1199 498 261 76
85 1.0 6.0 35.0 131.27633946 1200 476 271 77
86 1.0 6.0 36.0 132.450026482 1201 454 284 80
87 1.0 6.0 37.0 133.748296725 1202 431 298 75
88 1.0 7.0 17.0 134.318519842 1204 868 140 73
89 1.0 7.0 18.0 133.502064403 1203 847 147 72
90 1.0 7.0 19.0 132.808786837 1202 825 153 74
91 1.0 7.0 20.0 132.236106205 1201 804 159 74
92 1.0 7.0 21.0 131.781150169 1201 782 165 74
93 1.0 7.0 22.0 131.440903847 1200 761 171 74
94 1.0 7.0 23.0 131.212343606 1200 739 177 75
95 1.0 7.0 24.0 131.092556138 1199 717 183 74
96 1.0 7.0 25.0 131.078844518 1198 696 189 75
97 1.0 7.0 26.0 131.168824016 1198 674 195 75
98 1.0 7.0 27.0 131.360511339 1198 652 202 75
99 1.0 7.0 28.0 131.652411712 1197 630 208 75
100 1.0 7.0 29.0 132.043609124 1197 608 214 75
101 1.0 7.0 30.0 132.533866224 1197 586 222 76
102 1.0 7.0 31.0 133.123742077 1197 564 230 76
103 1.0 7.0 32.0 133.814738715 1197 542 238 74
104 1.0 7.0 33.0 134.609491727 1198 520 247 75
106 2.0 -1.0 55.0 130.23333583 1228 17 767 85
107 2.0 0.0 54.0 134.429191032 1235 41 914 81
108 2.0 1.0 52.0 132.78840347 1224 88 639 84
109 2.0 2.0 50.0 132.302407647 1216 135 519 85
110 2.0 3.0 1.0 134.650889954 1232 1211 28 72
111 2.0 3.0 48.0 132.472329724 1210 182 445 81
112 2.0 4.0 3.0 134.9851639 1224 1168 43 71
113 2.0 4.0 4.0 131.431032901 1224 1147 53 73
114 2.0 4.0 45.0 130.719186008 1201 251 356 80
115 2.0 4.0 46.0 133.102025389 1205 228 391 77
116 2.0 5.0 6.0 133.085640743 1216 1104 65 73
117 2.0 5.0 7.0 130.553913555 1215 1083 74 73
118 2.0 5.0 42.0 130.228553297 1195 320 303 77
119 2.0 5.0 43.0 132.062244348 1198 297 324 78
120 2.0 5.0 44.0 134.080987235 1201 274 349 82
121 2.0 6.0 8.0 134.795084693 1208 1061 73 73
122 2.0 6.0 9.0 132.830868858 1208 1040 81 73
123 2.0 6.0 10.0 131.017922242 1207 1019 89 73
124 2.0 6.0 39.0 130.670829892 1190 387 265 77
125 2.0 6.0 40.0 132.089686014 1192 365 278 78
126 2.0 6.0 41.0 133.637009268 1194 342 294 78
127 2.0 7.0 11.0 135.011337779 1200 997 87 73
128 2.0 7.0 12.0 133.604821657 1199 976 94 74
129 2.0 7.0 13.0 132.322277802 1199 954 101 72
130 2.0 7.0 14.0 131.163479525 1198 933 106 73
131 2.0 7.0 15.0 130.127291122 1197 912 113 73
132 2.0 7.0 35.0 130.907363782 1186 476 225 76
133 2.0 7.0 36.0 131.877786475 1187 454 233 77
134 2.0 7.0 37.0 132.9438551 1188 432 242 78
135 2.0 7.0 38.0 134.112139035 1189 409 253 78
136 2.0 8.0 16.0 134.195681059 1191 890 110 72
137 2.0 8.0 17.0 133.42504925 1190 868 116 73
138 2.0 8.0 18.0 132.75614204 1190 847 122 72
139 2.0 8.0 19.0 132.187364526 1189 826 127 73
140 2.0 8.0 20.0 131.716877838 1188 804 132 73
141 2.0 8.0 21.0 131.342685323 1188 783 138 75
142 2.0 8.0 22.0 131.062713016 1187 761 142 71
143 2.0 8.0 23.0 130.874883758 1186 739 148 75
144 2.0 8.0 24.0 130.777185011 1186 718 153 75
145 2.0 8.0 25.0 130.767730969 1185 696 158 72
146 2.0 8.0 26.0 130.844820018 1185 674 164 76
147 2.0 8.0 27.0 131.006989013 1184 652 169 74
148 2.0 8.0 28.0 131.253066192 1184 631 174 75
149 2.0 8.0 29.0 131.58222495 1183 609 179 76
150 2.0 8.0 30.0 131.994041173 1183 587 185 76
151 2.0 8.0 31.0 132.488557443 1183 565 191 75
152 2.0 8.0 32.0 133.066358348 1183 543 198 77
153 2.0 8.0 33.0 133.728662445 1183 521 205 76
154 2.0 8.0 34.0 134.477438445 1184 498 212 76
155 2.0 9.0 25.0 135.034827603 1181 696 150 75
158 3.0 0.0 -6.0 130.603352159 1250 1362 197 73
160 3.0 1.0 54.0 132.727992071 1216 41 565 86
161 3.0 2.0 -3.0 134.059423957 1235 1297 55 72
162 3.0 2.0 52.0 131.809617973 1207 89 459 82
163 3.0 3.0 -1.0 133.065451248 1227 1255 27 73
164 3.0 3.0 50.0 131.558852116 1200 136 396 80
165 3.0 3.0 51.0 134.58713473 1208 112 458 81
166 3.0 4.0 1.0 133.033453727 1219 1212 26 72
167 3.0 4.0 48.0 131.776823072 1195 182 350 83
168 3.0 4.0 49.0 134.298117182 1201 159 389 81
169 3.0 5.0 3.0 133.545747835 1211 1169 36 74
170 3.0 5.0 4.0 130.847300099 1211 1148 44 72
171 3.0 5.0 45.0 130.421193738 1187 252 292 78
172 3.0 5.0 46.0 132.35696849 1190 228 314 79
173 3.0 5.0 47.0 134.486920349 1195 205 341 79
174 3.0 6.0 5.0 134.396030059 1204 1126 47 73
175 3.0 6.0 6.0 132.251476576 1203 1105 54 72
176 3.0 6.0 7.0 130.249130806 1202 1084 60 71
177 3.0 6.0 43.0 131.57367525 1183 297 267 77
178 3.0 6.0 44.0 133.229272333 1186 274 283 81
179 3.0 6.0 45.0 135.03410743 1189 251 302 79
180 3.0 7.0 8.0 133.756054799 1195 1062 62 73
181 3.0 7.0 9.0 132.159312328 1195 1040 68 73
182 3.0 7.0 10.0 130.682245955 1194 1019 74 73
183 3.0 7.0 39.0 130.446063464 1177 388 224 78
184 3.0 7.0 40.0 131.643595894 1178 365 234 80
185 3.0 7.0 41.0 132.938426002 1180 342 244 77
186 3.0 7.0 42.0 134.340543804 1182 319 256 78
187 3.0 8.0 11.0 134.0611538 1187 997 74 73
188 3.0 8.0 12.0 132.891901613 1186 976 79 73
189 3.0 8.0 13.0 131.824099808 1186 955 85 73
190 3.0 8.0 14.0 130.857260414 1185 933 90 74
191 3.0 8.0 35.0 130.673920374 1173 477 192 76
192 3.0 8.0 36.0 131.502895094 1173 455 199 77
193 3.0 8.0 37.0 132.410312734 1174 432 206 77
194 3.0 8.0 38.0 133.399873448 1175 410 213 78
195 3.0 8.0 39.0 134.476431109 1176 387 222 79
196 3.0 9.0 14.0 135.044332193 1179 933 84 74
197 3.0 9.0 15.0 134.218005672 1178 912 89 73
198 3.0 9.0 16.0 133.479035614 1178 890 94 75
199 3.0 9.0 17.0 132.826647653 1177 869 99 76
200 3.0 9.0 18.0 132.259814536 1176 847 104 74
201 3.0 9.0 19.0 131.777310269 1176 826 109 73
202 3.0 9.0 20.0 131.377763188 1175 804 113 72
203 3.0 9.0 21.0 131.059706969 1174 783 118 72
elapsed time is 1488.021422
