generating bragg masks, processing batch 31
0 -2.0 4.0 13.0 158.04676543 1246 952 342 72
1 -2.0 5.0 15.0 158.238765484 1239 909 289 75
2 -2.0 5.0 16.0 156.003502307 1239 888 311 69
3 -2.0 5.0 32.0 155.935300912 1252 540 1174 80
4 -2.0 6.0 17.0 159.22722886 1232 865 260 70
5 -2.0 6.0 18.0 157.91212182 1233 844 279 76
6 -2.0 6.0 19.0 156.759939074 1233 822 298 71
7 -2.0 6.0 20.0 155.783251414 1234 801 318 74
8 -2.0 6.0 28.0 155.712410444 1240 627 547 69
9 -2.0 6.0 29.0 156.988070021 1242 605 610 65
10 -2.0 6.0 30.0 158.749357634 1244 583 704 74
11 -2.0 7.0 20.0 159.902527984 1227 800 259 71
12 -2.0 7.0 21.0 159.35018685 1227 779 278 75
13 -2.0 7.0 22.0 158.95955242 1228 757 296 75
14 -2.0 7.0 23.0 158.741155056 1228 736 316 70
15 -2.0 7.0 24.0 158.70686564 1229 714 338 72
16 -2.0 7.0 25.0 158.870942287 1231 692 362 71
17 -2.0 7.0 26.0 159.251608999 1232 670 390 70
18 -2.0 7.0 27.0 159.873555411 1233 649 422 74
19 -1.0 4.0 8.0 156.334528444 1239 1059 157 74
20 -1.0 5.0 9.0 157.756013355 1231 1038 136 74
21 -1.0 6.0 10.0 158.836328699 1223 1016 124 72
22 -1.0 6.0 11.0 156.608932889 1224 994 137 73
23 -1.0 6.0 37.0 157.157874473 1245 429 944 70
24 -1.0 7.0 11.0 159.738530745 1216 994 114 74
25 -1.0 7.0 12.0 158.026138987 1216 972 126 73
26 -1.0 7.0 13.0 156.404255656 1217 951 137 70
27 -1.0 7.0 35.0 156.587167625 1234 473 569 79
28 -1.0 7.0 36.0 159.455863237 1239 450 688 79
29 -1.0 8.0 13.0 159.195711806 1208 950 119 72
30 -1.0 8.0 14.0 157.94005526 1209 929 128 72
31 -1.0 8.0 15.0 156.775894036 1210 908 138 72
32 -1.0 8.0 16.0 155.709327971 1210 886 149 74
33 -1.0 8.0 32.0 155.60318183 1222 539 373 78
34 -1.0 8.0 33.0 157.021180277 1224 517 406 76
35 -1.0 8.0 34.0 158.743829701 1227 494 450 77
36 -1.0 9.0 15.0 159.228644622 1201 907 121 72
37 -1.0 9.0 16.0 158.333795851 1202 886 130 71
38 -1.0 9.0 17.0 157.528079655 1203 865 139 75
39 -1.0 9.0 18.0 156.815660625 1203 843 149 72
40 -1.0 9.0 19.0 156.200428011 1204 822 157 75
41 -1.0 9.0 20.0 155.686037092 1204 800 167 72
42 -1.0 9.0 21.0 155.275975088 1205 779 177 73
43 -1.0 9.0 27.0 155.210335229 1209 648 243 76
44 -1.0 9.0 28.0 155.641777871 1210 626 258 74
45 -1.0 9.0 29.0 156.218205117 1211 604 273 73
46 -1.0 9.0 30.0 156.951183767 1213 582 290 74
47 -1.0 9.0 31.0 157.856161576 1215 560 310 72
48 -1.0 9.0 32.0 158.954309747 1216 538 332 75
49 -1.0 10.0 17.0 159.666156554 1194 864 124 73
50 -1.0 10.0 18.0 159.06402191 1195 842 132 71
51 -1.0 10.0 19.0 158.547925868 1196 821 140 73
52 -1.0 10.0 20.0 158.121145459 1197 799 149 75
53 -1.0 10.0 21.0 157.786906884 1197 778 157 72
54 -1.0 10.0 22.0 157.54845429 1198 756 166 72
55 -1.0 10.0 23.0 157.409139772 1199 735 176 75
56 -1.0 10.0 24.0 157.372538359 1199 713 186 73
57 -1.0 10.0 25.0 157.442593728 1200 691 196 74
58 -1.0 10.0 26.0 157.623803537 1201 669 206 74
59 -1.0 10.0 27.0 157.921458253 1202 647 218 74
60 -1.0 10.0 28.0 158.341955303 1203 625 230 73
61 -1.0 10.0 29.0 158.89322349 1205 604 243 73
62 -1.0 10.0 30.0 159.585314946 1206 581 259 75
63 -1.0 11.0 20.0 160.042103024 1188 798 134 74
64 -1.0 11.0 21.0 159.766616972 1189 777 142 71
65 -1.0 11.0 22.0 159.577317051 1190 755 150 73
66 -1.0 11.0 23.0 159.477296742 1191 734 158 72
67 -1.0 11.0 24.0 159.469867132 1192 712 167 74
68 -1.0 11.0 25.0 159.558668545 1193 690 176 76
69 -1.0 11.0 26.0 159.747812169 1194 669 186 75
70 -1.0 11.0 27.0 160.042061574 1195 647 196 73
71 0.0 2.0 2.0 155.294161866 1250 1189 68 73
72 0.0 3.0 3.0 155.810378461 1242 1167 68 71
73 0.0 4.0 4.0 156.326678767 1233 1145 68 72
74 0.0 5.0 5.0 156.843104777 1225 1123 68 72
75 0.0 6.0 5.0 159.977978194 1217 1123 58 71
76 0.0 6.0 6.0 157.359698573 1217 1101 68 72
77 0.0 6.0 42.0 159.798174786 1252 316 1591 81
78 0.0 7.0 6.0 159.996438515 1209 1101 59 72
79 0.0 7.0 7.0 157.876502361 1210 1080 68 71
80 0.0 7.0 8.0 155.820178553 1210 1059 77 71
81 0.0 7.0 40.0 155.611169502 1234 361 643 80
82 0.0 7.0 41.0 159.927231303 1242 338 896 81
83 0.0 8.0 8.0 158.393558501 1202 1058 69 73
84 0.0 8.0 9.0 156.713317805 1202 1037 77 73
85 0.0 8.0 10.0 155.104700308 1203 1015 85 73
86 0.0 8.0 39.0 157.106473177 1226 383 509 75
87 0.0 9.0 9.0 158.91090954 1194 1036 69 72
88 0.0 9.0 10.0 157.522680072 1194 1015 75 73
89 0.0 9.0 11.0 156.202723951 1195 993 83 72
90 0.0 9.0 37.0 156.252715837 1215 428 370 73
91 0.0 9.0 38.0 158.22914009 1218 405 412 76
92 0.0 10.0 10.0 159.428598242 1186 1014 68 72
93 0.0 10.0 11.0 158.273731278 1186 993 75 69
94 0.0 10.0 12.0 157.183866807 1187 971 81 73
95 0.0 10.0 13.0 156.1626355 1188 950 88 72
96 0.0 10.0 14.0 155.213423518 1188 929 95 72
97 0.0 10.0 35.0 156.186081784 1204 472 291 77
98 0.0 10.0 36.0 157.553087765 1207 449 312 75
99 0.0 10.0 37.0 159.135835552 1210 427 339 75
100 0.0 11.0 11.0 159.946667619 1178 992 68 73
101 0.0 11.0 12.0 158.982637073 1179 971 74 73
102 0.0 11.0 13.0 158.080519243 1179 949 80 73
103 0.0 11.0 14.0 157.243110829 1180 928 86 73
104 0.0 11.0 15.0 156.473038753 1180 907 93 72
105 0.0 11.0 16.0 155.772754163 1181 885 99 72
106 0.0 11.0 17.0 155.144533696 1181 864 106 72
107 0.0 11.0 32.0 155.719786407 1192 538 224 75
108 0.0 11.0 33.0 156.552421773 1194 515 236 76
109 0.0 11.0 34.0 157.517979064 1196 493 250 76
110 0.0 11.0 35.0 158.63070132 1198 471 266 77
111 0.0 11.0 36.0 159.9096976 1201 449 285 76
112 0.0 12.0 13.0 159.660158425 1171 949 74 73
113 0.0 12.0 14.0 158.914199785 1171 928 79 72
114 0.0 12.0 15.0 158.22952764 1172 906 85 73
115 0.0 12.0 16.0 157.608270015 1173 885 91 73
116 0.0 12.0 17.0 157.052442782 1173 863 96 72
117 0.0 12.0 18.0 156.563957449 1174 842 102 72
118 0.0 12.0 19.0 156.144634631 1175 820 108 73
119 0.0 12.0 20.0 155.796223494 1175 799 115 73
120 0.0 12.0 21.0 155.520427452 1176 777 121 74
121 0.0 12.0 22.0 155.318936511 1176 756 127 74
122 0.0 12.0 23.0 155.193466779 1177 734 133 72
123 0.0 12.0 24.0 155.145807962 1177 712 140 76
124 0.0 12.0 25.0 155.177880046 1178 691 147 73
125 0.0 12.0 26.0 155.291800971 1179 669 155 73
126 0.0 12.0 27.0 155.489967961 1180 647 161 73
127 0.0 12.0 28.0 155.775156394 1181 625 169 74
128 0.0 12.0 29.0 156.150641898 1182 603 178 76
129 0.0 12.0 30.0 156.620354051 1183 581 186 74
130 0.0 12.0 31.0 157.189074137 1184 559 195 74
131 0.0 12.0 32.0 157.862695859 1186 537 206 75
132 0.0 12.0 33.0 158.648578288 1187 515 216 76
133 0.0 12.0 34.0 159.556037889 1189 492 229 75
134 0.0 13.0 15.0 159.69976465 1163 905 79 72
135 0.0 13.0 16.0 159.144055462 1164 884 84 72
136 0.0 13.0 17.0 158.648403031 1165 863 90 73
137 0.0 13.0 18.0 158.214530873 1165 841 95 73
138 0.0 13.0 19.0 157.844107748 1166 820 100 72
139 0.0 13.0 20.0 157.538763494 1167 798 106 73
140 0.0 13.0 21.0 157.300109714 1168 777 111 74
141 0.0 13.0 22.0 157.129765714 1168 755 118 74
142 0.0 13.0 23.0 157.029390232 1169 733 124 74
143 0.0 13.0 24.0 157.000719681 1170 712 129 73
144 0.0 13.0 25.0 157.045613962 1171 690 136 73
145 0.0 13.0 26.0 157.166111319 1171 668 142 76
146 0.0 13.0 27.0 157.364494357 1172 646 150 75
147 0.0 13.0 28.0 157.643370217 1173 624 156 77
148 0.0 13.0 29.0 158.005769238 1174 602 163 76
149 0.0 13.0 30.0 158.455268292 1176 581 172 75
150 0.0 13.0 31.0 158.99614789 1177 558 181 74
151 0.0 13.0 32.0 159.633596495 1179 536 189 75
152 0.0 14.0 17.0 160.002485122 1156 862 83 73
153 0.0 14.0 18.0 159.614303409 1157 840 88 72
154 0.0 14.0 19.0 159.284780524 1158 819 93 74
155 0.0 14.0 20.0 159.015419752 1159 797 98 74
156 0.0 14.0 21.0 158.807722713 1159 776 103 73
157 0.0 14.0 22.0 158.663210572 1160 754 109 75
158 0.0 14.0 23.0 158.583449919 1161 733 115 73
159 0.0 14.0 24.0 158.570083932 1162 711 120 72
160 0.0 14.0 25.0 158.624869712 1163 689 126 74
161 0.0 14.0 26.0 158.749722952 1164 667 132 77
162 0.0 14.0 27.0 158.946771624 1165 646 138 76
163 0.0 14.0 28.0 159.218420958 1166 624 145 75
164 0.0 14.0 29.0 159.567432973 1167 602 152 73
165 0.0 14.0 30.0 159.997025121 1168 580 159 75
166 0.0 15.0 22.0 159.977104222 1152 754 101 73
167 0.0 15.0 23.0 159.914218511 1153 732 107 73
168 0.0 15.0 24.0 159.913078201 1154 710 112 75
169 0.0 15.0 25.0 159.975320241 1155 689 117 76
170 1.0 1.0 -2.0 156.27613968 1252 1275 80 71
171 1.0 2.0 -1.0 155.108175126 1245 1253 33 72
172 1.0 4.0 0.0 159.295938499 1228 1231 23 68
173 1.0 5.0 1.0 158.621939332 1220 1209 26 72
174 1.0 5.0 2.0 155.191327272 1220 1188 33 72
175 1.0 6.0 2.0 158.301066656 1212 1187 31 71
176 1.0 6.0 3.0 155.513559384 1212 1166 37 70
177 1.0 7.0 3.0 158.196586968 1204 1165 35 72
178 1.0 7.0 4.0 155.886636658 1204 1144 41 73
179 1.0 7.0 44.0 155.688346133 1234 270 715 81
180 1.0 8.0 4.0 158.234265141 1196 1143 38 73
181 1.0 8.0 5.0 156.292930832 1196 1122 44 72
182 1.0 8.0 43.0 156.456033128 1226 293 554 79
183 1.0 9.0 5.0 158.370342227 1188 1122 41 71
184 1.0 9.0 6.0 156.722148008 1188 1100 47 74
185 1.0 9.0 7.0 155.131726702 1189 1079 52 72
186 1.0 9.0 42.0 157.109941818 1217 315 445 80
187 1.0 10.0 5.0 160.038933372 1179 1121 38 72
188 1.0 10.0 6.0 158.577364674 1180 1100 43 71
189 1.0 10.0 7.0 157.167881012 1180 1079 48 74
190 1.0 10.0 8.0 155.814561703 1181 1057 54 72
191 1.0 10.0 40.0 155.704182299 1204 360 333 79
192 1.0 10.0 41.0 157.699372437 1208 337 367 77
193 1.0 10.0 42.0 160.035872628 1214 314 414 76
194 1.0 11.0 7.0 158.837245335 1172 1078 45 73
195 1.0 11.0 8.0 157.625939454 1172 1057 50 72
196 1.0 11.0 9.0 156.468898805 1173 1035 55 73
197 1.0 11.0 10.0 155.369102303 1174 1014 60 71
198 1.0 11.0 38.0 155.154385454 1193 405 268 77
199 1.0 11.0 39.0 156.603826339 1196 382 287 77
elapsed time is 1484.702380
