generating bragg masks, processing batch 66
68 -81.0 -105.0 26.0 330.060833633 0 632 26 10
69 -81.0 -105.0 27.0 330.346397911 0 608 26 8
70 -81.0 -104.0 27.0 330.065407831 4 609 26 89
71 -81.0 -104.0 28.0 330.358575346 4 586 26 88
72 -81.0 -103.0 28.0 330.076818184 12 586 26 93
73 -81.0 -102.0 29.0 330.095205828 21 562 27 92
171 -80.0 -105.0 25.0 330.09952806 3 656 25 71
172 -80.0 -105.0 26.0 330.38043659 3 634 26 70
173 -80.0 -105.0 27.0 330.667037782 3 611 26 62
174 -80.0 -104.0 26.0 330.098692068 10 634 26 91
175 -80.0 -104.0 27.0 330.387196098 10 610 26 92
176 -80.0 -104.0 28.0 330.681440608 10 588 26 92
177 -80.0 -103.0 27.0 330.104642758 19 610 27 92
178 -80.0 -103.0 28.0 330.400850166 18 587 27 92
179 -80.0 -103.0 29.0 330.702847259 18 564 27 92
180 -80.0 -102.0 28.0 330.117520357 27 587 27 93
181 -80.0 -102.0 29.0 330.421541939 27 564 27 92
182 -80.0 -101.0 29.0 330.137469486 35 564 26 92
183 -80.0 -101.0 30.0 330.449419082 35 541 26 92
184 -80.0 -100.0 30.0 330.164639355 43 540 27 92
185 -80.0 -100.0 31.0 330.484633991 43 517 27 92
186 -80.0 -99.0 31.0 330.199183971 52 517 27 92
187 -80.0 -98.0 32.0 330.241262368 60 494 28 93
326 -79.0 -106.0 23.0 330.158063591 2 704 26 46
327 -79.0 -106.0 24.0 330.426802008 2 681 26 45
328 -79.0 -106.0 25.0 330.701196003 1 659 25 41
329 -79.0 -106.0 26.0 330.981250127 1 636 26 36
330 -79.0 -106.0 27.0 331.266969225 1 613 26 34
331 -79.0 -105.0 24.0 330.145224024 8 681 26 92
332 -79.0 -105.0 25.0 330.42144567 8 658 26 91
333 -79.0 -105.0 26.0 330.703368961 7 635 26 94
334 -79.0 -105.0 27.0 330.990998933 7 612 26 92
335 -79.0 -105.0 28.0 331.284340939 7 589 27 93
336 -79.0 -104.0 25.0 330.138986568 16 658 26 92
337 -79.0 -104.0 26.0 330.422796262 16 635 26 93
338 -79.0 -104.0 27.0 330.712354954 16 612 26 93
339 -79.0 -104.0 28.0 331.0076682 15 589 27 94
340 -79.0 -104.0 29.0 331.308741901 15 566 27 92
341 -79.0 -103.0 26.0 330.1394864 25 634 26 91
342 -79.0 -103.0 27.0 330.430991724 24 612 26 92
343 -79.0 -103.0 28.0 330.728294752 24 589 26 90
344 -79.0 -103.0 29.0 331.031401598 24 566 26 93
345 -79.0 -102.0 27.0 330.146862861 33 611 26 92
346 -79.0 -102.0 28.0 330.446174283 33 588 26 93
347 -79.0 -102.0 29.0 330.751333537 32 566 26 90
348 -79.0 -102.0 30.0 331.062347339 32 542 27 93
349 -79.0 -101.0 28.0 330.161259646 41 588 26 93
350 -79.0 -101.0 29.0 330.468490644 41 565 27 93
351 -79.0 -101.0 30.0 330.781621102 41 542 27 93
352 -79.0 -100.0 29.0 330.182824993 50 565 27 91
353 -79.0 -100.0 30.0 330.498092193 49 542 27 92
354 -79.0 -100.0 31.0 330.81931206 49 519 27 93
355 -79.0 -99.0 30.0 330.21171189 58 541 27 92
356 -79.0 -99.0 31.0 330.53513521 58 518 27 92
357 -79.0 -99.0 32.0 330.864566074 57 495 28 92
358 -79.0 -98.0 31.0 330.248078298 66 518 28 90
359 -79.0 -98.0 32.0 330.579781103 66 495 27 92
360 -79.0 -97.0 32.0 330.292087383 74 495 27 93
361 -79.0 -97.0 33.0 330.632196653 74 472 28 93
362 -79.0 -96.0 33.0 330.343907767 83 471 28 93
363 -79.0 -95.0 33.0 330.052629289 91 471 28 90
364 -79.0 -95.0 34.0 330.403713804 91 448 29 91
365 -79.0 -94.0 34.0 330.111854172 99 448 29 89
366 -79.0 -93.0 35.0 330.179290689 107 424 29 94
555 -78.0 -107.0 21.0 330.24078676 1 751 25 23
556 -78.0 -107.0 22.0 330.497438832 1 728 25 21
557 -78.0 -107.0 23.0 330.75971205 0 705 26 16
558 -78.0 -107.0 24.0 331.027609979 0 682 26 13
559 -78.0 -107.0 25.0 331.301136434 0 660 25 11
560 -78.0 -107.0 26.0 331.580295499 0 636 26 8
561 -78.0 -107.0 27.0 331.865091552 0 613 26 6
562 -78.0 -106.0 22.0 330.216180081 5 728 25 90
563 -78.0 -106.0 23.0 330.480206474 5 705 25 92
564 -78.0 -106.0 24.0 330.749898475 5 683 26 90
565 -78.0 -106.0 25.0 331.025260075 5 660 26 90
566 -78.0 -106.0 26.0 331.306295536 4 637 26 89
567 -78.0 -106.0 27.0 331.593009414 4 614 26 84
568 -78.0 -106.0 28.0 331.885406579 4 591 27 85
569 -78.0 -105.0 23.0 330.197996629 14 705 25 90
570 -78.0 -105.0 24.0 330.469499292 14 682 26 92
571 -78.0 -105.0 25.0 330.746713223 13 660 26 92
572 -78.0 -105.0 26.0 331.029642869 13 637 26 91
573 -78.0 -105.0 27.0 331.318292972 13 614 26 93
574 -78.0 -105.0 28.0 331.612668591 12 591 27 91
575 -78.0 -104.0 24.0 330.186366781 22 682 25 91
576 -78.0 -104.0 25.0 330.465450296 22 659 26 91
577 -78.0 -104.0 26.0 330.750291993 22 636 26 92
578 -78.0 -104.0 27.0 331.040896807 21 614 26 92
579 -78.0 -104.0 28.0 331.337269998 21 590 26 92
580 -78.0 -104.0 29.0 331.639417169 21 568 26 91
581 -78.0 -103.0 25.0 330.181424885 31 659 26 90
582 -78.0 -103.0 26.0 330.468196569 30 636 26 90
583 -78.0 -103.0 27.0 330.760774666 30 613 26 93
584 -78.0 -103.0 28.0 331.05916464 30 590 26 92
585 -78.0 -103.0 29.0 331.363372304 29 567 26 92
586 -78.0 -103.0 30.0 331.673403845 29 544 27 93
587 -78.0 -102.0 26.0 330.183309419 39 635 26 92
588 -78.0 -102.0 27.0 330.477879443 39 613 26 93
589 -78.0 -102.0 28.0 330.778305499 38 590 27 91
590 -78.0 -102.0 29.0 331.084593616 38 567 27 94
591 -78.0 -102.0 30.0 331.396750204 38 544 27 92
592 -78.0 -101.0 27.0 330.192163174 47 612 27 89
593 -78.0 -101.0 28.0 330.494644689 47 589 27 92
594 -78.0 -101.0 29.0 330.803033312 47 567 27 92
595 -78.0 -101.0 30.0 331.117335684 46 544 27 92
596 -78.0 -101.0 31.0 331.437558856 46 521 27 93
597 -78.0 -100.0 28.0 330.208133444 56 589 27 92
598 -78.0 -100.0 29.0 330.518642709 55 566 27 90
599 -78.0 -100.0 30.0 330.835111698 55 543 27 93
600 -78.0 -100.0 31.0 331.157547707 55 520 28 92
601 -78.0 -100.0 32.0 331.485958484 54 497 27 92
602 -78.0 -99.0 29.0 330.231372225 64 566 27 93
603 -78.0 -99.0 30.0 330.550028754 64 543 28 91
604 -78.0 -99.0 31.0 330.874699244 63 520 27 93
605 -78.0 -99.0 32.0 331.205391701 63 497 27 93
606 -78.0 -98.0 30.0 330.262036437 72 543 27 93
607 -78.0 -98.0 31.0 330.588963145 72 520 27 91
608 -78.0 -98.0 32.0 330.921959767 71 497 27 92
609 -78.0 -98.0 33.0 331.261035073 71 473 28 92
610 -78.0 -97.0 31.0 330.300288148 80 519 27 90
611 -78.0 -97.0 32.0 330.635611518 80 496 28 92
612 -78.0 -97.0 33.0 330.977062567 80 473 28 91
613 -78.0 -96.0 32.0 330.346294825 89 496 28 92
614 -78.0 -96.0 33.0 330.690145079 88 473 28 91
615 -78.0 -96.0 34.0 331.040182697 88 450 28 91
616 -78.0 -95.0 32.0 330.053956584 97 496 28 92
617 -78.0 -95.0 33.0 330.400229596 97 473 27 91
618 -78.0 -95.0 34.0 330.752740881 97 449 28 91
619 -78.0 -94.0 33.0 330.107262109 105 472 28 92
620 -78.0 -94.0 34.0 330.462271532 105 449 28 92
621 -78.0 -94.0 35.0 330.823582121 105 426 29 93
622 -78.0 -93.0 34.0 330.168719714 114 449 28 92
623 -78.0 -93.0 35.0 330.532605947 113 426 28 91
624 -78.0 -92.0 35.0 330.238516849 122 425 28 92
625 -78.0 -92.0 36.0 330.611424726 122 402 29 93
626 -78.0 -91.0 36.0 330.316847647 130 402 29 93
627 -78.0 -90.0 37.0 330.403913274 138 378 29 92
628 -78.0 -89.0 37.0 330.105667199 147 378 29 90
629 -78.0 -88.0 38.0 330.201262736 155 354 29 92
860 -77.0 -108.0 18.0 330.108418564 0 819 25 3
861 -77.0 -108.0 19.0 330.347476735 0 796 24 2
862 -77.0 -108.0 20.0 330.592121583 0 773 25 2
863 -77.0 -108.0 21.0 330.842355583 0 751 25 1
864 -77.0 -108.0 22.0 331.098181407 0 728 25 1
870 -77.0 -107.0 19.0 330.065049552 4 797 25 85
871 -77.0 -107.0 20.0 330.311333591 4 775 25 81
872 -77.0 -107.0 21.0 330.563246941 3 752 25 80
873 -77.0 -107.0 22.0 330.820792432 3 730 25 75
874 -77.0 -107.0 23.0 331.083973109 3 707 25 73
875 -77.0 -107.0 24.0 331.352792248 3 684 26 70
876 -77.0 -107.0 25.0 331.627253372 3 662 26 66
877 -77.0 -107.0 26.0 331.907360277 3 639 26 63
878 -77.0 -107.0 27.0 332.193117046 2 616 26 58
879 -77.0 -107.0 28.0 332.484528079 2 593 26 54
880 -77.0 -106.0 21.0 330.281440158 11 752 25 90
881 -77.0 -106.0 22.0 330.540721264 11 729 26 92
882 -77.0 -106.0 23.0 330.805678617 11 707 25 92
883 -77.0 -106.0 24.0 331.07631566 11 684 26 92
884 -77.0 -106.0 25.0 331.35263609 10 661 26 91
885 -77.0 -106.0 26.0 331.634643872 10 638 26 92
886 -77.0 -106.0 27.0 331.922343268 9 616 26 92
887 -77.0 -106.0 28.0 332.215738854 9 593 27 91
888 -77.0 -105.0 22.0 330.257922252 20 729 26 91
889 -77.0 -105.0 23.0 330.524672875 20 706 25 91
890 -77.0 -105.0 24.0 330.797145018 19 684 25 91
891 -77.0 -105.0 25.0 331.075342554 19 661 26 92
892 -77.0 -105.0 26.0 331.35926963 19 638 26 91
893 -77.0 -105.0 27.0 331.648930689 18 615 26 89
894 -77.0 -105.0 28.0 331.94433049 18 592 26 92
895 -77.0 -105.0 29.0 332.245474138 17 569 26 90
896 -77.0 -104.0 23.0 330.24090947 28 706 26 92
897 -77.0 -104.0 24.0 330.515233977 28 683 25 91
898 -77.0 -104.0 25.0 330.795326503 28 660 25 90
899 -77.0 -104.0 26.0 331.08119138 27 638 26 92
900 -77.0 -104.0 27.0 331.372833242 27 615 26 96
901 -77.0 -104.0 28.0 331.67025704 27 592 26 90
902 -77.0 -104.0 29.0 331.973468076 26 569 27 93
903 -77.0 -104.0 30.0 332.282472022 26 546 27 93
904 -77.0 -103.0 24.0 330.230535344 37 683 26 91
905 -77.0 -103.0 25.0 330.512540816 36 660 26 92
906 -77.0 -103.0 26.0 330.80036209 36 637 27 92
907 -77.0 -103.0 27.0 331.094003994 36 615 27 89
908 -77.0 -103.0 28.0 331.393471683 35 592 27 92
909 -77.0 -103.0 29.0 331.698770661 35 569 27 92
910 -77.0 -103.0 30.0 332.009906808 35 546 27 92
911 -77.0 -102.0 25.0 330.226937509 45 660 26 90
912 -77.0 -102.0 26.0 330.516733851 45 637 26 90
913 -77.0 -102.0 27.0 330.81239513 44 614 27 92
914 -77.0 -102.0 28.0 331.113926707 44 591 27 91
915 -77.0 -102.0 29.0 331.421334298 44 568 27 92
916 -77.0 -102.0 30.0 331.734624001 43 545 27 92
917 -77.0 -102.0 31.0 332.05380232 43 522 28 92
918 -77.0 -101.0 26.0 330.230257874 53 637 26 92
919 -77.0 -101.0 27.0 330.527957941 53 614 26 93
920 -77.0 -101.0 28.0 330.831573499 53 591 26 90
921 -77.0 -101.0 29.0 331.141110486 52 568 26 92
922 -77.0 -101.0 30.0 331.456575222 52 545 27 93
923 -77.0 -101.0 31.0 331.777974443 52 522 27 93
924 -77.0 -100.0 27.0 330.24064281 61 613 26 89
925 -77.0 -100.0 28.0 330.546362533 61 591 26 92
elapsed time is 1421.699424
