generating bragg masks, processing batch 55
1744 -137.0 -9.0 17.0 279.373857445 0 701 25 3
1779 -137.0 -8.0 17.0 278.942085134 0 701 26 9
1813 -137.0 -7.0 16.0 278.310232103 0 722 25 2
1814 -137.0 -7.0 17.0 278.510165817 1 701 25 17
1837 -137.0 -6.0 16.0 277.878800792 0 721 25 6
1838 -137.0 -6.0 17.0 278.078146918 1 700 25 25
1839 -137.0 -6.0 18.0 278.284071444 2 678 25 47
1856 -137.0 -5.0 16.0 277.447335644 0 721 26 11
1857 -137.0 -5.0 17.0 277.646076187 1 700 26 33
1858 -137.0 -5.0 18.0 277.851401822 2 677 26 54
1870 -137.0 -4.0 15.0 276.824314168 0 742 25 2
1871 -137.0 -4.0 16.0 277.015884535 0 721 25 17
1872 -137.0 -4.0 17.0 277.214001671 1 699 25 40
1873 -137.0 -4.0 18.0 277.418710089 3 676 26 63
1882 -137.0 -3.0 15.0 276.393571645 0 741 25 4
1883 -137.0 -3.0 16.0 276.584495592 1 721 25 23
1884 -137.0 -3.0 17.0 276.781971677 2 698 25 45
1885 -137.0 -3.0 18.0 276.986044733 3 675 25 68
1891 -137.0 -2.0 15.0 275.962956586 0 741 25 7
1892 -137.0 -2.0 16.0 276.153217163 1 720 26 28
1893 -137.0 -2.0 17.0 276.350034748 2 697 26 50
1894 -137.0 -2.0 18.0 276.553454487 3 674 26 75
1897 -137.0 -1.0 15.0 275.532517316 0 741 25 10
1898 -137.0 -1.0 16.0 275.722097781 1 719 25 32
1899 -137.0 -1.0 17.0 275.918239623 2 696 25 55
1900 -137.0 -1.0 18.0 276.120988292 3 674 26 77
1901 -137.0 0.0 15.0 275.102302307 0 740 25 13
1902 -137.0 0.0 16.0 275.291186139 1 718 25 36
1903 -137.0 0.0 17.0 275.486635211 2 696 25 58
1904 -137.0 0.0 18.0 275.688695272 4 673 25 80
1905 -137.0 1.0 17.0 275.055270553 3 695 26 62
1906 -137.0 1.0 18.0 275.256624696 4 672 26 82
2102 -136.0 -11.0 14.0 279.626027539 0 773 25 13
2103 -136.0 -11.0 15.0 279.816516597 1 751 25 35
2104 -136.0 -11.0 16.0 280.013511405 2 728 25 56
2137 -136.0 -10.0 13.0 279.009601787 0 794 25 5
2138 -136.0 -10.0 14.0 279.193079676 1 772 25 24
2139 -136.0 -10.0 15.0 279.383030297 2 750 25 45
2140 -136.0 -10.0 16.0 279.579495262 3 727 25 67
2141 -136.0 -10.0 17.0 279.782516879 4 705 25 84
2142 -136.0 -10.0 18.0 279.992138182 6 682 25 88
2175 -136.0 -9.0 13.0 278.577020015 0 794 25 12
2176 -136.0 -9.0 14.0 278.759933668 1 772 25 33
2177 -136.0 -9.0 15.0 278.949327823 2 749 26 55
2178 -136.0 -9.0 16.0 279.145244439 4 727 26 77
2179 -136.0 -9.0 17.0 279.347726182 5 704 26 86
2180 -136.0 -9.0 18.0 279.556816454 7 681 26 88
2181 -136.0 -9.0 19.0 279.77255942 9 659 26 88
2213 -136.0 -8.0 12.0 277.96841902 0 814 25 2
2214 -136.0 -8.0 13.0 278.144304842 1 793 24 22
2215 -136.0 -8.0 14.0 278.326636841 2 771 25 42
2216 -136.0 -8.0 15.0 278.515456632 3 749 25 65
2217 -136.0 -8.0 16.0 278.710806521 4 726 25 83
2218 -136.0 -8.0 17.0 278.912729527 6 703 25 88
2219 -136.0 -8.0 18.0 279.12126941 8 681 26 88
2220 -136.0 -8.0 19.0 279.336470706 11 658 26 86
2252 -136.0 -7.0 12.0 277.536223392 0 814 24 7
2253 -136.0 -7.0 13.0 277.711503806 1 793 25 30
2254 -136.0 -7.0 14.0 277.893236878 2 770 25 52
2255 -136.0 -7.0 15.0 278.081464557 3 748 25 73
2256 -136.0 -7.0 16.0 278.276229483 5 725 25 87
2257 -136.0 -7.0 17.0 278.477575023 7 703 25 89
2258 -136.0 -7.0 18.0 278.685545291 9 680 25 88
2259 -136.0 -7.0 19.0 278.900185187 12 657 25 89
2277 -136.0 -6.0 12.0 277.104006385 0 814 25 15
2278 -136.0 -6.0 13.0 277.278664761 1 792 25 36
2279 -136.0 -6.0 14.0 277.4597818 3 770 25 59
2280 -136.0 -6.0 15.0 277.647399774 4 747 26 79
2281 -136.0 -6.0 16.0 277.841561655 6 724 26 89
2282 -136.0 -6.0 17.0 278.04231115 8 702 26 87
2283 -136.0 -6.0 18.0 278.249692722 10 679 26 86
2284 -136.0 -6.0 19.0 278.463751626 12 657 26 87
2296 -136.0 -5.0 11.0 276.504218359 0 834 25 2
2297 -136.0 -5.0 12.0 276.671815967 1 814 25 20
2298 -136.0 -5.0 13.0 276.845835854 2 791 24 44
2299 -136.0 -5.0 14.0 277.026319926 3 769 25 66
2300 -136.0 -5.0 15.0 277.213310773 4 746 25 84
2301 -136.0 -5.0 16.0 277.406851693 6 724 25 87
2302 -136.0 -5.0 17.0 277.606986726 9 701 25 87
2303 -136.0 -5.0 18.0 277.813760677 11 678 25 86
2304 -136.0 -5.0 19.0 278.027219151 13 656 26 88
2312 -136.0 -4.0 11.0 276.072762231 0 834 25 5
2313 -136.0 -4.0 12.0 276.239700353 1 813 24 26
2314 -136.0 -4.0 13.0 276.413065488 2 791 25 51
2315 -136.0 -4.0 14.0 276.592899845 3 768 25 72
2316 -136.0 -4.0 15.0 276.779246326 5 745 25 86
2317 -136.0 -4.0 16.0 276.972148548 7 723 25 87
2318 -136.0 -4.0 17.0 277.171650877 9 700 26 88
2319 -136.0 -4.0 18.0 277.377798453 12 678 26 88
2320 -136.0 -4.0 19.0 277.590637224 14 655 26 88
2324 -136.0 -3.0 11.0 275.641444918 0 834 24 9
2325 -136.0 -3.0 12.0 275.807707973 1 812 25 32
2326 -136.0 -3.0 13.0 275.980402294 2 790 25 56
2327 -136.0 -3.0 14.0 276.159570386 3 767 25 78
2328 -136.0 -3.0 15.0 276.345255456 5 745 26 87
2329 -136.0 -3.0 16.0 276.537501434 8 722 26 86
2330 -136.0 -3.0 17.0 276.736353003 10 700 26 86
2331 -136.0 -3.0 18.0 276.941855634 12 677 26 87
2332 -136.0 -3.0 19.0 277.154055609 15 654 26 88
2334 -136.0 -2.0 11.0 275.21031482 0 833 25 14
2335 -136.0 -2.0 12.0 275.375887441 1 812 25 38
2336 -136.0 -2.0 13.0 275.547895096 2 789 24 57
2337 -136.0 -2.0 14.0 275.726380582 4 766 25 82
2338 -136.0 -2.0 15.0 275.911387401 6 744 25 87
2339 -136.0 -2.0 16.0 276.102959791 8 722 25 87
2340 -136.0 -2.0 17.0 276.301142746 10 699 25 87
2341 -136.0 -2.0 18.0 276.505982056 13 676 25 87
2342 -136.0 -2.0 19.0 276.717524334 15 653 26 87
2343 -136.0 -1.0 13.0 275.115592881 3 788 25 62
2344 -136.0 -1.0 14.0 275.293379639 4 766 25 83
2345 -136.0 -1.0 15.0 275.477691587 6 743 25 87
2346 -136.0 -1.0 16.0 275.668573258 9 721 25 89
2347 -136.0 -1.0 17.0 275.866069955 11 698 26 87
2348 -136.0 -1.0 18.0 276.070227779 13 675 26 87
2349 -136.0 -1.0 19.0 276.281093664 16 653 26 86
2350 -136.0 0.0 16.0 275.234391637 9 720 26 85
2351 -136.0 0.0 17.0 275.431184655 11 697 26 87
2352 -136.0 0.0 18.0 275.634643048 14 675 26 88
2353 -136.0 0.0 19.0 275.844814062 16 652 26 86
2354 -136.0 1.0 18.0 275.19927826 14 674 25 87
2355 -136.0 1.0 19.0 275.408736156 16 651 26 87
2500 -135.0 -13.0 10.0 279.767443022 0 865 24 4
2501 -135.0 -13.0 11.0 279.934574263 1 844 24 25
2532 -135.0 -12.0 10.0 279.333957274 0 865 24 15
2533 -135.0 -12.0 11.0 279.500544751 1 843 25 36
2534 -135.0 -12.0 12.0 279.673519278 3 821 25 57
2535 -135.0 -12.0 13.0 279.852920382 4 798 24 78
2536 -135.0 -12.0 14.0 280.038788206 5 776 25 87
2566 -135.0 -11.0 9.0 278.740564699 0 886 24 5
2567 -135.0 -11.0 10.0 278.900235956 1 865 25 26
2568 -135.0 -11.0 11.0 279.066262835 2 843 24 47
2569 -135.0 -11.0 12.0 279.238684608 3 820 24 69
2570 -135.0 -11.0 13.0 279.417541147 4 797 25 85
2571 -135.0 -11.0 14.0 279.602872951 6 775 25 86
2572 -135.0 -11.0 15.0 279.794721162 9 752 25 86
2573 -135.0 -11.0 16.0 279.993127595 11 730 25 88
2603 -135.0 -10.0 9.0 278.307239187 0 886 25 13
2604 -135.0 -10.0 10.0 278.466326094 1 864 24 36
2605 -135.0 -10.0 11.0 278.631775672 2 842 24 58
2606 -135.0 -10.0 12.0 278.803627527 4 819 25 76
2607 -135.0 -10.0 13.0 278.981921872 5 797 25 88
2608 -135.0 -10.0 14.0 279.166699554 8 774 25 87
2609 -135.0 -10.0 15.0 279.358002071 10 752 25 86
2610 -135.0 -10.0 16.0 279.555871603 12 729 26 85
2611 -135.0 -10.0 17.0 279.760351037 14 706 26 88
2612 -135.0 -10.0 18.0 279.971483996 16 684 26 87
2641 -135.0 -9.0 8.0 277.721632112 0 906 24 3
2642 -135.0 -9.0 9.0 277.873788646 1 886 24 22
2643 -135.0 -9.0 10.0 278.032275103 2 863 24 44
2644 -135.0 -9.0 11.0 278.197130822 3 841 25 67
2645 -135.0 -9.0 12.0 278.368395734 4 818 25 87
2646 -135.0 -9.0 13.0 278.54611039 6 796 24 84
2647 -135.0 -9.0 14.0 278.730315977 9 773 25 87
2648 -135.0 -9.0 15.0 278.921054346 11 751 25 85
2649 -135.0 -9.0 16.0 279.118368034 13 728 25 87
2650 -135.0 -9.0 17.0 279.322300296 15 706 25 87
2651 -135.0 -9.0 18.0 279.532895131 18 683 26 87
2652 -135.0 -9.0 19.0 279.750197312 20 660 26 87
2653 -135.0 -9.0 20.0 279.974252426 22 638 26 90
2682 -135.0 -8.0 8.0 277.288726358 0 906 24 9
2683 -135.0 -8.0 9.0 277.440260692 1 885 24 30
2684 -135.0 -8.0 10.0 277.59813076 2 863 25 53
2685 -135.0 -8.0 11.0 277.762376214 3 840 24 74
2686 -135.0 -8.0 12.0 277.933037311 5 818 25 88
2687 -135.0 -8.0 13.0 278.110154928 7 795 25 85
2688 -135.0 -8.0 14.0 278.29377059 10 773 25 87
2689 -135.0 -8.0 15.0 278.483926493 12 750 25 87
2690 -135.0 -8.0 16.0 278.680665526 14 728 25 87
2691 -135.0 -8.0 17.0 278.884031306 16 705 25 87
2692 -135.0 -8.0 18.0 279.094068201 19 682 25 87
2693 -135.0 -8.0 19.0 279.310821364 21 660 26 88
2694 -135.0 -8.0 20.0 279.534336767 23 637 26 84
2719 -135.0 -7.0 8.0 276.855806429 0 906 24 16
2720 -135.0 -7.0 9.0 277.006703256 1 884 25 38
2721 -135.0 -7.0 10.0 277.163941167 3 862 24 61
2722 -135.0 -7.0 11.0 277.327560121 4 839 25 80
2723 -135.0 -7.0 12.0 277.497600691 6 817 25 89
2724 -135.0 -7.0 13.0 277.674104079 8 794 25 87
2725 -135.0 -7.0 14.0 277.85711214 10 772 25 86
2726 -135.0 -7.0 15.0 278.046667408 13 749 26 87
2727 -135.0 -7.0 16.0 278.24281312 15 727 26 88
2728 -135.0 -7.0 17.0 278.445593247 17 704 26 88
2729 -135.0 -7.0 18.0 278.655052521 20 681 26 88
2730 -135.0 -7.0 19.0 278.871236467 22 659 26 88
2731 -135.0 -7.0 20.0 279.094191439 24 636 26 89
2743 -135.0 -6.0 7.0 276.278982462 0 926 24 3
2744 -135.0 -6.0 8.0 276.422920362 1 906 24 22
2745 -135.0 -6.0 9.0 276.573164561 2 883 24 46
2746 -135.0 -6.0 10.0 276.729754727 3 861 24 68
2747 -135.0 -6.0 11.0 276.892731123 4 839 25 85
2748 -135.0 -6.0 12.0 277.062134631 7 816 24 87
2749 -135.0 -6.0 13.0 277.238006769 9 794 25 88
2750 -135.0 -6.0 14.0 277.420389719 11 771 25 86
2751 -135.0 -6.0 15.0 277.609326347 14 749 25 88
2752 -135.0 -6.0 16.0 277.804860229 16 726 25 85
2753 -135.0 -6.0 17.0 278.007035685 18 703 25 88
2754 -135.0 -6.0 18.0 278.215897804 20 681 25 87
2755 -135.0 -6.0 19.0 278.431492477 23 658 26 89
2756 -135.0 -6.0 20.0 278.653866433 25 635 26 86
2763 -135.0 -5.0 7.0 275.846850218 0 926 24 5
elapsed time is 1480.931705
