generating bragg masks, processing batch 35
0 -5.0 29.0 18.0 180.036021867 1029 823 47 73
1 -5.0 29.0 19.0 180.017283951 1030 802 49 75
2 -5.0 29.0 20.0 180.028428424 1032 780 51 73
3 -5.0 30.0 16.0 180.04720933 1016 865 42 73
4 -5.0 30.0 17.0 179.972809863 1018 844 44 74
5 -5.0 30.0 18.0 179.925838569 1019 822 46 75
6 -5.0 30.0 19.0 179.906938822 1021 801 47 74
7 -5.0 30.0 20.0 179.916777854 1023 779 50 75
8 -5.0 30.0 21.0 179.956050166 1025 758 52 72
9 -5.0 30.0 22.0 180.025481464 1027 736 54 75
10 -5.0 31.0 15.0 180.045608435 1005 886 39 74
11 -5.0 31.0 16.0 179.947241564 1007 865 40 73
12 -5.0 31.0 17.0 179.874763091 1008 843 43 72
13 -5.0 31.0 18.0 179.828751127 1010 822 44 74
14 -5.0 31.0 19.0 179.809802524 1012 800 47 73
15 -5.0 31.0 20.0 179.818535483 1014 778 48 75
16 -5.0 31.0 21.0 179.855592571 1015 757 50 72
17 -5.0 31.0 22.0 179.921644172 1017 735 53 76
18 -5.0 31.0 23.0 180.017392468 1019 713 55 75
19 -5.0 32.0 15.0 179.954665509 996 885 38 73
20 -5.0 32.0 16.0 179.859027629 997 864 40 72
21 -5.0 32.0 17.0 179.788422655 999 842 41 73
22 -5.0 32.0 18.0 179.743389004 1001 821 44 73
23 -5.0 32.0 19.0 179.724481969 1002 799 45 75
24 -5.0 32.0 20.0 179.732276045 1004 778 47 73
25 -5.0 32.0 21.0 179.767367599 1006 756 49 73
26 -5.0 32.0 22.0 179.830377928 1008 734 51 76
27 -5.0 32.0 23.0 179.921956766 1010 713 53 72
28 -5.0 32.0 24.0 180.042786289 1011 691 56 73
29 -5.0 33.0 14.0 179.991171836 985 906 36 73
30 -5.0 33.0 15.0 179.874412211 986 885 37 73
31 -5.0 33.0 16.0 179.781396387 988 863 39 73
32 -5.0 33.0 17.0 179.712613646 990 842 41 74
33 -5.0 33.0 18.0 179.668566733 991 820 42 74
34 -5.0 33.0 19.0 179.649773661 993 798 44 73
35 -5.0 33.0 20.0 179.656769788 995 777 46 72
36 -5.0 33.0 21.0 179.690110198 997 755 47 74
37 -5.0 33.0 22.0 179.750372422 998 734 50 76
38 -5.0 33.0 23.0 179.838159545 1000 712 52 72
39 -5.0 33.0 24.0 179.954103744 1002 690 54 73
40 -5.0 34.0 14.0 179.917347733 975 905 35 73
41 -5.0 34.0 15.0 179.803824949 977 884 37 71
42 -5.0 34.0 16.0 179.713327422 979 862 39 74
43 -5.0 34.0 17.0 179.646313475 980 841 40 72
44 -5.0 34.0 18.0 179.603253677 982 819 41 74
45 -5.0 34.0 19.0 179.584632465 984 798 43 73
46 -5.0 34.0 20.0 179.590950011 986 776 45 73
47 -5.0 34.0 21.0 179.622724355 987 754 47 74
48 -5.0 34.0 22.0 179.680493831 989 733 49 75
49 -5.0 34.0 23.0 179.764819841 991 711 50 73
50 -5.0 34.0 24.0 179.876289994 993 689 52 72
51 -5.0 34.0 25.0 180.015521683 995 667 54 74
52 -5.0 35.0 13.0 179.98479353 964 926 33 74
53 -5.0 35.0 14.0 179.85243564 966 904 34 72
54 -5.0 35.0 15.0 179.742006855 968 883 36 72
55 -5.0 35.0 16.0 179.653927537 969 861 38 74
56 -5.0 35.0 17.0 179.588627946 971 840 39 73
57 -5.0 35.0 18.0 179.546549525 973 818 40 73
58 -5.0 35.0 19.0 179.528146362 975 797 42 74
59 -5.0 35.0 20.0 179.533886874 976 775 44 74
60 -5.0 35.0 21.0 179.564255726 978 754 46 73
61 -5.0 35.0 22.0 179.61975601 980 732 47 74
62 -5.0 35.0 23.0 179.700911722 982 710 49 72
63 -5.0 35.0 24.0 179.808270568 983 688 51 74
64 -5.0 35.0 25.0 179.942407146 985 666 52 73
65 -5.0 36.0 13.0 179.924425618 955 925 33 80
66 -5.0 36.0 14.0 179.795638683 957 904 35 72
67 -5.0 36.0 15.0 179.688168764 958 882 35 73
68 -5.0 36.0 16.0 179.602411526 960 861 37 73
69 -5.0 36.0 17.0 179.538771712 962 839 38 73
70 -5.0 36.0 18.0 179.497664311 963 818 39 74
71 -5.0 36.0 19.0 179.479515885 965 796 41 73
72 -5.0 36.0 20.0 179.484766094 967 775 43 75
73 -5.0 36.0 21.0 179.513869426 969 753 45 74
74 -5.0 36.0 22.0 179.567297161 970 731 46 74
75 -5.0 36.0 23.0 179.645539598 972 709 48 75
76 -5.0 36.0 24.0 179.74910857 974 687 50 74
77 -5.0 36.0 25.0 179.878540289 976 666 51 73
78 -5.0 36.0 26.0 180.034398564 978 644 54 74
79 -5.0 37.0 12.0 180.017379553 944 945 31 72
80 -5.0 37.0 13.0 179.87162953 946 924 33 75
81 -5.0 37.0 14.0 179.746252291 947 903 34 72
82 -5.0 37.0 15.0 179.641613518 949 881 35 73
83 -5.0 37.0 16.0 179.558086327 951 860 36 72
84 -5.0 37.0 17.0 179.496052191 953 838 37 75
85 -5.0 37.0 18.0 179.455901998 954 817 40 72
86 -5.0 37.0 19.0 179.438037265 956 795 40 74
87 -5.0 37.0 20.0 179.442871522 958 774 42 76
88 -5.0 37.0 21.0 179.470831878 959 752 44 74
89 -5.0 37.0 22.0 179.5223608 961 730 45 74
90 -5.0 37.0 23.0 179.597918118 963 709 47 74
91 -5.0 37.0 24.0 179.697983293 965 687 49 75
92 -5.0 37.0 25.0 179.823057968 966 665 50 73
93 -5.0 37.0 26.0 179.973668852 968 643 52 72
94 -5.0 38.0 12.0 179.967734408 935 945 31 72
95 -5.0 38.0 13.0 179.825770234 936 923 32 74
96 -5.0 38.0 14.0 179.703651209 938 902 33 72
97 -5.0 38.0 15.0 179.601722937 940 880 35 72
98 -5.0 38.0 16.0 179.520337892 942 859 36 74
99 -5.0 38.0 17.0 179.45985626 943 838 37 73
100 -5.0 38.0 18.0 179.420646912 945 816 39 72
101 -5.0 38.0 19.0 179.40308851 947 795 39 73
102 -5.0 38.0 20.0 179.407570768 948 773 41 74
103 -5.0 38.0 21.0 179.434495877 950 751 43 74
104 -5.0 38.0 22.0 179.484280118 952 729 45 74
105 -5.0 38.0 23.0 179.557355678 954 708 46 75
106 -5.0 38.0 24.0 179.654172702 955 686 48 74
107 -5.0 38.0 25.0 179.775201589 957 664 49 75
108 -5.0 38.0 26.0 179.920935585 959 642 51 73
109 -5.0 39.0 12.0 179.924629274 925 944 31 74
110 -5.0 39.0 13.0 179.786281812 927 923 32 73
111 -5.0 39.0 14.0 179.667278649 929 901 33 72
112 -5.0 39.0 15.0 179.567946947 930 880 34 72
113 -5.0 39.0 16.0 179.488620232 932 858 35 74
114 -5.0 39.0 17.0 179.429639171 934 837 36 72
115 -5.0 39.0 18.0 179.391352464 936 815 37 74
116 -5.0 39.0 19.0 179.374117858 937 794 39 72
117 -5.0 39.0 20.0 179.378303297 939 772 41 73
118 -5.0 39.0 21.0 179.404288225 941 750 42 73
119 -5.0 39.0 22.0 179.452465054 942 729 44 74
120 -5.0 39.0 23.0 179.523240815 944 707 45 74
121 -5.0 39.0 24.0 179.617039012 946 685 47 74
122 -5.0 39.0 25.0 179.734301707 948 663 48 74
123 -5.0 39.0 26.0 179.875491859 950 641 50 73
124 -5.0 39.0 27.0 180.041095949 952 619 52 73
125 -5.0 40.0 11.0 180.041000418 914 965 30 73
126 -5.0 40.0 12.0 179.887547686 916 943 31 74
127 -5.0 40.0 13.0 179.752658307 918 922 32 74
128 -5.0 40.0 14.0 179.63663717 920 900 32 75
129 -5.0 40.0 15.0 179.539794452 921 879 34 72
130 -5.0 40.0 16.0 179.462446247 923 857 35 72
131 -5.0 40.0 17.0 179.404915278 925 836 36 73
132 -5.0 40.0 18.0 179.367531719 926 814 37 74
133 -5.0 40.0 19.0 179.350634125 928 793 38 72
134 -5.0 40.0 20.0 179.35457049 930 771 40 73
135 -5.0 40.0 21.0 179.379699435 931 749 41 74
136 -5.0 40.0 22.0 179.426391552 933 728 43 74
137 -5.0 40.0 23.0 179.495030905 935 706 44 73
138 -5.0 40.0 24.0 179.586016719 937 684 45 76
139 -5.0 40.0 25.0 179.699765274 938 662 47 76
140 -5.0 40.0 26.0 179.836712021 940 640 48 75
141 -5.0 40.0 27.0 179.997313957 942 618 51 73
142 -5.0 41.0 11.0 180.005731985 905 964 29 73
143 -5.0 41.0 12.0 179.856026191 907 943 30 74
144 -5.0 41.0 13.0 179.724445998 909 921 31 73
145 -5.0 41.0 14.0 179.611280977 910 900 32 74
146 -5.0 41.0 15.0 179.516825636 912 878 33 72
147 -5.0 41.0 16.0 179.44137999 914 857 34 73
148 -5.0 41.0 17.0 179.385250228 915 835 35 74
149 -5.0 41.0 18.0 179.348749467 917 814 36 74
150 -5.0 41.0 19.0 179.332198611 919 792 38 73
151 -5.0 41.0 20.0 179.335927322 920 770 39 73
152 -5.0 41.0 21.0 179.36027511 922 749 40 74
153 -5.0 41.0 22.0 179.405592564 924 727 41 73
154 -5.0 41.0 23.0 179.472242724 926 705 43 75
155 -5.0 41.0 24.0 179.560602624 927 683 44 75
156 -5.0 41.0 25.0 179.671065015 929 661 46 74
157 -5.0 41.0 26.0 179.804040288 931 640 47 75
158 -5.0 41.0 27.0 179.95995863 933 617 50 76
159 -5.0 42.0 11.0 179.975766684 896 963 29 73
160 -5.0 42.0 12.0 179.829647722 898 942 30 74
161 -5.0 42.0 13.0 179.701236825 899 920 31 73
162 -5.0 42.0 14.0 179.590809394 901 899 31 74
163 -5.0 42.0 15.0 179.498645442 903 877 33 72
164 -5.0 42.0 16.0 179.425030125 904 856 34 72
165 -5.0 42.0 17.0 179.370254364 906 834 35 72
166 -5.0 42.0 18.0 179.334615535 908 813 36 74
167 -5.0 42.0 19.0 179.318418269 909 791 37 74
168 -5.0 42.0 20.0 179.321975343 911 770 39 75
169 -5.0 42.0 21.0 179.345608683 913 748 40 73
170 -5.0 42.0 22.0 179.389650496 914 726 41 76
171 -5.0 42.0 23.0 179.454444526 916 704 42 76
172 -5.0 42.0 24.0 179.540347469 918 682 44 76
173 -5.0 42.0 25.0 179.64773054 920 661 46 76
174 -5.0 42.0 26.0 179.776981237 922 639 47 75
175 -5.0 42.0 27.0 179.928505293 923 617 48 76
176 -5.0 43.0 11.0 179.950718459 887 962 28 73
177 -5.0 43.0 12.0 179.808035936 888 941 29 74
178 -5.0 43.0 13.0 179.682662795 890 919 31 74
179 -5.0 43.0 14.0 179.574861297 892 898 31 74
180 -5.0 43.0 15.0 179.484898021 893 877 33 76
181 -5.0 43.0 16.0 179.413044366 895 855 33 72
182 -5.0 43.0 17.0 179.359577119 897 834 34 73
183 -5.0 43.0 18.0 179.324779104 898 812 36 73
184 -5.0 43.0 19.0 179.308939912 900 790 37 74
185 -5.0 43.0 20.0 179.312356735 902 769 38 74
186 -5.0 43.0 21.0 179.335335282 903 747 39 74
187 -5.0 43.0 22.0 179.378190826 905 725 41 75
188 -5.0 43.0 23.0 179.441249358 907 704 42 73
189 -5.0 43.0 24.0 179.524848883 908 682 43 73
190 -5.0 43.0 25.0 179.62934086 910 660 44 75
191 -5.0 43.0 26.0 179.755091809 912 638 46 75
192 -5.0 43.0 27.0 179.902485096 914 616 47 75
193 -5.0 44.0 11.0 179.930237864 877 962 28 73
194 -5.0 44.0 12.0 179.790850371 879 940 29 73
195 -5.0 44.0 13.0 179.668391182 881 919 30 74
196 -5.0 44.0 14.0 179.56311035 882 897 31 74
197 -5.0 44.0 15.0 179.475261986 884 876 32 74
198 -5.0 44.0 16.0 179.40510472 886 854 33 72
199 -5.0 44.0 17.0 179.352902234 887 833 34 72
elapsed time is 1448.048669
