generating bragg masks, processing batch 32
0 -2.0 3.0 11.0 161.672807281 1254 995 487 69
1 -2.0 4.0 12.0 163.118342407 1246 973 317 65
2 -2.0 5.0 13.0 164.037277695 1239 952 246 67
3 -2.0 5.0 14.0 161.62004123 1240 930 271 71
4 -2.0 6.0 14.0 164.784564744 1231 930 206 69
5 -2.0 6.0 15.0 163.154951442 1232 908 226 70
6 -2.0 6.0 16.0 161.644423002 1232 887 246 70
7 -2.0 6.0 17.0 160.270137078 1233 865 266 70
8 -2.0 6.0 29.0 160.491967702 1245 605 725 67
9 -2.0 6.0 30.0 163.109567303 1249 584 905 68
10 -2.0 7.0 16.0 164.319451428 1224 886 197 70
11 -2.0 7.0 17.0 163.299245528 1225 865 213 71
12 -2.0 7.0 18.0 162.405825397 1226 844 231 71
13 -2.0 7.0 19.0 161.650272264 1226 822 248 70
14 -2.0 7.0 20.0 161.043664285 1228 800 266 69
15 -2.0 7.0 21.0 160.597333476 1228 779 285 73
16 -2.0 7.0 22.0 160.323306285 1229 757 306 74
17 -2.0 7.0 23.0 160.234993102 1230 736 328 71
18 -2.0 7.0 24.0 160.34823928 1231 714 354 77
19 -2.0 7.0 25.0 160.682946593 1232 692 381 73
20 -2.0 7.0 26.0 161.265676597 1234 671 414 69
21 -2.0 7.0 27.0 162.134102919 1235 648 454 64
22 -2.0 7.0 28.0 163.345313818 1237 627 506 66
23 -2.0 7.0 29.0 164.993216686 1240 605 577 75
24 -2.0 8.0 18.0 164.600805849 1217 842 191 70
25 -2.0 8.0 19.0 164.031910562 1218 821 206 71
26 -2.0 8.0 20.0 163.590142609 1219 799 221 70
27 -2.0 8.0 21.0 163.284645984 1220 778 237 72
28 -2.0 8.0 22.0 163.125334022 1221 756 254 68
29 -2.0 8.0 23.0 163.123360547 1222 735 272 69
30 -2.0 8.0 24.0 163.291815212 1224 713 292 73
31 -2.0 8.0 25.0 163.646762813 1225 691 314 71
32 -2.0 8.0 26.0 164.20884488 1226 670 340 69
33 -2.0 8.0 27.0 165.005865209 1228 648 369 70
34 -2.0 9.0 22.0 165.049192759 1213 756 214 72
35 -1.0 2.0 5.0 162.159209637 1255 1125 238 71
36 -1.0 3.0 6.0 161.09770072 1247 1103 165 69
37 -1.0 4.0 7.0 160.984703247 1239 1081 135 70
38 -1.0 5.0 7.0 164.214630107 1230 1080 103 70
39 -1.0 5.0 8.0 161.16661305 1231 1059 120 69
40 -1.0 6.0 8.0 163.801436387 1222 1058 97 68
41 -1.0 6.0 9.0 161.478376711 1223 1037 110 68
42 -1.0 7.0 9.0 163.679034056 1214 1036 93 69
43 -1.0 7.0 10.0 161.858910438 1215 1015 104 70
44 -1.0 7.0 11.0 160.10858909 1216 994 115 69
45 -1.0 7.0 35.0 160.305280287 1240 473 695 74
46 -1.0 7.0 36.0 164.464882639 1246 450 967 72
47 -1.0 8.0 10.0 163.731116449 1206 1014 90 70
48 -1.0 8.0 11.0 162.280390234 1207 993 99 69
49 -1.0 8.0 12.0 160.901671724 1208 972 109 69
50 -1.0 8.0 34.0 161.560404557 1231 494 506 73
51 -1.0 8.0 35.0 164.254731054 1236 472 600 80
52 -1.0 9.0 11.0 163.896172357 1198 992 87 70
53 -1.0 9.0 12.0 162.728340581 1199 971 96 68
54 -1.0 9.0 13.0 161.631870101 1200 950 104 71
55 -1.0 9.0 14.0 160.612075688 1201 928 113 70
56 -1.0 9.0 32.0 160.895509362 1219 538 353 75
57 -1.0 9.0 33.0 162.462530459 1222 516 388 75
58 -1.0 9.0 34.0 164.368106761 1226 493 434 65
59 -1.0 10.0 12.0 164.138643426 1190 970 85 69
60 -1.0 10.0 13.0 163.194497926 1191 949 93 70
61 -1.0 10.0 14.0 162.319820306 1192 928 101 69
62 -1.0 10.0 15.0 161.518681572 1193 906 108 72
63 -1.0 10.0 16.0 160.795032673 1194 885 117 68
64 -1.0 10.0 17.0 160.152700897 1195 864 124 70
65 -1.0 10.0 29.0 160.204405961 1206 604 251 70
66 -1.0 10.0 30.0 161.019674104 1208 581 268 71
67 -1.0 10.0 31.0 162.007716478 1210 559 287 71
68 -1.0 10.0 32.0 163.191814966 1213 537 309 71
69 -1.0 10.0 33.0 164.604667168 1215 515 337 73
70 -1.0 11.0 13.0 164.436557054 1183 948 84 70
71 -1.0 11.0 14.0 163.673810546 1184 927 90 71
72 -1.0 11.0 15.0 162.978132928 1184 906 97 68
73 -1.0 11.0 16.0 162.3527951 1186 884 104 71
74 -1.0 11.0 17.0 161.801007522 1186 863 111 71
75 -1.0 11.0 18.0 161.325931964 1187 841 119 72
76 -1.0 11.0 19.0 160.930703685 1188 820 127 70
77 -1.0 11.0 20.0 160.618465573 1189 799 135 72
78 -1.0 11.0 21.0 160.392416044 1190 777 143 69
79 -1.0 11.0 22.0 160.255872973 1191 756 152 71
80 -1.0 11.0 23.0 160.212356757 1192 734 160 71
81 -1.0 11.0 24.0 160.265696872 1193 712 169 70
82 -1.0 11.0 25.0 160.420168276 1194 691 179 71
83 -1.0 11.0 26.0 160.68066715 1195 669 189 71
84 -1.0 11.0 27.0 161.052940258 1196 646 200 72
85 -1.0 11.0 28.0 161.543890045 1197 625 211 72
86 -1.0 11.0 29.0 162.161990329 1199 603 224 74
87 -1.0 11.0 30.0 162.917869184 1201 581 238 73
88 -1.0 11.0 31.0 163.825154273 1203 559 254 73
89 -1.0 11.0 32.0 164.901747945 1205 536 271 71
90 -1.0 12.0 14.0 164.775613436 1175 926 82 70
91 -1.0 12.0 15.0 164.16302414 1176 905 88 71
92 -1.0 12.0 16.0 163.614956165 1177 884 95 69
93 -1.0 12.0 17.0 163.134142626 1178 862 102 70
94 -1.0 12.0 18.0 162.723302073 1179 841 108 72
95 -1.0 12.0 19.0 162.38515798 1180 819 115 71
96 -1.0 12.0 20.0 162.122466957 1181 798 122 71
97 -1.0 12.0 21.0 161.938057098 1182 776 130 72
98 -1.0 12.0 22.0 161.834878214 1182 755 137 72
99 -1.0 12.0 23.0 161.816066289 1184 733 145 71
100 -1.0 12.0 24.0 161.885025379 1185 711 153 71
101 -1.0 12.0 25.0 162.045531516 1186 690 162 72
102 -1.0 12.0 26.0 162.301865186 1187 668 171 71
103 -1.0 12.0 27.0 162.658982051 1188 646 180 72
104 -1.0 12.0 28.0 163.122736394 1190 624 190 72
105 -1.0 12.0 29.0 163.700179398 1191 602 201 72
106 -1.0 12.0 30.0 164.399966952 1193 580 213 74
107 -1.0 13.0 16.0 164.6599545 1168 883 87 71
108 -1.0 13.0 17.0 164.235795904 1169 861 93 71
109 -1.0 13.0 18.0 163.875995519 1170 840 99 70
110 -1.0 13.0 19.0 163.582932071 1171 819 105 70
111 -1.0 13.0 20.0 163.359027779 1172 797 112 70
112 -1.0 13.0 21.0 163.206779306 1173 776 119 71
113 -1.0 13.0 22.0 163.128797632 1174 754 125 69
114 -1.0 13.0 23.0 163.127858608 1175 732 132 71
115 -1.0 13.0 24.0 163.206966529 1176 711 139 72
116 -1.0 13.0 25.0 163.369433983 1177 689 147 72
117 -1.0 13.0 26.0 163.618982549 1179 667 155 70
118 -1.0 13.0 27.0 163.959870905 1180 645 163 70
119 -1.0 13.0 28.0 164.397059914 1182 623 171 73
120 -1.0 13.0 29.0 164.936428897 1184 601 182 73
121 -1.0 14.0 18.0 164.844512426 1161 839 92 69
122 -1.0 14.0 19.0 164.587615405 1162 818 97 72
123 -1.0 14.0 20.0 164.394532341 1163 796 103 72
124 -1.0 14.0 21.0 164.267471077 1164 775 109 71
125 -1.0 14.0 22.0 164.208742899 1166 753 115 71
126 -1.0 14.0 23.0 164.220802611 1167 732 121 74
127 -1.0 14.0 24.0 164.306298424 1168 710 127 70
128 -1.0 14.0 25.0 164.468133995 1169 688 134 71
129 -1.0 14.0 26.0 164.709545836 1170 666 141 73
130 -1.0 14.0 27.0 165.034200589 1172 645 149 73
131 0.0 2.0 1.0 164.667984399 1249 1210 39 69
132 0.0 3.0 2.0 161.933121144 1241 1188 48 69
133 0.0 4.0 2.0 165.032541352 1232 1187 39 71
134 0.0 4.0 3.0 160.775685236 1233 1166 53 72
135 0.0 5.0 3.0 163.570405618 1224 1165 44 69
136 0.0 5.0 4.0 160.275664717 1225 1144 56 68
137 0.0 6.0 4.0 162.741841208 1216 1144 48 69
138 0.0 6.0 5.0 160.11138753 1217 1123 58 70
139 0.0 6.0 41.0 160.739000787 1254 338 1784 76
140 0.0 7.0 4.0 164.473536954 1207 1143 43 69
141 0.0 7.0 5.0 162.286602545 1208 1122 51 70
142 0.0 7.0 6.0 160.141512352 1209 1101 60 70
143 0.0 7.0 40.0 160.509046622 1243 361 913 73
144 0.0 8.0 5.0 163.894492203 1199 1121 45 69
145 0.0 8.0 6.0 162.069519791 1200 1100 53 73
146 0.0 8.0 7.0 160.294281709 1201 1079 61 70
147 0.0 8.0 39.0 160.689689587 1233 382 617 71
148 0.0 9.0 6.0 163.55079463 1191 1099 48 69
149 0.0 9.0 7.0 162.013572197 1192 1078 55 71
150 0.0 9.0 8.0 160.529424435 1193 1057 61 69
151 0.0 9.0 38.0 160.987753138 1223 405 462 67
152 0.0 9.0 39.0 163.925293397 1229 382 550 76
153 0.0 10.0 6.0 164.727830103 1182 1099 44 70
154 0.0 10.0 7.0 163.374861664 1183 1078 50 69
155 0.0 10.0 8.0 162.07171229 1184 1056 56 69
156 0.0 10.0 9.0 160.822608552 1185 1035 62 69
157 0.0 10.0 37.0 161.336233174 1214 426 366 74
158 0.0 10.0 38.0 163.508766663 1218 404 411 77
159 0.0 11.0 7.0 164.482212403 1174 1077 46 71
160 0.0 11.0 8.0 163.322687422 1175 1056 51 68
161 0.0 11.0 9.0 162.213604074 1176 1034 57 71
162 0.0 11.0 10.0 161.158275402 1177 1013 62 70
163 0.0 11.0 11.0 160.159935496 1178 992 68 71
164 0.0 11.0 35.0 160.257650732 1201 470 278 74
165 0.0 11.0 36.0 161.71069844 1204 448 301 75
166 0.0 11.0 37.0 163.394141507 1207 426 327 71
167 0.0 12.0 8.0 164.360143065 1166 1055 48 70
168 0.0 12.0 9.0 163.364417651 1167 1034 53 66
169 0.0 12.0 10.0 162.41882235 1168 1012 58 70
170 0.0 12.0 11.0 161.526019798 1169 991 63 71
171 0.0 12.0 12.0 160.68860148 1170 970 69 71
172 0.0 12.0 34.0 160.930354314 1192 492 237 73
173 0.0 12.0 35.0 162.100022756 1194 470 253 74
174 0.0 12.0 36.0 163.440250527 1197 447 270 72
175 0.0 12.0 37.0 164.979345116 1201 425 293 75
176 0.0 13.0 9.0 164.334379859 1158 1033 50 69
177 0.0 13.0 10.0 163.479101465 1159 1012 54 71
178 0.0 13.0 11.0 162.673120025 1160 991 59 70
179 0.0 13.0 12.0 161.918625444 1161 969 63 69
180 0.0 13.0 13.0 161.217749677 1162 948 69 70
181 0.0 13.0 14.0 160.572560947 1163 927 74 70
182 0.0 13.0 32.0 160.718046502 1181 536 193 73
183 0.0 13.0 33.0 161.547474385 1182 514 204 73
184 0.0 13.0 34.0 162.498399455 1185 492 217 72
185 0.0 13.0 35.0 163.583341787 1187 469 229 74
186 0.0 13.0 36.0 164.81861781 1190 447 245 73
187 0.0 14.0 10.0 164.385145708 1150 1011 51 66
188 0.0 14.0 11.0 163.65161311 1151 990 56 72
189 0.0 14.0 12.0 162.966262927 1152 969 60 69
190 0.0 14.0 13.0 162.33093529 1153 947 64 70
191 0.0 14.0 14.0 161.74742667 1154 926 68 70
192 0.0 14.0 15.0 161.217488966 1155 905 73 70
193 0.0 14.0 16.0 160.742831197 1156 883 78 70
194 0.0 14.0 17.0 160.32512409 1157 862 83 71
195 0.0 14.0 29.0 160.378051217 1168 602 154 73
196 0.0 14.0 30.0 160.868908882 1170 580 161 74
197 0.0 14.0 31.0 161.449461263 1171 557 170 73
198 0.0 14.0 32.0 162.1251258 1173 535 178 73
199 0.0 14.0 33.0 162.90250199 1175 513 187 74
elapsed time is 1416.833315
