generating bragg masks, processing batch 51
1461 -133.0 34.0 13.0 259.977754154 0 762 25 2
1494 -133.0 35.0 14.0 259.722138593 0 739 25 2
1495 -133.0 35.0 15.0 259.874666415 1 718 25 24
1496 -133.0 35.0 16.0 260.0337038 2 696 26 50
1529 -133.0 36.0 15.0 259.472674921 0 716 25 3
1530 -133.0 36.0 16.0 259.630569495 1 695 26 25
1531 -133.0 36.0 17.0 259.795011247 2 672 25 53
1565 -133.0 37.0 16.0 259.229395944 0 693 26 5
1566 -133.0 37.0 17.0 259.392676602 1 671 25 28
1838 -132.0 32.0 8.0 259.969139267 0 878 24 2
1867 -132.0 33.0 9.0 259.683297527 0 855 25 7
1868 -132.0 33.0 10.0 259.806645363 1 835 25 31
1869 -132.0 33.0 11.0 259.936331724 3 812 24 59
1899 -132.0 34.0 10.0 259.403530654 0 833 25 9
1900 -132.0 34.0 11.0 259.532131861 1 811 25 36
1901 -132.0 34.0 12.0 259.667106102 3 789 25 64
1902 -132.0 34.0 13.0 259.808502391 4 766 25 85
1903 -132.0 34.0 14.0 259.95637062 7 744 26 88
1934 -132.0 35.0 11.0 259.12987349 0 810 25 13
1935 -132.0 35.0 12.0 259.263746038 1 788 25 40
1936 -132.0 35.0 13.0 259.404026533 3 765 25 66
1937 -132.0 35.0 14.0 259.550764824 5 743 26 86
1938 -132.0 35.0 15.0 259.704011676 7 720 25 88
1939 -132.0 35.0 16.0 259.863818793 10 698 26 87
1940 -132.0 35.0 17.0 260.030238863 13 675 26 88
1972 -132.0 36.0 12.0 258.862359972 0 786 25 14
1973 -132.0 36.0 13.0 259.00152185 2 764 25 43
1974 -132.0 36.0 14.0 259.147127001 3 742 26 70
1975 -132.0 36.0 15.0 259.299226141 5 719 25 89
1976 -132.0 36.0 16.0 259.457870927 8 697 26 89
1977 -132.0 36.0 17.0 259.623114 10 674 26 88
1978 -132.0 36.0 18.0 259.795009017 13 651 25 89
1979 -132.0 36.0 19.0 259.973610695 16 628 26 89
2011 -132.0 37.0 13.0 258.60102314 0 763 25 17
2012 -132.0 37.0 14.0 258.745492361 2 741 26 44
2013 -132.0 37.0 15.0 258.896440616 3 718 25 73
2014 -132.0 37.0 16.0 259.053919508 5 696 26 88
2015 -132.0 37.0 17.0 259.217981619 8 673 26 88
2016 -132.0 37.0 18.0 259.388680553 11 650 26 90
2049 -132.0 38.0 14.0 258.345895128 0 740 26 18
2050 -132.0 38.0 15.0 258.495689745 2 717 25 46
2051 -132.0 38.0 16.0 258.651999608 3 695 26 73
2052 -132.0 38.0 17.0 258.814877232 5 672 25 88
2053 -132.0 38.0 18.0 258.984376155 8 649 26 89
2085 -132.0 39.0 14.0 257.948368537 0 737 26 1
2086 -132.0 39.0 15.0 258.097007177 1 716 25 19
2087 -132.0 39.0 16.0 258.252145297 2 694 26 45
2088 -132.0 39.0 17.0 258.41383534 3 671 25 75
2121 -132.0 40.0 15.0 257.700425549 0 714 25 1
2122 -132.0 40.0 16.0 257.854389632 1 693 26 19
2123 -132.0 40.0 17.0 258.014889429 2 670 25 46
2157 -132.0 41.0 16.0 257.458764653 0 690 26 1
2158 -132.0 41.0 17.0 257.618071958 0 669 26 18
2291 -131.0 31.0 4.0 259.792958089 0 971 24 7
2292 -131.0 31.0 5.0 259.88762923 1 950 24 34
2293 -131.0 31.0 6.0 259.988481359 3 927 24 60
2320 -131.0 32.0 5.0 259.483147348 0 948 24 12
2321 -131.0 32.0 6.0 259.58296814 2 926 24 39
2322 -131.0 32.0 7.0 259.689001826 3 904 25 68
2323 -131.0 32.0 8.0 259.801294176 5 882 25 87
2324 -131.0 32.0 9.0 259.919891719 8 859 25 87
2325 -131.0 32.0 10.0 260.044841764 11 837 24 88
2353 -131.0 33.0 6.0 259.179370024 0 925 24 18
2354 -131.0 33.0 7.0 259.28435748 2 903 24 46
2355 -131.0 33.0 8.0 259.395590063 3 881 25 72
2356 -131.0 33.0 9.0 259.51311427 5 858 25 86
2357 -131.0 33.0 10.0 259.636977384 8 836 24 89
2358 -131.0 33.0 11.0 259.767227489 11 814 25 90
2359 -131.0 33.0 12.0 259.903913507 14 791 25 86
2360 -131.0 33.0 13.0 260.047085217 17 768 25 88
2388 -131.0 34.0 7.0 258.881662408 1 902 24 23
2389 -131.0 34.0 8.0 258.991833506 2 880 25 49
2390 -131.0 34.0 9.0 259.108282299 3 857 25 76
2391 -131.0 34.0 10.0 259.23105603 6 835 24 87
2392 -131.0 34.0 11.0 259.360202748 9 813 24 87
2393 -131.0 34.0 12.0 259.495771339 11 790 25 88
2394 -131.0 34.0 13.0 259.637811549 14 768 25 87
2395 -131.0 34.0 14.0 259.786374016 17 745 25 87
2396 -131.0 34.0 15.0 259.941510304 20 722 26 88
2424 -131.0 35.0 7.0 258.480951571 0 899 24 2
2425 -131.0 35.0 8.0 258.590059848 1 879 25 26
2426 -131.0 35.0 9.0 258.705431536 2 857 25 53
2427 -131.0 35.0 10.0 258.827113831 4 834 25 78
2428 -131.0 35.0 11.0 258.955154739 6 812 24 84
2429 -131.0 35.0 12.0 259.089603099 9 789 25 88
2430 -131.0 35.0 13.0 259.230508614 12 767 25 87
2431 -131.0 35.0 14.0 259.37792188 15 744 25 87
2432 -131.0 35.0 15.0 259.531894418 17 722 25 87
2433 -131.0 35.0 16.0 259.692478712 20 699 25 87
2434 -131.0 35.0 17.0 259.859728238 23 676 26 89
2435 -131.0 35.0 18.0 260.033697512 26 654 26 86
2464 -131.0 36.0 8.0 258.190303464 0 877 25 3
2465 -131.0 36.0 9.0 258.30459674 1 856 25 29
2466 -131.0 36.0 10.0 258.425185941 2 833 25 56
2467 -131.0 36.0 11.0 258.552119016 4 811 24 84
2468 -131.0 36.0 12.0 258.685444752 7 789 25 89
2469 -131.0 36.0 13.0 258.825212799 9 766 25 87
2470 -131.0 36.0 14.0 258.971473702 12 743 25 87
2471 -131.0 36.0 15.0 259.12427893 15 721 25 88
2472 -131.0 36.0 16.0 259.283680913 18 698 25 88
2473 -131.0 36.0 17.0 259.449733082 20 675 26 90
2474 -131.0 36.0 18.0 259.622489899 23 653 26 88
2475 -131.0 36.0 19.0 259.802006907 26 630 27 89
2476 -131.0 36.0 20.0 259.98834077 29 607 27 88
2505 -131.0 37.0 9.0 257.905811691 0 854 25 5
2506 -131.0 37.0 10.0 258.025306525 1 833 25 31
2507 -131.0 37.0 11.0 258.151130143 3 810 24 59
2508 -131.0 37.0 12.0 258.28333127 4 787 25 84
2509 -131.0 37.0 13.0 258.421959493 7 765 25 88
2510 -131.0 37.0 14.0 258.567065294 9 742 25 88
2511 -131.0 37.0 15.0 258.718700085 12 720 25 87
2512 -131.0 37.0 16.0 258.876916234 15 697 25 89
2513 -131.0 37.0 17.0 259.041767109 18 675 26 89
2514 -131.0 37.0 18.0 259.213307116 21 652 26 89
2515 -131.0 37.0 19.0 259.391591736 23 629 26 84
2545 -131.0 38.0 10.0 257.627508756 0 830 25 7
2546 -131.0 38.0 11.0 257.752221684 1 809 24 31
2547 -131.0 38.0 12.0 257.883296616 3 787 25 61
2548 -131.0 38.0 13.0 258.020783068 4 764 25 85
2549 -131.0 38.0 14.0 258.164731453 7 742 25 87
2550 -131.0 38.0 15.0 258.31519311 10 719 25 88
2551 -131.0 38.0 16.0 258.472220338 12 696 26 88
2552 -131.0 38.0 17.0 258.635866437 15 674 26 87
2553 -131.0 38.0 18.0 258.806185741 18 651 26 88
2554 -131.0 38.0 19.0 258.983233662 21 628 26 87
2585 -131.0 39.0 11.0 257.355426191 0 807 24 7
2586 -131.0 39.0 12.0 257.485373738 1 786 25 34
2587 -131.0 39.0 13.0 257.621716879 3 763 25 62
2588 -131.0 39.0 14.0 257.764505945 4 741 25 85
2589 -131.0 39.0 15.0 257.913792198 7 718 25 89
2590 -131.0 39.0 16.0 258.069627857 10 695 26 88
2591 -131.0 39.0 17.0 258.232066141 12 673 26 88
2592 -131.0 39.0 18.0 258.401161305 15 650 25 89
2593 -131.0 39.0 19.0 258.576968681 18 627 26 88
2624 -131.0 40.0 12.0 257.089594562 0 784 25 7
2625 -131.0 40.0 13.0 257.22479325 1 762 25 34
2626 -131.0 40.0 14.0 257.366421506 3 740 25 61
2627 -131.0 40.0 15.0 257.514530503 4 717 25 84
2628 -131.0 40.0 16.0 257.669172372 7 695 26 87
2629 -131.0 40.0 17.0 257.830400243 10 672 26 88
2630 -131.0 40.0 18.0 257.99826828 13 649 25 87
2662 -131.0 41.0 13.0 256.83004347 0 760 25 7
2663 -131.0 41.0 14.0 256.970509827 1 739 25 32
2664 -131.0 41.0 15.0 257.11744013 3 716 25 61
2665 -131.0 41.0 16.0 257.270886412 4 693 26 85
2666 -131.0 41.0 17.0 257.430901705 7 671 26 89
2667 -131.0 41.0 18.0 257.597540075 10 648 25 89
2684 -131.0 42.0 14.0 256.576801552 0 736 25 6
2685 -131.0 42.0 15.0 256.722552129 1 715 25 33
2686 -131.0 42.0 16.0 256.874801444 2 693 26 60
2687 -131.0 42.0 17.0 257.033602423 4 670 26 84
2699 -131.0 43.0 15.0 256.329896493 0 713 25 6
2700 -131.0 43.0 16.0 256.480947873 1 692 25 30
2701 -131.0 43.0 17.0 256.638533221 2 669 26 58
2710 -131.0 44.0 16.0 256.089355031 0 689 25 4
2711 -131.0 44.0 17.0 256.245723847 1 668 26 27
2764 -130.0 30.0 0.0 259.710636188 0 1062 23 12
2765 -130.0 30.0 1.0 259.782139377 2 1041 24 40
2766 -130.0 30.0 2.0 259.859707077 3 1018 24 68
2767 -130.0 30.0 3.0 259.94338225 5 996 24 87
2768 -130.0 30.0 4.0 260.033208531 8 974 24 87
2792 -130.0 31.0 1.0 259.376974388 0 1040 24 18
2793 -130.0 31.0 2.0 259.453547671 2 1018 24 45
2794 -130.0 31.0 3.0 259.536215394 3 995 24 73
2795 -130.0 31.0 4.0 259.625021167 6 973 24 87
2796 -130.0 31.0 5.0 259.720009295 9 951 24 86
2797 -130.0 31.0 6.0 259.821224788 11 929 24 87
2798 -130.0 31.0 7.0 259.928713383 14 906 24 85
2799 -130.0 31.0 8.0 260.042521566 17 884 24 88
2824 -130.0 32.0 2.0 259.049305566 1 1017 24 24
2825 -130.0 32.0 3.0 259.130965193 2 995 24 51
2826 -130.0 32.0 4.0 259.218749471 4 972 24 78
2827 -130.0 32.0 5.0 259.312702674 6 950 24 86
2828 -130.0 32.0 6.0 259.412869786 9 928 24 87
2829 -130.0 32.0 7.0 259.519296515 12 905 24 84
2830 -130.0 32.0 8.0 259.632029322 15 883 24 86
2831 -130.0 32.0 9.0 259.751115436 18 861 24 87
2832 -130.0 32.0 10.0 259.87660288 21 838 25 85
2833 -130.0 32.0 11.0 260.008540494 24 816 25 87
2858 -130.0 33.0 2.0 258.6470164 0 1014 24 3
2859 -130.0 33.0 3.0 258.727667645 1 994 24 30
2860 -130.0 33.0 4.0 258.814429806 2 972 24 56
2861 -130.0 33.0 5.0 258.907347119 4 949 24 84
2862 -130.0 33.0 6.0 259.006464531 7 927 25 86
2863 -130.0 33.0 7.0 259.111827717 10 905 25 87
2864 -130.0 33.0 8.0 259.223483101 13 882 24 87
2865 -130.0 33.0 9.0 259.34147788 15 860 24 88
2866 -130.0 33.0 10.0 259.465860044 18 837 24 86
2867 -130.0 33.0 11.0 259.596678405 21 815 25 87
2868 -130.0 33.0 12.0 259.73398262 24 793 25 87
2869 -130.0 33.0 13.0 259.877823222 27 770 25 87
2870 -130.0 33.0 14.0 260.028251654 29 748 25 88
2896 -130.0 34.0 3.0 258.326357796 0 992 24 6
2897 -130.0 34.0 4.0 258.412097579 1 971 24 33
2898 -130.0 34.0 5.0 258.503978408 3 948 24 60
2899 -130.0 34.0 6.0 258.602045182 4 926 25 87
2900 -130.0 34.0 7.0 258.706343533 7 904 25 86
2901 -130.0 34.0 8.0 258.816919843 10 881 25 85
2902 -130.0 34.0 9.0 258.933821266 13 859 24 87
2903 -130.0 34.0 10.0 259.057095752 16 837 24 87
elapsed time is 1552.063777
